This file contains any messages produced by compilers while
running configure, to aid debugging if configure makes a mistake.

It was created by globus_gssapi_gsi configure 11.14, which was
generated by GNU Autoconf 2.69.  Invocation command line was

  $ ./configure --disable-option-checking --prefix=/usr/local/globus-6 --enable-ltdl-install --cache-file=/dev/null --srcdir=.

## --------- ##
## Platform. ##
## --------- ##

hostname = mcswl096.mcs.anl.gov
uname -m = x86_64
uname -r = 14.3.0
uname -s = Darwin
uname -v = Darwin Kernel Version 14.3.0: Mon Mar 23 11:59:05 PDT 2015; root:xnu-2782.20.48~5/RELEASE_X86_64

/usr/bin/uname -p = i386
/bin/uname -X     = unknown

/bin/arch              = unknown
/usr/bin/arch -k       = unknown
/usr/convex/getsysinfo = unknown
/usr/bin/hostinfo      = Mach kernel version:
	 Darwin Kernel Version 14.3.0: Mon Mar 23 11:59:05 PDT 2015; root:xnu-2782.20.48~5/RELEASE_X86_64
Kernel configured for up to 4 processors.
2 processors are physically available.
4 processors are logically available.
Processor type: i486 (Intel 80486)
Processors active: 0 1 2 3
Primary memory available: 4.00 gigabytes
Default processor set: 219 tasks, 1061 threads, 4 processors
Load average: 3.83, Mach factor: 0.46
/bin/machine           = unknown
/usr/bin/oslevel       = unknown
/bin/universe          = unknown

PATH: /opt/local/bin
PATH: /opt/local/sbin
PATH: /Library/Frameworks/Python.framework/Versions/3.4/bin
PATH: /opt/local/bin
PATH: /opt/local/sbin
PATH: /usr/local/bin
PATH: /usr/bin
PATH: /bin
PATH: /usr/sbin
PATH: /sbin
PATH: /opt/X11/bin
PATH: /Library/Globus/bin
PATH: /Library/Globus/sbin
PATH: /usr/texbin


## ----------- ##
## Core tests. ##
## ----------- ##

configure:2210: checking for a BSD-compatible install
configure:2278: result: /usr/bin/install -c
configure:2289: checking whether build environment is sane
configure:2344: result: yes
configure:2495: checking for a thread-safe mkdir -p
configure:2534: result: build-aux/install-sh -c -d
configure:2541: checking for gawk
configure:2557: found /opt/local/bin/gawk
configure:2568: result: gawk
configure:2579: checking whether make sets $(MAKE)
configure:2601: result: yes
configure:2630: checking whether make supports nested variables
configure:2647: result: yes
configure:2726: checking how to create a pax tar archive
configure:2737: tar --version
bsdtar 2.8.3 - libarchive 2.8.3
configure:2740: $? = 0
configure:2780: tardir=conftest.dir && eval tar --format=posix -chf - "$tardir" >conftest.tar
configure:2783: $? = 0
configure:2787: tar -xf - <conftest.tar
configure:2790: $? = 0
configure:2792: cat conftest.dir/file
GrepMe
configure:2795: $? = 0
configure:2808: result: gnutar
configure:2886: checking build system type
configure:2900: result: x86_64-apple-darwin14.3.0
configure:2920: checking host system type
configure:2933: result: x86_64-apple-darwin14.3.0
configure:2974: checking how to print strings
configure:3001: result: printf
configure:3034: checking for style of include used by make
configure:3062: result: GNU
configure:3133: checking for gcc
configure:3149: found /usr/bin/gcc
configure:3160: result: gcc
configure:3389: checking for C compiler version
configure:3398: gcc --version >&5
Apple LLVM version 6.1.0 (clang-602.0.49) (based on LLVM 3.6.0svn)
Target: x86_64-apple-darwin14.3.0
Thread model: posix
Configured with: --prefix=/Applications/Xcode.app/Contents/Developer//usr --with-gxx-include-dir=/usr/include/c++/4.2.1
configure:3409: $? = 0
configure:3398: gcc -v >&5
Configured with: --prefix=/Applications/Xcode.app/Contents/Developer//usr --with-gxx-include-dir=/usr/include/c++/4.2.1
Apple LLVM version 6.1.0 (clang-602.0.49) (based on LLVM 3.6.0svn)
Target: x86_64-apple-darwin14.3.0
Thread model: posix
configure:3409: $? = 0
configure:3398: gcc -V >&5
clang: error: argument to '-V' is missing (expected 1 value)
clang: error: no input files
configure:3409: $? = 1
configure:3398: gcc -qversion >&5
clang: error: unknown argument: '-qversion'
clang: error: no input files
configure:3409: $? = 1
configure:3429: checking whether the C compiler works
configure:3451: gcc    conftest.c  >&5
configure:3455: $? = 0
configure:3503: result: yes
configure:3506: checking for C compiler default output file name
configure:3508: result: a.out
configure:3514: checking for suffix of executables
configure:3521: gcc -o conftest    conftest.c  >&5
configure:3525: $? = 0
configure:3547: result: 
configure:3569: checking whether we are cross compiling
configure:3577: gcc -o conftest    conftest.c  >&5
configure:3581: $? = 0
configure:3588: ./conftest
configure:3592: $? = 0
configure:3607: result: no
configure:3612: checking for suffix of object files
configure:3634: gcc -c   conftest.c >&5
configure:3638: $? = 0
configure:3659: result: o
configure:3663: checking whether we are using the GNU C compiler
configure:3682: gcc -c   conftest.c >&5
configure:3682: $? = 0
configure:3691: result: yes
configure:3700: checking whether gcc accepts -g
configure:3720: gcc -c -g  conftest.c >&5
configure:3720: $? = 0
configure:3761: result: yes
configure:3778: checking for gcc option to accept ISO C89
configure:3841: gcc  -c -g -O2  conftest.c >&5
configure:3841: $? = 0
configure:3854: result: none needed
configure:3879: checking whether gcc understands -c and -o together
configure:3901: gcc -c conftest.c -o conftest2.o
configure:3904: $? = 0
configure:3901: gcc -c conftest.c -o conftest2.o
configure:3904: $? = 0
configure:3916: result: yes
configure:3935: checking dependency style of gcc
configure:4046: result: gcc3
configure:4061: checking for a sed that does not truncate output
configure:4125: result: /opt/local/bin/gsed
configure:4143: checking for grep that handles long lines and -e
configure:4201: result: /opt/local/bin/grep
configure:4206: checking for egrep
configure:4268: result: /opt/local/bin/grep -E
configure:4273: checking for fgrep
configure:4335: result: /opt/local/bin/grep -F
configure:4370: checking for ld used by gcc
configure:4437: result: /Applications/Xcode.app/Contents/Developer/Toolchains/XcodeDefault.xctoolchain/usr/bin/ld
configure:4444: checking if the linker (/Applications/Xcode.app/Contents/Developer/Toolchains/XcodeDefault.xctoolchain/usr/bin/ld) is GNU ld
configure:4459: result: no
configure:4471: checking for BSD- or MS-compatible name lister (nm)
configure:4520: result: /opt/local/bin/nm
configure:4650: checking the name lister (/opt/local/bin/nm) interface
configure:4657: gcc -c -g -O2  conftest.c >&5
configure:4660: /opt/local/bin/nm "conftest.o"
configure:4663: output
000000000000020c S _some_variable
configure:4670: result: BSD nm
configure:4673: checking whether ln -s works
configure:4677: result: yes
configure:4685: checking the maximum length of command line arguments
configure:4815: result: 196608
configure:4832: checking whether the shell understands some XSI constructs
configure:4842: result: yes
configure:4846: checking whether the shell understands "+="
configure:4852: result: yes
configure:4887: checking how to convert x86_64-apple-darwin14.3.0 file names to x86_64-apple-darwin14.3.0 format
configure:4927: result: func_convert_file_noop
configure:4934: checking how to convert x86_64-apple-darwin14.3.0 file names to toolchain format
configure:4954: result: func_convert_file_noop
configure:4961: checking for /Applications/Xcode.app/Contents/Developer/Toolchains/XcodeDefault.xctoolchain/usr/bin/ld option to reload object files
configure:4968: result: -r
configure:5042: checking for objdump
configure:5072: result: no
configure:5098: checking how to recognize dependent libraries
configure:5300: result: pass_all
configure:5385: checking for dlltool
configure:5415: result: no
configure:5442: checking how to associate runtime and link libraries
configure:5469: result: printf %s\n
configure:5530: checking for ar
configure:5546: found /opt/local/bin/ar
configure:5557: result: ar
configure:5594: checking for archiver @FILE support
configure:5611: gcc -c -g -O2  conftest.c >&5
configure:5611: $? = 0
configure:5614: ar cru libconftest.a @conftest.lst >&5
ar: @conftest.lst: No such file or directory
configure:5617: $? = 1
configure:5637: result: no
configure:5695: checking for strip
configure:5711: found /opt/local/bin/strip
configure:5722: result: strip
configure:5794: checking for ranlib
configure:5810: found /opt/local/bin/ranlib
configure:5821: result: ranlib
configure:5923: checking command to parse /opt/local/bin/nm output from gcc object
configure:6043: gcc -c -g -O2  conftest.c >&5
configure:6046: $? = 0
configure:6050: /opt/local/bin/nm conftest.o \| sed -n -e 's/^.*[ ]\([BCDEGRST][BCDEGRST]*\)[ ][ ]*\([_A-Za-z][_A-Za-z0-9]*\)$/\1 \2 \2/p' | sed '/ __gnu_lto/d' \> conftest.nm
configure:6053: $? = 0
cannot find nm_test_var in conftest.nm
configure:6043: gcc -c -g -O2  conftest.c >&5
configure:6046: $? = 0
configure:6050: /opt/local/bin/nm conftest.o \| sed -n -e 's/^.*[ ]\([BCDEGRST][BCDEGRST]*\)[ ][ ]*_\([_A-Za-z][_A-Za-z0-9]*\)$/\1 _\2 \2/p' | sed '/ __gnu_lto/d' \> conftest.nm
configure:6053: $? = 0
configure:6119: gcc -o conftest -g -O2   conftest.c conftstm.o >&5
configure:6122: $? = 0
configure:6160: result: ok
configure:6197: checking for sysroot
configure:6227: result: no
configure:6489: checking for mt
configure:6519: result: no
configure:6539: checking if : is a manifest tool
configure:6545: : '-?'
configure:6553: result: no
configure:6609: checking for dsymutil
configure:6625: found /usr/bin/dsymutil
configure:6636: result: dsymutil
configure:6701: checking for nmedit
configure:6717: found /opt/local/bin/nmedit
configure:6728: result: nmedit
configure:6793: checking for lipo
configure:6809: found /opt/local/bin/lipo
configure:6820: result: lipo
configure:6885: checking for otool
configure:6901: found /opt/local/bin/otool
configure:6912: result: otool
configure:6977: checking for otool64
configure:7007: result: no
configure:7052: checking for -single_module linker flag
gcc -g -O2  -o libconftest.dylib -dynamiclib -Wl,-single_module conftest.c
configure:7085: result: yes
configure:7088: checking for -exported_symbols_list linker flag
configure:7108: gcc -o conftest -g -O2   -Wl,-exported_symbols_list,conftest.sym conftest.c  >&5
configure:7108: $? = 0
configure:7118: result: yes
configure:7121: checking for -force_load linker flag
gcc -g -O2 -c -o conftest.o conftest.c
ar cru libconftest.a conftest.o
ranlib libconftest.a
gcc -g -O2  -o conftest conftest.c -Wl,-force_load,./libconftest.a
configure:7153: result: yes
configure:7195: checking how to run the C preprocessor
configure:7226: gcc -E  conftest.c
configure:7226: $? = 0
configure:7240: gcc -E  conftest.c
conftest.c:11:10: fatal error: 'ac_nonexistent.h' file not found
#include <ac_nonexistent.h>
         ^
1 error generated.
configure:7240: $? = 1
configure: failed program was:
| /* confdefs.h */
| #define PACKAGE_NAME "globus_gssapi_gsi"
| #define PACKAGE_TARNAME "globus_gssapi_gsi"
| #define PACKAGE_VERSION "11.14"
| #define PACKAGE_STRING "globus_gssapi_gsi 11.14"
| #define PACKAGE_BUGREPORT "https://globus.atlassian.net/"
| #define PACKAGE_URL ""
| #define PACKAGE "globus_gssapi_gsi"
| #define VERSION "11.14"
| /* end confdefs.h.  */
| #include <ac_nonexistent.h>
configure:7265: result: gcc -E
configure:7285: gcc -E  conftest.c
configure:7285: $? = 0
configure:7299: gcc -E  conftest.c
conftest.c:11:10: fatal error: 'ac_nonexistent.h' file not found
#include <ac_nonexistent.h>
         ^
1 error generated.
configure:7299: $? = 1
configure: failed program was:
| /* confdefs.h */
| #define PACKAGE_NAME "globus_gssapi_gsi"
| #define PACKAGE_TARNAME "globus_gssapi_gsi"
| #define PACKAGE_VERSION "11.14"
| #define PACKAGE_STRING "globus_gssapi_gsi 11.14"
| #define PACKAGE_BUGREPORT "https://globus.atlassian.net/"
| #define PACKAGE_URL ""
| #define PACKAGE "globus_gssapi_gsi"
| #define VERSION "11.14"
| /* end confdefs.h.  */
| #include <ac_nonexistent.h>
configure:7328: checking for ANSI C header files
configure:7348: gcc -c -g -O2  conftest.c >&5
configure:7348: $? = 0
configure:7421: gcc -o conftest -g -O2   conftest.c  >&5
configure:7421: $? = 0
configure:7421: ./conftest
configure:7421: $? = 0
configure:7432: result: yes
configure:7445: checking for sys/types.h
configure:7445: gcc -c -g -O2  conftest.c >&5
configure:7445: $? = 0
configure:7445: result: yes
configure:7445: checking for sys/stat.h
configure:7445: gcc -c -g -O2  conftest.c >&5
configure:7445: $? = 0
configure:7445: result: yes
configure:7445: checking for stdlib.h
configure:7445: gcc -c -g -O2  conftest.c >&5
configure:7445: $? = 0
configure:7445: result: yes
configure:7445: checking for string.h
configure:7445: gcc -c -g -O2  conftest.c >&5
configure:7445: $? = 0
configure:7445: result: yes
configure:7445: checking for memory.h
configure:7445: gcc -c -g -O2  conftest.c >&5
configure:7445: $? = 0
configure:7445: result: yes
configure:7445: checking for strings.h
configure:7445: gcc -c -g -O2  conftest.c >&5
configure:7445: $? = 0
configure:7445: result: yes
configure:7445: checking for inttypes.h
configure:7445: gcc -c -g -O2  conftest.c >&5
configure:7445: $? = 0
configure:7445: result: yes
configure:7445: checking for stdint.h
configure:7445: gcc -c -g -O2  conftest.c >&5
configure:7445: $? = 0
configure:7445: result: yes
configure:7445: checking for unistd.h
configure:7445: gcc -c -g -O2  conftest.c >&5
configure:7445: $? = 0
configure:7445: result: yes
configure:7459: checking for dlfcn.h
configure:7459: gcc -c -g -O2  conftest.c >&5
configure:7459: $? = 0
configure:7459: result: yes
configure:7962: checking for objdir
configure:7977: result: .libs
configure:8248: checking if gcc supports -fno-rtti -fno-exceptions
configure:8266: gcc -c -g -O2  -fno-rtti -fno-exceptions conftest.c >&5
configure:8270: $? = 0
configure:8283: result: yes
configure:8610: checking for gcc option to produce PIC
configure:8617: result: -fno-common -DPIC
configure:8625: checking if gcc PIC flag -fno-common -DPIC works
configure:8643: gcc -c -g -O2  -fno-common -DPIC -DPIC conftest.c >&5
configure:8647: $? = 0
configure:8660: result: yes
configure:8689: checking if gcc static flag -static works
configure:8717: result: no
configure:8732: checking if gcc supports -c -o file.o
configure:8753: gcc -c -g -O2  -o out/conftest2.o conftest.c >&5
configure:8757: $? = 0
configure:8779: result: yes
configure:8787: checking if gcc supports -c -o file.o
configure:8834: result: yes
configure:8867: checking whether the gcc linker (/Applications/Xcode.app/Contents/Developer/Toolchains/XcodeDefault.xctoolchain/usr/bin/ld) supports shared libraries
configure:10020: result: yes
configure:10260: checking dynamic linker characteristics
configure:10997: result: darwin14.3.0 dyld
configure:11104: checking how to hardcode library paths into programs
configure:11129: result: immediate
configure:11174: checking for dlopen in -ldl
configure:11199: gcc -o conftest -g -O2   conftest.c -ldl   >&5
configure:11199: $? = 0
configure:11208: result: yes
configure:11423: checking whether a program can dlopen itself
configure:11503: gcc -o conftest -g -O2  -DHAVE_DLFCN_H   conftest.c -ldl  >&5
configure:11506: $? = 0
configure:11524: result: yes
configure:11529: checking whether a statically linked program can dlopen itself
configure:11609: gcc -o conftest -g -O2  -DHAVE_DLFCN_H    conftest.c -ldl  >&5
configure:11612: $? = 0
configure:11630: result: yes
configure:11669: checking whether stripping libraries is possible
configure:11683: result: yes
configure:11709: checking if libtool supports shared libraries
configure:11711: result: yes
configure:11714: checking whether to build shared libraries
configure:11735: result: yes
configure:11738: checking whether to build static libraries
configure:11742: result: yes
configure:11867: checking for pkg-config
configure:11885: found /opt/local/bin/pkg-config
configure:11897: result: /opt/local/bin/pkg-config
configure:11922: checking pkg-config is at least version 0.9.0
configure:11925: result: yes
configure:11935: checking for PACKAGE_DEP
configure:11942: $PKG_CONFIG --exists --print-errors "$PACKAGE_DEPS"
configure:11945: $? = 0
configure:11959: $PKG_CONFIG --exists --print-errors "$PACKAGE_DEPS"
configure:11962: $? = 0
configure:12020: result: yes
configure:12026: $PKG_CONFIG --exists --print-errors "globus-thread-pthread"
configure:12029: $? = 0
configure:12047: $PKG_CONFIG --exists --print-errors "globus-thread-windows"
Package globus-thread-windows was not found in the pkg-config search path.
Perhaps you should add the directory containing `globus-thread-windows.pc'
to the PKG_CONFIG_PATH environment variable
No package 'globus-thread-windows' found
configure:12050: $? = 1
configure:12071: checking for doxygen
configure:12104: result: no
configure:12124: checking if we can link with internal OpenSSL APIs
configure:12138: gcc -o conftest -g -O2   conftest.c  -L/opt/local/lib /Users/esjung/Downloads/globus_toolkit-6.0.1430141288/common/source/library/libglobus_common.la /Users/esjung/Downloads/globus_toolkit-6.0.1430141288/gsi/openssl_module/source/library/libglobus_openssl.la /Users/esjung/Downloads/globus_toolkit-6.0.1430141288/gsi/openssl_error/source/library/libglobus_openssl_error.la /Users/esjung/Downloads/globus_toolkit-6.0.1430141288/gsi/cert_utils/source/library/libglobus_gsi_cert_utils.la /Users/esjung/Downloads/globus_toolkit-6.0.1430141288/gsi/credential/source/library/libglobus_gsi_credential.la /Users/esjung/Downloads/globus_toolkit-6.0.1430141288/gsi/callback/source/library/libglobus_gsi_callback.la /Users/esjung/Downloads/globus_toolkit-6.0.1430141288/gsi/proxy/proxy_core/source/library/libglobus_gsi_proxy_core.la /Users/esjung/Downloads/globus_toolkit-6.0.1430141288/gsi/sysconfig/source/library/libglobus_gsi_sysconfig.la -lssl -lcrypto  >&5
clang: error: no such file or directory: '/Users/esjung/Downloads/globus_toolkit-6.0.1430141288/common/source/library/libglobus_common.la'
clang: error: no such file or directory: '/Users/esjung/Downloads/globus_toolkit-6.0.1430141288/gsi/openssl_module/source/library/libglobus_openssl.la'
clang: error: no such file or directory: '/Users/esjung/Downloads/globus_toolkit-6.0.1430141288/gsi/openssl_error/source/library/libglobus_openssl_error.la'
clang: error: no such file or directory: '/Users/esjung/Downloads/globus_toolkit-6.0.1430141288/gsi/cert_utils/source/library/libglobus_gsi_cert_utils.la'
clang: error: no such file or directory: '/Users/esjung/Downloads/globus_toolkit-6.0.1430141288/gsi/credential/source/library/libglobus_gsi_credential.la'
clang: error: no such file or directory: '/Users/esjung/Downloads/globus_toolkit-6.0.1430141288/gsi/callback/source/library/libglobus_gsi_callback.la'
clang: error: no such file or directory: '/Users/esjung/Downloads/globus_toolkit-6.0.1430141288/gsi/proxy/proxy_core/source/library/libglobus_gsi_proxy_core.la'
clang: error: no such file or directory: '/Users/esjung/Downloads/globus_toolkit-6.0.1430141288/gsi/sysconfig/source/library/libglobus_gsi_sysconfig.la'
configure:12138: $? = 1
configure: failed program was:
| /* confdefs.h */
| #define PACKAGE_NAME "globus_gssapi_gsi"
| #define PACKAGE_TARNAME "globus_gssapi_gsi"
| #define PACKAGE_VERSION "11.14"
| #define PACKAGE_STRING "globus_gssapi_gsi 11.14"
| #define PACKAGE_BUGREPORT "https://globus.atlassian.net/"
| #define PACKAGE_URL ""
| #define PACKAGE "globus_gssapi_gsi"
| #define VERSION "11.14"
| #define STDC_HEADERS 1
| #define HAVE_SYS_TYPES_H 1
| #define HAVE_SYS_STAT_H 1
| #define HAVE_STDLIB_H 1
| #define HAVE_STRING_H 1
| #define HAVE_MEMORY_H 1
| #define HAVE_STRINGS_H 1
| #define HAVE_INTTYPES_H 1
| #define HAVE_STDINT_H 1
| #define HAVE_UNISTD_H 1
| #define HAVE_DLFCN_H 1
| #define LT_OBJDIR ".libs/"
| /* end confdefs.h.  */
| #include <openssl/ssl.h>
|         extern int ssl3_setup_buffers(SSL *s);
| int
| main ()
| {
| ssl3_setup_buffers(NULL);
|   ;
|   return 0;
| }
configure:12145: result: no
configure:12320: checking that generated files are newer than configure
configure:12326: result: done
configure:12373: creating ./config.status

## ---------------------- ##
## Running config.status. ##
## ---------------------- ##

This file was extended by globus_gssapi_gsi config.status 11.14, which was
generated by GNU Autoconf 2.69.  Invocation command line was

  CONFIG_FILES    = 
  CONFIG_HEADERS  = 
  CONFIG_LINKS    = 
  CONFIG_COMMANDS = 
  $ ./config.status 

on mcswl096.mcs.anl.gov

config.status:1081: creating globus-gssapi-gsi.pc
config.status:1081: creating globus-gssapi-gsi-uninstalled.pc
config.status:1081: creating Makefile
config.status:1081: creating version.h
config.status:1081: creating library/Doxyfile
config.status:1081: creating library/Makefile
config.status:1081: creating test/Makefile
config.status:1081: creating test/openssl.cnf
config.status:1253: executing depfiles commands
config.status:1253: executing libtool commands

## ---------------- ##
## Cache variables. ##
## ---------------- ##

ac_cv_build=x86_64-apple-darwin14.3.0
ac_cv_c_compiler_gnu=yes
ac_cv_can_link_with_openssl_internal_api=no
ac_cv_env_CC_set=
ac_cv_env_CC_value=
ac_cv_env_CFLAGS_set=
ac_cv_env_CFLAGS_value=
ac_cv_env_CPPFLAGS_set=
ac_cv_env_CPPFLAGS_value=
ac_cv_env_CPP_set=
ac_cv_env_CPP_value=
ac_cv_env_LDFLAGS_set=
ac_cv_env_LDFLAGS_value=
ac_cv_env_LIBS_set=
ac_cv_env_LIBS_value=
ac_cv_env_PACKAGE_DEP_CFLAGS_set=
ac_cv_env_PACKAGE_DEP_CFLAGS_value=
ac_cv_env_PACKAGE_DEP_LIBS_set=
ac_cv_env_PACKAGE_DEP_LIBS_value=
ac_cv_env_PKG_CONFIG_LIBDIR_set=
ac_cv_env_PKG_CONFIG_LIBDIR_value=
ac_cv_env_PKG_CONFIG_PATH_set=set
ac_cv_env_PKG_CONFIG_PATH_value=/Users/esjung/Downloads/globus_toolkit-6.0.1430141288/common/source:/Users/esjung/Downloads/globus_toolkit-6.0.1430141288/xio/src:/Users/esjung/Downloads/globus_toolkit-6.0.1430141288/gridftp/gfork/source:/Users/esjung/Downloads/globus_toolkit-6.0.1430141288/gsi/openssl_error/source:/Users/esjung/Downloads/globus_toolkit-6.0.1430141288/gsi/proxy/proxy_ssl/source:/Users/esjung/Downloads/globus_toolkit-6.0.1430141288/gsi/openssl_module/source:/Users/esjung/Downloads/globus_toolkit-6.0.1430141288/gsi/cert_utils/source:/Users/esjung/Downloads/globus_toolkit-6.0.1430141288/gsi/sysconfig/source:/Users/esjung/Downloads/globus_toolkit-6.0.1430141288/callout/source:/Users/esjung/Downloads/globus_toolkit-6.0.1430141288/gsi/callback/source:/Users/esjung/Downloads/globus_toolkit-6.0.1430141288/gsi/credential/source:/Users/esjung/Downloads/globus_toolkit-6.0.1430141288/gsi/proxy/proxy_core/source:/Users/esjung/Downloads/globus_toolkit-6.0.1430141288/gsi/gssapi/source:/Users/esjung/Downloads/globus_toolkit-6.0.1430141288/gsi/gss_assist/source:/Users/esjung/Downloads/globus_toolkit-6.0.1430141288/gsi/gssapi_error/source:/Users/esjung/Downloads/globus_toolkit-6.0.1430141288/xio/drivers/gsi:/Users/esjung/Downloads/globus_toolkit-6.0.1430141288/io/compat:/Users/esjung/Downloads/globus_toolkit-6.0.1430141288/gridftp/control/source:/Users/esjung/Downloads/globus_toolkit-6.0.1430141288/usage/c/sender/source:/Users/esjung/Downloads/globus_toolkit-6.0.1430141288/xio/drivers/pipe/source:/Users/esjung/Downloads/globus_toolkit-6.0.1430141288/gridftp/server-lib/src:/Users/esjung/Downloads/globus_toolkit-6.0.1430141288/gsi/authz/error:/Users/esjung/Downloads/globus_toolkit-6.0.1430141288/gsi/authz/source:/Users/esjung/Downloads/globus_toolkit-6.0.1430141288/xio/drivers/rate/source:/Users/esjung/Downloads/globus_toolkit-6.0.1430141288/xio/drivers/popen/source:/Users/esjung/Downloads/globus_toolkit-6.0.1430141288/xio/drivers/udt/source:/Users/esjung/Downloads/globus_toolkit-6.0.1430141288/gridftp/net_manager:/Users/esjung/Downloads/globus_toolkit-6.0.1430141288/gridftp/server/src:/Users/esjung/Downloads/globus_toolkit-6.0.1430141288/gram/protocol/source:/Users/esjung/Downloads/globus_toolkit-6.0.1430141288/gram/jobmanager/scheduler_event_generator/source:/Users/esjung/Downloads/globus_toolkit-6.0.1430141288/gram/jobmanager/lrms/lsf/source:/Users/esjung/Downloads/globus_toolkit-6.0.1430141288/gass/transfer/source:/Users/esjung/Downloads/globus_toolkit-6.0.1430141288/gridftp/client/source:/Users/esjung/Downloads/globus_toolkit-6.0.1430141288/gass/copy/source:/Users/esjung/Downloads/globus_toolkit-6.0.1430141288/gass/cache/source:/Users/esjung/Downloads/globus_toolkit-6.0.1430141288/gram/rsl/source:/Users/esjung/Downloads/globus_toolkit-6.0.1430141288/gram/jobmanager/callout_error:/Users/esjung/Downloads/globus_toolkit-6.0.1430141288/gridftp/server/multi/source:/Users/esjung/Downloads/globus_toolkit-6.0.1430141288/gsi/simple_ca/source:/Users/esjung/Downloads/globus_toolkit-6.0.1430141288/gram/jobmanager/lrms/sge/source:/Users/esjung/Downloads/globus_toolkit-6.0.1430141288/gram/jobmanager/scripts:/Users/esjung/Downloads/globus_toolkit-6.0.1430141288/gram/jobmanager/lrms/slurm/source:/Users/esjung/Downloads/globus_toolkit-6.0.1430141288/gsi/gridmap_callout/error:/Users/esjung/Downloads/globus_toolkit-6.0.1430141288/gsi/gridmap_callout/source:/Users/esjung/Downloads/globus_toolkit-6.0.1430141288/gass/server_ez/source:/Users/esjung/Downloads/globus_toolkit-6.0.1430141288/gridftp/gridftp_driver/source:/Users/esjung/Downloads/globus_toolkit-6.0.1430141288/gram/jobmanager/lrms/fork/source:/Users/esjung/Downloads/globus_toolkit-6.0.1430141288/gsi/gridmap_verify_myproxy_callout:/Users/esjung/Downloads/globus_toolkit-6.0.1430141288/gsi/gridmap_eppn_callout:/Users/esjung/Downloads/globus_toolkit-6.0.1430141288/gram/jobmanager/lrms/condor/source:/Users/esjung/Downloads/globus_toolkit-6.0.1430141288/gsi/proxy/proxy_utils/source:/Users/esjung/Downloads/globus_toolkit-6.0.1430141288/gram/client/source:/Users/esjung/Downloads/globus_toolkit-6.0.1430141288/xio/xioperf/source:/Users/esjung/Downloads/globus_toolkit-6.0.1430141288/gram/gatekeeper/source:/Users/esjung/Downloads/globus_toolkit-6.0.1430141288/gass/cache_program/source:/Users/esjung/Downloads/globus_toolkit-6.0.1430141288/gram/jobmanager/lrms/pbs/source:/Users/esjung/Downloads/globus_toolkit-6.0.1430141288/gram/jobmanager/auditing/source:/Users/esjung/Downloads/globus_toolkit-6.0.1430141288/myproxy/source:/Users/esjung/Downloads/globus_toolkit-6.0.1430141288/gsi_openssh/source:/Users/esjung/Downloads/globus_toolkit-6.0.1430141288/gram/client_tools/source:/Users/esjung/Downloads/globus_toolkit-6.0.1430141288/gram/jobmanager/source:/Users/esjung/Downloads/globus_toolkit-6.0.1430141288/gridftp/hdfs
ac_cv_env_PKG_CONFIG_set=
ac_cv_env_PKG_CONFIG_value=
ac_cv_env_build_alias_set=
ac_cv_env_build_alias_value=
ac_cv_env_host_alias_set=
ac_cv_env_host_alias_value=
ac_cv_env_target_alias_set=
ac_cv_env_target_alias_value=
ac_cv_header_dlfcn_h=yes
ac_cv_header_inttypes_h=yes
ac_cv_header_memory_h=yes
ac_cv_header_stdc=yes
ac_cv_header_stdint_h=yes
ac_cv_header_stdlib_h=yes
ac_cv_header_string_h=yes
ac_cv_header_strings_h=yes
ac_cv_header_sys_stat_h=yes
ac_cv_header_sys_types_h=yes
ac_cv_header_unistd_h=yes
ac_cv_host=x86_64-apple-darwin14.3.0
ac_cv_lib_dl_dlopen=yes
ac_cv_objext=o
ac_cv_path_EGREP='/opt/local/bin/grep -E'
ac_cv_path_FGREP='/opt/local/bin/grep -F'
ac_cv_path_GREP=/opt/local/bin/grep
ac_cv_path_SED=/opt/local/bin/gsed
ac_cv_path_ac_pt_PKG_CONFIG=/opt/local/bin/pkg-config
ac_cv_path_install='/usr/bin/install -c'
ac_cv_prog_AWK=gawk
ac_cv_prog_CPP='gcc -E'
ac_cv_prog_ac_ct_AR=ar
ac_cv_prog_ac_ct_CC=gcc
ac_cv_prog_ac_ct_DSYMUTIL=dsymutil
ac_cv_prog_ac_ct_LIPO=lipo
ac_cv_prog_ac_ct_NMEDIT=nmedit
ac_cv_prog_ac_ct_OTOOL=otool
ac_cv_prog_ac_ct_RANLIB=ranlib
ac_cv_prog_ac_ct_STRIP=strip
ac_cv_prog_cc_c89=
ac_cv_prog_cc_g=yes
ac_cv_prog_make_make_set=yes
am_cv_CC_dependencies_compiler_type=gcc3
am_cv_make_support_nested_variables=yes
am_cv_prog_cc_c_o=yes
am_cv_prog_tar_pax=gnutar
lt_cv_apple_cc_single_mod=yes
lt_cv_ar_at_file=no
lt_cv_deplibs_check_method=pass_all
lt_cv_dlopen=dlopen
lt_cv_dlopen_libs=-ldl
lt_cv_dlopen_self=yes
lt_cv_dlopen_self_static=yes
lt_cv_file_magic_cmd='$MAGIC_CMD'
lt_cv_file_magic_test_file=
lt_cv_ld_exported_symbols_list=yes
lt_cv_ld_force_load=yes
lt_cv_ld_reload_flag=-r
lt_cv_nm_interface='BSD nm'
lt_cv_objdir=.libs
lt_cv_path_LD=/Applications/Xcode.app/Contents/Developer/Toolchains/XcodeDefault.xctoolchain/usr/bin/ld
lt_cv_path_NM=/opt/local/bin/nm
lt_cv_path_mainfest_tool=no
lt_cv_prog_compiler_c_o=yes
lt_cv_prog_compiler_pic='-fno-common -DPIC'
lt_cv_prog_compiler_pic_works=yes
lt_cv_prog_compiler_rtti_exceptions=yes
lt_cv_prog_compiler_static_works=no
lt_cv_prog_gnu_ld=no
lt_cv_sharedlib_from_linklib_cmd='printf %s\n'
lt_cv_sys_global_symbol_pipe='sed -n -e '\''s/^.*[	 ]\([BCDEGRST][BCDEGRST]*\)[	 ][	 ]*_\([_A-Za-z][_A-Za-z0-9]*\)$/\1 _\2 \2/p'\'' | sed '\''/ __gnu_lto/d'\'''
lt_cv_sys_global_symbol_to_c_name_address='sed -n -e '\''s/^: \([^ ]*\)[ ]*$/  {\"\1\", (void *) 0},/p'\'' -e '\''s/^[BCDEGRST]* \([^ ]*\) \([^ ]*\)$/  {"\2", (void *) \&\2},/p'\'''
lt_cv_sys_global_symbol_to_c_name_address_lib_prefix='sed -n -e '\''s/^: \([^ ]*\)[ ]*$/  {\"\1\", (void *) 0},/p'\'' -e '\''s/^[BCDEGRST]* \([^ ]*\) \(lib[^ ]*\)$/  {"\2", (void *) \&\2},/p'\'' -e '\''s/^[BCDEGRST]* \([^ ]*\) \([^ ]*\)$/  {"lib\2", (void *) \&\2},/p'\'''
lt_cv_sys_global_symbol_to_cdecl='sed -n -e '\''s/^T .* \(.*\)$/extern int \1();/p'\'' -e '\''s/^[BCDEGRST]* .* \(.*\)$/extern char \1;/p'\'''
lt_cv_sys_max_cmd_len=196608
lt_cv_to_host_file_cmd=func_convert_file_noop
lt_cv_to_tool_file_cmd=func_convert_file_noop
pkg_cv_PACKAGE_DEP_CFLAGS='-g -O2 -pthread -I/Users/esjung/Downloads/globus_toolkit-6.0.1430141288/./libltdl -I/Users/esjung/Downloads/globus_toolkit-6.0.1430141288/common/source -I/Users/esjung/Downloads/globus_toolkit-6.0.1430141288/common/source/library -I/Users/esjung/Downloads/globus_toolkit-6.0.1430141288/gsi/openssl_error/source -I/Users/esjung/Downloads/globus_toolkit-6.0.1430141288/gsi/openssl_error/source/library -I/Users/esjung/Downloads/globus_toolkit-6.0.1430141288/gsi/proxy/proxy_ssl/source -I/Users/esjung/Downloads/globus_toolkit-6.0.1430141288/gsi/proxy/proxy_ssl/source/library -I/Users/esjung/Downloads/globus_toolkit-6.0.1430141288/gsi/openssl_module/source/library -I/Users/esjung/Downloads/globus_toolkit-6.0.1430141288/gsi/cert_utils/source/library -I/Users/esjung/Downloads/globus_toolkit-6.0.1430141288/gsi/sysconfig/source/library -I/Users/esjung/Downloads/globus_toolkit-6.0.1430141288/gsi/callback/source/library -I/Users/esjung/Downloads/globus_toolkit-6.0.1430141288/gsi/credential/source/library -I/Users/esjung/Downloads/globus_toolkit-6.0.1430141288/gsi/proxy/proxy_core/source/library -I/opt/local/include '
pkg_cv_PACKAGE_DEP_LIBS='-L/opt/local/lib /Users/esjung/Downloads/globus_toolkit-6.0.1430141288/common/source/library/libglobus_common.la /Users/esjung/Downloads/globus_toolkit-6.0.1430141288/gsi/openssl_module/source/library/libglobus_openssl.la /Users/esjung/Downloads/globus_toolkit-6.0.1430141288/gsi/openssl_error/source/library/libglobus_openssl_error.la /Users/esjung/Downloads/globus_toolkit-6.0.1430141288/gsi/cert_utils/source/library/libglobus_gsi_cert_utils.la /Users/esjung/Downloads/globus_toolkit-6.0.1430141288/gsi/credential/source/library/libglobus_gsi_credential.la /Users/esjung/Downloads/globus_toolkit-6.0.1430141288/gsi/callback/source/library/libglobus_gsi_callback.la /Users/esjung/Downloads/globus_toolkit-6.0.1430141288/gsi/proxy/proxy_core/source/library/libglobus_gsi_proxy_core.la /Users/esjung/Downloads/globus_toolkit-6.0.1430141288/gsi/sysconfig/source/library/libglobus_gsi_sysconfig.la -lssl -lcrypto '

## ----------------- ##
## Output variables. ##
## ----------------- ##

ACLOCAL='${SHELL} /Users/esjung/Downloads/globus_toolkit-6.0.1430141288/gsi/gssapi/source/build-aux/missing aclocal-1.14'
AGE_VERSION='7'
AMDEPBACKSLASH='\'
AMDEP_FALSE='#'
AMDEP_TRUE=''
AMTAR='$${TAR-tar}'
AM_BACKSLASH='\'
AM_DEFAULT_V='$(AM_DEFAULT_VERBOSITY)'
AM_DEFAULT_VERBOSITY='1'
AM_V='$(V)'
AR='ar'
AS='as'
AUTOCONF='${SHELL} /Users/esjung/Downloads/globus_toolkit-6.0.1430141288/gsi/gssapi/source/build-aux/missing autoconf'
AUTOHEADER='${SHELL} /Users/esjung/Downloads/globus_toolkit-6.0.1430141288/gsi/gssapi/source/build-aux/missing autoheader'
AUTOMAKE='${SHELL} /Users/esjung/Downloads/globus_toolkit-6.0.1430141288/gsi/gssapi/source/build-aux/missing automake-1.14'
AWK='gawk'
CC='gcc'
CCDEPMODE='depmode=gcc3'
CFLAGS='-g -O2'
CPP='gcc -E'
CPPFLAGS=''
CYGPATH_W='echo'
CYGPATH_W_DEFINED_FALSE=''
CYGPATH_W_DEFINED_TRUE='#'
DEFS='-DPACKAGE_NAME=\"globus_gssapi_gsi\" -DPACKAGE_TARNAME=\"globus_gssapi_gsi\" -DPACKAGE_VERSION=\"11.14\" -DPACKAGE_STRING=\"globus_gssapi_gsi\ 11.14\" -DPACKAGE_BUGREPORT=\"https://globus.atlassian.net/\" -DPACKAGE_URL=\"\" -DPACKAGE=\"globus_gssapi_gsi\" -DVERSION=\"11.14\" -DSTDC_HEADERS=1 -DHAVE_SYS_TYPES_H=1 -DHAVE_SYS_STAT_H=1 -DHAVE_STDLIB_H=1 -DHAVE_STRING_H=1 -DHAVE_MEMORY_H=1 -DHAVE_STRINGS_H=1 -DHAVE_INTTYPES_H=1 -DHAVE_STDINT_H=1 -DHAVE_UNISTD_H=1 -DHAVE_DLFCN_H=1 -DLT_OBJDIR=\".libs/\"'
DEPDIR='.deps'
DIRT_BRANCH_ID='85'
DIRT_TIMESTAMP='1430141288'
DLLTOOL='false'
DOXYGEN=''
DSYMUTIL='dsymutil'
DUMPBIN=''
ECHO_C='\c'
ECHO_N=''
ECHO_T=''
EGREP='/opt/local/bin/grep -E'
ENABLE_DOXYGEN_FALSE=''
ENABLE_DOXYGEN_TRUE='#'
EXEEXT=''
EXPORT_SEC_CONTEXT_WORKS_FALSE=''
EXPORT_SEC_CONTEXT_WORKS_TRUE='#'
FGREP='/opt/local/bin/grep -F'
GREP='/opt/local/bin/grep'
INSTALL_DATA='${INSTALL} -m 644'
INSTALL_PROGRAM='${INSTALL}'
INSTALL_SCRIPT='${INSTALL}'
INSTALL_STRIP_PROGRAM='$(install_sh) -c -s'
LD='/Applications/Xcode.app/Contents/Developer/Toolchains/XcodeDefault.xctoolchain/usr/bin/ld'
LDFLAGS=''
LIBOBJS=''
LIBS=''
LIBTOOL='$(SHELL) $(top_builddir)/libtool'
LIPO='lipo'
LN_S='ln -s'
LTLIBOBJS=''
MAJOR_VERSION='11'
MAKEINFO='${SHELL} /Users/esjung/Downloads/globus_toolkit-6.0.1430141288/gsi/gssapi/source/build-aux/missing makeinfo'
MANIFEST_TOOL=':'
MINOR_VERSION='14'
MKDIR_P='build-aux/install-sh -c -d'
NM='/opt/local/bin/nm'
NMEDIT='nmedit'
OBJDUMP='false'
OBJEXT='o'
OTOOL64=':'
OTOOL='otool'
PACKAGE='globus_gssapi_gsi'
PACKAGE_BUGREPORT='https://globus.atlassian.net/'
PACKAGE_DEPS='globus-common >= 14, globus-openssl-module >= 3, globus-gsi-openssl-error >= 2, globus-gsi-cert-utils >= 8, globus-gsi-credential >= 5, globus-gsi-callback >= 4, globus-gsi-proxy-core >= 6, globus-gsi-sysconfig >= 5, openssl >= 0.9.8'
PACKAGE_DEP_CFLAGS='-g -O2 -pthread -I/Users/esjung/Downloads/globus_toolkit-6.0.1430141288/./libltdl -I/Users/esjung/Downloads/globus_toolkit-6.0.1430141288/common/source -I/Users/esjung/Downloads/globus_toolkit-6.0.1430141288/common/source/library -I/Users/esjung/Downloads/globus_toolkit-6.0.1430141288/gsi/openssl_error/source -I/Users/esjung/Downloads/globus_toolkit-6.0.1430141288/gsi/openssl_error/source/library -I/Users/esjung/Downloads/globus_toolkit-6.0.1430141288/gsi/proxy/proxy_ssl/source -I/Users/esjung/Downloads/globus_toolkit-6.0.1430141288/gsi/proxy/proxy_ssl/source/library -I/Users/esjung/Downloads/globus_toolkit-6.0.1430141288/gsi/openssl_module/source/library -I/Users/esjung/Downloads/globus_toolkit-6.0.1430141288/gsi/cert_utils/source/library -I/Users/esjung/Downloads/globus_toolkit-6.0.1430141288/gsi/sysconfig/source/library -I/Users/esjung/Downloads/globus_toolkit-6.0.1430141288/gsi/callback/source/library -I/Users/esjung/Downloads/globus_toolkit-6.0.1430141288/gsi/credential/source/library -I/Users/esjung/Downloads/globus_toolkit-6.0.1430141288/gsi/proxy/proxy_core/source/library -I/opt/local/include '
PACKAGE_DEP_LIBS='-L/opt/local/lib /Users/esjung/Downloads/globus_toolkit-6.0.1430141288/common/source/library/libglobus_common.la /Users/esjung/Downloads/globus_toolkit-6.0.1430141288/gsi/openssl_module/source/library/libglobus_openssl.la /Users/esjung/Downloads/globus_toolkit-6.0.1430141288/gsi/openssl_error/source/library/libglobus_openssl_error.la /Users/esjung/Downloads/globus_toolkit-6.0.1430141288/gsi/cert_utils/source/library/libglobus_gsi_cert_utils.la /Users/esjung/Downloads/globus_toolkit-6.0.1430141288/gsi/credential/source/library/libglobus_gsi_credential.la /Users/esjung/Downloads/globus_toolkit-6.0.1430141288/gsi/callback/source/library/libglobus_gsi_callback.la /Users/esjung/Downloads/globus_toolkit-6.0.1430141288/gsi/proxy/proxy_core/source/library/libglobus_gsi_proxy_core.la /Users/esjung/Downloads/globus_toolkit-6.0.1430141288/gsi/sysconfig/source/library/libglobus_gsi_sysconfig.la -lssl -lcrypto '
PACKAGE_NAME='globus_gssapi_gsi'
PACKAGE_STRING='globus_gssapi_gsi 11.14'
PACKAGE_TARNAME='globus_gssapi_gsi'
PACKAGE_URL=''
PACKAGE_VERSION='11.14'
PATH_SEPARATOR=':'
PKG_CONFIG='/opt/local/bin/pkg-config'
PKG_CONFIG_LIBDIR=''
PKG_CONFIG_PATH='/Users/esjung/Downloads/globus_toolkit-6.0.1430141288/common/source:/Users/esjung/Downloads/globus_toolkit-6.0.1430141288/xio/src:/Users/esjung/Downloads/globus_toolkit-6.0.1430141288/gridftp/gfork/source:/Users/esjung/Downloads/globus_toolkit-6.0.1430141288/gsi/openssl_error/source:/Users/esjung/Downloads/globus_toolkit-6.0.1430141288/gsi/proxy/proxy_ssl/source:/Users/esjung/Downloads/globus_toolkit-6.0.1430141288/gsi/openssl_module/source:/Users/esjung/Downloads/globus_toolkit-6.0.1430141288/gsi/cert_utils/source:/Users/esjung/Downloads/globus_toolkit-6.0.1430141288/gsi/sysconfig/source:/Users/esjung/Downloads/globus_toolkit-6.0.1430141288/callout/source:/Users/esjung/Downloads/globus_toolkit-6.0.1430141288/gsi/callback/source:/Users/esjung/Downloads/globus_toolkit-6.0.1430141288/gsi/credential/source:/Users/esjung/Downloads/globus_toolkit-6.0.1430141288/gsi/proxy/proxy_core/source:/Users/esjung/Downloads/globus_toolkit-6.0.1430141288/gsi/gssapi/source:/Users/esjung/Downloads/globus_toolkit-6.0.1430141288/gsi/gss_assist/source:/Users/esjung/Downloads/globus_toolkit-6.0.1430141288/gsi/gssapi_error/source:/Users/esjung/Downloads/globus_toolkit-6.0.1430141288/xio/drivers/gsi:/Users/esjung/Downloads/globus_toolkit-6.0.1430141288/io/compat:/Users/esjung/Downloads/globus_toolkit-6.0.1430141288/gridftp/control/source:/Users/esjung/Downloads/globus_toolkit-6.0.1430141288/usage/c/sender/source:/Users/esjung/Downloads/globus_toolkit-6.0.1430141288/xio/drivers/pipe/source:/Users/esjung/Downloads/globus_toolkit-6.0.1430141288/gridftp/server-lib/src:/Users/esjung/Downloads/globus_toolkit-6.0.1430141288/gsi/authz/error:/Users/esjung/Downloads/globus_toolkit-6.0.1430141288/gsi/authz/source:/Users/esjung/Downloads/globus_toolkit-6.0.1430141288/xio/drivers/rate/source:/Users/esjung/Downloads/globus_toolkit-6.0.1430141288/xio/drivers/popen/source:/Users/esjung/Downloads/globus_toolkit-6.0.1430141288/xio/drivers/udt/source:/Users/esjung/Downloads/globus_toolkit-6.0.1430141288/gridftp/net_manager:/Users/esjung/Downloads/globus_toolkit-6.0.1430141288/gridftp/server/src:/Users/esjung/Downloads/globus_toolkit-6.0.1430141288/gram/protocol/source:/Users/esjung/Downloads/globus_toolkit-6.0.1430141288/gram/jobmanager/scheduler_event_generator/source:/Users/esjung/Downloads/globus_toolkit-6.0.1430141288/gram/jobmanager/lrms/lsf/source:/Users/esjung/Downloads/globus_toolkit-6.0.1430141288/gass/transfer/source:/Users/esjung/Downloads/globus_toolkit-6.0.1430141288/gridftp/client/source:/Users/esjung/Downloads/globus_toolkit-6.0.1430141288/gass/copy/source:/Users/esjung/Downloads/globus_toolkit-6.0.1430141288/gass/cache/source:/Users/esjung/Downloads/globus_toolkit-6.0.1430141288/gram/rsl/source:/Users/esjung/Downloads/globus_toolkit-6.0.1430141288/gram/jobmanager/callout_error:/Users/esjung/Downloads/globus_toolkit-6.0.1430141288/gridftp/server/multi/source:/Users/esjung/Downloads/globus_toolkit-6.0.1430141288/gsi/simple_ca/source:/Users/esjung/Downloads/globus_toolkit-6.0.1430141288/gram/jobmanager/lrms/sge/source:/Users/esjung/Downloads/globus_toolkit-6.0.1430141288/gram/jobmanager/scripts:/Users/esjung/Downloads/globus_toolkit-6.0.1430141288/gram/jobmanager/lrms/slurm/source:/Users/esjung/Downloads/globus_toolkit-6.0.1430141288/gsi/gridmap_callout/error:/Users/esjung/Downloads/globus_toolkit-6.0.1430141288/gsi/gridmap_callout/source:/Users/esjung/Downloads/globus_toolkit-6.0.1430141288/gass/server_ez/source:/Users/esjung/Downloads/globus_toolkit-6.0.1430141288/gridftp/gridftp_driver/source:/Users/esjung/Downloads/globus_toolkit-6.0.1430141288/gram/jobmanager/lrms/fork/source:/Users/esjung/Downloads/globus_toolkit-6.0.1430141288/gsi/gridmap_verify_myproxy_callout:/Users/esjung/Downloads/globus_toolkit-6.0.1430141288/gsi/gridmap_eppn_callout:/Users/esjung/Downloads/globus_toolkit-6.0.1430141288/gram/jobmanager/lrms/condor/source:/Users/esjung/Downloads/globus_toolkit-6.0.1430141288/gsi/proxy/proxy_utils/source:/Users/esjung/Downloads/globus_toolkit-6.0.1430141288/gram/client/source:/Users/esjung/Downloads/globus_toolkit-6.0.1430141288/xio/xioperf/source:/Users/esjung/Downloads/globus_toolkit-6.0.1430141288/gram/gatekeeper/source:/Users/esjung/Downloads/globus_toolkit-6.0.1430141288/gass/cache_program/source:/Users/esjung/Downloads/globus_toolkit-6.0.1430141288/gram/jobmanager/lrms/pbs/source:/Users/esjung/Downloads/globus_toolkit-6.0.1430141288/gram/jobmanager/auditing/source:/Users/esjung/Downloads/globus_toolkit-6.0.1430141288/myproxy/source:/Users/esjung/Downloads/globus_toolkit-6.0.1430141288/gsi_openssh/source:/Users/esjung/Downloads/globus_toolkit-6.0.1430141288/gram/client_tools/source:/Users/esjung/Downloads/globus_toolkit-6.0.1430141288/gram/jobmanager/source:/Users/esjung/Downloads/globus_toolkit-6.0.1430141288/gridftp/hdfs'
PTHREAD_DLOPEN='-dlopen '\''/Users/esjung/Downloads/globus_toolkit-6.0.1430141288/common/source/library/libglobus_thread_pthread.la'\'''
PTHREAD_DLOPEN_VAR_FALSE='#'
PTHREAD_DLOPEN_VAR_TRUE=''
RANLIB='ranlib'
SED='/opt/local/bin/gsed'
SET_MAKE=''
SHELL='/bin/sh'
STRIP='strip'
USE_SYMBOL_LABELS_FALSE=''
USE_SYMBOL_LABELS_TRUE='#'
VERSION='11.14'
WINDOWS_DLOPEN=''
WINDOWS_DLOPEN_VAR_FALSE=''
WINDOWS_DLOPEN_VAR_TRUE='#'
ac_ct_AR='ar'
ac_ct_CC='gcc'
ac_ct_DUMPBIN=''
am__EXEEXT_FALSE=''
am__EXEEXT_TRUE='#'
am__fastdepCC_FALSE='#'
am__fastdepCC_TRUE=''
am__include='include'
am__isrc=''
am__leading_dot='.'
am__nodep='_no'
am__quote=''
am__tar='tar --format=posix -chf - "$$tardir"'
am__untar='tar -xf -'
bindir='${exec_prefix}/bin'
build='x86_64-apple-darwin14.3.0'
build_alias=''
build_cpu='x86_64'
build_os='darwin14.3.0'
build_vendor='apple'
datadir='${datarootdir}'
datarootdir='${prefix}/share'
docdir='${datarootdir}/doc/${PACKAGE_TARNAME}'
dvidir='${docdir}'
exec_prefix='${prefix}'
host='x86_64-apple-darwin14.3.0'
host_alias=''
host_cpu='x86_64'
host_os='darwin14.3.0'
host_vendor='apple'
htmldir='${docdir}'
includedir='${prefix}/include'
infodir='${datarootdir}/info'
install_sh='${SHELL} /Users/esjung/Downloads/globus_toolkit-6.0.1430141288/gsi/gssapi/source/build-aux/install-sh'
libdir='${exec_prefix}/lib'
libexecdir='${exec_prefix}/libexec'
localedir='${datarootdir}/locale'
localstatedir='${prefix}/var'
mandir='${datarootdir}/man'
mkdir_p='$(MKDIR_P)'
oldincludedir='/usr/include'
pdfdir='${docdir}'
prefix='/usr/local/globus-6'
program_transform_name='s,x,x,'
psdir='${docdir}'
sbindir='${exec_prefix}/sbin'
sharedstatedir='${prefix}/com'
sysconfdir='${prefix}/etc'
target_alias=''

## ----------- ##
## confdefs.h. ##
## ----------- ##

/* confdefs.h */
#define PACKAGE_NAME "globus_gssapi_gsi"
#define PACKAGE_TARNAME "globus_gssapi_gsi"
#define PACKAGE_VERSION "11.14"
#define PACKAGE_STRING "globus_gssapi_gsi 11.14"
#define PACKAGE_BUGREPORT "https://globus.atlassian.net/"
#define PACKAGE_URL ""
#define PACKAGE "globus_gssapi_gsi"
#define VERSION "11.14"
#define STDC_HEADERS 1
#define HAVE_SYS_TYPES_H 1
#define HAVE_SYS_STAT_H 1
#define HAVE_STDLIB_H 1
#define HAVE_STRING_H 1
#define HAVE_MEMORY_H 1
#define HAVE_STRINGS_H 1
#define HAVE_INTTYPES_H 1
#define HAVE_STDINT_H 1
#define HAVE_UNISTD_H 1
#define HAVE_DLFCN_H 1
#define LT_OBJDIR ".libs/"

configure: exit 0
