This file contains any messages produced by compilers while
running configure, to aid debugging if configure makes a mistake.

It was created by globus_ftp_client configure 8.22, which was
generated by GNU Autoconf 2.69.  Invocation command line was

  $ ./configure --disable-option-checking --prefix=/usr/local/globus-6 --enable-ltdl-install --cache-file=/dev/null --srcdir=.

## --------- ##
## Platform. ##
## --------- ##

hostname = mcswl096.mcs.anl.gov
uname -m = x86_64
uname -r = 14.3.0
uname -s = Darwin
uname -v = Darwin Kernel Version 14.3.0: Mon Mar 23 11:59:05 PDT 2015; root:xnu-2782.20.48~5/RELEASE_X86_64

/usr/bin/uname -p = i386
/bin/uname -X     = unknown

/bin/arch              = unknown
/usr/bin/arch -k       = unknown
/usr/convex/getsysinfo = unknown
/usr/bin/hostinfo      = Mach kernel version:
	 Darwin Kernel Version 14.3.0: Mon Mar 23 11:59:05 PDT 2015; root:xnu-2782.20.48~5/RELEASE_X86_64
Kernel configured for up to 4 processors.
2 processors are physically available.
4 processors are logically available.
Processor type: i486 (Intel 80486)
Processors active: 0 1 2 3
Primary memory available: 4.00 gigabytes
Default processor set: 220 tasks, 1084 threads, 4 processors
Load average: 4.29, Mach factor: 0.62
/bin/machine           = unknown
/usr/bin/oslevel       = unknown
/bin/universe          = unknown

PATH: /opt/local/bin
PATH: /opt/local/sbin
PATH: /Library/Frameworks/Python.framework/Versions/3.4/bin
PATH: /opt/local/bin
PATH: /opt/local/sbin
PATH: /usr/local/bin
PATH: /usr/bin
PATH: /bin
PATH: /usr/sbin
PATH: /sbin
PATH: /opt/X11/bin
PATH: /Library/Globus/bin
PATH: /Library/Globus/sbin
PATH: /usr/texbin


## ----------- ##
## Core tests. ##
## ----------- ##

configure:2212: checking for a BSD-compatible install
configure:2280: result: /usr/bin/install -c
configure:2291: checking whether build environment is sane
configure:2346: result: yes
configure:2497: checking for a thread-safe mkdir -p
configure:2536: result: build-aux/install-sh -c -d
configure:2543: checking for gawk
configure:2559: found /opt/local/bin/gawk
configure:2570: result: gawk
configure:2581: checking whether make sets $(MAKE)
configure:2603: result: yes
configure:2632: checking whether make supports nested variables
configure:2649: result: yes
configure:2728: checking how to create a pax tar archive
configure:2739: tar --version
bsdtar 2.8.3 - libarchive 2.8.3
configure:2742: $? = 0
configure:2782: tardir=conftest.dir && eval tar --format=posix -chf - "$tardir" >conftest.tar
configure:2785: $? = 0
configure:2789: tar -xf - <conftest.tar
configure:2792: $? = 0
configure:2794: cat conftest.dir/file
GrepMe
configure:2797: $? = 0
configure:2810: result: gnutar
configure:2888: checking build system type
configure:2902: result: x86_64-apple-darwin14.3.0
configure:2922: checking host system type
configure:2935: result: x86_64-apple-darwin14.3.0
configure:2976: checking how to print strings
configure:3003: result: printf
configure:3036: checking for style of include used by make
configure:3064: result: GNU
configure:3135: checking for gcc
configure:3151: found /usr/bin/gcc
configure:3162: result: gcc
configure:3391: checking for C compiler version
configure:3400: gcc --version >&5
Apple LLVM version 6.1.0 (clang-602.0.49) (based on LLVM 3.6.0svn)
Target: x86_64-apple-darwin14.3.0
Thread model: posix
Configured with: --prefix=/Applications/Xcode.app/Contents/Developer//usr --with-gxx-include-dir=/usr/include/c++/4.2.1
configure:3411: $? = 0
configure:3400: gcc -v >&5
Configured with: --prefix=/Applications/Xcode.app/Contents/Developer//usr --with-gxx-include-dir=/usr/include/c++/4.2.1
Apple LLVM version 6.1.0 (clang-602.0.49) (based on LLVM 3.6.0svn)
Target: x86_64-apple-darwin14.3.0
Thread model: posix
configure:3411: $? = 0
configure:3400: gcc -V >&5
clang: error: argument to '-V' is missing (expected 1 value)
clang: error: no input files
configure:3411: $? = 1
configure:3400: gcc -qversion >&5
clang: error: unknown argument: '-qversion'
clang: error: no input files
configure:3411: $? = 1
configure:3431: checking whether the C compiler works
configure:3453: gcc    conftest.c  >&5
configure:3457: $? = 0
configure:3505: result: yes
configure:3508: checking for C compiler default output file name
configure:3510: result: a.out
configure:3516: checking for suffix of executables
configure:3523: gcc -o conftest    conftest.c  >&5
configure:3527: $? = 0
configure:3549: result: 
configure:3571: checking whether we are cross compiling
configure:3579: gcc -o conftest    conftest.c  >&5
configure:3583: $? = 0
configure:3590: ./conftest
configure:3594: $? = 0
configure:3609: result: no
configure:3614: checking for suffix of object files
configure:3636: gcc -c   conftest.c >&5
configure:3640: $? = 0
configure:3661: result: o
configure:3665: checking whether we are using the GNU C compiler
configure:3684: gcc -c   conftest.c >&5
configure:3684: $? = 0
configure:3693: result: yes
configure:3702: checking whether gcc accepts -g
configure:3722: gcc -c -g  conftest.c >&5
configure:3722: $? = 0
configure:3763: result: yes
configure:3780: checking for gcc option to accept ISO C89
configure:3843: gcc  -c -g -O2  conftest.c >&5
configure:3843: $? = 0
configure:3856: result: none needed
configure:3881: checking whether gcc understands -c and -o together
configure:3903: gcc -c conftest.c -o conftest2.o
configure:3906: $? = 0
configure:3903: gcc -c conftest.c -o conftest2.o
configure:3906: $? = 0
configure:3918: result: yes
configure:3937: checking dependency style of gcc
configure:4048: result: gcc3
configure:4063: checking for a sed that does not truncate output
configure:4127: result: /opt/local/bin/gsed
configure:4145: checking for grep that handles long lines and -e
configure:4203: result: /opt/local/bin/grep
configure:4208: checking for egrep
configure:4270: result: /opt/local/bin/grep -E
configure:4275: checking for fgrep
configure:4337: result: /opt/local/bin/grep -F
configure:4372: checking for ld used by gcc
configure:4439: result: /Applications/Xcode.app/Contents/Developer/Toolchains/XcodeDefault.xctoolchain/usr/bin/ld
configure:4446: checking if the linker (/Applications/Xcode.app/Contents/Developer/Toolchains/XcodeDefault.xctoolchain/usr/bin/ld) is GNU ld
configure:4461: result: no
configure:4473: checking for BSD- or MS-compatible name lister (nm)
configure:4522: result: /opt/local/bin/nm
configure:4652: checking the name lister (/opt/local/bin/nm) interface
configure:4659: gcc -c -g -O2  conftest.c >&5
configure:4662: /opt/local/bin/nm "conftest.o"
configure:4665: output
0000000000000210 S _some_variable
configure:4672: result: BSD nm
configure:4675: checking whether ln -s works
configure:4679: result: yes
configure:4687: checking the maximum length of command line arguments
configure:4817: result: 196608
configure:4834: checking whether the shell understands some XSI constructs
configure:4844: result: yes
configure:4848: checking whether the shell understands "+="
configure:4854: result: yes
configure:4889: checking how to convert x86_64-apple-darwin14.3.0 file names to x86_64-apple-darwin14.3.0 format
configure:4929: result: func_convert_file_noop
configure:4936: checking how to convert x86_64-apple-darwin14.3.0 file names to toolchain format
configure:4956: result: func_convert_file_noop
configure:4963: checking for /Applications/Xcode.app/Contents/Developer/Toolchains/XcodeDefault.xctoolchain/usr/bin/ld option to reload object files
configure:4970: result: -r
configure:5044: checking for objdump
configure:5074: result: no
configure:5100: checking how to recognize dependent libraries
configure:5302: result: pass_all
configure:5387: checking for dlltool
configure:5417: result: no
configure:5444: checking how to associate runtime and link libraries
configure:5471: result: printf %s\n
configure:5532: checking for ar
configure:5548: found /opt/local/bin/ar
configure:5559: result: ar
configure:5596: checking for archiver @FILE support
configure:5613: gcc -c -g -O2  conftest.c >&5
configure:5613: $? = 0
configure:5616: ar cru libconftest.a @conftest.lst >&5
ar: @conftest.lst: No such file or directory
configure:5619: $? = 1
configure:5639: result: no
configure:5697: checking for strip
configure:5713: found /opt/local/bin/strip
configure:5724: result: strip
configure:5796: checking for ranlib
configure:5812: found /opt/local/bin/ranlib
configure:5823: result: ranlib
configure:5925: checking command to parse /opt/local/bin/nm output from gcc object
configure:6045: gcc -c -g -O2  conftest.c >&5
configure:6048: $? = 0
configure:6052: /opt/local/bin/nm conftest.o \| sed -n -e 's/^.*[ ]\([BCDEGRST][BCDEGRST]*\)[ ][ ]*\([_A-Za-z][_A-Za-z0-9]*\)$/\1 \2 \2/p' | sed '/ __gnu_lto/d' \> conftest.nm
configure:6055: $? = 0
cannot find nm_test_var in conftest.nm
configure:6045: gcc -c -g -O2  conftest.c >&5
configure:6048: $? = 0
configure:6052: /opt/local/bin/nm conftest.o \| sed -n -e 's/^.*[ ]\([BCDEGRST][BCDEGRST]*\)[ ][ ]*_\([_A-Za-z][_A-Za-z0-9]*\)$/\1 _\2 \2/p' | sed '/ __gnu_lto/d' \> conftest.nm
configure:6055: $? = 0
configure:6121: gcc -o conftest -g -O2   conftest.c conftstm.o >&5
configure:6124: $? = 0
configure:6162: result: ok
configure:6199: checking for sysroot
configure:6229: result: no
configure:6491: checking for mt
configure:6521: result: no
configure:6541: checking if : is a manifest tool
configure:6547: : '-?'
configure:6555: result: no
configure:6611: checking for dsymutil
configure:6627: found /usr/bin/dsymutil
configure:6638: result: dsymutil
configure:6703: checking for nmedit
configure:6719: found /opt/local/bin/nmedit
configure:6730: result: nmedit
configure:6795: checking for lipo
configure:6811: found /opt/local/bin/lipo
configure:6822: result: lipo
configure:6887: checking for otool
configure:6903: found /opt/local/bin/otool
configure:6914: result: otool
configure:6979: checking for otool64
configure:7009: result: no
configure:7054: checking for -single_module linker flag
gcc -g -O2  -o libconftest.dylib -dynamiclib -Wl,-single_module conftest.c
configure:7087: result: yes
configure:7090: checking for -exported_symbols_list linker flag
configure:7110: gcc -o conftest -g -O2   -Wl,-exported_symbols_list,conftest.sym conftest.c  >&5
configure:7110: $? = 0
configure:7120: result: yes
configure:7123: checking for -force_load linker flag
gcc -g -O2 -c -o conftest.o conftest.c
ar cru libconftest.a conftest.o
ranlib libconftest.a
gcc -g -O2  -o conftest conftest.c -Wl,-force_load,./libconftest.a
configure:7155: result: yes
configure:7197: checking how to run the C preprocessor
configure:7228: gcc -E  conftest.c
configure:7228: $? = 0
configure:7242: gcc -E  conftest.c
conftest.c:11:10: fatal error: 'ac_nonexistent.h' file not found
#include <ac_nonexistent.h>
         ^
1 error generated.
configure:7242: $? = 1
configure: failed program was:
| /* confdefs.h */
| #define PACKAGE_NAME "globus_ftp_client"
| #define PACKAGE_TARNAME "globus_ftp_client"
| #define PACKAGE_VERSION "8.22"
| #define PACKAGE_STRING "globus_ftp_client 8.22"
| #define PACKAGE_BUGREPORT "https://globus.atlassian.net/"
| #define PACKAGE_URL ""
| #define PACKAGE "globus_ftp_client"
| #define VERSION "8.22"
| /* end confdefs.h.  */
| #include <ac_nonexistent.h>
configure:7267: result: gcc -E
configure:7287: gcc -E  conftest.c
configure:7287: $? = 0
configure:7301: gcc -E  conftest.c
conftest.c:11:10: fatal error: 'ac_nonexistent.h' file not found
#include <ac_nonexistent.h>
         ^
1 error generated.
configure:7301: $? = 1
configure: failed program was:
| /* confdefs.h */
| #define PACKAGE_NAME "globus_ftp_client"
| #define PACKAGE_TARNAME "globus_ftp_client"
| #define PACKAGE_VERSION "8.22"
| #define PACKAGE_STRING "globus_ftp_client 8.22"
| #define PACKAGE_BUGREPORT "https://globus.atlassian.net/"
| #define PACKAGE_URL ""
| #define PACKAGE "globus_ftp_client"
| #define VERSION "8.22"
| /* end confdefs.h.  */
| #include <ac_nonexistent.h>
configure:7330: checking for ANSI C header files
configure:7350: gcc -c -g -O2  conftest.c >&5
configure:7350: $? = 0
configure:7423: gcc -o conftest -g -O2   conftest.c  >&5
configure:7423: $? = 0
configure:7423: ./conftest
configure:7423: $? = 0
configure:7434: result: yes
configure:7447: checking for sys/types.h
configure:7447: gcc -c -g -O2  conftest.c >&5
configure:7447: $? = 0
configure:7447: result: yes
configure:7447: checking for sys/stat.h
configure:7447: gcc -c -g -O2  conftest.c >&5
configure:7447: $? = 0
configure:7447: result: yes
configure:7447: checking for stdlib.h
configure:7447: gcc -c -g -O2  conftest.c >&5
configure:7447: $? = 0
configure:7447: result: yes
configure:7447: checking for string.h
configure:7447: gcc -c -g -O2  conftest.c >&5
configure:7447: $? = 0
configure:7447: result: yes
configure:7447: checking for memory.h
configure:7447: gcc -c -g -O2  conftest.c >&5
configure:7447: $? = 0
configure:7447: result: yes
configure:7447: checking for strings.h
configure:7447: gcc -c -g -O2  conftest.c >&5
configure:7447: $? = 0
configure:7447: result: yes
configure:7447: checking for inttypes.h
configure:7447: gcc -c -g -O2  conftest.c >&5
configure:7447: $? = 0
configure:7447: result: yes
configure:7447: checking for stdint.h
configure:7447: gcc -c -g -O2  conftest.c >&5
configure:7447: $? = 0
configure:7447: result: yes
configure:7447: checking for unistd.h
configure:7447: gcc -c -g -O2  conftest.c >&5
configure:7447: $? = 0
configure:7447: result: yes
configure:7461: checking for dlfcn.h
configure:7461: gcc -c -g -O2  conftest.c >&5
configure:7461: $? = 0
configure:7461: result: yes
configure:7964: checking for objdir
configure:7979: result: .libs
configure:8250: checking if gcc supports -fno-rtti -fno-exceptions
configure:8268: gcc -c -g -O2  -fno-rtti -fno-exceptions conftest.c >&5
configure:8272: $? = 0
configure:8285: result: yes
configure:8612: checking for gcc option to produce PIC
configure:8619: result: -fno-common -DPIC
configure:8627: checking if gcc PIC flag -fno-common -DPIC works
configure:8645: gcc -c -g -O2  -fno-common -DPIC -DPIC conftest.c >&5
configure:8649: $? = 0
configure:8662: result: yes
configure:8691: checking if gcc static flag -static works
configure:8719: result: no
configure:8734: checking if gcc supports -c -o file.o
configure:8755: gcc -c -g -O2  -o out/conftest2.o conftest.c >&5
configure:8759: $? = 0
configure:8781: result: yes
configure:8789: checking if gcc supports -c -o file.o
configure:8836: result: yes
configure:8869: checking whether the gcc linker (/Applications/Xcode.app/Contents/Developer/Toolchains/XcodeDefault.xctoolchain/usr/bin/ld) supports shared libraries
configure:10022: result: yes
configure:10262: checking dynamic linker characteristics
configure:10999: result: darwin14.3.0 dyld
configure:11106: checking how to hardcode library paths into programs
configure:11131: result: immediate
configure:11176: checking for dlopen in -ldl
configure:11201: gcc -o conftest -g -O2   conftest.c -ldl   >&5
configure:11201: $? = 0
configure:11210: result: yes
configure:11425: checking whether a program can dlopen itself
configure:11505: gcc -o conftest -g -O2  -DHAVE_DLFCN_H   conftest.c -ldl  >&5
configure:11508: $? = 0
configure:11526: result: yes
configure:11531: checking whether a statically linked program can dlopen itself
configure:11611: gcc -o conftest -g -O2  -DHAVE_DLFCN_H    conftest.c -ldl  >&5
configure:11614: $? = 0
configure:11632: result: yes
configure:11671: checking whether stripping libraries is possible
configure:11685: result: yes
configure:11711: checking if libtool supports shared libraries
configure:11713: result: yes
configure:11716: checking whether to build shared libraries
configure:11737: result: yes
configure:11740: checking whether to build static libraries
configure:11744: result: yes
configure:11843: checking for pkg-config
configure:11861: found /opt/local/bin/pkg-config
configure:11873: result: /opt/local/bin/pkg-config
configure:11898: checking pkg-config is at least version 0.9.0
configure:11901: result: yes
configure:11910: $PKG_CONFIG --exists --print-errors "globus-common"
configure:11913: $? = 0
configure:11923: checking Toolkit version
configure:11936: result: Globus Toolkit 6.0.1430141288
configure:12000: checking for PACKAGE_DEP
configure:12007: $PKG_CONFIG --exists --print-errors "$PACKAGE_DEPS"
configure:12010: $? = 0
configure:12024: $PKG_CONFIG --exists --print-errors "$PACKAGE_DEPS"
configure:12027: $? = 0
configure:12085: result: yes
configure:12090: $PKG_CONFIG --exists --print-errors "globus-xio-gsi-driver >= 2"
configure:12093: $? = 0
configure:12103: $PKG_CONFIG --exists --print-errors "globus-xio-pipe-driver >= 2"
configure:12106: $? = 0
configure:12123: checking for ssh
configure:12141: found /usr/bin/ssh
configure:12153: result: /usr/bin/ssh
configure:12170: checking for doxygen
configure:12203: result: no
configure:12367: checking that generated files are newer than configure
configure:12373: result: done
configure:12412: creating ./config.status

## ---------------------- ##
## Running config.status. ##
## ---------------------- ##

This file was extended by globus_ftp_client config.status 8.22, which was
generated by GNU Autoconf 2.69.  Invocation command line was

  CONFIG_FILES    = 
  CONFIG_HEADERS  = 
  CONFIG_LINKS    = 
  CONFIG_COMMANDS = 
  $ ./config.status 

on mcswl096.mcs.anl.gov

config.status:1106: creating globus-ftp-client-uninstalled.pc
config.status:1106: creating globus-ftp-client.pc
config.status:1106: creating gridftp-ssh
config.status:1106: creating Makefile
config.status:1106: creating Doxyfile
config.status:1106: creating test/Makefile
config.status:1106: creating version.h
config.status:1106: creating test/openssl.cnf
config.status:1278: executing depfiles commands
config.status:1278: executing libtool commands

## ---------------- ##
## Cache variables. ##
## ---------------- ##

ac_cv_build=x86_64-apple-darwin14.3.0
ac_cv_c_compiler_gnu=yes
ac_cv_env_CC_set=
ac_cv_env_CC_value=
ac_cv_env_CFLAGS_set=
ac_cv_env_CFLAGS_value=
ac_cv_env_CPPFLAGS_set=
ac_cv_env_CPPFLAGS_value=
ac_cv_env_CPP_set=
ac_cv_env_CPP_value=
ac_cv_env_LDFLAGS_set=
ac_cv_env_LDFLAGS_value=
ac_cv_env_LIBS_set=
ac_cv_env_LIBS_value=
ac_cv_env_PACKAGE_DEP_CFLAGS_set=
ac_cv_env_PACKAGE_DEP_CFLAGS_value=
ac_cv_env_PACKAGE_DEP_LIBS_set=
ac_cv_env_PACKAGE_DEP_LIBS_value=
ac_cv_env_PKG_CONFIG_LIBDIR_set=
ac_cv_env_PKG_CONFIG_LIBDIR_value=
ac_cv_env_PKG_CONFIG_PATH_set=set
ac_cv_env_PKG_CONFIG_PATH_value=/Users/esjung/Downloads/globus_toolkit-6.0.1430141288/common/source:/Users/esjung/Downloads/globus_toolkit-6.0.1430141288/xio/src:/Users/esjung/Downloads/globus_toolkit-6.0.1430141288/gridftp/gfork/source:/Users/esjung/Downloads/globus_toolkit-6.0.1430141288/gsi/openssl_error/source:/Users/esjung/Downloads/globus_toolkit-6.0.1430141288/gsi/proxy/proxy_ssl/source:/Users/esjung/Downloads/globus_toolkit-6.0.1430141288/gsi/openssl_module/source:/Users/esjung/Downloads/globus_toolkit-6.0.1430141288/gsi/cert_utils/source:/Users/esjung/Downloads/globus_toolkit-6.0.1430141288/gsi/sysconfig/source:/Users/esjung/Downloads/globus_toolkit-6.0.1430141288/callout/source:/Users/esjung/Downloads/globus_toolkit-6.0.1430141288/gsi/callback/source:/Users/esjung/Downloads/globus_toolkit-6.0.1430141288/gsi/credential/source:/Users/esjung/Downloads/globus_toolkit-6.0.1430141288/gsi/proxy/proxy_core/source:/Users/esjung/Downloads/globus_toolkit-6.0.1430141288/gsi/gssapi/source:/Users/esjung/Downloads/globus_toolkit-6.0.1430141288/gsi/gss_assist/source:/Users/esjung/Downloads/globus_toolkit-6.0.1430141288/gsi/gssapi_error/source:/Users/esjung/Downloads/globus_toolkit-6.0.1430141288/xio/drivers/gsi:/Users/esjung/Downloads/globus_toolkit-6.0.1430141288/io/compat:/Users/esjung/Downloads/globus_toolkit-6.0.1430141288/gridftp/control/source:/Users/esjung/Downloads/globus_toolkit-6.0.1430141288/usage/c/sender/source:/Users/esjung/Downloads/globus_toolkit-6.0.1430141288/xio/drivers/pipe/source:/Users/esjung/Downloads/globus_toolkit-6.0.1430141288/gridftp/server-lib/src:/Users/esjung/Downloads/globus_toolkit-6.0.1430141288/gsi/authz/error:/Users/esjung/Downloads/globus_toolkit-6.0.1430141288/gsi/authz/source:/Users/esjung/Downloads/globus_toolkit-6.0.1430141288/xio/drivers/rate/source:/Users/esjung/Downloads/globus_toolkit-6.0.1430141288/xio/drivers/popen/source:/Users/esjung/Downloads/globus_toolkit-6.0.1430141288/xio/drivers/udt/source:/Users/esjung/Downloads/globus_toolkit-6.0.1430141288/gridftp/net_manager:/Users/esjung/Downloads/globus_toolkit-6.0.1430141288/gridftp/server/src:/Users/esjung/Downloads/globus_toolkit-6.0.1430141288/gram/protocol/source:/Users/esjung/Downloads/globus_toolkit-6.0.1430141288/gram/jobmanager/scheduler_event_generator/source:/Users/esjung/Downloads/globus_toolkit-6.0.1430141288/gram/jobmanager/lrms/lsf/source:/Users/esjung/Downloads/globus_toolkit-6.0.1430141288/gass/transfer/source:/Users/esjung/Downloads/globus_toolkit-6.0.1430141288/gridftp/client/source:/Users/esjung/Downloads/globus_toolkit-6.0.1430141288/gass/copy/source:/Users/esjung/Downloads/globus_toolkit-6.0.1430141288/gass/cache/source:/Users/esjung/Downloads/globus_toolkit-6.0.1430141288/gram/rsl/source:/Users/esjung/Downloads/globus_toolkit-6.0.1430141288/gram/jobmanager/callout_error:/Users/esjung/Downloads/globus_toolkit-6.0.1430141288/gridftp/server/multi/source:/Users/esjung/Downloads/globus_toolkit-6.0.1430141288/gsi/simple_ca/source:/Users/esjung/Downloads/globus_toolkit-6.0.1430141288/gram/jobmanager/lrms/sge/source:/Users/esjung/Downloads/globus_toolkit-6.0.1430141288/gram/jobmanager/scripts:/Users/esjung/Downloads/globus_toolkit-6.0.1430141288/gram/jobmanager/lrms/slurm/source:/Users/esjung/Downloads/globus_toolkit-6.0.1430141288/gsi/gridmap_callout/error:/Users/esjung/Downloads/globus_toolkit-6.0.1430141288/gsi/gridmap_callout/source:/Users/esjung/Downloads/globus_toolkit-6.0.1430141288/gass/server_ez/source:/Users/esjung/Downloads/globus_toolkit-6.0.1430141288/gridftp/gridftp_driver/source:/Users/esjung/Downloads/globus_toolkit-6.0.1430141288/gram/jobmanager/lrms/fork/source:/Users/esjung/Downloads/globus_toolkit-6.0.1430141288/gsi/gridmap_verify_myproxy_callout:/Users/esjung/Downloads/globus_toolkit-6.0.1430141288/gsi/gridmap_eppn_callout:/Users/esjung/Downloads/globus_toolkit-6.0.1430141288/gram/jobmanager/lrms/condor/source:/Users/esjung/Downloads/globus_toolkit-6.0.1430141288/gsi/proxy/proxy_utils/source:/Users/esjung/Downloads/globus_toolkit-6.0.1430141288/gram/client/source:/Users/esjung/Downloads/globus_toolkit-6.0.1430141288/xio/xioperf/source:/Users/esjung/Downloads/globus_toolkit-6.0.1430141288/gram/gatekeeper/source:/Users/esjung/Downloads/globus_toolkit-6.0.1430141288/gass/cache_program/source:/Users/esjung/Downloads/globus_toolkit-6.0.1430141288/gram/jobmanager/lrms/pbs/source:/Users/esjung/Downloads/globus_toolkit-6.0.1430141288/gram/jobmanager/auditing/source:/Users/esjung/Downloads/globus_toolkit-6.0.1430141288/myproxy/source:/Users/esjung/Downloads/globus_toolkit-6.0.1430141288/gsi_openssh/source:/Users/esjung/Downloads/globus_toolkit-6.0.1430141288/gram/client_tools/source:/Users/esjung/Downloads/globus_toolkit-6.0.1430141288/gram/jobmanager/source:/Users/esjung/Downloads/globus_toolkit-6.0.1430141288/gridftp/hdfs
ac_cv_env_PKG_CONFIG_set=
ac_cv_env_PKG_CONFIG_value=
ac_cv_env_build_alias_set=
ac_cv_env_build_alias_value=
ac_cv_env_host_alias_set=
ac_cv_env_host_alias_value=
ac_cv_env_target_alias_set=
ac_cv_env_target_alias_value=
ac_cv_header_dlfcn_h=yes
ac_cv_header_inttypes_h=yes
ac_cv_header_memory_h=yes
ac_cv_header_stdc=yes
ac_cv_header_stdint_h=yes
ac_cv_header_stdlib_h=yes
ac_cv_header_string_h=yes
ac_cv_header_strings_h=yes
ac_cv_header_sys_stat_h=yes
ac_cv_header_sys_types_h=yes
ac_cv_header_unistd_h=yes
ac_cv_host=x86_64-apple-darwin14.3.0
ac_cv_lib_dl_dlopen=yes
ac_cv_objext=o
ac_cv_path_EGREP='/opt/local/bin/grep -E'
ac_cv_path_FGREP='/opt/local/bin/grep -F'
ac_cv_path_GREP=/opt/local/bin/grep
ac_cv_path_SED=/opt/local/bin/gsed
ac_cv_path_SSH_BIN=/usr/bin/ssh
ac_cv_path_ac_pt_PKG_CONFIG=/opt/local/bin/pkg-config
ac_cv_path_install='/usr/bin/install -c'
ac_cv_prog_AWK=gawk
ac_cv_prog_CPP='gcc -E'
ac_cv_prog_ac_ct_AR=ar
ac_cv_prog_ac_ct_CC=gcc
ac_cv_prog_ac_ct_DSYMUTIL=dsymutil
ac_cv_prog_ac_ct_LIPO=lipo
ac_cv_prog_ac_ct_NMEDIT=nmedit
ac_cv_prog_ac_ct_OTOOL=otool
ac_cv_prog_ac_ct_RANLIB=ranlib
ac_cv_prog_ac_ct_STRIP=strip
ac_cv_prog_cc_c89=
ac_cv_prog_cc_g=yes
ac_cv_prog_make_make_set=yes
am_cv_CC_dependencies_compiler_type=gcc3
am_cv_make_support_nested_variables=yes
am_cv_prog_cc_c_o=yes
am_cv_prog_tar_pax=gnutar
lt_cv_apple_cc_single_mod=yes
lt_cv_ar_at_file=no
lt_cv_deplibs_check_method=pass_all
lt_cv_dlopen=dlopen
lt_cv_dlopen_libs=-ldl
lt_cv_dlopen_self=yes
lt_cv_dlopen_self_static=yes
lt_cv_file_magic_cmd='$MAGIC_CMD'
lt_cv_file_magic_test_file=
lt_cv_ld_exported_symbols_list=yes
lt_cv_ld_force_load=yes
lt_cv_ld_reload_flag=-r
lt_cv_nm_interface='BSD nm'
lt_cv_objdir=.libs
lt_cv_path_LD=/Applications/Xcode.app/Contents/Developer/Toolchains/XcodeDefault.xctoolchain/usr/bin/ld
lt_cv_path_NM=/opt/local/bin/nm
lt_cv_path_mainfest_tool=no
lt_cv_prog_compiler_c_o=yes
lt_cv_prog_compiler_pic='-fno-common -DPIC'
lt_cv_prog_compiler_pic_works=yes
lt_cv_prog_compiler_rtti_exceptions=yes
lt_cv_prog_compiler_static_works=no
lt_cv_prog_gnu_ld=no
lt_cv_sharedlib_from_linklib_cmd='printf %s\n'
lt_cv_sys_global_symbol_pipe='sed -n -e '\''s/^.*[	 ]\([BCDEGRST][BCDEGRST]*\)[	 ][	 ]*_\([_A-Za-z][_A-Za-z0-9]*\)$/\1 _\2 \2/p'\'' | sed '\''/ __gnu_lto/d'\'''
lt_cv_sys_global_symbol_to_c_name_address='sed -n -e '\''s/^: \([^ ]*\)[ ]*$/  {\"\1\", (void *) 0},/p'\'' -e '\''s/^[BCDEGRST]* \([^ ]*\) \([^ ]*\)$/  {"\2", (void *) \&\2},/p'\'''
lt_cv_sys_global_symbol_to_c_name_address_lib_prefix='sed -n -e '\''s/^: \([^ ]*\)[ ]*$/  {\"\1\", (void *) 0},/p'\'' -e '\''s/^[BCDEGRST]* \([^ ]*\) \(lib[^ ]*\)$/  {"\2", (void *) \&\2},/p'\'' -e '\''s/^[BCDEGRST]* \([^ ]*\) \([^ ]*\)$/  {"lib\2", (void *) \&\2},/p'\'''
lt_cv_sys_global_symbol_to_cdecl='sed -n -e '\''s/^T .* \(.*\)$/extern int \1();/p'\'' -e '\''s/^[BCDEGRST]* .* \(.*\)$/extern char \1;/p'\'''
lt_cv_sys_max_cmd_len=196608
lt_cv_to_host_file_cmd=func_convert_file_noop
lt_cv_to_tool_file_cmd=func_convert_file_noop
pkg_cv_PACKAGE_DEP_CFLAGS='-g -O2 -pthread -I/Users/esjung/Downloads/globus_toolkit-6.0.1430141288/./libltdl -I/Users/esjung/Downloads/globus_toolkit-6.0.1430141288/common/source -I/Users/esjung/Downloads/globus_toolkit-6.0.1430141288/common/source/library -I/Users/esjung/Downloads/globus_toolkit-6.0.1430141288/xio/src -I/Users/esjung/Downloads/globus_toolkit-6.0.1430141288/xio/src/builtins/file -I/Users/esjung/Downloads/globus_toolkit-6.0.1430141288/xio/src/builtins/http -I/Users/esjung/Downloads/globus_toolkit-6.0.1430141288/xio/src/builtins/mode_e -I/Users/esjung/Downloads/globus_toolkit-6.0.1430141288/xio/src/builtins/ordering -I/Users/esjung/Downloads/globus_toolkit-6.0.1430141288/xio/src/builtins/queue -I/Users/esjung/Downloads/globus_toolkit-6.0.1430141288/xio/src/builtins/tcp -I/Users/esjung/Downloads/globus_toolkit-6.0.1430141288/xio/src/builtins/telnet -I/Users/esjung/Downloads/globus_toolkit-6.0.1430141288/xio/src/builtins/udp -I/Users/esjung/Downloads/globus_toolkit-6.0.1430141288/gsi/openssl_error/source -I/Users/esjung/Downloads/globus_toolkit-6.0.1430141288/gsi/openssl_error/source/library -I/Users/esjung/Downloads/globus_toolkit-6.0.1430141288/gsi/proxy/proxy_ssl/source -I/Users/esjung/Downloads/globus_toolkit-6.0.1430141288/gsi/proxy/proxy_ssl/source/library -I/Users/esjung/Downloads/globus_toolkit-6.0.1430141288/gsi/openssl_module/source/library -I/Users/esjung/Downloads/globus_toolkit-6.0.1430141288/gsi/cert_utils/source/library -I/Users/esjung/Downloads/globus_toolkit-6.0.1430141288/gsi/sysconfig/source/library -I/Users/esjung/Downloads/globus_toolkit-6.0.1430141288/callout/source/library -I/Users/esjung/Downloads/globus_toolkit-6.0.1430141288/gsi/callback/source/library -I/Users/esjung/Downloads/globus_toolkit-6.0.1430141288/gsi/credential/source/library -I/Users/esjung/Downloads/globus_toolkit-6.0.1430141288/gsi/proxy/proxy_core/source/library -I/Users/esjung/Downloads/globus_toolkit-6.0.1430141288/gsi/gssapi/source/library -I/Users/esjung/Downloads/globus_toolkit-6.0.1430141288/gsi/gss_assist/source -I/Users/esjung/Downloads/globus_toolkit-6.0.1430141288/gsi/gssapi_error/source/library -I/Users/esjung/Downloads/globus_toolkit-6.0.1430141288/xio/drivers/gsi -I/Users/esjung/Downloads/globus_toolkit-6.0.1430141288/io/compat -I/Users/esjung/Downloads/globus_toolkit-6.0.1430141288/gridftp/control/source -I/Users/esjung/Downloads/globus_toolkit-6.0.1430141288/xio/drivers/popen/source -I/opt/local/include '
pkg_cv_PACKAGE_DEP_LIBS='-L/opt/local/lib /Users/esjung/Downloads/globus_toolkit-6.0.1430141288/common/source/library/libglobus_common.la /Users/esjung/Downloads/globus_toolkit-6.0.1430141288/gridftp/control/source/libglobus_ftp_control.la /Users/esjung/Downloads/globus_toolkit-6.0.1430141288/gsi/callback/source/library/libglobus_gsi_callback.la /Users/esjung/Downloads/globus_toolkit-6.0.1430141288/gsi/credential/source/library/libglobus_gsi_credential.la /Users/esjung/Downloads/globus_toolkit-6.0.1430141288/gsi/sysconfig/source/library/libglobus_gsi_sysconfig.la /Users/esjung/Downloads/globus_toolkit-6.0.1430141288/gsi/gssapi/source/library/libglobus_gssapi_gsi.la /Users/esjung/Downloads/globus_toolkit-6.0.1430141288/xio/src/libglobus_xio.la -lssl -lcrypto '

## ----------------- ##
## Output variables. ##
## ----------------- ##

ACLOCAL='${SHELL} /Users/esjung/Downloads/globus_toolkit-6.0.1430141288/gridftp/client/source/build-aux/missing aclocal-1.14'
AGE_VERSION='6'
AMDEPBACKSLASH='\'
AMDEP_FALSE='#'
AMDEP_TRUE=''
AMTAR='$${TAR-tar}'
AM_BACKSLASH='\'
AM_DEFAULT_V='$(AM_DEFAULT_VERBOSITY)'
AM_DEFAULT_VERBOSITY='1'
AM_V='$(V)'
AR='ar'
AS='as'
AUTOCONF='${SHELL} /Users/esjung/Downloads/globus_toolkit-6.0.1430141288/gridftp/client/source/build-aux/missing autoconf'
AUTOHEADER='${SHELL} /Users/esjung/Downloads/globus_toolkit-6.0.1430141288/gridftp/client/source/build-aux/missing autoheader'
AUTOMAKE='${SHELL} /Users/esjung/Downloads/globus_toolkit-6.0.1430141288/gridftp/client/source/build-aux/missing automake-1.14'
AWK='gawk'
CC='gcc'
CCDEPMODE='depmode=gcc3'
CFLAGS='-g -O2'
CPP='gcc -E'
CPPFLAGS=''
CYGPATH_W='echo'
CYGPATH_W_DEFINED_FALSE=''
CYGPATH_W_DEFINED_TRUE='#'
DEFS='-DPACKAGE_NAME=\"globus_ftp_client\" -DPACKAGE_TARNAME=\"globus_ftp_client\" -DPACKAGE_VERSION=\"8.22\" -DPACKAGE_STRING=\"globus_ftp_client\ 8.22\" -DPACKAGE_BUGREPORT=\"https://globus.atlassian.net/\" -DPACKAGE_URL=\"\" -DPACKAGE=\"globus_ftp_client\" -DVERSION=\"8.22\" -DSTDC_HEADERS=1 -DHAVE_SYS_TYPES_H=1 -DHAVE_SYS_STAT_H=1 -DHAVE_STDLIB_H=1 -DHAVE_STRING_H=1 -DHAVE_MEMORY_H=1 -DHAVE_STRINGS_H=1 -DHAVE_INTTYPES_H=1 -DHAVE_STDINT_H=1 -DHAVE_UNISTD_H=1 -DHAVE_DLFCN_H=1 -DLT_OBJDIR=\".libs/\"'
DEPDIR='.deps'
DIRT_BRANCH_ID='85'
DIRT_TIMESTAMP='1430141288'
DLLTOOL='false'
DLPREOPEN_FORCE=''
DOXYGEN=''
DSYMUTIL='dsymutil'
DUMPBIN=''
ECHO_C='\c'
ECHO_N=''
ECHO_T=''
EGREP='/opt/local/bin/grep -E'
ENABLE_DOXYGEN_FALSE=''
ENABLE_DOXYGEN_TRUE='#'
EXEEXT=''
FGREP='/opt/local/bin/grep -F'
GLOBUS_COMMON_PATH='/Users/esjung/Downloads/globus_toolkit-6.0.1430141288/common/source/scripts:/Users/esjung/Downloads/globus_toolkit-6.0.1430141288/common/source/programs'
GLOBUS_TOOLKIT_ID='Globus Toolkit 6.0.1430141288'
GREP='/opt/local/bin/grep'
GRIDFTP_SERVER_PATH='/Users/esjung/Downloads/globus_toolkit-6.0.1430141288/gridftp/server/src'
GSI_DRIVER_CFLAGS='-g -O2 -pthread -I/Users/esjung/Downloads/globus_toolkit-6.0.1430141288/./libltdl -I/Users/esjung/Downloads/globus_toolkit-6.0.1430141288/common/source -I/Users/esjung/Downloads/globus_toolkit-6.0.1430141288/common/source/library -I/Users/esjung/Downloads/globus_toolkit-6.0.1430141288/xio/src -I/Users/esjung/Downloads/globus_toolkit-6.0.1430141288/xio/src/builtins/file -I/Users/esjung/Downloads/globus_toolkit-6.0.1430141288/xio/src/builtins/http -I/Users/esjung/Downloads/globus_toolkit-6.0.1430141288/xio/src/builtins/mode_e -I/Users/esjung/Downloads/globus_toolkit-6.0.1430141288/xio/src/builtins/ordering -I/Users/esjung/Downloads/globus_toolkit-6.0.1430141288/xio/src/builtins/queue -I/Users/esjung/Downloads/globus_toolkit-6.0.1430141288/xio/src/builtins/tcp -I/Users/esjung/Downloads/globus_toolkit-6.0.1430141288/xio/src/builtins/telnet -I/Users/esjung/Downloads/globus_toolkit-6.0.1430141288/xio/src/builtins/udp -I/Users/esjung/Downloads/globus_toolkit-6.0.1430141288/gsi/openssl_error/source -I/Users/esjung/Downloads/globus_toolkit-6.0.1430141288/gsi/openssl_error/source/library -I/Users/esjung/Downloads/globus_toolkit-6.0.1430141288/gsi/proxy/proxy_ssl/source -I/Users/esjung/Downloads/globus_toolkit-6.0.1430141288/gsi/proxy/proxy_ssl/source/library -I/Users/esjung/Downloads/globus_toolkit-6.0.1430141288/gsi/openssl_module/source/library -I/Users/esjung/Downloads/globus_toolkit-6.0.1430141288/gsi/cert_utils/source/library -I/Users/esjung/Downloads/globus_toolkit-6.0.1430141288/gsi/sysconfig/source/library -I/Users/esjung/Downloads/globus_toolkit-6.0.1430141288/callout/source/library -I/Users/esjung/Downloads/globus_toolkit-6.0.1430141288/gsi/callback/source/library -I/Users/esjung/Downloads/globus_toolkit-6.0.1430141288/gsi/credential/source/library -I/Users/esjung/Downloads/globus_toolkit-6.0.1430141288/gsi/proxy/proxy_core/source/library -I/Users/esjung/Downloads/globus_toolkit-6.0.1430141288/gsi/gssapi/source/library -I/Users/esjung/Downloads/globus_toolkit-6.0.1430141288/gsi/gss_assist/source -I/Users/esjung/Downloads/globus_toolkit-6.0.1430141288/gsi/gssapi_error/source/library -I/Users/esjung/Downloads/globus_toolkit-6.0.1430141288/xio/drivers/gsi -I/opt/local/include '
GSI_DRIVER_LIBS='-dlopen /Users/esjung/Downloads/globus_toolkit-6.0.1430141288/xio/drivers/gsi/libglobus_xio_gsi_driver.la'
INSTALL_DATA='${INSTALL} -m 644'
INSTALL_PROGRAM='${INSTALL}'
INSTALL_SCRIPT='${INSTALL}'
INSTALL_STRIP_PROGRAM='$(install_sh) -c -s'
LD='/Applications/Xcode.app/Contents/Developer/Toolchains/XcodeDefault.xctoolchain/usr/bin/ld'
LDFLAGS=''
LIBOBJS=''
LIBS=''
LIBTOOL='$(SHELL) $(top_builddir)/libtool'
LIPO='lipo'
LN_S='ln -s'
LTLIBOBJS=''
MAJOR_VERSION='8'
MAKEINFO='${SHELL} /Users/esjung/Downloads/globus_toolkit-6.0.1430141288/gridftp/client/source/build-aux/missing makeinfo'
MANIFEST_TOOL=':'
MINOR_VERSION='22'
MKDIR_P='build-aux/install-sh -c -d'
NM='/opt/local/bin/nm'
NMEDIT='nmedit'
OBJDUMP='false'
OBJEXT='o'
OTOOL64=':'
OTOOL='otool'
PACKAGE='globus_ftp_client'
PACKAGE_BUGREPORT='https://globus.atlassian.net/'
PACKAGE_DEPS='globus-common >= 15, globus-ftp-control >= 4, globus-gsi-callback >= 4, globus-gsi-credential >= 5, globus-gsi-sysconfig >= 5, globus-gssapi-gsi >= 10, globus-xio >= 3, globus-xio-popen-driver >= 2, openssl >= 0.9.8'
PACKAGE_DEP_CFLAGS='-g -O2 -pthread -I/Users/esjung/Downloads/globus_toolkit-6.0.1430141288/./libltdl -I/Users/esjung/Downloads/globus_toolkit-6.0.1430141288/common/source -I/Users/esjung/Downloads/globus_toolkit-6.0.1430141288/common/source/library -I/Users/esjung/Downloads/globus_toolkit-6.0.1430141288/xio/src -I/Users/esjung/Downloads/globus_toolkit-6.0.1430141288/xio/src/builtins/file -I/Users/esjung/Downloads/globus_toolkit-6.0.1430141288/xio/src/builtins/http -I/Users/esjung/Downloads/globus_toolkit-6.0.1430141288/xio/src/builtins/mode_e -I/Users/esjung/Downloads/globus_toolkit-6.0.1430141288/xio/src/builtins/ordering -I/Users/esjung/Downloads/globus_toolkit-6.0.1430141288/xio/src/builtins/queue -I/Users/esjung/Downloads/globus_toolkit-6.0.1430141288/xio/src/builtins/tcp -I/Users/esjung/Downloads/globus_toolkit-6.0.1430141288/xio/src/builtins/telnet -I/Users/esjung/Downloads/globus_toolkit-6.0.1430141288/xio/src/builtins/udp -I/Users/esjung/Downloads/globus_toolkit-6.0.1430141288/gsi/openssl_error/source -I/Users/esjung/Downloads/globus_toolkit-6.0.1430141288/gsi/openssl_error/source/library -I/Users/esjung/Downloads/globus_toolkit-6.0.1430141288/gsi/proxy/proxy_ssl/source -I/Users/esjung/Downloads/globus_toolkit-6.0.1430141288/gsi/proxy/proxy_ssl/source/library -I/Users/esjung/Downloads/globus_toolkit-6.0.1430141288/gsi/openssl_module/source/library -I/Users/esjung/Downloads/globus_toolkit-6.0.1430141288/gsi/cert_utils/source/library -I/Users/esjung/Downloads/globus_toolkit-6.0.1430141288/gsi/sysconfig/source/library -I/Users/esjung/Downloads/globus_toolkit-6.0.1430141288/callout/source/library -I/Users/esjung/Downloads/globus_toolkit-6.0.1430141288/gsi/callback/source/library -I/Users/esjung/Downloads/globus_toolkit-6.0.1430141288/gsi/credential/source/library -I/Users/esjung/Downloads/globus_toolkit-6.0.1430141288/gsi/proxy/proxy_core/source/library -I/Users/esjung/Downloads/globus_toolkit-6.0.1430141288/gsi/gssapi/source/library -I/Users/esjung/Downloads/globus_toolkit-6.0.1430141288/gsi/gss_assist/source -I/Users/esjung/Downloads/globus_toolkit-6.0.1430141288/gsi/gssapi_error/source/library -I/Users/esjung/Downloads/globus_toolkit-6.0.1430141288/xio/drivers/gsi -I/Users/esjung/Downloads/globus_toolkit-6.0.1430141288/io/compat -I/Users/esjung/Downloads/globus_toolkit-6.0.1430141288/gridftp/control/source -I/Users/esjung/Downloads/globus_toolkit-6.0.1430141288/xio/drivers/popen/source -I/opt/local/include '
PACKAGE_DEP_LIBS='-L/opt/local/lib /Users/esjung/Downloads/globus_toolkit-6.0.1430141288/common/source/library/libglobus_common.la /Users/esjung/Downloads/globus_toolkit-6.0.1430141288/gridftp/control/source/libglobus_ftp_control.la /Users/esjung/Downloads/globus_toolkit-6.0.1430141288/gsi/callback/source/library/libglobus_gsi_callback.la /Users/esjung/Downloads/globus_toolkit-6.0.1430141288/gsi/credential/source/library/libglobus_gsi_credential.la /Users/esjung/Downloads/globus_toolkit-6.0.1430141288/gsi/sysconfig/source/library/libglobus_gsi_sysconfig.la /Users/esjung/Downloads/globus_toolkit-6.0.1430141288/gsi/gssapi/source/library/libglobus_gssapi_gsi.la /Users/esjung/Downloads/globus_toolkit-6.0.1430141288/xio/src/libglobus_xio.la -lssl -lcrypto '
PACKAGE_NAME='globus_ftp_client'
PACKAGE_STRING='globus_ftp_client 8.22'
PACKAGE_TARNAME='globus_ftp_client'
PACKAGE_URL=''
PACKAGE_VERSION='8.22'
PATH_SEPARATOR=':'
PIPE_DRIVER_LIBS='-dlopen /Users/esjung/Downloads/globus_toolkit-6.0.1430141288/xio/drivers/pipe/source/libglobus_xio_pipe_driver.la'
PKG_CONFIG='/opt/local/bin/pkg-config'
PKG_CONFIG_LIBDIR=''
PKG_CONFIG_PATH='/Users/esjung/Downloads/globus_toolkit-6.0.1430141288/common/source:/Users/esjung/Downloads/globus_toolkit-6.0.1430141288/xio/src:/Users/esjung/Downloads/globus_toolkit-6.0.1430141288/gridftp/gfork/source:/Users/esjung/Downloads/globus_toolkit-6.0.1430141288/gsi/openssl_error/source:/Users/esjung/Downloads/globus_toolkit-6.0.1430141288/gsi/proxy/proxy_ssl/source:/Users/esjung/Downloads/globus_toolkit-6.0.1430141288/gsi/openssl_module/source:/Users/esjung/Downloads/globus_toolkit-6.0.1430141288/gsi/cert_utils/source:/Users/esjung/Downloads/globus_toolkit-6.0.1430141288/gsi/sysconfig/source:/Users/esjung/Downloads/globus_toolkit-6.0.1430141288/callout/source:/Users/esjung/Downloads/globus_toolkit-6.0.1430141288/gsi/callback/source:/Users/esjung/Downloads/globus_toolkit-6.0.1430141288/gsi/credential/source:/Users/esjung/Downloads/globus_toolkit-6.0.1430141288/gsi/proxy/proxy_core/source:/Users/esjung/Downloads/globus_toolkit-6.0.1430141288/gsi/gssapi/source:/Users/esjung/Downloads/globus_toolkit-6.0.1430141288/gsi/gss_assist/source:/Users/esjung/Downloads/globus_toolkit-6.0.1430141288/gsi/gssapi_error/source:/Users/esjung/Downloads/globus_toolkit-6.0.1430141288/xio/drivers/gsi:/Users/esjung/Downloads/globus_toolkit-6.0.1430141288/io/compat:/Users/esjung/Downloads/globus_toolkit-6.0.1430141288/gridftp/control/source:/Users/esjung/Downloads/globus_toolkit-6.0.1430141288/usage/c/sender/source:/Users/esjung/Downloads/globus_toolkit-6.0.1430141288/xio/drivers/pipe/source:/Users/esjung/Downloads/globus_toolkit-6.0.1430141288/gridftp/server-lib/src:/Users/esjung/Downloads/globus_toolkit-6.0.1430141288/gsi/authz/error:/Users/esjung/Downloads/globus_toolkit-6.0.1430141288/gsi/authz/source:/Users/esjung/Downloads/globus_toolkit-6.0.1430141288/xio/drivers/rate/source:/Users/esjung/Downloads/globus_toolkit-6.0.1430141288/xio/drivers/popen/source:/Users/esjung/Downloads/globus_toolkit-6.0.1430141288/xio/drivers/udt/source:/Users/esjung/Downloads/globus_toolkit-6.0.1430141288/gridftp/net_manager:/Users/esjung/Downloads/globus_toolkit-6.0.1430141288/gridftp/server/src:/Users/esjung/Downloads/globus_toolkit-6.0.1430141288/gram/protocol/source:/Users/esjung/Downloads/globus_toolkit-6.0.1430141288/gram/jobmanager/scheduler_event_generator/source:/Users/esjung/Downloads/globus_toolkit-6.0.1430141288/gram/jobmanager/lrms/lsf/source:/Users/esjung/Downloads/globus_toolkit-6.0.1430141288/gass/transfer/source:/Users/esjung/Downloads/globus_toolkit-6.0.1430141288/gridftp/client/source:/Users/esjung/Downloads/globus_toolkit-6.0.1430141288/gass/copy/source:/Users/esjung/Downloads/globus_toolkit-6.0.1430141288/gass/cache/source:/Users/esjung/Downloads/globus_toolkit-6.0.1430141288/gram/rsl/source:/Users/esjung/Downloads/globus_toolkit-6.0.1430141288/gram/jobmanager/callout_error:/Users/esjung/Downloads/globus_toolkit-6.0.1430141288/gridftp/server/multi/source:/Users/esjung/Downloads/globus_toolkit-6.0.1430141288/gsi/simple_ca/source:/Users/esjung/Downloads/globus_toolkit-6.0.1430141288/gram/jobmanager/lrms/sge/source:/Users/esjung/Downloads/globus_toolkit-6.0.1430141288/gram/jobmanager/scripts:/Users/esjung/Downloads/globus_toolkit-6.0.1430141288/gram/jobmanager/lrms/slurm/source:/Users/esjung/Downloads/globus_toolkit-6.0.1430141288/gsi/gridmap_callout/error:/Users/esjung/Downloads/globus_toolkit-6.0.1430141288/gsi/gridmap_callout/source:/Users/esjung/Downloads/globus_toolkit-6.0.1430141288/gass/server_ez/source:/Users/esjung/Downloads/globus_toolkit-6.0.1430141288/gridftp/gridftp_driver/source:/Users/esjung/Downloads/globus_toolkit-6.0.1430141288/gram/jobmanager/lrms/fork/source:/Users/esjung/Downloads/globus_toolkit-6.0.1430141288/gsi/gridmap_verify_myproxy_callout:/Users/esjung/Downloads/globus_toolkit-6.0.1430141288/gsi/gridmap_eppn_callout:/Users/esjung/Downloads/globus_toolkit-6.0.1430141288/gram/jobmanager/lrms/condor/source:/Users/esjung/Downloads/globus_toolkit-6.0.1430141288/gsi/proxy/proxy_utils/source:/Users/esjung/Downloads/globus_toolkit-6.0.1430141288/gram/client/source:/Users/esjung/Downloads/globus_toolkit-6.0.1430141288/xio/xioperf/source:/Users/esjung/Downloads/globus_toolkit-6.0.1430141288/gram/gatekeeper/source:/Users/esjung/Downloads/globus_toolkit-6.0.1430141288/gass/cache_program/source:/Users/esjung/Downloads/globus_toolkit-6.0.1430141288/gram/jobmanager/lrms/pbs/source:/Users/esjung/Downloads/globus_toolkit-6.0.1430141288/gram/jobmanager/auditing/source:/Users/esjung/Downloads/globus_toolkit-6.0.1430141288/myproxy/source:/Users/esjung/Downloads/globus_toolkit-6.0.1430141288/gsi_openssh/source:/Users/esjung/Downloads/globus_toolkit-6.0.1430141288/gram/client_tools/source:/Users/esjung/Downloads/globus_toolkit-6.0.1430141288/gram/jobmanager/source:/Users/esjung/Downloads/globus_toolkit-6.0.1430141288/gridftp/hdfs'
RANLIB='ranlib'
SED='/opt/local/bin/gsed'
SET_MAKE=''
SHELL='/bin/sh'
SSH_BIN='/usr/bin/ssh'
STRIP='strip'
TARGET_HURD_FALSE=''
TARGET_HURD_TRUE='#'
TARGET_MINGW_FALSE=''
TARGET_MINGW_TRUE='#'
VERSION='8.22'
ac_ct_AR='ar'
ac_ct_CC='gcc'
ac_ct_DUMPBIN=''
am__EXEEXT_FALSE=''
am__EXEEXT_TRUE='#'
am__fastdepCC_FALSE='#'
am__fastdepCC_TRUE=''
am__include='include'
am__isrc=''
am__leading_dot='.'
am__nodep='_no'
am__quote=''
am__tar='tar --format=posix -chf - "$$tardir"'
am__untar='tar -xf -'
bindir='${exec_prefix}/bin'
build='x86_64-apple-darwin14.3.0'
build_alias=''
build_cpu='x86_64'
build_os='darwin14.3.0'
build_vendor='apple'
datadir='${datarootdir}'
datarootdir='${prefix}/share'
docdir='${datarootdir}/doc/${PACKAGE_TARNAME}'
dvidir='${docdir}'
exec_prefix='${prefix}'
host='x86_64-apple-darwin14.3.0'
host_alias=''
host_cpu='x86_64'
host_os='darwin14.3.0'
host_vendor='apple'
htmldir='${docdir}'
includedir='${prefix}/include'
infodir='${datarootdir}/info'
install_sh='${SHELL} /Users/esjung/Downloads/globus_toolkit-6.0.1430141288/gridftp/client/source/build-aux/install-sh'
libdir='${exec_prefix}/lib'
libexecdir='${exec_prefix}/libexec'
localedir='${datarootdir}/locale'
localstatedir='${prefix}/var'
mandir='${datarootdir}/man'
mkdir_p='$(MKDIR_P)'
oldincludedir='/usr/include'
pdfdir='${docdir}'
prefix='/usr/local/globus-6'
program_transform_name='s,x,x,'
psdir='${docdir}'
sbindir='${exec_prefix}/sbin'
sharedstatedir='${prefix}/com'
sysconfdir='${prefix}/etc'
target_alias=''

## ----------- ##
## confdefs.h. ##
## ----------- ##

/* confdefs.h */
#define PACKAGE_NAME "globus_ftp_client"
#define PACKAGE_TARNAME "globus_ftp_client"
#define PACKAGE_VERSION "8.22"
#define PACKAGE_STRING "globus_ftp_client 8.22"
#define PACKAGE_BUGREPORT "https://globus.atlassian.net/"
#define PACKAGE_URL ""
#define PACKAGE "globus_ftp_client"
#define VERSION "8.22"
#define STDC_HEADERS 1
#define HAVE_SYS_TYPES_H 1
#define HAVE_SYS_STAT_H 1
#define HAVE_STDLIB_H 1
#define HAVE_STRING_H 1
#define HAVE_MEMORY_H 1
#define HAVE_STRINGS_H 1
#define HAVE_INTTYPES_H 1
#define HAVE_STDINT_H 1
#define HAVE_UNISTD_H 1
#define HAVE_DLFCN_H 1
#define LT_OBJDIR ".libs/"

configure: exit 0
