This file contains any messages produced by compilers while
running configure, to aid debugging if configure makes a mistake.

It was created by globus_gsi_callback configure 5.6, which was
generated by GNU Autoconf 2.69.  Invocation command line was

  $ ./configure --disable-option-checking --prefix=/usr/local/globus-6 --enable-ltdl-install --cache-file=/dev/null --srcdir=.

## --------- ##
## Platform. ##
## --------- ##

hostname = mcswl096.mcs.anl.gov
uname -m = x86_64
uname -r = 14.3.0
uname -s = Darwin
uname -v = Darwin Kernel Version 14.3.0: Mon Mar 23 11:59:05 PDT 2015; root:xnu-2782.20.48~5/RELEASE_X86_64

/usr/bin/uname -p = i386
/bin/uname -X     = unknown

/bin/arch              = unknown
/usr/bin/arch -k       = unknown
/usr/convex/getsysinfo = unknown
/usr/bin/hostinfo      = Mach kernel version:
	 Darwin Kernel Version 14.3.0: Mon Mar 23 11:59:05 PDT 2015; root:xnu-2782.20.48~5/RELEASE_X86_64
Kernel configured for up to 4 processors.
2 processors are physically available.
4 processors are logically available.
Processor type: i486 (Intel 80486)
Processors active: 0 1 2 3
Primary memory available: 4.00 gigabytes
Default processor set: 219 tasks, 1139 threads, 4 processors
Load average: 4.15, Mach factor: 0.37
/bin/machine           = unknown
/usr/bin/oslevel       = unknown
/bin/universe          = unknown

PATH: /opt/local/bin
PATH: /opt/local/sbin
PATH: /Library/Frameworks/Python.framework/Versions/3.4/bin
PATH: /opt/local/bin
PATH: /opt/local/sbin
PATH: /usr/local/bin
PATH: /usr/bin
PATH: /bin
PATH: /usr/sbin
PATH: /sbin
PATH: /opt/X11/bin
PATH: /Library/Globus/bin
PATH: /Library/Globus/sbin
PATH: /usr/texbin


## ----------- ##
## Core tests. ##
## ----------- ##

configure:2289: checking for a BSD-compatible install
configure:2357: result: /usr/bin/install -c
configure:2368: checking whether build environment is sane
configure:2423: result: yes
configure:2574: checking for a thread-safe mkdir -p
configure:2613: result: build-aux/install-sh -c -d
configure:2620: checking for gawk
configure:2636: found /opt/local/bin/gawk
configure:2647: result: gawk
configure:2658: checking whether make sets $(MAKE)
configure:2680: result: yes
configure:2709: checking whether make supports nested variables
configure:2726: result: yes
configure:2805: checking how to create a pax tar archive
configure:2816: tar --version
bsdtar 2.8.3 - libarchive 2.8.3
configure:2819: $? = 0
configure:2859: tardir=conftest.dir && eval tar --format=posix -chf - "$tardir" >conftest.tar
configure:2862: $? = 0
configure:2866: tar -xf - <conftest.tar
configure:2869: $? = 0
configure:2871: cat conftest.dir/file
GrepMe
configure:2874: $? = 0
configure:2887: result: gnutar
configure:2965: checking build system type
configure:2979: result: x86_64-apple-darwin14.3.0
configure:2999: checking host system type
configure:3012: result: x86_64-apple-darwin14.3.0
configure:3053: checking how to print strings
configure:3080: result: printf
configure:3113: checking for style of include used by make
configure:3141: result: GNU
configure:3212: checking for gcc
configure:3228: found /usr/bin/gcc
configure:3239: result: gcc
configure:3468: checking for C compiler version
configure:3477: gcc --version >&5
Apple LLVM version 6.1.0 (clang-602.0.49) (based on LLVM 3.6.0svn)
Target: x86_64-apple-darwin14.3.0
Thread model: posix
Configured with: --prefix=/Applications/Xcode.app/Contents/Developer//usr --with-gxx-include-dir=/usr/include/c++/4.2.1
configure:3488: $? = 0
configure:3477: gcc -v >&5
Configured with: --prefix=/Applications/Xcode.app/Contents/Developer//usr --with-gxx-include-dir=/usr/include/c++/4.2.1
Apple LLVM version 6.1.0 (clang-602.0.49) (based on LLVM 3.6.0svn)
Target: x86_64-apple-darwin14.3.0
Thread model: posix
configure:3488: $? = 0
configure:3477: gcc -V >&5
clang: error: argument to '-V' is missing (expected 1 value)
clang: error: no input files
configure:3488: $? = 1
configure:3477: gcc -qversion >&5
clang: error: unknown argument: '-qversion'
clang: error: no input files
configure:3488: $? = 1
configure:3508: checking whether the C compiler works
configure:3530: gcc    conftest.c  >&5
configure:3534: $? = 0
configure:3582: result: yes
configure:3585: checking for C compiler default output file name
configure:3587: result: a.out
configure:3593: checking for suffix of executables
configure:3600: gcc -o conftest    conftest.c  >&5
configure:3604: $? = 0
configure:3626: result: 
configure:3648: checking whether we are cross compiling
configure:3656: gcc -o conftest    conftest.c  >&5
configure:3660: $? = 0
configure:3667: ./conftest
configure:3671: $? = 0
configure:3686: result: no
configure:3691: checking for suffix of object files
configure:3713: gcc -c   conftest.c >&5
configure:3717: $? = 0
configure:3738: result: o
configure:3742: checking whether we are using the GNU C compiler
configure:3761: gcc -c   conftest.c >&5
configure:3761: $? = 0
configure:3770: result: yes
configure:3779: checking whether gcc accepts -g
configure:3799: gcc -c -g  conftest.c >&5
configure:3799: $? = 0
configure:3840: result: yes
configure:3857: checking for gcc option to accept ISO C89
configure:3920: gcc  -c -g -O2  conftest.c >&5
configure:3920: $? = 0
configure:3933: result: none needed
configure:3958: checking whether gcc understands -c and -o together
configure:3980: gcc -c conftest.c -o conftest2.o
configure:3983: $? = 0
configure:3980: gcc -c conftest.c -o conftest2.o
configure:3983: $? = 0
configure:3995: result: yes
configure:4014: checking dependency style of gcc
configure:4125: result: gcc3
configure:4140: checking for a sed that does not truncate output
configure:4204: result: /opt/local/bin/gsed
configure:4222: checking for grep that handles long lines and -e
configure:4280: result: /opt/local/bin/grep
configure:4285: checking for egrep
configure:4347: result: /opt/local/bin/grep -E
configure:4352: checking for fgrep
configure:4414: result: /opt/local/bin/grep -F
configure:4449: checking for ld used by gcc
configure:4516: result: /Applications/Xcode.app/Contents/Developer/Toolchains/XcodeDefault.xctoolchain/usr/bin/ld
configure:4523: checking if the linker (/Applications/Xcode.app/Contents/Developer/Toolchains/XcodeDefault.xctoolchain/usr/bin/ld) is GNU ld
configure:4538: result: no
configure:4550: checking for BSD- or MS-compatible name lister (nm)
configure:4599: result: /opt/local/bin/nm
configure:4729: checking the name lister (/opt/local/bin/nm) interface
configure:4736: gcc -c -g -O2  conftest.c >&5
configure:4739: /opt/local/bin/nm "conftest.o"
configure:4742: output
000000000000020c S _some_variable
configure:4749: result: BSD nm
configure:4752: checking whether ln -s works
configure:4756: result: yes
configure:4764: checking the maximum length of command line arguments
configure:4894: result: 196608
configure:4911: checking whether the shell understands some XSI constructs
configure:4921: result: yes
configure:4925: checking whether the shell understands "+="
configure:4931: result: yes
configure:4966: checking how to convert x86_64-apple-darwin14.3.0 file names to x86_64-apple-darwin14.3.0 format
configure:5006: result: func_convert_file_noop
configure:5013: checking how to convert x86_64-apple-darwin14.3.0 file names to toolchain format
configure:5033: result: func_convert_file_noop
configure:5040: checking for /Applications/Xcode.app/Contents/Developer/Toolchains/XcodeDefault.xctoolchain/usr/bin/ld option to reload object files
configure:5047: result: -r
configure:5121: checking for objdump
configure:5151: result: no
configure:5177: checking how to recognize dependent libraries
configure:5379: result: pass_all
configure:5464: checking for dlltool
configure:5494: result: no
configure:5521: checking how to associate runtime and link libraries
configure:5548: result: printf %s\n
configure:5609: checking for ar
configure:5625: found /opt/local/bin/ar
configure:5636: result: ar
configure:5673: checking for archiver @FILE support
configure:5690: gcc -c -g -O2  conftest.c >&5
configure:5690: $? = 0
configure:5693: ar cru libconftest.a @conftest.lst >&5
ar: @conftest.lst: No such file or directory
configure:5696: $? = 1
configure:5716: result: no
configure:5774: checking for strip
configure:5790: found /opt/local/bin/strip
configure:5801: result: strip
configure:5873: checking for ranlib
configure:5889: found /opt/local/bin/ranlib
configure:5900: result: ranlib
configure:6002: checking command to parse /opt/local/bin/nm output from gcc object
configure:6122: gcc -c -g -O2  conftest.c >&5
configure:6125: $? = 0
configure:6129: /opt/local/bin/nm conftest.o \| sed -n -e 's/^.*[ ]\([BCDEGRST][BCDEGRST]*\)[ ][ ]*\([_A-Za-z][_A-Za-z0-9]*\)$/\1 \2 \2/p' | sed '/ __gnu_lto/d' \> conftest.nm
configure:6132: $? = 0
cannot find nm_test_var in conftest.nm
configure:6122: gcc -c -g -O2  conftest.c >&5
configure:6125: $? = 0
configure:6129: /opt/local/bin/nm conftest.o \| sed -n -e 's/^.*[ ]\([BCDEGRST][BCDEGRST]*\)[ ][ ]*_\([_A-Za-z][_A-Za-z0-9]*\)$/\1 _\2 \2/p' | sed '/ __gnu_lto/d' \> conftest.nm
configure:6132: $? = 0
configure:6198: gcc -o conftest -g -O2   conftest.c conftstm.o >&5
configure:6201: $? = 0
configure:6239: result: ok
configure:6276: checking for sysroot
configure:6306: result: no
configure:6568: checking for mt
configure:6598: result: no
configure:6618: checking if : is a manifest tool
configure:6624: : '-?'
configure:6632: result: no
configure:6688: checking for dsymutil
configure:6704: found /usr/bin/dsymutil
configure:6715: result: dsymutil
configure:6780: checking for nmedit
configure:6796: found /opt/local/bin/nmedit
configure:6807: result: nmedit
configure:6872: checking for lipo
configure:6888: found /opt/local/bin/lipo
configure:6899: result: lipo
configure:6964: checking for otool
configure:6980: found /opt/local/bin/otool
configure:6991: result: otool
configure:7056: checking for otool64
configure:7086: result: no
configure:7131: checking for -single_module linker flag
gcc -g -O2  -o libconftest.dylib -dynamiclib -Wl,-single_module conftest.c
configure:7164: result: yes
configure:7167: checking for -exported_symbols_list linker flag
configure:7187: gcc -o conftest -g -O2   -Wl,-exported_symbols_list,conftest.sym conftest.c  >&5
configure:7187: $? = 0
configure:7197: result: yes
configure:7200: checking for -force_load linker flag
gcc -g -O2 -c -o conftest.o conftest.c
ar cru libconftest.a conftest.o
ranlib libconftest.a
gcc -g -O2  -o conftest conftest.c -Wl,-force_load,./libconftest.a
configure:7232: result: yes
configure:7274: checking how to run the C preprocessor
configure:7305: gcc -E  conftest.c
configure:7305: $? = 0
configure:7319: gcc -E  conftest.c
conftest.c:11:10: fatal error: 'ac_nonexistent.h' file not found
#include <ac_nonexistent.h>
         ^
1 error generated.
configure:7319: $? = 1
configure: failed program was:
| /* confdefs.h */
| #define PACKAGE_NAME "globus_gsi_callback"
| #define PACKAGE_TARNAME "globus_gsi_callback"
| #define PACKAGE_VERSION "5.6"
| #define PACKAGE_STRING "globus_gsi_callback 5.6"
| #define PACKAGE_BUGREPORT "https://globus.atlassian.net/"
| #define PACKAGE_URL ""
| #define PACKAGE "globus_gsi_callback"
| #define VERSION "5.6"
| /* end confdefs.h.  */
| #include <ac_nonexistent.h>
configure:7344: result: gcc -E
configure:7364: gcc -E  conftest.c
configure:7364: $? = 0
configure:7378: gcc -E  conftest.c
conftest.c:11:10: fatal error: 'ac_nonexistent.h' file not found
#include <ac_nonexistent.h>
         ^
1 error generated.
configure:7378: $? = 1
configure: failed program was:
| /* confdefs.h */
| #define PACKAGE_NAME "globus_gsi_callback"
| #define PACKAGE_TARNAME "globus_gsi_callback"
| #define PACKAGE_VERSION "5.6"
| #define PACKAGE_STRING "globus_gsi_callback 5.6"
| #define PACKAGE_BUGREPORT "https://globus.atlassian.net/"
| #define PACKAGE_URL ""
| #define PACKAGE "globus_gsi_callback"
| #define VERSION "5.6"
| /* end confdefs.h.  */
| #include <ac_nonexistent.h>
configure:7407: checking for ANSI C header files
configure:7427: gcc -c -g -O2  conftest.c >&5
configure:7427: $? = 0
configure:7500: gcc -o conftest -g -O2   conftest.c  >&5
configure:7500: $? = 0
configure:7500: ./conftest
configure:7500: $? = 0
configure:7511: result: yes
configure:7524: checking for sys/types.h
configure:7524: gcc -c -g -O2  conftest.c >&5
configure:7524: $? = 0
configure:7524: result: yes
configure:7524: checking for sys/stat.h
configure:7524: gcc -c -g -O2  conftest.c >&5
configure:7524: $? = 0
configure:7524: result: yes
configure:7524: checking for stdlib.h
configure:7524: gcc -c -g -O2  conftest.c >&5
configure:7524: $? = 0
configure:7524: result: yes
configure:7524: checking for string.h
configure:7524: gcc -c -g -O2  conftest.c >&5
configure:7524: $? = 0
configure:7524: result: yes
configure:7524: checking for memory.h
configure:7524: gcc -c -g -O2  conftest.c >&5
configure:7524: $? = 0
configure:7524: result: yes
configure:7524: checking for strings.h
configure:7524: gcc -c -g -O2  conftest.c >&5
configure:7524: $? = 0
configure:7524: result: yes
configure:7524: checking for inttypes.h
configure:7524: gcc -c -g -O2  conftest.c >&5
configure:7524: $? = 0
configure:7524: result: yes
configure:7524: checking for stdint.h
configure:7524: gcc -c -g -O2  conftest.c >&5
configure:7524: $? = 0
configure:7524: result: yes
configure:7524: checking for unistd.h
configure:7524: gcc -c -g -O2  conftest.c >&5
configure:7524: $? = 0
configure:7524: result: yes
configure:7538: checking for dlfcn.h
configure:7538: gcc -c -g -O2  conftest.c >&5
configure:7538: $? = 0
configure:7538: result: yes
configure:8041: checking for objdir
configure:8056: result: .libs
configure:8327: checking if gcc supports -fno-rtti -fno-exceptions
configure:8345: gcc -c -g -O2  -fno-rtti -fno-exceptions conftest.c >&5
configure:8349: $? = 0
configure:8362: result: yes
configure:8689: checking for gcc option to produce PIC
configure:8696: result: -fno-common -DPIC
configure:8704: checking if gcc PIC flag -fno-common -DPIC works
configure:8722: gcc -c -g -O2  -fno-common -DPIC -DPIC conftest.c >&5
configure:8726: $? = 0
configure:8739: result: yes
configure:8768: checking if gcc static flag -static works
configure:8796: result: no
configure:8811: checking if gcc supports -c -o file.o
configure:8832: gcc -c -g -O2  -o out/conftest2.o conftest.c >&5
configure:8836: $? = 0
configure:8858: result: yes
configure:8866: checking if gcc supports -c -o file.o
configure:8913: result: yes
configure:8946: checking whether the gcc linker (/Applications/Xcode.app/Contents/Developer/Toolchains/XcodeDefault.xctoolchain/usr/bin/ld) supports shared libraries
configure:10099: result: yes
configure:10339: checking dynamic linker characteristics
configure:11076: result: darwin14.3.0 dyld
configure:11183: checking how to hardcode library paths into programs
configure:11208: result: immediate
configure:11253: checking for dlopen in -ldl
configure:11278: gcc -o conftest -g -O2   conftest.c -ldl   >&5
configure:11278: $? = 0
configure:11287: result: yes
configure:11502: checking whether a program can dlopen itself
configure:11582: gcc -o conftest -g -O2  -DHAVE_DLFCN_H   conftest.c -ldl  >&5
configure:11585: $? = 0
configure:11603: result: yes
configure:11608: checking whether a statically linked program can dlopen itself
configure:11688: gcc -o conftest -g -O2  -DHAVE_DLFCN_H    conftest.c -ldl  >&5
configure:11691: $? = 0
configure:11709: result: yes
configure:11748: checking whether stripping libraries is possible
configure:11762: result: yes
configure:11788: checking if libtool supports shared libraries
configure:11790: result: yes
configure:11793: checking whether to build shared libraries
configure:11814: result: yes
configure:11817: checking whether to build static libraries
configure:11821: result: yes
configure:11921: checking for pkg-config
configure:11939: found /opt/local/bin/pkg-config
configure:11951: result: /opt/local/bin/pkg-config
configure:11976: checking pkg-config is at least version 0.9.0
configure:11979: result: yes
configure:11989: checking for PACKAGE_DEP
configure:11996: $PKG_CONFIG --exists --print-errors "$PACKAGE_DEPS"
configure:11999: $? = 0
configure:12013: $PKG_CONFIG --exists --print-errors "$PACKAGE_DEPS"
configure:12016: $? = 0
configure:12074: result: yes
configure:12083: checking for doxygen
configure:12116: result: no
configure:12137: checking sys/time.h usability
configure:12137: gcc -c -g -O2  conftest.c >&5
configure:12137: $? = 0
configure:12137: result: yes
configure:12137: checking sys/time.h presence
configure:12137: gcc -E  conftest.c
configure:12137: $? = 0
configure:12137: result: yes
configure:12137: checking for sys/time.h
configure:12137: result: yes
configure:12137: checking for unistd.h
configure:12137: result: yes
configure:12259: checking that generated files are newer than configure
configure:12265: result: done
configure:12292: creating ./config.status

## ---------------------- ##
## Running config.status. ##
## ---------------------- ##

This file was extended by globus_gsi_callback config.status 5.6, which was
generated by GNU Autoconf 2.69.  Invocation command line was

  CONFIG_FILES    = 
  CONFIG_HEADERS  = 
  CONFIG_LINKS    = 
  CONFIG_COMMANDS = 
  $ ./config.status 

on mcswl096.mcs.anl.gov

config.status:1143: creating Makefile
config.status:1143: creating library/Makefile
config.status:1143: creating library/oldgaa/Makefile
config.status:1143: creating library/Doxyfile
config.status:1143: creating globus-gsi-callback.pc
config.status:1143: creating globus-gsi-callback-uninstalled.pc
config.status:1143: creating version.h
config.status:1143: creating globus_i_gsi_callback_config.h
config.status:1372: executing depfiles commands
config.status:1372: executing libtool commands

## ---------------- ##
## Cache variables. ##
## ---------------- ##

ac_cv_build=x86_64-apple-darwin14.3.0
ac_cv_c_compiler_gnu=yes
ac_cv_env_CC_set=
ac_cv_env_CC_value=
ac_cv_env_CFLAGS_set=
ac_cv_env_CFLAGS_value=
ac_cv_env_CPPFLAGS_set=
ac_cv_env_CPPFLAGS_value=
ac_cv_env_CPP_set=
ac_cv_env_CPP_value=
ac_cv_env_LDFLAGS_set=
ac_cv_env_LDFLAGS_value=
ac_cv_env_LIBS_set=
ac_cv_env_LIBS_value=
ac_cv_env_PACKAGE_DEP_CFLAGS_set=
ac_cv_env_PACKAGE_DEP_CFLAGS_value=
ac_cv_env_PACKAGE_DEP_LIBS_set=
ac_cv_env_PACKAGE_DEP_LIBS_value=
ac_cv_env_PKG_CONFIG_LIBDIR_set=
ac_cv_env_PKG_CONFIG_LIBDIR_value=
ac_cv_env_PKG_CONFIG_PATH_set=set
ac_cv_env_PKG_CONFIG_PATH_value=/Users/esjung/Downloads/globus_toolkit-6.0.1430141288/common/source:/Users/esjung/Downloads/globus_toolkit-6.0.1430141288/xio/src:/Users/esjung/Downloads/globus_toolkit-6.0.1430141288/gridftp/gfork/source:/Users/esjung/Downloads/globus_toolkit-6.0.1430141288/gsi/openssl_error/source:/Users/esjung/Downloads/globus_toolkit-6.0.1430141288/gsi/proxy/proxy_ssl/source:/Users/esjung/Downloads/globus_toolkit-6.0.1430141288/gsi/openssl_module/source:/Users/esjung/Downloads/globus_toolkit-6.0.1430141288/gsi/cert_utils/source:/Users/esjung/Downloads/globus_toolkit-6.0.1430141288/gsi/sysconfig/source:/Users/esjung/Downloads/globus_toolkit-6.0.1430141288/callout/source:/Users/esjung/Downloads/globus_toolkit-6.0.1430141288/gsi/callback/source:/Users/esjung/Downloads/globus_toolkit-6.0.1430141288/gsi/credential/source:/Users/esjung/Downloads/globus_toolkit-6.0.1430141288/gsi/proxy/proxy_core/source:/Users/esjung/Downloads/globus_toolkit-6.0.1430141288/gsi/gssapi/source:/Users/esjung/Downloads/globus_toolkit-6.0.1430141288/gsi/gss_assist/source:/Users/esjung/Downloads/globus_toolkit-6.0.1430141288/gsi/gssapi_error/source:/Users/esjung/Downloads/globus_toolkit-6.0.1430141288/xio/drivers/gsi:/Users/esjung/Downloads/globus_toolkit-6.0.1430141288/io/compat:/Users/esjung/Downloads/globus_toolkit-6.0.1430141288/gridftp/control/source:/Users/esjung/Downloads/globus_toolkit-6.0.1430141288/usage/c/sender/source:/Users/esjung/Downloads/globus_toolkit-6.0.1430141288/xio/drivers/pipe/source:/Users/esjung/Downloads/globus_toolkit-6.0.1430141288/gridftp/server-lib/src:/Users/esjung/Downloads/globus_toolkit-6.0.1430141288/gsi/authz/error:/Users/esjung/Downloads/globus_toolkit-6.0.1430141288/gsi/authz/source:/Users/esjung/Downloads/globus_toolkit-6.0.1430141288/xio/drivers/rate/source:/Users/esjung/Downloads/globus_toolkit-6.0.1430141288/xio/drivers/popen/source:/Users/esjung/Downloads/globus_toolkit-6.0.1430141288/xio/drivers/udt/source:/Users/esjung/Downloads/globus_toolkit-6.0.1430141288/gridftp/net_manager:/Users/esjung/Downloads/globus_toolkit-6.0.1430141288/gridftp/server/src:/Users/esjung/Downloads/globus_toolkit-6.0.1430141288/gram/protocol/source:/Users/esjung/Downloads/globus_toolkit-6.0.1430141288/gram/jobmanager/scheduler_event_generator/source:/Users/esjung/Downloads/globus_toolkit-6.0.1430141288/gram/jobmanager/lrms/lsf/source:/Users/esjung/Downloads/globus_toolkit-6.0.1430141288/gass/transfer/source:/Users/esjung/Downloads/globus_toolkit-6.0.1430141288/gridftp/client/source:/Users/esjung/Downloads/globus_toolkit-6.0.1430141288/gass/copy/source:/Users/esjung/Downloads/globus_toolkit-6.0.1430141288/gass/cache/source:/Users/esjung/Downloads/globus_toolkit-6.0.1430141288/gram/rsl/source:/Users/esjung/Downloads/globus_toolkit-6.0.1430141288/gram/jobmanager/callout_error:/Users/esjung/Downloads/globus_toolkit-6.0.1430141288/gridftp/server/multi/source:/Users/esjung/Downloads/globus_toolkit-6.0.1430141288/gsi/simple_ca/source:/Users/esjung/Downloads/globus_toolkit-6.0.1430141288/gram/jobmanager/lrms/sge/source:/Users/esjung/Downloads/globus_toolkit-6.0.1430141288/gram/jobmanager/scripts:/Users/esjung/Downloads/globus_toolkit-6.0.1430141288/gram/jobmanager/lrms/slurm/source:/Users/esjung/Downloads/globus_toolkit-6.0.1430141288/gsi/gridmap_callout/error:/Users/esjung/Downloads/globus_toolkit-6.0.1430141288/gsi/gridmap_callout/source:/Users/esjung/Downloads/globus_toolkit-6.0.1430141288/gass/server_ez/source:/Users/esjung/Downloads/globus_toolkit-6.0.1430141288/gridftp/gridftp_driver/source:/Users/esjung/Downloads/globus_toolkit-6.0.1430141288/gram/jobmanager/lrms/fork/source:/Users/esjung/Downloads/globus_toolkit-6.0.1430141288/gsi/gridmap_verify_myproxy_callout:/Users/esjung/Downloads/globus_toolkit-6.0.1430141288/gsi/gridmap_eppn_callout:/Users/esjung/Downloads/globus_toolkit-6.0.1430141288/gram/jobmanager/lrms/condor/source:/Users/esjung/Downloads/globus_toolkit-6.0.1430141288/gsi/proxy/proxy_utils/source:/Users/esjung/Downloads/globus_toolkit-6.0.1430141288/gram/client/source:/Users/esjung/Downloads/globus_toolkit-6.0.1430141288/xio/xioperf/source:/Users/esjung/Downloads/globus_toolkit-6.0.1430141288/gram/gatekeeper/source:/Users/esjung/Downloads/globus_toolkit-6.0.1430141288/gass/cache_program/source:/Users/esjung/Downloads/globus_toolkit-6.0.1430141288/gram/jobmanager/lrms/pbs/source:/Users/esjung/Downloads/globus_toolkit-6.0.1430141288/gram/jobmanager/auditing/source:/Users/esjung/Downloads/globus_toolkit-6.0.1430141288/myproxy/source:/Users/esjung/Downloads/globus_toolkit-6.0.1430141288/gsi_openssh/source:/Users/esjung/Downloads/globus_toolkit-6.0.1430141288/gram/client_tools/source:/Users/esjung/Downloads/globus_toolkit-6.0.1430141288/gram/jobmanager/source:/Users/esjung/Downloads/globus_toolkit-6.0.1430141288/gridftp/hdfs
ac_cv_env_PKG_CONFIG_set=
ac_cv_env_PKG_CONFIG_value=
ac_cv_env_build_alias_set=
ac_cv_env_build_alias_value=
ac_cv_env_host_alias_set=
ac_cv_env_host_alias_value=
ac_cv_env_target_alias_set=
ac_cv_env_target_alias_value=
ac_cv_header_dlfcn_h=yes
ac_cv_header_inttypes_h=yes
ac_cv_header_memory_h=yes
ac_cv_header_stdc=yes
ac_cv_header_stdint_h=yes
ac_cv_header_stdlib_h=yes
ac_cv_header_string_h=yes
ac_cv_header_strings_h=yes
ac_cv_header_sys_stat_h=yes
ac_cv_header_sys_time_h=yes
ac_cv_header_sys_types_h=yes
ac_cv_header_unistd_h=yes
ac_cv_host=x86_64-apple-darwin14.3.0
ac_cv_lib_dl_dlopen=yes
ac_cv_objext=o
ac_cv_path_EGREP='/opt/local/bin/grep -E'
ac_cv_path_FGREP='/opt/local/bin/grep -F'
ac_cv_path_GREP=/opt/local/bin/grep
ac_cv_path_SED=/opt/local/bin/gsed
ac_cv_path_ac_pt_PKG_CONFIG=/opt/local/bin/pkg-config
ac_cv_path_install='/usr/bin/install -c'
ac_cv_prog_AWK=gawk
ac_cv_prog_CPP='gcc -E'
ac_cv_prog_ac_ct_AR=ar
ac_cv_prog_ac_ct_CC=gcc
ac_cv_prog_ac_ct_DSYMUTIL=dsymutil
ac_cv_prog_ac_ct_LIPO=lipo
ac_cv_prog_ac_ct_NMEDIT=nmedit
ac_cv_prog_ac_ct_OTOOL=otool
ac_cv_prog_ac_ct_RANLIB=ranlib
ac_cv_prog_ac_ct_STRIP=strip
ac_cv_prog_cc_c89=
ac_cv_prog_cc_g=yes
ac_cv_prog_make_make_set=yes
am_cv_CC_dependencies_compiler_type=gcc3
am_cv_make_support_nested_variables=yes
am_cv_prog_cc_c_o=yes
am_cv_prog_tar_pax=gnutar
lt_cv_apple_cc_single_mod=yes
lt_cv_ar_at_file=no
lt_cv_deplibs_check_method=pass_all
lt_cv_dlopen=dlopen
lt_cv_dlopen_libs=-ldl
lt_cv_dlopen_self=yes
lt_cv_dlopen_self_static=yes
lt_cv_file_magic_cmd='$MAGIC_CMD'
lt_cv_file_magic_test_file=
lt_cv_ld_exported_symbols_list=yes
lt_cv_ld_force_load=yes
lt_cv_ld_reload_flag=-r
lt_cv_nm_interface='BSD nm'
lt_cv_objdir=.libs
lt_cv_path_LD=/Applications/Xcode.app/Contents/Developer/Toolchains/XcodeDefault.xctoolchain/usr/bin/ld
lt_cv_path_NM=/opt/local/bin/nm
lt_cv_path_mainfest_tool=no
lt_cv_prog_compiler_c_o=yes
lt_cv_prog_compiler_pic='-fno-common -DPIC'
lt_cv_prog_compiler_pic_works=yes
lt_cv_prog_compiler_rtti_exceptions=yes
lt_cv_prog_compiler_static_works=no
lt_cv_prog_gnu_ld=no
lt_cv_sharedlib_from_linklib_cmd='printf %s\n'
lt_cv_sys_global_symbol_pipe='sed -n -e '\''s/^.*[	 ]\([BCDEGRST][BCDEGRST]*\)[	 ][	 ]*_\([_A-Za-z][_A-Za-z0-9]*\)$/\1 _\2 \2/p'\'' | sed '\''/ __gnu_lto/d'\'''
lt_cv_sys_global_symbol_to_c_name_address='sed -n -e '\''s/^: \([^ ]*\)[ ]*$/  {\"\1\", (void *) 0},/p'\'' -e '\''s/^[BCDEGRST]* \([^ ]*\) \([^ ]*\)$/  {"\2", (void *) \&\2},/p'\'''
lt_cv_sys_global_symbol_to_c_name_address_lib_prefix='sed -n -e '\''s/^: \([^ ]*\)[ ]*$/  {\"\1\", (void *) 0},/p'\'' -e '\''s/^[BCDEGRST]* \([^ ]*\) \(lib[^ ]*\)$/  {"\2", (void *) \&\2},/p'\'' -e '\''s/^[BCDEGRST]* \([^ ]*\) \([^ ]*\)$/  {"lib\2", (void *) \&\2},/p'\'''
lt_cv_sys_global_symbol_to_cdecl='sed -n -e '\''s/^T .* \(.*\)$/extern int \1();/p'\'' -e '\''s/^[BCDEGRST]* .* \(.*\)$/extern char \1;/p'\'''
lt_cv_sys_max_cmd_len=196608
lt_cv_to_host_file_cmd=func_convert_file_noop
lt_cv_to_tool_file_cmd=func_convert_file_noop
pkg_cv_PACKAGE_DEP_CFLAGS='-g -O2 -pthread -I/Users/esjung/Downloads/globus_toolkit-6.0.1430141288/./libltdl -I/Users/esjung/Downloads/globus_toolkit-6.0.1430141288/common/source -I/Users/esjung/Downloads/globus_toolkit-6.0.1430141288/common/source/library -I/Users/esjung/Downloads/globus_toolkit-6.0.1430141288/gsi/openssl_error/source -I/Users/esjung/Downloads/globus_toolkit-6.0.1430141288/gsi/openssl_error/source/library -I/Users/esjung/Downloads/globus_toolkit-6.0.1430141288/gsi/proxy/proxy_ssl/source -I/Users/esjung/Downloads/globus_toolkit-6.0.1430141288/gsi/proxy/proxy_ssl/source/library -I/Users/esjung/Downloads/globus_toolkit-6.0.1430141288/gsi/openssl_module/source/library -I/Users/esjung/Downloads/globus_toolkit-6.0.1430141288/gsi/cert_utils/source/library -I/Users/esjung/Downloads/globus_toolkit-6.0.1430141288/gsi/sysconfig/source/library -I/opt/local/include '
pkg_cv_PACKAGE_DEP_LIBS='-L/opt/local/lib /Users/esjung/Downloads/globus_toolkit-6.0.1430141288/common/source/library/libglobus_common.la /Users/esjung/Downloads/globus_toolkit-6.0.1430141288/gsi/openssl_module/source/library/libglobus_openssl.la /Users/esjung/Downloads/globus_toolkit-6.0.1430141288/gsi/openssl_error/source/library/libglobus_openssl_error.la /Users/esjung/Downloads/globus_toolkit-6.0.1430141288/gsi/cert_utils/source/library/libglobus_gsi_cert_utils.la /Users/esjung/Downloads/globus_toolkit-6.0.1430141288/gsi/sysconfig/source/library/libglobus_gsi_sysconfig.la /Users/esjung/Downloads/globus_toolkit-6.0.1430141288/gsi/proxy/proxy_ssl/source/library/libglobus_proxy_ssl.la -lssl -lcrypto '

## ----------------- ##
## Output variables. ##
## ----------------- ##

ACLOCAL='${SHELL} /Users/esjung/Downloads/globus_toolkit-6.0.1430141288/gsi/callback/source/build-aux/missing aclocal-1.14'
AGE_VERSION='5'
AMDEPBACKSLASH='\'
AMDEP_FALSE='#'
AMDEP_TRUE=''
AMTAR='$${TAR-tar}'
AM_BACKSLASH='\'
AM_DEFAULT_V='$(AM_DEFAULT_VERBOSITY)'
AM_DEFAULT_VERBOSITY='1'
AM_V='$(V)'
AR='ar'
AS='as'
AUTOCONF='${SHELL} /Users/esjung/Downloads/globus_toolkit-6.0.1430141288/gsi/callback/source/build-aux/missing autoconf'
AUTOHEADER='${SHELL} /Users/esjung/Downloads/globus_toolkit-6.0.1430141288/gsi/callback/source/build-aux/missing autoheader'
AUTOMAKE='${SHELL} /Users/esjung/Downloads/globus_toolkit-6.0.1430141288/gsi/callback/source/build-aux/missing automake-1.14'
AWK='gawk'
CC='gcc'
CCDEPMODE='depmode=gcc3'
CFLAGS='-g -O2'
CPP='gcc -E'
CPPFLAGS=''
CYGPATH_W='echo'
DEFS='-DHAVE_CONFIG_H'
DEPDIR='.deps'
DIRT_BRANCH_ID='85'
DIRT_TIMESTAMP='1430141288'
DLLTOOL='false'
DOXYGEN=''
DSYMUTIL='dsymutil'
DUMPBIN=''
ECHO_C='\c'
ECHO_N=''
ECHO_T=''
EGREP='/opt/local/bin/grep -E'
ENABLE_DOXYGEN_FALSE='#'
ENABLE_DOXYGEN_TRUE=''
EXEEXT=''
FGREP='/opt/local/bin/grep -F'
GREP='/opt/local/bin/grep'
INSTALL_DATA='${INSTALL} -m 644'
INSTALL_PROGRAM='${INSTALL}'
INSTALL_SCRIPT='${INSTALL}'
INSTALL_STRIP_PROGRAM='$(install_sh) -c -s'
LD='/Applications/Xcode.app/Contents/Developer/Toolchains/XcodeDefault.xctoolchain/usr/bin/ld'
LDFLAGS=''
LIBOBJS=''
LIBS=''
LIBTOOL='$(SHELL) $(top_builddir)/libtool'
LIPO='lipo'
LN_S='ln -s'
LTLIBOBJS=''
MAJOR_VERSION='5'
MAKEINFO='${SHELL} /Users/esjung/Downloads/globus_toolkit-6.0.1430141288/gsi/callback/source/build-aux/missing makeinfo'
MANIFEST_TOOL=':'
MINOR_VERSION='6'
MKDIR_P='build-aux/install-sh -c -d'
NM='/opt/local/bin/nm'
NMEDIT='nmedit'
OBJDUMP='false'
OBJEXT='o'
OTOOL64=':'
OTOOL='otool'
PACKAGE='globus_gsi_callback'
PACKAGE_BUGREPORT='https://globus.atlassian.net/'
PACKAGE_DEPS='globus-common >= 14, globus-openssl-module >= 3, globus-gsi-openssl-error >= 2, globus-gsi-cert-utils >= 8, globus-gsi-sysconfig >= 5, globus-gsi-proxy-ssl >= 4, openssl >= 0.9.8'
PACKAGE_DEP_CFLAGS='-g -O2 -pthread -I/Users/esjung/Downloads/globus_toolkit-6.0.1430141288/./libltdl -I/Users/esjung/Downloads/globus_toolkit-6.0.1430141288/common/source -I/Users/esjung/Downloads/globus_toolkit-6.0.1430141288/common/source/library -I/Users/esjung/Downloads/globus_toolkit-6.0.1430141288/gsi/openssl_error/source -I/Users/esjung/Downloads/globus_toolkit-6.0.1430141288/gsi/openssl_error/source/library -I/Users/esjung/Downloads/globus_toolkit-6.0.1430141288/gsi/proxy/proxy_ssl/source -I/Users/esjung/Downloads/globus_toolkit-6.0.1430141288/gsi/proxy/proxy_ssl/source/library -I/Users/esjung/Downloads/globus_toolkit-6.0.1430141288/gsi/openssl_module/source/library -I/Users/esjung/Downloads/globus_toolkit-6.0.1430141288/gsi/cert_utils/source/library -I/Users/esjung/Downloads/globus_toolkit-6.0.1430141288/gsi/sysconfig/source/library -I/opt/local/include '
PACKAGE_DEP_LIBS='-L/opt/local/lib /Users/esjung/Downloads/globus_toolkit-6.0.1430141288/common/source/library/libglobus_common.la /Users/esjung/Downloads/globus_toolkit-6.0.1430141288/gsi/openssl_module/source/library/libglobus_openssl.la /Users/esjung/Downloads/globus_toolkit-6.0.1430141288/gsi/openssl_error/source/library/libglobus_openssl_error.la /Users/esjung/Downloads/globus_toolkit-6.0.1430141288/gsi/cert_utils/source/library/libglobus_gsi_cert_utils.la /Users/esjung/Downloads/globus_toolkit-6.0.1430141288/gsi/sysconfig/source/library/libglobus_gsi_sysconfig.la /Users/esjung/Downloads/globus_toolkit-6.0.1430141288/gsi/proxy/proxy_ssl/source/library/libglobus_proxy_ssl.la -lssl -lcrypto '
PACKAGE_NAME='globus_gsi_callback'
PACKAGE_STRING='globus_gsi_callback 5.6'
PACKAGE_TARNAME='globus_gsi_callback'
PACKAGE_URL=''
PACKAGE_VERSION='5.6'
PATH_SEPARATOR=':'
PKG_CONFIG='/opt/local/bin/pkg-config'
PKG_CONFIG_LIBDIR=''
PKG_CONFIG_PATH='/Users/esjung/Downloads/globus_toolkit-6.0.1430141288/common/source:/Users/esjung/Downloads/globus_toolkit-6.0.1430141288/xio/src:/Users/esjung/Downloads/globus_toolkit-6.0.1430141288/gridftp/gfork/source:/Users/esjung/Downloads/globus_toolkit-6.0.1430141288/gsi/openssl_error/source:/Users/esjung/Downloads/globus_toolkit-6.0.1430141288/gsi/proxy/proxy_ssl/source:/Users/esjung/Downloads/globus_toolkit-6.0.1430141288/gsi/openssl_module/source:/Users/esjung/Downloads/globus_toolkit-6.0.1430141288/gsi/cert_utils/source:/Users/esjung/Downloads/globus_toolkit-6.0.1430141288/gsi/sysconfig/source:/Users/esjung/Downloads/globus_toolkit-6.0.1430141288/callout/source:/Users/esjung/Downloads/globus_toolkit-6.0.1430141288/gsi/callback/source:/Users/esjung/Downloads/globus_toolkit-6.0.1430141288/gsi/credential/source:/Users/esjung/Downloads/globus_toolkit-6.0.1430141288/gsi/proxy/proxy_core/source:/Users/esjung/Downloads/globus_toolkit-6.0.1430141288/gsi/gssapi/source:/Users/esjung/Downloads/globus_toolkit-6.0.1430141288/gsi/gss_assist/source:/Users/esjung/Downloads/globus_toolkit-6.0.1430141288/gsi/gssapi_error/source:/Users/esjung/Downloads/globus_toolkit-6.0.1430141288/xio/drivers/gsi:/Users/esjung/Downloads/globus_toolkit-6.0.1430141288/io/compat:/Users/esjung/Downloads/globus_toolkit-6.0.1430141288/gridftp/control/source:/Users/esjung/Downloads/globus_toolkit-6.0.1430141288/usage/c/sender/source:/Users/esjung/Downloads/globus_toolkit-6.0.1430141288/xio/drivers/pipe/source:/Users/esjung/Downloads/globus_toolkit-6.0.1430141288/gridftp/server-lib/src:/Users/esjung/Downloads/globus_toolkit-6.0.1430141288/gsi/authz/error:/Users/esjung/Downloads/globus_toolkit-6.0.1430141288/gsi/authz/source:/Users/esjung/Downloads/globus_toolkit-6.0.1430141288/xio/drivers/rate/source:/Users/esjung/Downloads/globus_toolkit-6.0.1430141288/xio/drivers/popen/source:/Users/esjung/Downloads/globus_toolkit-6.0.1430141288/xio/drivers/udt/source:/Users/esjung/Downloads/globus_toolkit-6.0.1430141288/gridftp/net_manager:/Users/esjung/Downloads/globus_toolkit-6.0.1430141288/gridftp/server/src:/Users/esjung/Downloads/globus_toolkit-6.0.1430141288/gram/protocol/source:/Users/esjung/Downloads/globus_toolkit-6.0.1430141288/gram/jobmanager/scheduler_event_generator/source:/Users/esjung/Downloads/globus_toolkit-6.0.1430141288/gram/jobmanager/lrms/lsf/source:/Users/esjung/Downloads/globus_toolkit-6.0.1430141288/gass/transfer/source:/Users/esjung/Downloads/globus_toolkit-6.0.1430141288/gridftp/client/source:/Users/esjung/Downloads/globus_toolkit-6.0.1430141288/gass/copy/source:/Users/esjung/Downloads/globus_toolkit-6.0.1430141288/gass/cache/source:/Users/esjung/Downloads/globus_toolkit-6.0.1430141288/gram/rsl/source:/Users/esjung/Downloads/globus_toolkit-6.0.1430141288/gram/jobmanager/callout_error:/Users/esjung/Downloads/globus_toolkit-6.0.1430141288/gridftp/server/multi/source:/Users/esjung/Downloads/globus_toolkit-6.0.1430141288/gsi/simple_ca/source:/Users/esjung/Downloads/globus_toolkit-6.0.1430141288/gram/jobmanager/lrms/sge/source:/Users/esjung/Downloads/globus_toolkit-6.0.1430141288/gram/jobmanager/scripts:/Users/esjung/Downloads/globus_toolkit-6.0.1430141288/gram/jobmanager/lrms/slurm/source:/Users/esjung/Downloads/globus_toolkit-6.0.1430141288/gsi/gridmap_callout/error:/Users/esjung/Downloads/globus_toolkit-6.0.1430141288/gsi/gridmap_callout/source:/Users/esjung/Downloads/globus_toolkit-6.0.1430141288/gass/server_ez/source:/Users/esjung/Downloads/globus_toolkit-6.0.1430141288/gridftp/gridftp_driver/source:/Users/esjung/Downloads/globus_toolkit-6.0.1430141288/gram/jobmanager/lrms/fork/source:/Users/esjung/Downloads/globus_toolkit-6.0.1430141288/gsi/gridmap_verify_myproxy_callout:/Users/esjung/Downloads/globus_toolkit-6.0.1430141288/gsi/gridmap_eppn_callout:/Users/esjung/Downloads/globus_toolkit-6.0.1430141288/gram/jobmanager/lrms/condor/source:/Users/esjung/Downloads/globus_toolkit-6.0.1430141288/gsi/proxy/proxy_utils/source:/Users/esjung/Downloads/globus_toolkit-6.0.1430141288/gram/client/source:/Users/esjung/Downloads/globus_toolkit-6.0.1430141288/xio/xioperf/source:/Users/esjung/Downloads/globus_toolkit-6.0.1430141288/gram/gatekeeper/source:/Users/esjung/Downloads/globus_toolkit-6.0.1430141288/gass/cache_program/source:/Users/esjung/Downloads/globus_toolkit-6.0.1430141288/gram/jobmanager/lrms/pbs/source:/Users/esjung/Downloads/globus_toolkit-6.0.1430141288/gram/jobmanager/auditing/source:/Users/esjung/Downloads/globus_toolkit-6.0.1430141288/myproxy/source:/Users/esjung/Downloads/globus_toolkit-6.0.1430141288/gsi_openssh/source:/Users/esjung/Downloads/globus_toolkit-6.0.1430141288/gram/client_tools/source:/Users/esjung/Downloads/globus_toolkit-6.0.1430141288/gram/jobmanager/source:/Users/esjung/Downloads/globus_toolkit-6.0.1430141288/gridftp/hdfs'
RANLIB='ranlib'
SED='/opt/local/bin/gsed'
SET_MAKE=''
SHELL='/bin/sh'
STRIP='strip'
VERSION='5.6'
ac_ct_AR='ar'
ac_ct_CC='gcc'
ac_ct_DUMPBIN=''
am__EXEEXT_FALSE=''
am__EXEEXT_TRUE='#'
am__fastdepCC_FALSE='#'
am__fastdepCC_TRUE=''
am__include='include'
am__isrc=''
am__leading_dot='.'
am__nodep='_no'
am__quote=''
am__tar='tar --format=posix -chf - "$$tardir"'
am__untar='tar -xf -'
bindir='${exec_prefix}/bin'
build='x86_64-apple-darwin14.3.0'
build_alias=''
build_cpu='x86_64'
build_os='darwin14.3.0'
build_vendor='apple'
datadir='${datarootdir}'
datarootdir='${prefix}/share'
docdir='${datarootdir}/doc/${PACKAGE_TARNAME}'
dvidir='${docdir}'
exec_prefix='${prefix}'
host='x86_64-apple-darwin14.3.0'
host_alias=''
host_cpu='x86_64'
host_os='darwin14.3.0'
host_vendor='apple'
htmldir='${docdir}'
includedir='${prefix}/include'
infodir='${datarootdir}/info'
install_sh='${SHELL} /Users/esjung/Downloads/globus_toolkit-6.0.1430141288/gsi/callback/source/build-aux/install-sh'
libdir='${exec_prefix}/lib'
libexecdir='${exec_prefix}/libexec'
localedir='${datarootdir}/locale'
localstatedir='${prefix}/var'
mandir='${datarootdir}/man'
mkdir_p='$(MKDIR_P)'
oldincludedir='/usr/include'
pdfdir='${docdir}'
prefix='/usr/local/globus-6'
program_transform_name='s,x,x,'
psdir='${docdir}'
sbindir='${exec_prefix}/sbin'
sharedstatedir='${prefix}/com'
sysconfdir='${prefix}/etc'
target_alias=''

## ----------- ##
## confdefs.h. ##
## ----------- ##

/* confdefs.h */
#define PACKAGE_NAME "globus_gsi_callback"
#define PACKAGE_TARNAME "globus_gsi_callback"
#define PACKAGE_VERSION "5.6"
#define PACKAGE_STRING "globus_gsi_callback 5.6"
#define PACKAGE_BUGREPORT "https://globus.atlassian.net/"
#define PACKAGE_URL ""
#define PACKAGE "globus_gsi_callback"
#define VERSION "5.6"
#define STDC_HEADERS 1
#define HAVE_SYS_TYPES_H 1
#define HAVE_SYS_STAT_H 1
#define HAVE_STDLIB_H 1
#define HAVE_STRING_H 1
#define HAVE_MEMORY_H 1
#define HAVE_STRINGS_H 1
#define HAVE_INTTYPES_H 1
#define HAVE_STDINT_H 1
#define HAVE_UNISTD_H 1
#define HAVE_DLFCN_H 1
#define LT_OBJDIR ".libs/"
#define HAVE_SYS_TIME_H 1
#define HAVE_UNISTD_H 1

configure: exit 0
