This file contains any messages produced by compilers while
running configure, to aid debugging if configure makes a mistake.

It was created by globus_gram_client configure 13.12, which was
generated by GNU Autoconf 2.69.  Invocation command line was

  $ ./configure --disable-option-checking --prefix=/usr/local/globus-6 --enable-ltdl-install --cache-file=/dev/null --srcdir=.

## --------- ##
## Platform. ##
## --------- ##

hostname = mcswl096.mcs.anl.gov
uname -m = x86_64
uname -r = 14.3.0
uname -s = Darwin
uname -v = Darwin Kernel Version 14.3.0: Mon Mar 23 11:59:05 PDT 2015; root:xnu-2782.20.48~5/RELEASE_X86_64

/usr/bin/uname -p = i386
/bin/uname -X     = unknown

/bin/arch              = unknown
/usr/bin/arch -k       = unknown
/usr/convex/getsysinfo = unknown
/usr/bin/hostinfo      = Mach kernel version:
	 Darwin Kernel Version 14.3.0: Mon Mar 23 11:59:05 PDT 2015; root:xnu-2782.20.48~5/RELEASE_X86_64
Kernel configured for up to 4 processors.
2 processors are physically available.
4 processors are logically available.
Processor type: i486 (Intel 80486)
Processors active: 0 1 2 3
Primary memory available: 4.00 gigabytes
Default processor set: 223 tasks, 1151 threads, 4 processors
Load average: 2.63, Mach factor: 1.37
/bin/machine           = unknown
/usr/bin/oslevel       = unknown
/bin/universe          = unknown

PATH: /opt/local/bin
PATH: /opt/local/sbin
PATH: /Library/Frameworks/Python.framework/Versions/3.4/bin
PATH: /opt/local/bin
PATH: /opt/local/sbin
PATH: /usr/local/bin
PATH: /usr/bin
PATH: /bin
PATH: /usr/sbin
PATH: /sbin
PATH: /opt/X11/bin
PATH: /Library/Globus/bin
PATH: /Library/Globus/sbin
PATH: /usr/texbin


## ----------- ##
## Core tests. ##
## ----------- ##

configure:2209: checking for a BSD-compatible install
configure:2277: result: /usr/bin/install -c
configure:2288: checking whether build environment is sane
configure:2343: result: yes
configure:2494: checking for a thread-safe mkdir -p
configure:2533: result: build-aux/install-sh -c -d
configure:2540: checking for gawk
configure:2556: found /opt/local/bin/gawk
configure:2567: result: gawk
configure:2578: checking whether make sets $(MAKE)
configure:2600: result: yes
configure:2629: checking whether make supports nested variables
configure:2646: result: yes
configure:2725: checking how to create a pax tar archive
configure:2736: tar --version
bsdtar 2.8.3 - libarchive 2.8.3
configure:2739: $? = 0
configure:2779: tardir=conftest.dir && eval tar --format=posix -chf - "$tardir" >conftest.tar
configure:2782: $? = 0
configure:2786: tar -xf - <conftest.tar
configure:2789: $? = 0
configure:2791: cat conftest.dir/file
GrepMe
configure:2794: $? = 0
configure:2807: result: gnutar
configure:2885: checking build system type
configure:2899: result: x86_64-apple-darwin14.3.0
configure:2919: checking host system type
configure:2932: result: x86_64-apple-darwin14.3.0
configure:2973: checking how to print strings
configure:3000: result: printf
configure:3033: checking for style of include used by make
configure:3061: result: GNU
configure:3132: checking for gcc
configure:3148: found /usr/bin/gcc
configure:3159: result: gcc
configure:3388: checking for C compiler version
configure:3397: gcc --version >&5
Apple LLVM version 6.1.0 (clang-602.0.49) (based on LLVM 3.6.0svn)
Target: x86_64-apple-darwin14.3.0
Thread model: posix
Configured with: --prefix=/Applications/Xcode.app/Contents/Developer//usr --with-gxx-include-dir=/usr/include/c++/4.2.1
configure:3408: $? = 0
configure:3397: gcc -v >&5
Configured with: --prefix=/Applications/Xcode.app/Contents/Developer//usr --with-gxx-include-dir=/usr/include/c++/4.2.1
Apple LLVM version 6.1.0 (clang-602.0.49) (based on LLVM 3.6.0svn)
Target: x86_64-apple-darwin14.3.0
Thread model: posix
configure:3408: $? = 0
configure:3397: gcc -V >&5
clang: error: argument to '-V' is missing (expected 1 value)
clang: error: no input files
configure:3408: $? = 1
configure:3397: gcc -qversion >&5
clang: error: unknown argument: '-qversion'
clang: error: no input files
configure:3408: $? = 1
configure:3428: checking whether the C compiler works
configure:3450: gcc    conftest.c  >&5
configure:3454: $? = 0
configure:3502: result: yes
configure:3505: checking for C compiler default output file name
configure:3507: result: a.out
configure:3513: checking for suffix of executables
configure:3520: gcc -o conftest    conftest.c  >&5
configure:3524: $? = 0
configure:3546: result: 
configure:3568: checking whether we are cross compiling
configure:3576: gcc -o conftest    conftest.c  >&5
configure:3580: $? = 0
configure:3587: ./conftest
configure:3591: $? = 0
configure:3606: result: no
configure:3611: checking for suffix of object files
configure:3633: gcc -c   conftest.c >&5
configure:3637: $? = 0
configure:3658: result: o
configure:3662: checking whether we are using the GNU C compiler
configure:3681: gcc -c   conftest.c >&5
configure:3681: $? = 0
configure:3690: result: yes
configure:3699: checking whether gcc accepts -g
configure:3719: gcc -c -g  conftest.c >&5
configure:3719: $? = 0
configure:3760: result: yes
configure:3777: checking for gcc option to accept ISO C89
configure:3840: gcc  -c -g -O2  conftest.c >&5
configure:3840: $? = 0
configure:3853: result: none needed
configure:3878: checking whether gcc understands -c and -o together
configure:3900: gcc -c conftest.c -o conftest2.o
configure:3903: $? = 0
configure:3900: gcc -c conftest.c -o conftest2.o
configure:3903: $? = 0
configure:3915: result: yes
configure:3934: checking dependency style of gcc
configure:4045: result: gcc3
configure:4060: checking for a sed that does not truncate output
configure:4124: result: /opt/local/bin/gsed
configure:4142: checking for grep that handles long lines and -e
configure:4200: result: /opt/local/bin/grep
configure:4205: checking for egrep
configure:4267: result: /opt/local/bin/grep -E
configure:4272: checking for fgrep
configure:4334: result: /opt/local/bin/grep -F
configure:4369: checking for ld used by gcc
configure:4436: result: /Applications/Xcode.app/Contents/Developer/Toolchains/XcodeDefault.xctoolchain/usr/bin/ld
configure:4443: checking if the linker (/Applications/Xcode.app/Contents/Developer/Toolchains/XcodeDefault.xctoolchain/usr/bin/ld) is GNU ld
configure:4458: result: no
configure:4470: checking for BSD- or MS-compatible name lister (nm)
configure:4519: result: /opt/local/bin/nm
configure:4649: checking the name lister (/opt/local/bin/nm) interface
configure:4656: gcc -c -g -O2  conftest.c >&5
configure:4659: /opt/local/bin/nm "conftest.o"
configure:4662: output
000000000000020c S _some_variable
configure:4669: result: BSD nm
configure:4672: checking whether ln -s works
configure:4676: result: yes
configure:4684: checking the maximum length of command line arguments
configure:4814: result: 196608
configure:4831: checking whether the shell understands some XSI constructs
configure:4841: result: yes
configure:4845: checking whether the shell understands "+="
configure:4851: result: yes
configure:4886: checking how to convert x86_64-apple-darwin14.3.0 file names to x86_64-apple-darwin14.3.0 format
configure:4926: result: func_convert_file_noop
configure:4933: checking how to convert x86_64-apple-darwin14.3.0 file names to toolchain format
configure:4953: result: func_convert_file_noop
configure:4960: checking for /Applications/Xcode.app/Contents/Developer/Toolchains/XcodeDefault.xctoolchain/usr/bin/ld option to reload object files
configure:4967: result: -r
configure:5041: checking for objdump
configure:5071: result: no
configure:5097: checking how to recognize dependent libraries
configure:5299: result: pass_all
configure:5384: checking for dlltool
configure:5414: result: no
configure:5441: checking how to associate runtime and link libraries
configure:5468: result: printf %s\n
configure:5529: checking for ar
configure:5545: found /opt/local/bin/ar
configure:5556: result: ar
configure:5593: checking for archiver @FILE support
configure:5610: gcc -c -g -O2  conftest.c >&5
configure:5610: $? = 0
configure:5613: ar cru libconftest.a @conftest.lst >&5
ar: @conftest.lst: No such file or directory
configure:5616: $? = 1
configure:5636: result: no
configure:5694: checking for strip
configure:5710: found /opt/local/bin/strip
configure:5721: result: strip
configure:5793: checking for ranlib
configure:5809: found /opt/local/bin/ranlib
configure:5820: result: ranlib
configure:5922: checking command to parse /opt/local/bin/nm output from gcc object
configure:6042: gcc -c -g -O2  conftest.c >&5
configure:6045: $? = 0
configure:6049: /opt/local/bin/nm conftest.o \| sed -n -e 's/^.*[ ]\([BCDEGRST][BCDEGRST]*\)[ ][ ]*\([_A-Za-z][_A-Za-z0-9]*\)$/\1 \2 \2/p' | sed '/ __gnu_lto/d' \> conftest.nm
configure:6052: $? = 0
cannot find nm_test_var in conftest.nm
configure:6042: gcc -c -g -O2  conftest.c >&5
configure:6045: $? = 0
configure:6049: /opt/local/bin/nm conftest.o \| sed -n -e 's/^.*[ ]\([BCDEGRST][BCDEGRST]*\)[ ][ ]*_\([_A-Za-z][_A-Za-z0-9]*\)$/\1 _\2 \2/p' | sed '/ __gnu_lto/d' \> conftest.nm
configure:6052: $? = 0
configure:6118: gcc -o conftest -g -O2   conftest.c conftstm.o >&5
configure:6121: $? = 0
configure:6159: result: ok
configure:6196: checking for sysroot
configure:6226: result: no
configure:6488: checking for mt
configure:6518: result: no
configure:6538: checking if : is a manifest tool
configure:6544: : '-?'
configure:6552: result: no
configure:6608: checking for dsymutil
configure:6624: found /usr/bin/dsymutil
configure:6635: result: dsymutil
configure:6700: checking for nmedit
configure:6716: found /opt/local/bin/nmedit
configure:6727: result: nmedit
configure:6792: checking for lipo
configure:6808: found /opt/local/bin/lipo
configure:6819: result: lipo
configure:6884: checking for otool
configure:6900: found /opt/local/bin/otool
configure:6911: result: otool
configure:6976: checking for otool64
configure:7006: result: no
configure:7051: checking for -single_module linker flag
gcc -g -O2  -o libconftest.dylib -dynamiclib -Wl,-single_module conftest.c
configure:7084: result: yes
configure:7087: checking for -exported_symbols_list linker flag
configure:7107: gcc -o conftest -g -O2   -Wl,-exported_symbols_list,conftest.sym conftest.c  >&5
configure:7107: $? = 0
configure:7117: result: yes
configure:7120: checking for -force_load linker flag
gcc -g -O2 -c -o conftest.o conftest.c
ar cru libconftest.a conftest.o
ranlib libconftest.a
gcc -g -O2  -o conftest conftest.c -Wl,-force_load,./libconftest.a
configure:7152: result: yes
configure:7194: checking how to run the C preprocessor
configure:7225: gcc -E  conftest.c
configure:7225: $? = 0
configure:7239: gcc -E  conftest.c
conftest.c:11:10: fatal error: 'ac_nonexistent.h' file not found
#include <ac_nonexistent.h>
         ^
1 error generated.
configure:7239: $? = 1
configure: failed program was:
| /* confdefs.h */
| #define PACKAGE_NAME "globus_gram_client"
| #define PACKAGE_TARNAME "globus_gram_client"
| #define PACKAGE_VERSION "13.12"
| #define PACKAGE_STRING "globus_gram_client 13.12"
| #define PACKAGE_BUGREPORT "https://globus.atlassian.net/"
| #define PACKAGE_URL ""
| #define PACKAGE "globus_gram_client"
| #define VERSION "13.12"
| /* end confdefs.h.  */
| #include <ac_nonexistent.h>
configure:7264: result: gcc -E
configure:7284: gcc -E  conftest.c
configure:7284: $? = 0
configure:7298: gcc -E  conftest.c
conftest.c:11:10: fatal error: 'ac_nonexistent.h' file not found
#include <ac_nonexistent.h>
         ^
1 error generated.
configure:7298: $? = 1
configure: failed program was:
| /* confdefs.h */
| #define PACKAGE_NAME "globus_gram_client"
| #define PACKAGE_TARNAME "globus_gram_client"
| #define PACKAGE_VERSION "13.12"
| #define PACKAGE_STRING "globus_gram_client 13.12"
| #define PACKAGE_BUGREPORT "https://globus.atlassian.net/"
| #define PACKAGE_URL ""
| #define PACKAGE "globus_gram_client"
| #define VERSION "13.12"
| /* end confdefs.h.  */
| #include <ac_nonexistent.h>
configure:7327: checking for ANSI C header files
configure:7347: gcc -c -g -O2  conftest.c >&5
configure:7347: $? = 0
configure:7420: gcc -o conftest -g -O2   conftest.c  >&5
configure:7420: $? = 0
configure:7420: ./conftest
configure:7420: $? = 0
configure:7431: result: yes
configure:7444: checking for sys/types.h
configure:7444: gcc -c -g -O2  conftest.c >&5
configure:7444: $? = 0
configure:7444: result: yes
configure:7444: checking for sys/stat.h
configure:7444: gcc -c -g -O2  conftest.c >&5
configure:7444: $? = 0
configure:7444: result: yes
configure:7444: checking for stdlib.h
configure:7444: gcc -c -g -O2  conftest.c >&5
configure:7444: $? = 0
configure:7444: result: yes
configure:7444: checking for string.h
configure:7444: gcc -c -g -O2  conftest.c >&5
configure:7444: $? = 0
configure:7444: result: yes
configure:7444: checking for memory.h
configure:7444: gcc -c -g -O2  conftest.c >&5
configure:7444: $? = 0
configure:7444: result: yes
configure:7444: checking for strings.h
configure:7444: gcc -c -g -O2  conftest.c >&5
configure:7444: $? = 0
configure:7444: result: yes
configure:7444: checking for inttypes.h
configure:7444: gcc -c -g -O2  conftest.c >&5
configure:7444: $? = 0
configure:7444: result: yes
configure:7444: checking for stdint.h
configure:7444: gcc -c -g -O2  conftest.c >&5
configure:7444: $? = 0
configure:7444: result: yes
configure:7444: checking for unistd.h
configure:7444: gcc -c -g -O2  conftest.c >&5
configure:7444: $? = 0
configure:7444: result: yes
configure:7458: checking for dlfcn.h
configure:7458: gcc -c -g -O2  conftest.c >&5
configure:7458: $? = 0
configure:7458: result: yes
configure:7961: checking for objdir
configure:7976: result: .libs
configure:8247: checking if gcc supports -fno-rtti -fno-exceptions
configure:8265: gcc -c -g -O2  -fno-rtti -fno-exceptions conftest.c >&5
configure:8269: $? = 0
configure:8282: result: yes
configure:8609: checking for gcc option to produce PIC
configure:8616: result: -fno-common -DPIC
configure:8624: checking if gcc PIC flag -fno-common -DPIC works
configure:8642: gcc -c -g -O2  -fno-common -DPIC -DPIC conftest.c >&5
configure:8646: $? = 0
configure:8659: result: yes
configure:8688: checking if gcc static flag -static works
configure:8716: result: no
configure:8731: checking if gcc supports -c -o file.o
configure:8752: gcc -c -g -O2  -o out/conftest2.o conftest.c >&5
configure:8756: $? = 0
configure:8778: result: yes
configure:8786: checking if gcc supports -c -o file.o
configure:8833: result: yes
configure:8866: checking whether the gcc linker (/Applications/Xcode.app/Contents/Developer/Toolchains/XcodeDefault.xctoolchain/usr/bin/ld) supports shared libraries
configure:10019: result: yes
configure:10259: checking dynamic linker characteristics
configure:10996: result: darwin14.3.0 dyld
configure:11103: checking how to hardcode library paths into programs
configure:11128: result: immediate
configure:11173: checking for dlopen in -ldl
configure:11198: gcc -o conftest -g -O2   conftest.c -ldl   >&5
configure:11198: $? = 0
configure:11207: result: yes
configure:11422: checking whether a program can dlopen itself
configure:11502: gcc -o conftest -g -O2  -DHAVE_DLFCN_H   conftest.c -ldl  >&5
configure:11505: $? = 0
configure:11523: result: yes
configure:11528: checking whether a statically linked program can dlopen itself
configure:11608: gcc -o conftest -g -O2  -DHAVE_DLFCN_H    conftest.c -ldl  >&5
configure:11611: $? = 0
configure:11629: result: yes
configure:11668: checking whether stripping libraries is possible
configure:11682: result: yes
configure:11708: checking if libtool supports shared libraries
configure:11710: result: yes
configure:11713: checking whether to build shared libraries
configure:11734: result: yes
configure:11737: checking whether to build static libraries
configure:11741: result: yes
configure:11839: checking for pkg-config
configure:11857: found /opt/local/bin/pkg-config
configure:11869: result: /opt/local/bin/pkg-config
configure:11894: checking pkg-config is at least version 0.9.0
configure:11897: result: yes
configure:11907: checking for PACKAGE_DEP
configure:11914: $PKG_CONFIG --exists --print-errors "$PACKAGE_DEPS"
configure:11917: $? = 0
configure:11931: $PKG_CONFIG --exists --print-errors "$PACKAGE_DEPS"
configure:11934: $? = 0
configure:11992: result: yes
configure:12036: checking for doxygen
configure:12069: result: no
configure:12254: checking that generated files are newer than configure
configure:12260: result: done
configure:12291: creating ./config.status

## ---------------------- ##
## Running config.status. ##
## ---------------------- ##

This file was extended by globus_gram_client config.status 13.12, which was
generated by GNU Autoconf 2.69.  Invocation command line was

  CONFIG_FILES    = 
  CONFIG_HEADERS  = 
  CONFIG_LINKS    = 
  CONFIG_COMMANDS = 
  $ ./config.status 

on mcswl096.mcs.anl.gov

config.status:1080: creating globus-gram-client-uninstalled.pc
config.status:1080: creating globus-gram-client.pc
config.status:1080: creating Makefile
config.status:1080: creating test/Makefile
config.status:1080: creating Doxyfile
config.status:1080: creating version.h
config.status:1252: executing depfiles commands
config.status:1252: executing libtool commands

## ---------------- ##
## Cache variables. ##
## ---------------- ##

ac_cv_build=x86_64-apple-darwin14.3.0
ac_cv_c_compiler_gnu=yes
ac_cv_env_CC_set=
ac_cv_env_CC_value=
ac_cv_env_CFLAGS_set=
ac_cv_env_CFLAGS_value=
ac_cv_env_CPPFLAGS_set=
ac_cv_env_CPPFLAGS_value=
ac_cv_env_CPP_set=
ac_cv_env_CPP_value=
ac_cv_env_LDFLAGS_set=
ac_cv_env_LDFLAGS_value=
ac_cv_env_LIBS_set=
ac_cv_env_LIBS_value=
ac_cv_env_PACKAGE_DEP_CFLAGS_set=
ac_cv_env_PACKAGE_DEP_CFLAGS_value=
ac_cv_env_PACKAGE_DEP_LIBS_set=
ac_cv_env_PACKAGE_DEP_LIBS_value=
ac_cv_env_PKG_CONFIG_LIBDIR_set=
ac_cv_env_PKG_CONFIG_LIBDIR_value=
ac_cv_env_PKG_CONFIG_PATH_set=set
ac_cv_env_PKG_CONFIG_PATH_value=/Users/esjung/Downloads/globus_toolkit-6.0.1430141288/common/source:/Users/esjung/Downloads/globus_toolkit-6.0.1430141288/xio/src:/Users/esjung/Downloads/globus_toolkit-6.0.1430141288/gridftp/gfork/source:/Users/esjung/Downloads/globus_toolkit-6.0.1430141288/gsi/openssl_error/source:/Users/esjung/Downloads/globus_toolkit-6.0.1430141288/gsi/proxy/proxy_ssl/source:/Users/esjung/Downloads/globus_toolkit-6.0.1430141288/gsi/openssl_module/source:/Users/esjung/Downloads/globus_toolkit-6.0.1430141288/gsi/cert_utils/source:/Users/esjung/Downloads/globus_toolkit-6.0.1430141288/gsi/sysconfig/source:/Users/esjung/Downloads/globus_toolkit-6.0.1430141288/callout/source:/Users/esjung/Downloads/globus_toolkit-6.0.1430141288/gsi/callback/source:/Users/esjung/Downloads/globus_toolkit-6.0.1430141288/gsi/credential/source:/Users/esjung/Downloads/globus_toolkit-6.0.1430141288/gsi/proxy/proxy_core/source:/Users/esjung/Downloads/globus_toolkit-6.0.1430141288/gsi/gssapi/source:/Users/esjung/Downloads/globus_toolkit-6.0.1430141288/gsi/gss_assist/source:/Users/esjung/Downloads/globus_toolkit-6.0.1430141288/gsi/gssapi_error/source:/Users/esjung/Downloads/globus_toolkit-6.0.1430141288/xio/drivers/gsi:/Users/esjung/Downloads/globus_toolkit-6.0.1430141288/io/compat:/Users/esjung/Downloads/globus_toolkit-6.0.1430141288/gridftp/control/source:/Users/esjung/Downloads/globus_toolkit-6.0.1430141288/usage/c/sender/source:/Users/esjung/Downloads/globus_toolkit-6.0.1430141288/xio/drivers/pipe/source:/Users/esjung/Downloads/globus_toolkit-6.0.1430141288/gridftp/server-lib/src:/Users/esjung/Downloads/globus_toolkit-6.0.1430141288/gsi/authz/error:/Users/esjung/Downloads/globus_toolkit-6.0.1430141288/gsi/authz/source:/Users/esjung/Downloads/globus_toolkit-6.0.1430141288/xio/drivers/rate/source:/Users/esjung/Downloads/globus_toolkit-6.0.1430141288/xio/drivers/popen/source:/Users/esjung/Downloads/globus_toolkit-6.0.1430141288/xio/drivers/udt/source:/Users/esjung/Downloads/globus_toolkit-6.0.1430141288/gridftp/net_manager:/Users/esjung/Downloads/globus_toolkit-6.0.1430141288/gridftp/server/src:/Users/esjung/Downloads/globus_toolkit-6.0.1430141288/gram/protocol/source:/Users/esjung/Downloads/globus_toolkit-6.0.1430141288/gram/jobmanager/scheduler_event_generator/source:/Users/esjung/Downloads/globus_toolkit-6.0.1430141288/gram/jobmanager/lrms/lsf/source:/Users/esjung/Downloads/globus_toolkit-6.0.1430141288/gass/transfer/source:/Users/esjung/Downloads/globus_toolkit-6.0.1430141288/gridftp/client/source:/Users/esjung/Downloads/globus_toolkit-6.0.1430141288/gass/copy/source:/Users/esjung/Downloads/globus_toolkit-6.0.1430141288/gass/cache/source:/Users/esjung/Downloads/globus_toolkit-6.0.1430141288/gram/rsl/source:/Users/esjung/Downloads/globus_toolkit-6.0.1430141288/gram/jobmanager/callout_error:/Users/esjung/Downloads/globus_toolkit-6.0.1430141288/gridftp/server/multi/source:/Users/esjung/Downloads/globus_toolkit-6.0.1430141288/gsi/simple_ca/source:/Users/esjung/Downloads/globus_toolkit-6.0.1430141288/gram/jobmanager/lrms/sge/source:/Users/esjung/Downloads/globus_toolkit-6.0.1430141288/gram/jobmanager/scripts:/Users/esjung/Downloads/globus_toolkit-6.0.1430141288/gram/jobmanager/lrms/slurm/source:/Users/esjung/Downloads/globus_toolkit-6.0.1430141288/gsi/gridmap_callout/error:/Users/esjung/Downloads/globus_toolkit-6.0.1430141288/gsi/gridmap_callout/source:/Users/esjung/Downloads/globus_toolkit-6.0.1430141288/gass/server_ez/source:/Users/esjung/Downloads/globus_toolkit-6.0.1430141288/gridftp/gridftp_driver/source:/Users/esjung/Downloads/globus_toolkit-6.0.1430141288/gram/jobmanager/lrms/fork/source:/Users/esjung/Downloads/globus_toolkit-6.0.1430141288/gsi/gridmap_verify_myproxy_callout:/Users/esjung/Downloads/globus_toolkit-6.0.1430141288/gsi/gridmap_eppn_callout:/Users/esjung/Downloads/globus_toolkit-6.0.1430141288/gram/jobmanager/lrms/condor/source:/Users/esjung/Downloads/globus_toolkit-6.0.1430141288/gsi/proxy/proxy_utils/source:/Users/esjung/Downloads/globus_toolkit-6.0.1430141288/gram/client/source:/Users/esjung/Downloads/globus_toolkit-6.0.1430141288/xio/xioperf/source:/Users/esjung/Downloads/globus_toolkit-6.0.1430141288/gram/gatekeeper/source:/Users/esjung/Downloads/globus_toolkit-6.0.1430141288/gass/cache_program/source:/Users/esjung/Downloads/globus_toolkit-6.0.1430141288/gram/jobmanager/lrms/pbs/source:/Users/esjung/Downloads/globus_toolkit-6.0.1430141288/gram/jobmanager/auditing/source:/Users/esjung/Downloads/globus_toolkit-6.0.1430141288/myproxy/source:/Users/esjung/Downloads/globus_toolkit-6.0.1430141288/gsi_openssh/source:/Users/esjung/Downloads/globus_toolkit-6.0.1430141288/gram/client_tools/source:/Users/esjung/Downloads/globus_toolkit-6.0.1430141288/gram/jobmanager/source:/Users/esjung/Downloads/globus_toolkit-6.0.1430141288/gridftp/hdfs
ac_cv_env_PKG_CONFIG_set=
ac_cv_env_PKG_CONFIG_value=
ac_cv_env_build_alias_set=
ac_cv_env_build_alias_value=
ac_cv_env_host_alias_set=
ac_cv_env_host_alias_value=
ac_cv_env_target_alias_set=
ac_cv_env_target_alias_value=
ac_cv_header_dlfcn_h=yes
ac_cv_header_inttypes_h=yes
ac_cv_header_memory_h=yes
ac_cv_header_stdc=yes
ac_cv_header_stdint_h=yes
ac_cv_header_stdlib_h=yes
ac_cv_header_string_h=yes
ac_cv_header_strings_h=yes
ac_cv_header_sys_stat_h=yes
ac_cv_header_sys_types_h=yes
ac_cv_header_unistd_h=yes
ac_cv_host=x86_64-apple-darwin14.3.0
ac_cv_lib_dl_dlopen=yes
ac_cv_objext=o
ac_cv_path_EGREP='/opt/local/bin/grep -E'
ac_cv_path_FGREP='/opt/local/bin/grep -F'
ac_cv_path_GREP=/opt/local/bin/grep
ac_cv_path_SED=/opt/local/bin/gsed
ac_cv_path_ac_pt_PKG_CONFIG=/opt/local/bin/pkg-config
ac_cv_path_install='/usr/bin/install -c'
ac_cv_prog_AWK=gawk
ac_cv_prog_CPP='gcc -E'
ac_cv_prog_ac_ct_AR=ar
ac_cv_prog_ac_ct_CC=gcc
ac_cv_prog_ac_ct_DSYMUTIL=dsymutil
ac_cv_prog_ac_ct_LIPO=lipo
ac_cv_prog_ac_ct_NMEDIT=nmedit
ac_cv_prog_ac_ct_OTOOL=otool
ac_cv_prog_ac_ct_RANLIB=ranlib
ac_cv_prog_ac_ct_STRIP=strip
ac_cv_prog_cc_c89=
ac_cv_prog_cc_g=yes
ac_cv_prog_make_make_set=yes
am_cv_CC_dependencies_compiler_type=gcc3
am_cv_make_support_nested_variables=yes
am_cv_prog_cc_c_o=yes
am_cv_prog_tar_pax=gnutar
lt_cv_apple_cc_single_mod=yes
lt_cv_ar_at_file=no
lt_cv_deplibs_check_method=pass_all
lt_cv_dlopen=dlopen
lt_cv_dlopen_libs=-ldl
lt_cv_dlopen_self=yes
lt_cv_dlopen_self_static=yes
lt_cv_file_magic_cmd='$MAGIC_CMD'
lt_cv_file_magic_test_file=
lt_cv_ld_exported_symbols_list=yes
lt_cv_ld_force_load=yes
lt_cv_ld_reload_flag=-r
lt_cv_nm_interface='BSD nm'
lt_cv_objdir=.libs
lt_cv_path_LD=/Applications/Xcode.app/Contents/Developer/Toolchains/XcodeDefault.xctoolchain/usr/bin/ld
lt_cv_path_NM=/opt/local/bin/nm
lt_cv_path_mainfest_tool=no
lt_cv_prog_compiler_c_o=yes
lt_cv_prog_compiler_pic='-fno-common -DPIC'
lt_cv_prog_compiler_pic_works=yes
lt_cv_prog_compiler_rtti_exceptions=yes
lt_cv_prog_compiler_static_works=no
lt_cv_prog_gnu_ld=no
lt_cv_sharedlib_from_linklib_cmd='printf %s\n'
lt_cv_sys_global_symbol_pipe='sed -n -e '\''s/^.*[	 ]\([BCDEGRST][BCDEGRST]*\)[	 ][	 ]*_\([_A-Za-z][_A-Za-z0-9]*\)$/\1 _\2 \2/p'\'' | sed '\''/ __gnu_lto/d'\'''
lt_cv_sys_global_symbol_to_c_name_address='sed -n -e '\''s/^: \([^ ]*\)[ ]*$/  {\"\1\", (void *) 0},/p'\'' -e '\''s/^[BCDEGRST]* \([^ ]*\) \([^ ]*\)$/  {"\2", (void *) \&\2},/p'\'''
lt_cv_sys_global_symbol_to_c_name_address_lib_prefix='sed -n -e '\''s/^: \([^ ]*\)[ ]*$/  {\"\1\", (void *) 0},/p'\'' -e '\''s/^[BCDEGRST]* \([^ ]*\) \(lib[^ ]*\)$/  {"\2", (void *) \&\2},/p'\'' -e '\''s/^[BCDEGRST]* \([^ ]*\) \([^ ]*\)$/  {"lib\2", (void *) \&\2},/p'\'''
lt_cv_sys_global_symbol_to_cdecl='sed -n -e '\''s/^T .* \(.*\)$/extern int \1();/p'\'' -e '\''s/^[BCDEGRST]* .* \(.*\)$/extern char \1;/p'\'''
lt_cv_sys_max_cmd_len=196608
lt_cv_to_host_file_cmd=func_convert_file_noop
lt_cv_to_tool_file_cmd=func_convert_file_noop
pkg_cv_PACKAGE_DEP_CFLAGS='-g -O2 -pthread -I/Users/esjung/Downloads/globus_toolkit-6.0.1430141288/./libltdl -I/Users/esjung/Downloads/globus_toolkit-6.0.1430141288/common/source -I/Users/esjung/Downloads/globus_toolkit-6.0.1430141288/common/source/library -I/Users/esjung/Downloads/globus_toolkit-6.0.1430141288/xio/src -I/Users/esjung/Downloads/globus_toolkit-6.0.1430141288/xio/src/builtins/file -I/Users/esjung/Downloads/globus_toolkit-6.0.1430141288/xio/src/builtins/http -I/Users/esjung/Downloads/globus_toolkit-6.0.1430141288/xio/src/builtins/mode_e -I/Users/esjung/Downloads/globus_toolkit-6.0.1430141288/xio/src/builtins/ordering -I/Users/esjung/Downloads/globus_toolkit-6.0.1430141288/xio/src/builtins/queue -I/Users/esjung/Downloads/globus_toolkit-6.0.1430141288/xio/src/builtins/tcp -I/Users/esjung/Downloads/globus_toolkit-6.0.1430141288/xio/src/builtins/telnet -I/Users/esjung/Downloads/globus_toolkit-6.0.1430141288/xio/src/builtins/udp -I/Users/esjung/Downloads/globus_toolkit-6.0.1430141288/gsi/openssl_error/source -I/Users/esjung/Downloads/globus_toolkit-6.0.1430141288/gsi/openssl_error/source/library -I/Users/esjung/Downloads/globus_toolkit-6.0.1430141288/gsi/proxy/proxy_ssl/source -I/Users/esjung/Downloads/globus_toolkit-6.0.1430141288/gsi/proxy/proxy_ssl/source/library -I/Users/esjung/Downloads/globus_toolkit-6.0.1430141288/gsi/openssl_module/source/library -I/Users/esjung/Downloads/globus_toolkit-6.0.1430141288/gsi/cert_utils/source/library -I/Users/esjung/Downloads/globus_toolkit-6.0.1430141288/gsi/sysconfig/source/library -I/Users/esjung/Downloads/globus_toolkit-6.0.1430141288/callout/source/library -I/Users/esjung/Downloads/globus_toolkit-6.0.1430141288/gsi/callback/source/library -I/Users/esjung/Downloads/globus_toolkit-6.0.1430141288/gsi/credential/source/library -I/Users/esjung/Downloads/globus_toolkit-6.0.1430141288/gsi/proxy/proxy_core/source/library -I/Users/esjung/Downloads/globus_toolkit-6.0.1430141288/gsi/gssapi/source/library -I/Users/esjung/Downloads/globus_toolkit-6.0.1430141288/gsi/gss_assist/source -I/Users/esjung/Downloads/globus_toolkit-6.0.1430141288/gsi/gssapi_error/source/library -I/Users/esjung/Downloads/globus_toolkit-6.0.1430141288/xio/drivers/gsi -I/Users/esjung/Downloads/globus_toolkit-6.0.1430141288/io/compat -I/Users/esjung/Downloads/globus_toolkit-6.0.1430141288/gram/protocol/source -I/Users/esjung/Downloads/globus_toolkit-6.0.1430141288/gram/rsl/source -I/opt/local/include '
pkg_cv_PACKAGE_DEP_LIBS='/Users/esjung/Downloads/globus_toolkit-6.0.1430141288/common/source/library/libglobus_common.la /Users/esjung/Downloads/globus_toolkit-6.0.1430141288/gram/protocol/source/libglobus_gram_protocol.la /Users/esjung/Downloads/globus_toolkit-6.0.1430141288/io/compat/libglobus_io.la /Users/esjung/Downloads/globus_toolkit-6.0.1430141288/gram/rsl/source/libglobus_rsl_assist.la /Users/esjung/Downloads/globus_toolkit-6.0.1430141288/gram/rsl/source/libglobus_rsl.la /Users/esjung/Downloads/globus_toolkit-6.0.1430141288/gsi/gss_assist/source/libglobus_gss_assist.la '

## ----------------- ##
## Output variables. ##
## ----------------- ##

ACLOCAL='${SHELL} /Users/esjung/Downloads/globus_toolkit-6.0.1430141288/gram/client/source/build-aux/missing aclocal-1.14'
AGE_VERSION='10'
AMDEPBACKSLASH='\'
AMDEP_FALSE='#'
AMDEP_TRUE=''
AMTAR='$${TAR-tar}'
AM_BACKSLASH='\'
AM_DEFAULT_V='$(AM_DEFAULT_VERBOSITY)'
AM_DEFAULT_VERBOSITY='1'
AM_V='$(V)'
AR='ar'
AS='as'
AUTOCONF='${SHELL} /Users/esjung/Downloads/globus_toolkit-6.0.1430141288/gram/client/source/build-aux/missing autoconf'
AUTOHEADER='${SHELL} /Users/esjung/Downloads/globus_toolkit-6.0.1430141288/gram/client/source/build-aux/missing autoheader'
AUTOMAKE='${SHELL} /Users/esjung/Downloads/globus_toolkit-6.0.1430141288/gram/client/source/build-aux/missing automake-1.14'
AWK='gawk'
CC='gcc'
CCDEPMODE='depmode=gcc3'
CERT_UTILS_PATH='/Users/esjung/Downloads/globus_toolkit-6.0.1430141288/gsi/cert_utils/source/programs'
CFLAGS='-g -O2'
CPP='gcc -E'
CPPFLAGS=''
CYGPATH_W='echo'
DEFS='-DPACKAGE_NAME=\"globus_gram_client\" -DPACKAGE_TARNAME=\"globus_gram_client\" -DPACKAGE_VERSION=\"13.12\" -DPACKAGE_STRING=\"globus_gram_client\ 13.12\" -DPACKAGE_BUGREPORT=\"https://globus.atlassian.net/\" -DPACKAGE_URL=\"\" -DPACKAGE=\"globus_gram_client\" -DVERSION=\"13.12\" -DSTDC_HEADERS=1 -DHAVE_SYS_TYPES_H=1 -DHAVE_SYS_STAT_H=1 -DHAVE_STDLIB_H=1 -DHAVE_STRING_H=1 -DHAVE_MEMORY_H=1 -DHAVE_STRINGS_H=1 -DHAVE_INTTYPES_H=1 -DHAVE_STDINT_H=1 -DHAVE_UNISTD_H=1 -DHAVE_DLFCN_H=1 -DLT_OBJDIR=\".libs/\"'
DEPDIR='.deps'
DIRT_BRANCH_ID='85'
DIRT_TIMESTAMP='1430141288'
DLLTOOL='false'
DOXYGEN=''
DSYMUTIL='dsymutil'
DUMPBIN=''
ECHO_C='\c'
ECHO_N=''
ECHO_T=''
EGREP='/opt/local/bin/grep -E'
ENABLE_DOXYGEN_FALSE=''
ENABLE_DOXYGEN_TRUE='#'
EXEEXT=''
FGREP='/opt/local/bin/grep -F'
GLOBUS_GRAM_JOB_MANAGER_PATH=''
GLOBUS_XIO_GSI_DLOPEN='-dlopen /Users/esjung/Downloads/globus_toolkit-6.0.1430141288/xio/drivers/gsi/libglobus_xio_gsi_driver.la'
GREP='/opt/local/bin/grep'
INSTALL_DATA='${INSTALL} -m 644'
INSTALL_PROGRAM='${INSTALL}'
INSTALL_SCRIPT='${INSTALL}'
INSTALL_STRIP_PROGRAM='$(install_sh) -c -s'
LD='/Applications/Xcode.app/Contents/Developer/Toolchains/XcodeDefault.xctoolchain/usr/bin/ld'
LDFLAGS=''
LIBOBJS=''
LIBS=''
LIBTOOL='$(SHELL) $(top_builddir)/libtool'
LIPO='lipo'
LN_S='ln -s'
LTLIBOBJS=''
MAJOR_VERSION='13'
MAKEINFO='${SHELL} /Users/esjung/Downloads/globus_toolkit-6.0.1430141288/gram/client/source/build-aux/missing makeinfo'
MANIFEST_TOOL=':'
MINOR_VERSION='12'
MKDIR_P='build-aux/install-sh -c -d'
NM='/opt/local/bin/nm'
NMEDIT='nmedit'
OBJDUMP='false'
OBJEXT='o'
OTOOL64=':'
OTOOL='otool'
PACKAGE='globus_gram_client'
PACKAGE_BUGREPORT='https://globus.atlassian.net/'
PACKAGE_DEPS='globus-common >= 14, globus-gram-protocol >= 11, globus-io >= 9, globus-rsl >= 9, globus-gss-assist >= 8'
PACKAGE_DEP_CFLAGS='-g -O2 -pthread -I/Users/esjung/Downloads/globus_toolkit-6.0.1430141288/./libltdl -I/Users/esjung/Downloads/globus_toolkit-6.0.1430141288/common/source -I/Users/esjung/Downloads/globus_toolkit-6.0.1430141288/common/source/library -I/Users/esjung/Downloads/globus_toolkit-6.0.1430141288/xio/src -I/Users/esjung/Downloads/globus_toolkit-6.0.1430141288/xio/src/builtins/file -I/Users/esjung/Downloads/globus_toolkit-6.0.1430141288/xio/src/builtins/http -I/Users/esjung/Downloads/globus_toolkit-6.0.1430141288/xio/src/builtins/mode_e -I/Users/esjung/Downloads/globus_toolkit-6.0.1430141288/xio/src/builtins/ordering -I/Users/esjung/Downloads/globus_toolkit-6.0.1430141288/xio/src/builtins/queue -I/Users/esjung/Downloads/globus_toolkit-6.0.1430141288/xio/src/builtins/tcp -I/Users/esjung/Downloads/globus_toolkit-6.0.1430141288/xio/src/builtins/telnet -I/Users/esjung/Downloads/globus_toolkit-6.0.1430141288/xio/src/builtins/udp -I/Users/esjung/Downloads/globus_toolkit-6.0.1430141288/gsi/openssl_error/source -I/Users/esjung/Downloads/globus_toolkit-6.0.1430141288/gsi/openssl_error/source/library -I/Users/esjung/Downloads/globus_toolkit-6.0.1430141288/gsi/proxy/proxy_ssl/source -I/Users/esjung/Downloads/globus_toolkit-6.0.1430141288/gsi/proxy/proxy_ssl/source/library -I/Users/esjung/Downloads/globus_toolkit-6.0.1430141288/gsi/openssl_module/source/library -I/Users/esjung/Downloads/globus_toolkit-6.0.1430141288/gsi/cert_utils/source/library -I/Users/esjung/Downloads/globus_toolkit-6.0.1430141288/gsi/sysconfig/source/library -I/Users/esjung/Downloads/globus_toolkit-6.0.1430141288/callout/source/library -I/Users/esjung/Downloads/globus_toolkit-6.0.1430141288/gsi/callback/source/library -I/Users/esjung/Downloads/globus_toolkit-6.0.1430141288/gsi/credential/source/library -I/Users/esjung/Downloads/globus_toolkit-6.0.1430141288/gsi/proxy/proxy_core/source/library -I/Users/esjung/Downloads/globus_toolkit-6.0.1430141288/gsi/gssapi/source/library -I/Users/esjung/Downloads/globus_toolkit-6.0.1430141288/gsi/gss_assist/source -I/Users/esjung/Downloads/globus_toolkit-6.0.1430141288/gsi/gssapi_error/source/library -I/Users/esjung/Downloads/globus_toolkit-6.0.1430141288/xio/drivers/gsi -I/Users/esjung/Downloads/globus_toolkit-6.0.1430141288/io/compat -I/Users/esjung/Downloads/globus_toolkit-6.0.1430141288/gram/protocol/source -I/Users/esjung/Downloads/globus_toolkit-6.0.1430141288/gram/rsl/source -I/opt/local/include '
PACKAGE_DEP_LIBS='/Users/esjung/Downloads/globus_toolkit-6.0.1430141288/common/source/library/libglobus_common.la /Users/esjung/Downloads/globus_toolkit-6.0.1430141288/gram/protocol/source/libglobus_gram_protocol.la /Users/esjung/Downloads/globus_toolkit-6.0.1430141288/io/compat/libglobus_io.la /Users/esjung/Downloads/globus_toolkit-6.0.1430141288/gram/rsl/source/libglobus_rsl_assist.la /Users/esjung/Downloads/globus_toolkit-6.0.1430141288/gram/rsl/source/libglobus_rsl.la /Users/esjung/Downloads/globus_toolkit-6.0.1430141288/gsi/gss_assist/source/libglobus_gss_assist.la '
PACKAGE_NAME='globus_gram_client'
PACKAGE_STRING='globus_gram_client 13.12'
PACKAGE_TARNAME='globus_gram_client'
PACKAGE_URL=''
PACKAGE_VERSION='13.12'
PATH_SEPARATOR=':'
PKG_CONFIG='/opt/local/bin/pkg-config'
PKG_CONFIG_LIBDIR=''
PKG_CONFIG_PATH='/Users/esjung/Downloads/globus_toolkit-6.0.1430141288/common/source:/Users/esjung/Downloads/globus_toolkit-6.0.1430141288/xio/src:/Users/esjung/Downloads/globus_toolkit-6.0.1430141288/gridftp/gfork/source:/Users/esjung/Downloads/globus_toolkit-6.0.1430141288/gsi/openssl_error/source:/Users/esjung/Downloads/globus_toolkit-6.0.1430141288/gsi/proxy/proxy_ssl/source:/Users/esjung/Downloads/globus_toolkit-6.0.1430141288/gsi/openssl_module/source:/Users/esjung/Downloads/globus_toolkit-6.0.1430141288/gsi/cert_utils/source:/Users/esjung/Downloads/globus_toolkit-6.0.1430141288/gsi/sysconfig/source:/Users/esjung/Downloads/globus_toolkit-6.0.1430141288/callout/source:/Users/esjung/Downloads/globus_toolkit-6.0.1430141288/gsi/callback/source:/Users/esjung/Downloads/globus_toolkit-6.0.1430141288/gsi/credential/source:/Users/esjung/Downloads/globus_toolkit-6.0.1430141288/gsi/proxy/proxy_core/source:/Users/esjung/Downloads/globus_toolkit-6.0.1430141288/gsi/gssapi/source:/Users/esjung/Downloads/globus_toolkit-6.0.1430141288/gsi/gss_assist/source:/Users/esjung/Downloads/globus_toolkit-6.0.1430141288/gsi/gssapi_error/source:/Users/esjung/Downloads/globus_toolkit-6.0.1430141288/xio/drivers/gsi:/Users/esjung/Downloads/globus_toolkit-6.0.1430141288/io/compat:/Users/esjung/Downloads/globus_toolkit-6.0.1430141288/gridftp/control/source:/Users/esjung/Downloads/globus_toolkit-6.0.1430141288/usage/c/sender/source:/Users/esjung/Downloads/globus_toolkit-6.0.1430141288/xio/drivers/pipe/source:/Users/esjung/Downloads/globus_toolkit-6.0.1430141288/gridftp/server-lib/src:/Users/esjung/Downloads/globus_toolkit-6.0.1430141288/gsi/authz/error:/Users/esjung/Downloads/globus_toolkit-6.0.1430141288/gsi/authz/source:/Users/esjung/Downloads/globus_toolkit-6.0.1430141288/xio/drivers/rate/source:/Users/esjung/Downloads/globus_toolkit-6.0.1430141288/xio/drivers/popen/source:/Users/esjung/Downloads/globus_toolkit-6.0.1430141288/xio/drivers/udt/source:/Users/esjung/Downloads/globus_toolkit-6.0.1430141288/gridftp/net_manager:/Users/esjung/Downloads/globus_toolkit-6.0.1430141288/gridftp/server/src:/Users/esjung/Downloads/globus_toolkit-6.0.1430141288/gram/protocol/source:/Users/esjung/Downloads/globus_toolkit-6.0.1430141288/gram/jobmanager/scheduler_event_generator/source:/Users/esjung/Downloads/globus_toolkit-6.0.1430141288/gram/jobmanager/lrms/lsf/source:/Users/esjung/Downloads/globus_toolkit-6.0.1430141288/gass/transfer/source:/Users/esjung/Downloads/globus_toolkit-6.0.1430141288/gridftp/client/source:/Users/esjung/Downloads/globus_toolkit-6.0.1430141288/gass/copy/source:/Users/esjung/Downloads/globus_toolkit-6.0.1430141288/gass/cache/source:/Users/esjung/Downloads/globus_toolkit-6.0.1430141288/gram/rsl/source:/Users/esjung/Downloads/globus_toolkit-6.0.1430141288/gram/jobmanager/callout_error:/Users/esjung/Downloads/globus_toolkit-6.0.1430141288/gridftp/server/multi/source:/Users/esjung/Downloads/globus_toolkit-6.0.1430141288/gsi/simple_ca/source:/Users/esjung/Downloads/globus_toolkit-6.0.1430141288/gram/jobmanager/lrms/sge/source:/Users/esjung/Downloads/globus_toolkit-6.0.1430141288/gram/jobmanager/scripts:/Users/esjung/Downloads/globus_toolkit-6.0.1430141288/gram/jobmanager/lrms/slurm/source:/Users/esjung/Downloads/globus_toolkit-6.0.1430141288/gsi/gridmap_callout/error:/Users/esjung/Downloads/globus_toolkit-6.0.1430141288/gsi/gridmap_callout/source:/Users/esjung/Downloads/globus_toolkit-6.0.1430141288/gass/server_ez/source:/Users/esjung/Downloads/globus_toolkit-6.0.1430141288/gridftp/gridftp_driver/source:/Users/esjung/Downloads/globus_toolkit-6.0.1430141288/gram/jobmanager/lrms/fork/source:/Users/esjung/Downloads/globus_toolkit-6.0.1430141288/gsi/gridmap_verify_myproxy_callout:/Users/esjung/Downloads/globus_toolkit-6.0.1430141288/gsi/gridmap_eppn_callout:/Users/esjung/Downloads/globus_toolkit-6.0.1430141288/gram/jobmanager/lrms/condor/source:/Users/esjung/Downloads/globus_toolkit-6.0.1430141288/gsi/proxy/proxy_utils/source:/Users/esjung/Downloads/globus_toolkit-6.0.1430141288/gram/client/source:/Users/esjung/Downloads/globus_toolkit-6.0.1430141288/xio/xioperf/source:/Users/esjung/Downloads/globus_toolkit-6.0.1430141288/gram/gatekeeper/source:/Users/esjung/Downloads/globus_toolkit-6.0.1430141288/gass/cache_program/source:/Users/esjung/Downloads/globus_toolkit-6.0.1430141288/gram/jobmanager/lrms/pbs/source:/Users/esjung/Downloads/globus_toolkit-6.0.1430141288/gram/jobmanager/auditing/source:/Users/esjung/Downloads/globus_toolkit-6.0.1430141288/myproxy/source:/Users/esjung/Downloads/globus_toolkit-6.0.1430141288/gsi_openssh/source:/Users/esjung/Downloads/globus_toolkit-6.0.1430141288/gram/client_tools/source:/Users/esjung/Downloads/globus_toolkit-6.0.1430141288/gram/jobmanager/source:/Users/esjung/Downloads/globus_toolkit-6.0.1430141288/gridftp/hdfs'
PRELOAD_FORCE=''
PROXY_UTILS_PATH='/Users/esjung/Downloads/globus_toolkit-6.0.1430141288/gsi/proxy/proxy_utils/source/programs'
RANLIB='ranlib'
SED='/opt/local/bin/gsed'
SET_MAKE=''
SHELL='/bin/sh'
STRIP='strip'
USE_CYGPATH_W_FALSE=''
USE_CYGPATH_W_TRUE='#'
VERSION='13.12'
ac_ct_AR='ar'
ac_ct_CC='gcc'
ac_ct_DUMPBIN=''
am__EXEEXT_FALSE=''
am__EXEEXT_TRUE='#'
am__fastdepCC_FALSE='#'
am__fastdepCC_TRUE=''
am__include='include'
am__isrc=''
am__leading_dot='.'
am__nodep='_no'
am__quote=''
am__tar='tar --format=posix -chf - "$$tardir"'
am__untar='tar -xf -'
bindir='${exec_prefix}/bin'
build='x86_64-apple-darwin14.3.0'
build_alias=''
build_cpu='x86_64'
build_os='darwin14.3.0'
build_vendor='apple'
datadir='${datarootdir}'
datarootdir='${prefix}/share'
docdir='${datarootdir}/doc/${PACKAGE_TARNAME}'
dvidir='${docdir}'
exec_prefix='${prefix}'
host='x86_64-apple-darwin14.3.0'
host_alias=''
host_cpu='x86_64'
host_os='darwin14.3.0'
host_vendor='apple'
htmldir='${docdir}'
includedir='${prefix}/include'
infodir='${datarootdir}/info'
install_sh='${SHELL} /Users/esjung/Downloads/globus_toolkit-6.0.1430141288/gram/client/source/build-aux/install-sh'
libdir='${exec_prefix}/lib'
libexecdir='${exec_prefix}/libexec'
localedir='${datarootdir}/locale'
localstatedir='${prefix}/var'
mandir='${datarootdir}/man'
mkdir_p='$(MKDIR_P)'
oldincludedir='/usr/include'
pdfdir='${docdir}'
perlmoduledir='${libdir}/perl'
prefix='/usr/local/globus-6'
program_transform_name='s,x,x,'
psdir='${docdir}'
sbindir='${exec_prefix}/sbin'
sharedstatedir='${prefix}/com'
sysconfdir='${prefix}/etc'
target_alias=''

## ----------- ##
## confdefs.h. ##
## ----------- ##

/* confdefs.h */
#define PACKAGE_NAME "globus_gram_client"
#define PACKAGE_TARNAME "globus_gram_client"
#define PACKAGE_VERSION "13.12"
#define PACKAGE_STRING "globus_gram_client 13.12"
#define PACKAGE_BUGREPORT "https://globus.atlassian.net/"
#define PACKAGE_URL ""
#define PACKAGE "globus_gram_client"
#define VERSION "13.12"
#define STDC_HEADERS 1
#define HAVE_SYS_TYPES_H 1
#define HAVE_SYS_STAT_H 1
#define HAVE_STDLIB_H 1
#define HAVE_STRING_H 1
#define HAVE_MEMORY_H 1
#define HAVE_STRINGS_H 1
#define HAVE_INTTYPES_H 1
#define HAVE_STDINT_H 1
#define HAVE_UNISTD_H 1
#define HAVE_DLFCN_H 1
#define LT_OBJDIR ".libs/"

configure: exit 0
