This file contains any messages produced by compilers while
running configure, to aid debugging if configure makes a mistake.

It was created by globus_gram_job_manager_slurm configure 2.5, which was
generated by GNU Autoconf 2.69.  Invocation command line was

  $ ./configure --disable-option-checking --prefix=/usr/local/globus-6 --enable-ltdl-install --cache-file=/dev/null --srcdir=.

## --------- ##
## Platform. ##
## --------- ##

hostname = mcswl096.mcs.anl.gov
uname -m = x86_64
uname -r = 14.3.0
uname -s = Darwin
uname -v = Darwin Kernel Version 14.3.0: Mon Mar 23 11:59:05 PDT 2015; root:xnu-2782.20.48~5/RELEASE_X86_64

/usr/bin/uname -p = i386
/bin/uname -X     = unknown

/bin/arch              = unknown
/usr/bin/arch -k       = unknown
/usr/convex/getsysinfo = unknown
/usr/bin/hostinfo      = Mach kernel version:
	 Darwin Kernel Version 14.3.0: Mon Mar 23 11:59:05 PDT 2015; root:xnu-2782.20.48~5/RELEASE_X86_64
Kernel configured for up to 4 processors.
2 processors are physically available.
4 processors are logically available.
Processor type: i486 (Intel 80486)
Processors active: 0 1 2 3
Primary memory available: 4.00 gigabytes
Default processor set: 218 tasks, 1034 threads, 4 processors
Load average: 2.71, Mach factor: 1.37
/bin/machine           = unknown
/usr/bin/oslevel       = unknown
/bin/universe          = unknown

PATH: /opt/local/bin
PATH: /opt/local/sbin
PATH: /Library/Frameworks/Python.framework/Versions/3.4/bin
PATH: /opt/local/bin
PATH: /opt/local/sbin
PATH: /usr/local/bin
PATH: /usr/bin
PATH: /bin
PATH: /usr/sbin
PATH: /sbin
PATH: /opt/X11/bin
PATH: /Library/Globus/bin
PATH: /Library/Globus/sbin
PATH: /usr/texbin


## ----------- ##
## Core tests. ##
## ----------- ##

configure:1804: checking for a BSD-compatible install
configure:1872: result: /usr/bin/install -c
configure:1883: checking whether build environment is sane
configure:1938: result: yes
configure:2089: checking for a thread-safe mkdir -p
configure:2128: result: build-aux/install-sh -c -d
configure:2135: checking for gawk
configure:2151: found /opt/local/bin/gawk
configure:2162: result: gawk
configure:2173: checking whether make sets $(MAKE)
configure:2195: result: yes
configure:2224: checking whether make supports nested variables
configure:2241: result: yes
configure:2320: checking how to create a pax tar archive
configure:2331: tar --version
bsdtar 2.8.3 - libarchive 2.8.3
configure:2334: $? = 0
configure:2374: tardir=conftest.dir && eval tar --format=posix -chf - "$tardir" >conftest.tar
configure:2377: $? = 0
configure:2381: tar -xf - <conftest.tar
configure:2384: $? = 0
configure:2386: cat conftest.dir/file
GrepMe
configure:2389: $? = 0
configure:2402: result: gnutar
configure:2535: checking for ibrun
configure:2568: result: no
configure:2578: WARNING: Cannot locate ibrun
configure:2586: checking for srun
configure:2619: result: no
configure:2629: WARNING: Cannot locate srun
configure:2637: checking for sbatch
configure:2670: result: no
configure:2680: WARNING: Cannot locate sbatch
configure:2688: checking for salloc
configure:2721: result: no
configure:2731: WARNING: Cannot locate salloc
configure:2739: checking for scancel
configure:2772: result: no
configure:2782: WARNING: Cannot locate scancel
configure:2790: checking for scontrol
configure:2823: result: no
configure:2833: WARNING: Cannot locate scontrol
configure:2854: checking for mpirun
configure:2887: result: no
configure:2897: WARNING: Cannot locate mpirun
configure:2915: WARNING: Some SLURM commands were not found.
configure:2923: WARNING: No MPI found
configure:3131: checking that generated files are newer than configure
configure:3137: result: done
configure:3145: creating ./config.status

## ---------------------- ##
## Running config.status. ##
## ---------------------- ##

This file was extended by globus_gram_job_manager_slurm config.status 2.5, which was
generated by GNU Autoconf 2.69.  Invocation command line was

  CONFIG_FILES    = 
  CONFIG_HEADERS  = 
  CONFIG_LINKS    = 
  CONFIG_COMMANDS = 
  $ ./config.status 

on mcswl096.mcs.anl.gov

config.status:793: creating globus-gram-job-manager-slurm-uninstalled.pc
config.status:793: creating globus-gram-job-manager-slurm.pc
config.status:793: creating Makefile
config.status:793: creating jobmanager-slurm
config.status:793: creating globus-slurm.conf
config.status:793: creating slurm.rvf

## ---------------- ##
## Cache variables. ##
## ---------------- ##

ac_cv_env_build_alias_set=
ac_cv_env_build_alias_value=
ac_cv_env_host_alias_set=
ac_cv_env_host_alias_value=
ac_cv_env_target_alias_set=
ac_cv_env_target_alias_value=
ac_cv_path_install='/usr/bin/install -c'
ac_cv_prog_AWK=gawk
ac_cv_prog_make_make_set=yes
am_cv_make_support_nested_variables=yes
am_cv_prog_tar_pax=gnutar

## ----------------- ##
## Output variables. ##
## ----------------- ##

ACLOCAL='${SHELL} /Users/esjung/Downloads/globus_toolkit-6.0.1430141288/gram/jobmanager/lrms/slurm/source/build-aux/missing aclocal-1.14'
AGE_VERSION='1'
AMTAR='$${TAR-tar}'
AM_BACKSLASH='\'
AM_DEFAULT_V='$(AM_DEFAULT_VERBOSITY)'
AM_DEFAULT_VERBOSITY='1'
AM_V='$(V)'
AUTOCONF='${SHELL} /Users/esjung/Downloads/globus_toolkit-6.0.1430141288/gram/jobmanager/lrms/slurm/source/build-aux/missing autoconf'
AUTOHEADER='${SHELL} /Users/esjung/Downloads/globus_toolkit-6.0.1430141288/gram/jobmanager/lrms/slurm/source/build-aux/missing autoheader'
AUTOMAKE='${SHELL} /Users/esjung/Downloads/globus_toolkit-6.0.1430141288/gram/jobmanager/lrms/slurm/source/build-aux/missing automake-1.14'
AWK='gawk'
CYGPATH_W='echo'
DEFAULT_MPI_TYPE=''
DEFS='-DPACKAGE_NAME=\"globus_gram_job_manager_slurm\" -DPACKAGE_TARNAME=\"globus_gram_job_manager_slurm\" -DPACKAGE_VERSION=\"2.5\" -DPACKAGE_STRING=\"globus_gram_job_manager_slurm\ 2.5\" -DPACKAGE_BUGREPORT=\"https://globus.atlassian.net/\" -DPACKAGE_URL=\"\" -DPACKAGE=\"globus_gram_job_manager_slurm\" -DVERSION=\"2.5\"'
DIRT_BRANCH_ID='85'
DIRT_TIMESTAMP='1430141288'
ECHO_C='\c'
ECHO_N=''
ECHO_T=''
IBRUN='no'
INSTALL_DATA='${INSTALL} -m 644'
INSTALL_PROGRAM='${INSTALL}'
INSTALL_SCRIPT='${INSTALL}'
INSTALL_STRIP_PROGRAM='$(install_sh) -c -s'
LIBOBJS=''
LIBS=''
LTLIBOBJS=''
MAJOR_VERSION='2'
MAKEINFO='${SHELL} /Users/esjung/Downloads/globus_toolkit-6.0.1430141288/gram/jobmanager/lrms/slurm/source/build-aux/missing makeinfo'
MINOR_VERSION='5'
MKDIR_P='build-aux/install-sh -c -d'
MPICH2_PATH=''
MPIRUN='no'
MPI_TYPES=''
OPENMPI_PATH=''
PACKAGE='globus_gram_job_manager_slurm'
PACKAGE_BUGREPORT='https://globus.atlassian.net/'
PACKAGE_DEPS=''
PACKAGE_NAME='globus_gram_job_manager_slurm'
PACKAGE_STRING='globus_gram_job_manager_slurm 2.5'
PACKAGE_TARNAME='globus_gram_job_manager_slurm'
PACKAGE_URL=''
PACKAGE_VERSION='2.5'
PATH_SEPARATOR=':'
SALLOC='no'
SBATCH='no'
SCANCEL='no'
SCONTROL='no'
SET_MAKE=''
SHELL='/bin/sh'
SLURM_PATH='no'
SRUN='no'
STRIP=''
VERSION='2.5'
am__isrc=''
am__leading_dot='.'
am__tar='tar --format=posix -chf - "$$tardir"'
am__untar='tar -xf -'
bindir='${exec_prefix}/bin'
build_alias=''
datadir='${datarootdir}'
datarootdir='${prefix}/share'
docdir='${datarootdir}/doc/${PACKAGE_TARNAME}'
dvidir='${docdir}'
exec_prefix='${prefix}'
host_alias=''
htmldir='${docdir}'
includedir='${prefix}/include'
infodir='${datarootdir}/info'
install_sh='${SHELL} /Users/esjung/Downloads/globus_toolkit-6.0.1430141288/gram/jobmanager/lrms/slurm/source/build-aux/install-sh'
libdir='${exec_prefix}/lib'
libexecdir='${exec_prefix}/libexec'
localedir='${datarootdir}/locale'
localstatedir='${prefix}/var'
mandir='${datarootdir}/man'
mkdir_p='$(MKDIR_P)'
oldincludedir='/usr/include'
pdfdir='${docdir}'
perlmoduledir='${libdir}/perl'
prefix='/usr/local/globus-6'
program_transform_name='s,x,x,'
psdir='${docdir}'
sbindir='${exec_prefix}/sbin'
sharedstatedir='${prefix}/com'
sysconfdir='${prefix}/etc'
target_alias=''

## ------------------- ##
## File substitutions. ##
## ------------------- ##

mpi_type_rvf='mpi_type.rvf'

## ----------- ##
## confdefs.h. ##
## ----------- ##

/* confdefs.h */
#define PACKAGE_NAME "globus_gram_job_manager_slurm"
#define PACKAGE_TARNAME "globus_gram_job_manager_slurm"
#define PACKAGE_VERSION "2.5"
#define PACKAGE_STRING "globus_gram_job_manager_slurm 2.5"
#define PACKAGE_BUGREPORT "https://globus.atlassian.net/"
#define PACKAGE_URL ""
#define PACKAGE "globus_gram_job_manager_slurm"
#define VERSION "2.5"

configure: exit 0
