This file contains any messages produced by compilers while
running configure, to aid debugging if configure makes a mistake.

It was created by globus_scheduler_event_generator configure 5.11, which was
generated by GNU Autoconf 2.69.  Invocation command line was

  $ ./configure --disable-option-checking --prefix=/usr/local/globus-6 --enable-ltdl-install --cache-file=/dev/null --srcdir=.

## --------- ##
## Platform. ##
## --------- ##

hostname = mcswl096.mcs.anl.gov
uname -m = x86_64
uname -r = 14.3.0
uname -s = Darwin
uname -v = Darwin Kernel Version 14.3.0: Mon Mar 23 11:59:05 PDT 2015; root:xnu-2782.20.48~5/RELEASE_X86_64

/usr/bin/uname -p = i386
/bin/uname -X     = unknown

/bin/arch              = unknown
/usr/bin/arch -k       = unknown
/usr/convex/getsysinfo = unknown
/usr/bin/hostinfo      = Mach kernel version:
	 Darwin Kernel Version 14.3.0: Mon Mar 23 11:59:05 PDT 2015; root:xnu-2782.20.48~5/RELEASE_X86_64
Kernel configured for up to 4 processors.
2 processors are physically available.
4 processors are logically available.
Processor type: i486 (Intel 80486)
Processors active: 0 1 2 3
Primary memory available: 4.00 gigabytes
Default processor set: 220 tasks, 1063 threads, 4 processors
Load average: 3.52, Mach factor: 0.72
/bin/machine           = unknown
/usr/bin/oslevel       = unknown
/bin/universe          = unknown

PATH: /opt/local/bin
PATH: /opt/local/sbin
PATH: /Library/Frameworks/Python.framework/Versions/3.4/bin
PATH: /opt/local/bin
PATH: /opt/local/sbin
PATH: /usr/local/bin
PATH: /usr/bin
PATH: /bin
PATH: /usr/sbin
PATH: /sbin
PATH: /opt/X11/bin
PATH: /Library/Globus/bin
PATH: /Library/Globus/sbin
PATH: /usr/texbin


## ----------- ##
## Core tests. ##
## ----------- ##

configure:2228: checking for a BSD-compatible install
configure:2296: result: /usr/bin/install -c
configure:2307: checking whether build environment is sane
configure:2362: result: yes
configure:2513: checking for a thread-safe mkdir -p
configure:2552: result: build-aux/install-sh -c -d
configure:2559: checking for gawk
configure:2575: found /opt/local/bin/gawk
configure:2586: result: gawk
configure:2597: checking whether make sets $(MAKE)
configure:2619: result: yes
configure:2648: checking whether make supports nested variables
configure:2665: result: yes
configure:2744: checking how to create a pax tar archive
configure:2755: tar --version
bsdtar 2.8.3 - libarchive 2.8.3
configure:2758: $? = 0
configure:2798: tardir=conftest.dir && eval tar --format=posix -chf - "$tardir" >conftest.tar
configure:2801: $? = 0
configure:2805: tar -xf - <conftest.tar
configure:2808: $? = 0
configure:2810: cat conftest.dir/file
GrepMe
configure:2813: $? = 0
configure:2826: result: gnutar
configure:2904: checking build system type
configure:2918: result: x86_64-apple-darwin14.3.0
configure:2938: checking host system type
configure:2951: result: x86_64-apple-darwin14.3.0
configure:2992: checking how to print strings
configure:3019: result: printf
configure:3052: checking for style of include used by make
configure:3080: result: GNU
configure:3151: checking for gcc
configure:3167: found /usr/bin/gcc
configure:3178: result: gcc
configure:3407: checking for C compiler version
configure:3416: gcc --version >&5
Apple LLVM version 6.1.0 (clang-602.0.49) (based on LLVM 3.6.0svn)
Target: x86_64-apple-darwin14.3.0
Thread model: posix
Configured with: --prefix=/Applications/Xcode.app/Contents/Developer//usr --with-gxx-include-dir=/usr/include/c++/4.2.1
configure:3427: $? = 0
configure:3416: gcc -v >&5
Configured with: --prefix=/Applications/Xcode.app/Contents/Developer//usr --with-gxx-include-dir=/usr/include/c++/4.2.1
Apple LLVM version 6.1.0 (clang-602.0.49) (based on LLVM 3.6.0svn)
Target: x86_64-apple-darwin14.3.0
Thread model: posix
configure:3427: $? = 0
configure:3416: gcc -V >&5
clang: error: argument to '-V' is missing (expected 1 value)
clang: error: no input files
configure:3427: $? = 1
configure:3416: gcc -qversion >&5
clang: error: unknown argument: '-qversion'
clang: error: no input files
configure:3427: $? = 1
configure:3447: checking whether the C compiler works
configure:3469: gcc    conftest.c  >&5
configure:3473: $? = 0
configure:3521: result: yes
configure:3524: checking for C compiler default output file name
configure:3526: result: a.out
configure:3532: checking for suffix of executables
configure:3539: gcc -o conftest    conftest.c  >&5
configure:3543: $? = 0
configure:3565: result: 
configure:3587: checking whether we are cross compiling
configure:3595: gcc -o conftest    conftest.c  >&5
configure:3599: $? = 0
configure:3606: ./conftest
configure:3610: $? = 0
configure:3625: result: no
configure:3630: checking for suffix of object files
configure:3652: gcc -c   conftest.c >&5
configure:3656: $? = 0
configure:3677: result: o
configure:3681: checking whether we are using the GNU C compiler
configure:3700: gcc -c   conftest.c >&5
configure:3700: $? = 0
configure:3709: result: yes
configure:3718: checking whether gcc accepts -g
configure:3738: gcc -c -g  conftest.c >&5
configure:3738: $? = 0
configure:3779: result: yes
configure:3796: checking for gcc option to accept ISO C89
configure:3859: gcc  -c -g -O2  conftest.c >&5
configure:3859: $? = 0
configure:3872: result: none needed
configure:3897: checking whether gcc understands -c and -o together
configure:3919: gcc -c conftest.c -o conftest2.o
configure:3922: $? = 0
configure:3919: gcc -c conftest.c -o conftest2.o
configure:3922: $? = 0
configure:3934: result: yes
configure:3953: checking dependency style of gcc
configure:4064: result: gcc3
configure:4079: checking for a sed that does not truncate output
configure:4143: result: /opt/local/bin/gsed
configure:4161: checking for grep that handles long lines and -e
configure:4219: result: /opt/local/bin/grep
configure:4224: checking for egrep
configure:4286: result: /opt/local/bin/grep -E
configure:4291: checking for fgrep
configure:4353: result: /opt/local/bin/grep -F
configure:4388: checking for ld used by gcc
configure:4455: result: /Applications/Xcode.app/Contents/Developer/Toolchains/XcodeDefault.xctoolchain/usr/bin/ld
configure:4462: checking if the linker (/Applications/Xcode.app/Contents/Developer/Toolchains/XcodeDefault.xctoolchain/usr/bin/ld) is GNU ld
configure:4477: result: no
configure:4489: checking for BSD- or MS-compatible name lister (nm)
configure:4538: result: /opt/local/bin/nm
configure:4668: checking the name lister (/opt/local/bin/nm) interface
configure:4675: gcc -c -g -O2  conftest.c >&5
configure:4678: /opt/local/bin/nm "conftest.o"
configure:4681: output
000000000000022c S _some_variable
configure:4688: result: BSD nm
configure:4691: checking whether ln -s works
configure:4695: result: yes
configure:4703: checking the maximum length of command line arguments
configure:4833: result: 196608
configure:4850: checking whether the shell understands some XSI constructs
configure:4860: result: yes
configure:4864: checking whether the shell understands "+="
configure:4870: result: yes
configure:4905: checking how to convert x86_64-apple-darwin14.3.0 file names to x86_64-apple-darwin14.3.0 format
configure:4945: result: func_convert_file_noop
configure:4952: checking how to convert x86_64-apple-darwin14.3.0 file names to toolchain format
configure:4972: result: func_convert_file_noop
configure:4979: checking for /Applications/Xcode.app/Contents/Developer/Toolchains/XcodeDefault.xctoolchain/usr/bin/ld option to reload object files
configure:4986: result: -r
configure:5060: checking for objdump
configure:5090: result: no
configure:5116: checking how to recognize dependent libraries
configure:5318: result: pass_all
configure:5403: checking for dlltool
configure:5433: result: no
configure:5460: checking how to associate runtime and link libraries
configure:5487: result: printf %s\n
configure:5548: checking for ar
configure:5564: found /opt/local/bin/ar
configure:5575: result: ar
configure:5612: checking for archiver @FILE support
configure:5629: gcc -c -g -O2  conftest.c >&5
configure:5629: $? = 0
configure:5632: ar cru libconftest.a @conftest.lst >&5
ar: @conftest.lst: No such file or directory
configure:5635: $? = 1
configure:5655: result: no
configure:5713: checking for strip
configure:5729: found /opt/local/bin/strip
configure:5740: result: strip
configure:5812: checking for ranlib
configure:5828: found /opt/local/bin/ranlib
configure:5839: result: ranlib
configure:5941: checking command to parse /opt/local/bin/nm output from gcc object
configure:6061: gcc -c -g -O2  conftest.c >&5
configure:6064: $? = 0
configure:6068: /opt/local/bin/nm conftest.o \| sed -n -e 's/^.*[ ]\([BCDEGRST][BCDEGRST]*\)[ ][ ]*\([_A-Za-z][_A-Za-z0-9]*\)$/\1 \2 \2/p' | sed '/ __gnu_lto/d' \> conftest.nm
configure:6071: $? = 0
cannot find nm_test_var in conftest.nm
configure:6061: gcc -c -g -O2  conftest.c >&5
configure:6064: $? = 0
configure:6068: /opt/local/bin/nm conftest.o \| sed -n -e 's/^.*[ ]\([BCDEGRST][BCDEGRST]*\)[ ][ ]*_\([_A-Za-z][_A-Za-z0-9]*\)$/\1 _\2 \2/p' | sed '/ __gnu_lto/d' \> conftest.nm
configure:6071: $? = 0
configure:6137: gcc -o conftest -g -O2   conftest.c conftstm.o >&5
configure:6140: $? = 0
configure:6178: result: ok
configure:6215: checking for sysroot
configure:6245: result: no
configure:6507: checking for mt
configure:6537: result: no
configure:6557: checking if : is a manifest tool
configure:6563: : '-?'
configure:6571: result: no
configure:6627: checking for dsymutil
configure:6643: found /usr/bin/dsymutil
configure:6654: result: dsymutil
configure:6719: checking for nmedit
configure:6735: found /opt/local/bin/nmedit
configure:6746: result: nmedit
configure:6811: checking for lipo
configure:6827: found /opt/local/bin/lipo
configure:6838: result: lipo
configure:6903: checking for otool
configure:6919: found /opt/local/bin/otool
configure:6930: result: otool
configure:6995: checking for otool64
configure:7025: result: no
configure:7070: checking for -single_module linker flag
gcc -g -O2  -o libconftest.dylib -dynamiclib -Wl,-single_module conftest.c
configure:7103: result: yes
configure:7106: checking for -exported_symbols_list linker flag
configure:7126: gcc -o conftest -g -O2   -Wl,-exported_symbols_list,conftest.sym conftest.c  >&5
configure:7126: $? = 0
configure:7136: result: yes
configure:7139: checking for -force_load linker flag
gcc -g -O2 -c -o conftest.o conftest.c
ar cru libconftest.a conftest.o
ranlib libconftest.a
gcc -g -O2  -o conftest conftest.c -Wl,-force_load,./libconftest.a
configure:7171: result: yes
configure:7213: checking how to run the C preprocessor
configure:7244: gcc -E  conftest.c
configure:7244: $? = 0
configure:7258: gcc -E  conftest.c
conftest.c:11:10: fatal error: 'ac_nonexistent.h' file not found
#include <ac_nonexistent.h>
         ^
1 error generated.
configure:7258: $? = 1
configure: failed program was:
| /* confdefs.h */
| #define PACKAGE_NAME "globus_scheduler_event_generator"
| #define PACKAGE_TARNAME "globus_scheduler_event_generator"
| #define PACKAGE_VERSION "5.11"
| #define PACKAGE_STRING "globus_scheduler_event_generator 5.11"
| #define PACKAGE_BUGREPORT "https://globus.atlassian.net/"
| #define PACKAGE_URL ""
| #define PACKAGE "globus_scheduler_event_generator"
| #define VERSION "5.11"
| /* end confdefs.h.  */
| #include <ac_nonexistent.h>
configure:7283: result: gcc -E
configure:7303: gcc -E  conftest.c
configure:7303: $? = 0
configure:7317: gcc -E  conftest.c
conftest.c:11:10: fatal error: 'ac_nonexistent.h' file not found
#include <ac_nonexistent.h>
         ^
1 error generated.
configure:7317: $? = 1
configure: failed program was:
| /* confdefs.h */
| #define PACKAGE_NAME "globus_scheduler_event_generator"
| #define PACKAGE_TARNAME "globus_scheduler_event_generator"
| #define PACKAGE_VERSION "5.11"
| #define PACKAGE_STRING "globus_scheduler_event_generator 5.11"
| #define PACKAGE_BUGREPORT "https://globus.atlassian.net/"
| #define PACKAGE_URL ""
| #define PACKAGE "globus_scheduler_event_generator"
| #define VERSION "5.11"
| /* end confdefs.h.  */
| #include <ac_nonexistent.h>
configure:7346: checking for ANSI C header files
configure:7366: gcc -c -g -O2  conftest.c >&5
configure:7366: $? = 0
configure:7439: gcc -o conftest -g -O2   conftest.c  >&5
configure:7439: $? = 0
configure:7439: ./conftest
configure:7439: $? = 0
configure:7450: result: yes
configure:7463: checking for sys/types.h
configure:7463: gcc -c -g -O2  conftest.c >&5
configure:7463: $? = 0
configure:7463: result: yes
configure:7463: checking for sys/stat.h
configure:7463: gcc -c -g -O2  conftest.c >&5
configure:7463: $? = 0
configure:7463: result: yes
configure:7463: checking for stdlib.h
configure:7463: gcc -c -g -O2  conftest.c >&5
configure:7463: $? = 0
configure:7463: result: yes
configure:7463: checking for string.h
configure:7463: gcc -c -g -O2  conftest.c >&5
configure:7463: $? = 0
configure:7463: result: yes
configure:7463: checking for memory.h
configure:7463: gcc -c -g -O2  conftest.c >&5
configure:7463: $? = 0
configure:7463: result: yes
configure:7463: checking for strings.h
configure:7463: gcc -c -g -O2  conftest.c >&5
configure:7463: $? = 0
configure:7463: result: yes
configure:7463: checking for inttypes.h
configure:7463: gcc -c -g -O2  conftest.c >&5
configure:7463: $? = 0
configure:7463: result: yes
configure:7463: checking for stdint.h
configure:7463: gcc -c -g -O2  conftest.c >&5
configure:7463: $? = 0
configure:7463: result: yes
configure:7463: checking for unistd.h
configure:7463: gcc -c -g -O2  conftest.c >&5
configure:7463: $? = 0
configure:7463: result: yes
configure:7477: checking for dlfcn.h
configure:7477: gcc -c -g -O2  conftest.c >&5
configure:7477: $? = 0
configure:7477: result: yes
configure:7980: checking for objdir
configure:7995: result: .libs
configure:8266: checking if gcc supports -fno-rtti -fno-exceptions
configure:8284: gcc -c -g -O2  -fno-rtti -fno-exceptions conftest.c >&5
configure:8288: $? = 0
configure:8301: result: yes
configure:8628: checking for gcc option to produce PIC
configure:8635: result: -fno-common -DPIC
configure:8643: checking if gcc PIC flag -fno-common -DPIC works
configure:8661: gcc -c -g -O2  -fno-common -DPIC -DPIC conftest.c >&5
configure:8665: $? = 0
configure:8678: result: yes
configure:8707: checking if gcc static flag -static works
configure:8735: result: no
configure:8750: checking if gcc supports -c -o file.o
configure:8771: gcc -c -g -O2  -o out/conftest2.o conftest.c >&5
configure:8775: $? = 0
configure:8797: result: yes
configure:8805: checking if gcc supports -c -o file.o
configure:8852: result: yes
configure:8885: checking whether the gcc linker (/Applications/Xcode.app/Contents/Developer/Toolchains/XcodeDefault.xctoolchain/usr/bin/ld) supports shared libraries
configure:10038: result: yes
configure:10278: checking dynamic linker characteristics
configure:11015: result: darwin14.3.0 dyld
configure:11122: checking how to hardcode library paths into programs
configure:11147: result: immediate
configure:11192: checking for dlopen in -ldl
configure:11217: gcc -o conftest -g -O2   conftest.c -ldl   >&5
configure:11217: $? = 0
configure:11226: result: yes
configure:11441: checking whether a program can dlopen itself
configure:11521: gcc -o conftest -g -O2  -DHAVE_DLFCN_H   conftest.c -ldl  >&5
configure:11524: $? = 0
configure:11542: result: yes
configure:11547: checking whether a statically linked program can dlopen itself
configure:11627: gcc -o conftest -g -O2  -DHAVE_DLFCN_H    conftest.c -ldl  >&5
configure:11630: $? = 0
configure:11648: result: yes
configure:11687: checking whether stripping libraries is possible
configure:11701: result: yes
configure:11727: checking if libtool supports shared libraries
configure:11729: result: yes
configure:11732: checking whether to build shared libraries
configure:11753: result: yes
configure:11756: checking whether to build static libraries
configure:11760: result: yes
configure:11858: checking for pkg-config
configure:11876: found /opt/local/bin/pkg-config
configure:11888: result: /opt/local/bin/pkg-config
configure:11913: checking pkg-config is at least version 0.9.0
configure:11916: result: yes
configure:11926: checking for PACKAGE_DEP
configure:11933: $PKG_CONFIG --exists --print-errors "$PACKAGE_DEPS"
configure:11936: $? = 0
configure:11950: $PKG_CONFIG --exists --print-errors "$PACKAGE_DEPS"
configure:11953: $? = 0
configure:12011: result: yes
configure:12020: checking for doxygen
configure:12053: result: no
configure:12324: checking that generated files are newer than configure
configure:12330: result: done
configure:12357: creating ./config.status

## ---------------------- ##
## Running config.status. ##
## ---------------------- ##

This file was extended by globus_scheduler_event_generator config.status 5.11, which was
generated by GNU Autoconf 2.69.  Invocation command line was

  CONFIG_FILES    = 
  CONFIG_HEADERS  = 
  CONFIG_LINKS    = 
  CONFIG_COMMANDS = 
  $ ./config.status 

on mcswl096.mcs.anl.gov

config.status:1081: creating globus-scheduler-event-generator-uninstalled.pc
config.status:1081: creating globus-scheduler-event-generator.pc
config.status:1081: creating Makefile
config.status:1081: creating Doxyfile
config.status:1081: creating config/Makefile
config.status:1081: creating init/globus-scheduler-event-generator-nolsb
config.status:1081: creating init/globus-scheduler-event-generator-lsb
config.status:1081: creating init/Makefile
config.status:1081: creating test/Makefile
config.status:1081: creating version.h
config.status:1081: creating globus-scheduler-event-generator-admin
config.status:1253: executing depfiles commands
config.status:1253: executing libtool commands

## ---------------- ##
## Cache variables. ##
## ---------------- ##

ac_cv_build=x86_64-apple-darwin14.3.0
ac_cv_c_compiler_gnu=yes
ac_cv_env_CC_set=
ac_cv_env_CC_value=
ac_cv_env_CFLAGS_set=
ac_cv_env_CFLAGS_value=
ac_cv_env_CPPFLAGS_set=
ac_cv_env_CPPFLAGS_value=
ac_cv_env_CPP_set=
ac_cv_env_CPP_value=
ac_cv_env_LDFLAGS_set=
ac_cv_env_LDFLAGS_value=
ac_cv_env_LIBS_set=
ac_cv_env_LIBS_value=
ac_cv_env_PACKAGE_DEP_CFLAGS_set=
ac_cv_env_PACKAGE_DEP_CFLAGS_value=
ac_cv_env_PACKAGE_DEP_LIBS_set=
ac_cv_env_PACKAGE_DEP_LIBS_value=
ac_cv_env_PKG_CONFIG_LIBDIR_set=
ac_cv_env_PKG_CONFIG_LIBDIR_value=
ac_cv_env_PKG_CONFIG_PATH_set=set
ac_cv_env_PKG_CONFIG_PATH_value=/Users/esjung/Downloads/globus_toolkit-6.0.1430141288/common/source:/Users/esjung/Downloads/globus_toolkit-6.0.1430141288/xio/src:/Users/esjung/Downloads/globus_toolkit-6.0.1430141288/gridftp/gfork/source:/Users/esjung/Downloads/globus_toolkit-6.0.1430141288/gsi/openssl_error/source:/Users/esjung/Downloads/globus_toolkit-6.0.1430141288/gsi/proxy/proxy_ssl/source:/Users/esjung/Downloads/globus_toolkit-6.0.1430141288/gsi/openssl_module/source:/Users/esjung/Downloads/globus_toolkit-6.0.1430141288/gsi/cert_utils/source:/Users/esjung/Downloads/globus_toolkit-6.0.1430141288/gsi/sysconfig/source:/Users/esjung/Downloads/globus_toolkit-6.0.1430141288/callout/source:/Users/esjung/Downloads/globus_toolkit-6.0.1430141288/gsi/callback/source:/Users/esjung/Downloads/globus_toolkit-6.0.1430141288/gsi/credential/source:/Users/esjung/Downloads/globus_toolkit-6.0.1430141288/gsi/proxy/proxy_core/source:/Users/esjung/Downloads/globus_toolkit-6.0.1430141288/gsi/gssapi/source:/Users/esjung/Downloads/globus_toolkit-6.0.1430141288/gsi/gss_assist/source:/Users/esjung/Downloads/globus_toolkit-6.0.1430141288/gsi/gssapi_error/source:/Users/esjung/Downloads/globus_toolkit-6.0.1430141288/xio/drivers/gsi:/Users/esjung/Downloads/globus_toolkit-6.0.1430141288/io/compat:/Users/esjung/Downloads/globus_toolkit-6.0.1430141288/gridftp/control/source:/Users/esjung/Downloads/globus_toolkit-6.0.1430141288/usage/c/sender/source:/Users/esjung/Downloads/globus_toolkit-6.0.1430141288/xio/drivers/pipe/source:/Users/esjung/Downloads/globus_toolkit-6.0.1430141288/gridftp/server-lib/src:/Users/esjung/Downloads/globus_toolkit-6.0.1430141288/gsi/authz/error:/Users/esjung/Downloads/globus_toolkit-6.0.1430141288/gsi/authz/source:/Users/esjung/Downloads/globus_toolkit-6.0.1430141288/xio/drivers/rate/source:/Users/esjung/Downloads/globus_toolkit-6.0.1430141288/xio/drivers/popen/source:/Users/esjung/Downloads/globus_toolkit-6.0.1430141288/xio/drivers/udt/source:/Users/esjung/Downloads/globus_toolkit-6.0.1430141288/gridftp/net_manager:/Users/esjung/Downloads/globus_toolkit-6.0.1430141288/gridftp/server/src:/Users/esjung/Downloads/globus_toolkit-6.0.1430141288/gram/protocol/source:/Users/esjung/Downloads/globus_toolkit-6.0.1430141288/gram/jobmanager/scheduler_event_generator/source:/Users/esjung/Downloads/globus_toolkit-6.0.1430141288/gram/jobmanager/lrms/lsf/source:/Users/esjung/Downloads/globus_toolkit-6.0.1430141288/gass/transfer/source:/Users/esjung/Downloads/globus_toolkit-6.0.1430141288/gridftp/client/source:/Users/esjung/Downloads/globus_toolkit-6.0.1430141288/gass/copy/source:/Users/esjung/Downloads/globus_toolkit-6.0.1430141288/gass/cache/source:/Users/esjung/Downloads/globus_toolkit-6.0.1430141288/gram/rsl/source:/Users/esjung/Downloads/globus_toolkit-6.0.1430141288/gram/jobmanager/callout_error:/Users/esjung/Downloads/globus_toolkit-6.0.1430141288/gridftp/server/multi/source:/Users/esjung/Downloads/globus_toolkit-6.0.1430141288/gsi/simple_ca/source:/Users/esjung/Downloads/globus_toolkit-6.0.1430141288/gram/jobmanager/lrms/sge/source:/Users/esjung/Downloads/globus_toolkit-6.0.1430141288/gram/jobmanager/scripts:/Users/esjung/Downloads/globus_toolkit-6.0.1430141288/gram/jobmanager/lrms/slurm/source:/Users/esjung/Downloads/globus_toolkit-6.0.1430141288/gsi/gridmap_callout/error:/Users/esjung/Downloads/globus_toolkit-6.0.1430141288/gsi/gridmap_callout/source:/Users/esjung/Downloads/globus_toolkit-6.0.1430141288/gass/server_ez/source:/Users/esjung/Downloads/globus_toolkit-6.0.1430141288/gridftp/gridftp_driver/source:/Users/esjung/Downloads/globus_toolkit-6.0.1430141288/gram/jobmanager/lrms/fork/source:/Users/esjung/Downloads/globus_toolkit-6.0.1430141288/gsi/gridmap_verify_myproxy_callout:/Users/esjung/Downloads/globus_toolkit-6.0.1430141288/gsi/gridmap_eppn_callout:/Users/esjung/Downloads/globus_toolkit-6.0.1430141288/gram/jobmanager/lrms/condor/source:/Users/esjung/Downloads/globus_toolkit-6.0.1430141288/gsi/proxy/proxy_utils/source:/Users/esjung/Downloads/globus_toolkit-6.0.1430141288/gram/client/source:/Users/esjung/Downloads/globus_toolkit-6.0.1430141288/xio/xioperf/source:/Users/esjung/Downloads/globus_toolkit-6.0.1430141288/gram/gatekeeper/source:/Users/esjung/Downloads/globus_toolkit-6.0.1430141288/gass/cache_program/source:/Users/esjung/Downloads/globus_toolkit-6.0.1430141288/gram/jobmanager/lrms/pbs/source:/Users/esjung/Downloads/globus_toolkit-6.0.1430141288/gram/jobmanager/auditing/source:/Users/esjung/Downloads/globus_toolkit-6.0.1430141288/myproxy/source:/Users/esjung/Downloads/globus_toolkit-6.0.1430141288/gsi_openssh/source:/Users/esjung/Downloads/globus_toolkit-6.0.1430141288/gram/client_tools/source:/Users/esjung/Downloads/globus_toolkit-6.0.1430141288/gram/jobmanager/source:/Users/esjung/Downloads/globus_toolkit-6.0.1430141288/gridftp/hdfs
ac_cv_env_PKG_CONFIG_set=
ac_cv_env_PKG_CONFIG_value=
ac_cv_env_build_alias_set=
ac_cv_env_build_alias_value=
ac_cv_env_host_alias_set=
ac_cv_env_host_alias_value=
ac_cv_env_target_alias_set=
ac_cv_env_target_alias_value=
ac_cv_header_dlfcn_h=yes
ac_cv_header_inttypes_h=yes
ac_cv_header_memory_h=yes
ac_cv_header_stdc=yes
ac_cv_header_stdint_h=yes
ac_cv_header_stdlib_h=yes
ac_cv_header_string_h=yes
ac_cv_header_strings_h=yes
ac_cv_header_sys_stat_h=yes
ac_cv_header_sys_types_h=yes
ac_cv_header_unistd_h=yes
ac_cv_host=x86_64-apple-darwin14.3.0
ac_cv_lib_dl_dlopen=yes
ac_cv_objext=o
ac_cv_path_EGREP='/opt/local/bin/grep -E'
ac_cv_path_FGREP='/opt/local/bin/grep -F'
ac_cv_path_GREP=/opt/local/bin/grep
ac_cv_path_SED=/opt/local/bin/gsed
ac_cv_path_ac_pt_PKG_CONFIG=/opt/local/bin/pkg-config
ac_cv_path_install='/usr/bin/install -c'
ac_cv_prog_AWK=gawk
ac_cv_prog_CPP='gcc -E'
ac_cv_prog_ac_ct_AR=ar
ac_cv_prog_ac_ct_CC=gcc
ac_cv_prog_ac_ct_DSYMUTIL=dsymutil
ac_cv_prog_ac_ct_LIPO=lipo
ac_cv_prog_ac_ct_NMEDIT=nmedit
ac_cv_prog_ac_ct_OTOOL=otool
ac_cv_prog_ac_ct_RANLIB=ranlib
ac_cv_prog_ac_ct_STRIP=strip
ac_cv_prog_cc_c89=
ac_cv_prog_cc_g=yes
ac_cv_prog_make_make_set=yes
am_cv_CC_dependencies_compiler_type=gcc3
am_cv_make_support_nested_variables=yes
am_cv_prog_cc_c_o=yes
am_cv_prog_tar_pax=gnutar
lt_cv_apple_cc_single_mod=yes
lt_cv_ar_at_file=no
lt_cv_deplibs_check_method=pass_all
lt_cv_dlopen=dlopen
lt_cv_dlopen_libs=-ldl
lt_cv_dlopen_self=yes
lt_cv_dlopen_self_static=yes
lt_cv_file_magic_cmd='$MAGIC_CMD'
lt_cv_file_magic_test_file=
lt_cv_ld_exported_symbols_list=yes
lt_cv_ld_force_load=yes
lt_cv_ld_reload_flag=-r
lt_cv_nm_interface='BSD nm'
lt_cv_objdir=.libs
lt_cv_path_LD=/Applications/Xcode.app/Contents/Developer/Toolchains/XcodeDefault.xctoolchain/usr/bin/ld
lt_cv_path_NM=/opt/local/bin/nm
lt_cv_path_mainfest_tool=no
lt_cv_prog_compiler_c_o=yes
lt_cv_prog_compiler_pic='-fno-common -DPIC'
lt_cv_prog_compiler_pic_works=yes
lt_cv_prog_compiler_rtti_exceptions=yes
lt_cv_prog_compiler_static_works=no
lt_cv_prog_gnu_ld=no
lt_cv_sharedlib_from_linklib_cmd='printf %s\n'
lt_cv_sys_global_symbol_pipe='sed -n -e '\''s/^.*[	 ]\([BCDEGRST][BCDEGRST]*\)[	 ][	 ]*_\([_A-Za-z][_A-Za-z0-9]*\)$/\1 _\2 \2/p'\'' | sed '\''/ __gnu_lto/d'\'''
lt_cv_sys_global_symbol_to_c_name_address='sed -n -e '\''s/^: \([^ ]*\)[ ]*$/  {\"\1\", (void *) 0},/p'\'' -e '\''s/^[BCDEGRST]* \([^ ]*\) \([^ ]*\)$/  {"\2", (void *) \&\2},/p'\'''
lt_cv_sys_global_symbol_to_c_name_address_lib_prefix='sed -n -e '\''s/^: \([^ ]*\)[ ]*$/  {\"\1\", (void *) 0},/p'\'' -e '\''s/^[BCDEGRST]* \([^ ]*\) \(lib[^ ]*\)$/  {"\2", (void *) \&\2},/p'\'' -e '\''s/^[BCDEGRST]* \([^ ]*\) \([^ ]*\)$/  {"lib\2", (void *) \&\2},/p'\'''
lt_cv_sys_global_symbol_to_cdecl='sed -n -e '\''s/^T .* \(.*\)$/extern int \1();/p'\'' -e '\''s/^[BCDEGRST]* .* \(.*\)$/extern char \1;/p'\'''
lt_cv_sys_max_cmd_len=196608
lt_cv_to_host_file_cmd=func_convert_file_noop
lt_cv_to_tool_file_cmd=func_convert_file_noop
pkg_cv_PACKAGE_DEP_CFLAGS='-g -O2 -pthread -I/Users/esjung/Downloads/globus_toolkit-6.0.1430141288/./libltdl -I/Users/esjung/Downloads/globus_toolkit-6.0.1430141288/common/source -I/Users/esjung/Downloads/globus_toolkit-6.0.1430141288/common/source/library -I/Users/esjung/Downloads/globus_toolkit-6.0.1430141288/xio/src -I/Users/esjung/Downloads/globus_toolkit-6.0.1430141288/xio/src/builtins/file -I/Users/esjung/Downloads/globus_toolkit-6.0.1430141288/xio/src/builtins/http -I/Users/esjung/Downloads/globus_toolkit-6.0.1430141288/xio/src/builtins/mode_e -I/Users/esjung/Downloads/globus_toolkit-6.0.1430141288/xio/src/builtins/ordering -I/Users/esjung/Downloads/globus_toolkit-6.0.1430141288/xio/src/builtins/queue -I/Users/esjung/Downloads/globus_toolkit-6.0.1430141288/xio/src/builtins/tcp -I/Users/esjung/Downloads/globus_toolkit-6.0.1430141288/xio/src/builtins/telnet -I/Users/esjung/Downloads/globus_toolkit-6.0.1430141288/xio/src/builtins/udp -I/Users/esjung/Downloads/globus_toolkit-6.0.1430141288/gsi/openssl_error/source -I/Users/esjung/Downloads/globus_toolkit-6.0.1430141288/gsi/openssl_error/source/library -I/Users/esjung/Downloads/globus_toolkit-6.0.1430141288/gsi/proxy/proxy_ssl/source -I/Users/esjung/Downloads/globus_toolkit-6.0.1430141288/gsi/proxy/proxy_ssl/source/library -I/Users/esjung/Downloads/globus_toolkit-6.0.1430141288/gsi/openssl_module/source/library -I/Users/esjung/Downloads/globus_toolkit-6.0.1430141288/gsi/cert_utils/source/library -I/Users/esjung/Downloads/globus_toolkit-6.0.1430141288/gsi/sysconfig/source/library -I/Users/esjung/Downloads/globus_toolkit-6.0.1430141288/callout/source/library -I/Users/esjung/Downloads/globus_toolkit-6.0.1430141288/gsi/callback/source/library -I/Users/esjung/Downloads/globus_toolkit-6.0.1430141288/gsi/credential/source/library -I/Users/esjung/Downloads/globus_toolkit-6.0.1430141288/gsi/proxy/proxy_core/source/library -I/Users/esjung/Downloads/globus_toolkit-6.0.1430141288/gsi/gssapi/source/library -I/Users/esjung/Downloads/globus_toolkit-6.0.1430141288/gsi/gss_assist/source -I/Users/esjung/Downloads/globus_toolkit-6.0.1430141288/gsi/gssapi_error/source/library -I/Users/esjung/Downloads/globus_toolkit-6.0.1430141288/xio/drivers/gsi -I/Users/esjung/Downloads/globus_toolkit-6.0.1430141288/io/compat -I/Users/esjung/Downloads/globus_toolkit-6.0.1430141288/gram/protocol/source -I/opt/local/include '
pkg_cv_PACKAGE_DEP_LIBS='/Users/esjung/Downloads/globus_toolkit-6.0.1430141288/common/source/library/libglobus_common.la /Users/esjung/Downloads/globus_toolkit-6.0.1430141288/xio/src/libglobus_xio.la /Users/esjung/Downloads/globus_toolkit-6.0.1430141288/gram/protocol/source/libglobus_gram_protocol.la '

## ----------------- ##
## Output variables. ##
## ----------------- ##

ACLOCAL='${SHELL} /Users/esjung/Downloads/globus_toolkit-6.0.1430141288/gram/jobmanager/scheduler_event_generator/source/build-aux/missing aclocal-1.14'
AGE_VERSION='5'
AMDEPBACKSLASH='\'
AMDEP_FALSE='#'
AMDEP_TRUE=''
AMTAR='$${TAR-tar}'
AM_BACKSLASH='\'
AM_DEFAULT_V='$(AM_DEFAULT_VERBOSITY)'
AM_DEFAULT_VERBOSITY='1'
AM_V='$(V)'
AR='ar'
AS='as'
AUTOCONF='${SHELL} /Users/esjung/Downloads/globus_toolkit-6.0.1430141288/gram/jobmanager/scheduler_event_generator/source/build-aux/missing autoconf'
AUTOHEADER='${SHELL} /Users/esjung/Downloads/globus_toolkit-6.0.1430141288/gram/jobmanager/scheduler_event_generator/source/build-aux/missing autoheader'
AUTOMAKE='${SHELL} /Users/esjung/Downloads/globus_toolkit-6.0.1430141288/gram/jobmanager/scheduler_event_generator/source/build-aux/missing automake-1.14'
AWK='gawk'
CC='gcc'
CCDEPMODE='depmode=gcc3'
CFLAGS='-g -O2'
CHKCONFIG_DEFAULT='-'
CPP='gcc -E'
CPPFLAGS=''
CYGPATH_W='echo'
DEFAULT_START_LINE='#'
DEFAULT_STOP_LINE='#'
DEFS='-DPACKAGE_NAME=\"globus_scheduler_event_generator\" -DPACKAGE_TARNAME=\"globus_scheduler_event_generator\" -DPACKAGE_VERSION=\"5.11\" -DPACKAGE_STRING=\"globus_scheduler_event_generator\ 5.11\" -DPACKAGE_BUGREPORT=\"https://globus.atlassian.net/\" -DPACKAGE_URL=\"\" -DPACKAGE=\"globus_scheduler_event_generator\" -DVERSION=\"5.11\" -DSTDC_HEADERS=1 -DHAVE_SYS_TYPES_H=1 -DHAVE_SYS_STAT_H=1 -DHAVE_STDLIB_H=1 -DHAVE_STRING_H=1 -DHAVE_MEMORY_H=1 -DHAVE_STRINGS_H=1 -DHAVE_INTTYPES_H=1 -DHAVE_STDINT_H=1 -DHAVE_UNISTD_H=1 -DHAVE_DLFCN_H=1 -DLT_OBJDIR=\".libs/\"'
DEPDIR='.deps'
DIRT_BRANCH_ID='85'
DIRT_TIMESTAMP='1430141288'
DLLTOOL='false'
DOXYGEN=''
DSYMUTIL='dsymutil'
DUMPBIN=''
ECHO_C='\c'
ECHO_N=''
ECHO_T=''
EGREP='/opt/local/bin/grep -E'
ENABLE_DOXYGEN_FALSE=''
ENABLE_DOXYGEN_TRUE='#'
EXEEXT=''
FGREP='/opt/local/bin/grep -F'
GREP='/opt/local/bin/grep'
INSTALL_DATA='${INSTALL} -m 644'
INSTALL_PROGRAM='${INSTALL}'
INSTALL_SCRIPT='${INSTALL}'
INSTALL_STRIP_PROGRAM='$(install_sh) -c -s'
LD='/Applications/Xcode.app/Contents/Developer/Toolchains/XcodeDefault.xctoolchain/usr/bin/ld'
LDFLAGS=''
LIBOBJS=''
LIBS=''
LIBTOOL='$(SHELL) $(top_builddir)/libtool'
LIPO='lipo'
LN_S='ln -s'
LOCKFILE='${localstatedir}/lock/globus-scheduler-event-generator'
LSB='-nolsb'
LTLIBOBJS=''
MAJOR_VERSION='5'
MAKEINFO='${SHELL} /Users/esjung/Downloads/globus_toolkit-6.0.1430141288/gram/jobmanager/scheduler_event_generator/source/build-aux/missing makeinfo'
MANIFEST_TOOL=':'
MINOR_VERSION='11'
MKDIR_P='build-aux/install-sh -c -d'
NM='/opt/local/bin/nm'
NMEDIT='nmedit'
OBJDUMP='false'
OBJEXT='o'
OTOOL64=':'
OTOOL='otool'
PACKAGE='globus_scheduler_event_generator'
PACKAGE_BUGREPORT='https://globus.atlassian.net/'
PACKAGE_DEPS='globus-common >= 14, globus-xio >= 3, globus-gram-protocol >= 11, globus-xio-gsi-driver >= 2'
PACKAGE_DEP_CFLAGS='-g -O2 -pthread -I/Users/esjung/Downloads/globus_toolkit-6.0.1430141288/./libltdl -I/Users/esjung/Downloads/globus_toolkit-6.0.1430141288/common/source -I/Users/esjung/Downloads/globus_toolkit-6.0.1430141288/common/source/library -I/Users/esjung/Downloads/globus_toolkit-6.0.1430141288/xio/src -I/Users/esjung/Downloads/globus_toolkit-6.0.1430141288/xio/src/builtins/file -I/Users/esjung/Downloads/globus_toolkit-6.0.1430141288/xio/src/builtins/http -I/Users/esjung/Downloads/globus_toolkit-6.0.1430141288/xio/src/builtins/mode_e -I/Users/esjung/Downloads/globus_toolkit-6.0.1430141288/xio/src/builtins/ordering -I/Users/esjung/Downloads/globus_toolkit-6.0.1430141288/xio/src/builtins/queue -I/Users/esjung/Downloads/globus_toolkit-6.0.1430141288/xio/src/builtins/tcp -I/Users/esjung/Downloads/globus_toolkit-6.0.1430141288/xio/src/builtins/telnet -I/Users/esjung/Downloads/globus_toolkit-6.0.1430141288/xio/src/builtins/udp -I/Users/esjung/Downloads/globus_toolkit-6.0.1430141288/gsi/openssl_error/source -I/Users/esjung/Downloads/globus_toolkit-6.0.1430141288/gsi/openssl_error/source/library -I/Users/esjung/Downloads/globus_toolkit-6.0.1430141288/gsi/proxy/proxy_ssl/source -I/Users/esjung/Downloads/globus_toolkit-6.0.1430141288/gsi/proxy/proxy_ssl/source/library -I/Users/esjung/Downloads/globus_toolkit-6.0.1430141288/gsi/openssl_module/source/library -I/Users/esjung/Downloads/globus_toolkit-6.0.1430141288/gsi/cert_utils/source/library -I/Users/esjung/Downloads/globus_toolkit-6.0.1430141288/gsi/sysconfig/source/library -I/Users/esjung/Downloads/globus_toolkit-6.0.1430141288/callout/source/library -I/Users/esjung/Downloads/globus_toolkit-6.0.1430141288/gsi/callback/source/library -I/Users/esjung/Downloads/globus_toolkit-6.0.1430141288/gsi/credential/source/library -I/Users/esjung/Downloads/globus_toolkit-6.0.1430141288/gsi/proxy/proxy_core/source/library -I/Users/esjung/Downloads/globus_toolkit-6.0.1430141288/gsi/gssapi/source/library -I/Users/esjung/Downloads/globus_toolkit-6.0.1430141288/gsi/gss_assist/source -I/Users/esjung/Downloads/globus_toolkit-6.0.1430141288/gsi/gssapi_error/source/library -I/Users/esjung/Downloads/globus_toolkit-6.0.1430141288/xio/drivers/gsi -I/Users/esjung/Downloads/globus_toolkit-6.0.1430141288/io/compat -I/Users/esjung/Downloads/globus_toolkit-6.0.1430141288/gram/protocol/source -I/opt/local/include '
PACKAGE_DEP_LIBS='/Users/esjung/Downloads/globus_toolkit-6.0.1430141288/common/source/library/libglobus_common.la /Users/esjung/Downloads/globus_toolkit-6.0.1430141288/xio/src/libglobus_xio.la /Users/esjung/Downloads/globus_toolkit-6.0.1430141288/gram/protocol/source/libglobus_gram_protocol.la '
PACKAGE_NAME='globus_scheduler_event_generator'
PACKAGE_STRING='globus_scheduler_event_generator 5.11'
PACKAGE_TARNAME='globus_scheduler_event_generator'
PACKAGE_URL=''
PACKAGE_VERSION='5.11'
PATH_SEPARATOR=':'
PKG_CONFIG='/opt/local/bin/pkg-config'
PKG_CONFIG_LIBDIR=''
PKG_CONFIG_PATH='/Users/esjung/Downloads/globus_toolkit-6.0.1430141288/common/source:/Users/esjung/Downloads/globus_toolkit-6.0.1430141288/xio/src:/Users/esjung/Downloads/globus_toolkit-6.0.1430141288/gridftp/gfork/source:/Users/esjung/Downloads/globus_toolkit-6.0.1430141288/gsi/openssl_error/source:/Users/esjung/Downloads/globus_toolkit-6.0.1430141288/gsi/proxy/proxy_ssl/source:/Users/esjung/Downloads/globus_toolkit-6.0.1430141288/gsi/openssl_module/source:/Users/esjung/Downloads/globus_toolkit-6.0.1430141288/gsi/cert_utils/source:/Users/esjung/Downloads/globus_toolkit-6.0.1430141288/gsi/sysconfig/source:/Users/esjung/Downloads/globus_toolkit-6.0.1430141288/callout/source:/Users/esjung/Downloads/globus_toolkit-6.0.1430141288/gsi/callback/source:/Users/esjung/Downloads/globus_toolkit-6.0.1430141288/gsi/credential/source:/Users/esjung/Downloads/globus_toolkit-6.0.1430141288/gsi/proxy/proxy_core/source:/Users/esjung/Downloads/globus_toolkit-6.0.1430141288/gsi/gssapi/source:/Users/esjung/Downloads/globus_toolkit-6.0.1430141288/gsi/gss_assist/source:/Users/esjung/Downloads/globus_toolkit-6.0.1430141288/gsi/gssapi_error/source:/Users/esjung/Downloads/globus_toolkit-6.0.1430141288/xio/drivers/gsi:/Users/esjung/Downloads/globus_toolkit-6.0.1430141288/io/compat:/Users/esjung/Downloads/globus_toolkit-6.0.1430141288/gridftp/control/source:/Users/esjung/Downloads/globus_toolkit-6.0.1430141288/usage/c/sender/source:/Users/esjung/Downloads/globus_toolkit-6.0.1430141288/xio/drivers/pipe/source:/Users/esjung/Downloads/globus_toolkit-6.0.1430141288/gridftp/server-lib/src:/Users/esjung/Downloads/globus_toolkit-6.0.1430141288/gsi/authz/error:/Users/esjung/Downloads/globus_toolkit-6.0.1430141288/gsi/authz/source:/Users/esjung/Downloads/globus_toolkit-6.0.1430141288/xio/drivers/rate/source:/Users/esjung/Downloads/globus_toolkit-6.0.1430141288/xio/drivers/popen/source:/Users/esjung/Downloads/globus_toolkit-6.0.1430141288/xio/drivers/udt/source:/Users/esjung/Downloads/globus_toolkit-6.0.1430141288/gridftp/net_manager:/Users/esjung/Downloads/globus_toolkit-6.0.1430141288/gridftp/server/src:/Users/esjung/Downloads/globus_toolkit-6.0.1430141288/gram/protocol/source:/Users/esjung/Downloads/globus_toolkit-6.0.1430141288/gram/jobmanager/scheduler_event_generator/source:/Users/esjung/Downloads/globus_toolkit-6.0.1430141288/gram/jobmanager/lrms/lsf/source:/Users/esjung/Downloads/globus_toolkit-6.0.1430141288/gass/transfer/source:/Users/esjung/Downloads/globus_toolkit-6.0.1430141288/gridftp/client/source:/Users/esjung/Downloads/globus_toolkit-6.0.1430141288/gass/copy/source:/Users/esjung/Downloads/globus_toolkit-6.0.1430141288/gass/cache/source:/Users/esjung/Downloads/globus_toolkit-6.0.1430141288/gram/rsl/source:/Users/esjung/Downloads/globus_toolkit-6.0.1430141288/gram/jobmanager/callout_error:/Users/esjung/Downloads/globus_toolkit-6.0.1430141288/gridftp/server/multi/source:/Users/esjung/Downloads/globus_toolkit-6.0.1430141288/gsi/simple_ca/source:/Users/esjung/Downloads/globus_toolkit-6.0.1430141288/gram/jobmanager/lrms/sge/source:/Users/esjung/Downloads/globus_toolkit-6.0.1430141288/gram/jobmanager/scripts:/Users/esjung/Downloads/globus_toolkit-6.0.1430141288/gram/jobmanager/lrms/slurm/source:/Users/esjung/Downloads/globus_toolkit-6.0.1430141288/gsi/gridmap_callout/error:/Users/esjung/Downloads/globus_toolkit-6.0.1430141288/gsi/gridmap_callout/source:/Users/esjung/Downloads/globus_toolkit-6.0.1430141288/gass/server_ez/source:/Users/esjung/Downloads/globus_toolkit-6.0.1430141288/gridftp/gridftp_driver/source:/Users/esjung/Downloads/globus_toolkit-6.0.1430141288/gram/jobmanager/lrms/fork/source:/Users/esjung/Downloads/globus_toolkit-6.0.1430141288/gsi/gridmap_verify_myproxy_callout:/Users/esjung/Downloads/globus_toolkit-6.0.1430141288/gsi/gridmap_eppn_callout:/Users/esjung/Downloads/globus_toolkit-6.0.1430141288/gram/jobmanager/lrms/condor/source:/Users/esjung/Downloads/globus_toolkit-6.0.1430141288/gsi/proxy/proxy_utils/source:/Users/esjung/Downloads/globus_toolkit-6.0.1430141288/gram/client/source:/Users/esjung/Downloads/globus_toolkit-6.0.1430141288/xio/xioperf/source:/Users/esjung/Downloads/globus_toolkit-6.0.1430141288/gram/gatekeeper/source:/Users/esjung/Downloads/globus_toolkit-6.0.1430141288/gass/cache_program/source:/Users/esjung/Downloads/globus_toolkit-6.0.1430141288/gram/jobmanager/lrms/pbs/source:/Users/esjung/Downloads/globus_toolkit-6.0.1430141288/gram/jobmanager/auditing/source:/Users/esjung/Downloads/globus_toolkit-6.0.1430141288/myproxy/source:/Users/esjung/Downloads/globus_toolkit-6.0.1430141288/gsi_openssh/source:/Users/esjung/Downloads/globus_toolkit-6.0.1430141288/gram/client_tools/source:/Users/esjung/Downloads/globus_toolkit-6.0.1430141288/gram/jobmanager/source:/Users/esjung/Downloads/globus_toolkit-6.0.1430141288/gridftp/hdfs'
RANLIB='ranlib'
SED='/opt/local/bin/gsed'
SEG_CONFIGDIR='${sysconfdir}'
SEG_CONFIGFILE='globus-scheduler-event-generator.conf'
SET_MAKE=''
SHELL='/bin/sh'
STRIP='strip'
VERSION='5.11'
ac_ct_AR='ar'
ac_ct_CC='gcc'
ac_ct_DUMPBIN=''
am__EXEEXT_FALSE=''
am__EXEEXT_TRUE='#'
am__fastdepCC_FALSE='#'
am__fastdepCC_TRUE=''
am__include='include'
am__isrc=''
am__leading_dot='.'
am__nodep='_no'
am__quote=''
am__tar='tar --format=posix -chf - "$$tardir"'
am__untar='tar -xf -'
bindir='${exec_prefix}/bin'
build='x86_64-apple-darwin14.3.0'
build_alias=''
build_cpu='x86_64'
build_os='darwin14.3.0'
build_vendor='apple'
datadir='${datarootdir}'
datarootdir='${prefix}/share'
docdir='${datarootdir}/doc/${PACKAGE_TARNAME}'
dvidir='${docdir}'
exec_prefix='${prefix}'
host='x86_64-apple-darwin14.3.0'
host_alias=''
host_cpu='x86_64'
host_os='darwin14.3.0'
host_vendor='apple'
htmldir='${docdir}'
includedir='${prefix}/include'
infodir='${datarootdir}/info'
install_sh='${SHELL} /Users/esjung/Downloads/globus_toolkit-6.0.1430141288/gram/jobmanager/scheduler_event_generator/source/build-aux/install-sh'
libdir='${exec_prefix}/lib'
libexecdir='${exec_prefix}/libexec'
localedir='${datarootdir}/locale'
localstatedir='${prefix}/var'
mandir='${datarootdir}/man'
mkdir_p='$(MKDIR_P)'
oldincludedir='/usr/include'
pdfdir='${docdir}'
prefix='/usr/local/globus-6'
program_transform_name='s,x,x,'
psdir='${docdir}'
sbindir='${exec_prefix}/sbin'
sharedstatedir='${prefix}/com'
sysconfdir='${prefix}/etc'
target_alias=''

## ----------- ##
## confdefs.h. ##
## ----------- ##

/* confdefs.h */
#define PACKAGE_NAME "globus_scheduler_event_generator"
#define PACKAGE_TARNAME "globus_scheduler_event_generator"
#define PACKAGE_VERSION "5.11"
#define PACKAGE_STRING "globus_scheduler_event_generator 5.11"
#define PACKAGE_BUGREPORT "https://globus.atlassian.net/"
#define PACKAGE_URL ""
#define PACKAGE "globus_scheduler_event_generator"
#define VERSION "5.11"
#define STDC_HEADERS 1
#define HAVE_SYS_TYPES_H 1
#define HAVE_SYS_STAT_H 1
#define HAVE_STDLIB_H 1
#define HAVE_STRING_H 1
#define HAVE_MEMORY_H 1
#define HAVE_STRINGS_H 1
#define HAVE_INTTYPES_H 1
#define HAVE_STDINT_H 1
#define HAVE_UNISTD_H 1
#define HAVE_DLFCN_H 1
#define LT_OBJDIR ".libs/"

configure: exit 0
