This file contains any messages produced by compilers while
running configure, to aid debugging if configure makes a mistake.

It was created by globus_gram_audit configure 4.4, which was
generated by GNU Autoconf 2.69.  Invocation command line was

  $ ./configure --disable-option-checking --prefix=/usr/local/globus-6 --enable-ltdl-install --cache-file=/dev/null --srcdir=.

## --------- ##
## Platform. ##
## --------- ##

hostname = mcswl096.mcs.anl.gov
uname -m = x86_64
uname -r = 14.3.0
uname -s = Darwin
uname -v = Darwin Kernel Version 14.3.0: Mon Mar 23 11:59:05 PDT 2015; root:xnu-2782.20.48~5/RELEASE_X86_64

/usr/bin/uname -p = i386
/bin/uname -X     = unknown

/bin/arch              = unknown
/usr/bin/arch -k       = unknown
/usr/convex/getsysinfo = unknown
/usr/bin/hostinfo      = Mach kernel version:
	 Darwin Kernel Version 14.3.0: Mon Mar 23 11:59:05 PDT 2015; root:xnu-2782.20.48~5/RELEASE_X86_64
Kernel configured for up to 4 processors.
2 processors are physically available.
4 processors are logically available.
Processor type: i486 (Intel 80486)
Processors active: 0 1 2 3
Primary memory available: 4.00 gigabytes
Default processor set: 203 tasks, 1166 threads, 4 processors
Load average: 3.15, Mach factor: 0.85
/bin/machine           = unknown
/usr/bin/oslevel       = unknown
/bin/universe          = unknown

PATH: /opt/local/bin
PATH: /opt/local/sbin
PATH: /Library/Frameworks/Python.framework/Versions/3.4/bin
PATH: /opt/local/bin
PATH: /opt/local/sbin
PATH: /usr/local/bin
PATH: /usr/bin
PATH: /bin
PATH: /usr/sbin
PATH: /sbin
PATH: /opt/X11/bin
PATH: /Library/Globus/bin
PATH: /Library/Globus/sbin
PATH: /usr/texbin


## ----------- ##
## Core tests. ##
## ----------- ##

configure:1796: checking for a BSD-compatible install
configure:1864: result: /usr/bin/install -c
configure:1875: checking whether build environment is sane
configure:1930: result: yes
configure:2081: checking for a thread-safe mkdir -p
configure:2120: result: build-aux/install-sh -c -d
configure:2127: checking for gawk
configure:2143: found /opt/local/bin/gawk
configure:2154: result: gawk
configure:2165: checking whether make sets $(MAKE)
configure:2187: result: yes
configure:2216: checking whether make supports nested variables
configure:2233: result: yes
configure:2312: checking how to create a pax tar archive
configure:2323: tar --version
bsdtar 2.8.3 - libarchive 2.8.3
configure:2326: $? = 0
configure:2366: tardir=conftest.dir && eval tar --format=posix -chf - "$tardir" >conftest.tar
configure:2369: $? = 0
configure:2373: tar -xf - <conftest.tar
configure:2376: $? = 0
configure:2378: cat conftest.dir/file
GrepMe
configure:2381: $? = 0
configure:2394: result: gnutar
configure:2503: checking for xsltproc
configure:2521: found /opt/local/bin/xsltproc
configure:2533: result: /opt/local/bin/xsltproc
configure:2543: checking for xmllint
configure:2561: found /opt/local/bin/xmllint
configure:2573: result: /opt/local/bin/xmllint
configure:2581: checking docbook dtd
configure:2596: result: no
configure:2600: checking docbook xsl
configure:2615: result: no
configure:2779: checking that generated files are newer than configure
configure:2785: result: done
configure:2797: creating ./config.status

## ---------------------- ##
## Running config.status. ##
## ---------------------- ##

This file was extended by globus_gram_audit config.status 4.4, which was
generated by GNU Autoconf 2.69.  Invocation command line was

  CONFIG_FILES    = 
  CONFIG_HEADERS  = 
  CONFIG_LINKS    = 
  CONFIG_COMMANDS = 
  $ ./config.status 

on mcswl096.mcs.anl.gov

config.status:765: creating globus-gram-audit-uninstalled.pc
config.status:765: creating globus-gram-audit.pc
config.status:765: creating Makefile
config.status:765: creating globus-gram-audit
config.status:765: creating globus-gram-audit.cron
config.status:765: creating gram-audit.conf
config.status:765: creating schemas/Makefile

## ---------------- ##
## Cache variables. ##
## ---------------- ##

ac_cv_env_build_alias_set=
ac_cv_env_build_alias_value=
ac_cv_env_host_alias_set=
ac_cv_env_host_alias_value=
ac_cv_env_target_alias_set=
ac_cv_env_target_alias_value=
ac_cv_path_XMLLINT=/opt/local/bin/xmllint
ac_cv_path_XSLTPROC=/opt/local/bin/xsltproc
ac_cv_path_install='/usr/bin/install -c'
ac_cv_prog_AWK=gawk
ac_cv_prog_make_make_set=yes
am_cv_make_support_nested_variables=yes
am_cv_prog_tar_pax=gnutar

## ----------------- ##
## Output variables. ##
## ----------------- ##

ACLOCAL='${SHELL} /Users/esjung/Downloads/globus_toolkit-6.0.1430141288/gram/jobmanager/auditing/source/build-aux/missing aclocal-1.14'
AGE_VERSION='1'
AMTAR='$${TAR-tar}'
AM_BACKSLASH='\'
AM_DEFAULT_V='$(AM_DEFAULT_VERBOSITY)'
AM_DEFAULT_VERBOSITY='1'
AM_V='$(V)'
AUDIT_DATABASE='dbname=${prefix}/var/lib/globus/gram-audit-database'
AUDIT_DRIVER='SQLite'
AUDIT_PASSWORD=''
AUDIT_USERNAME=''
AUDIT_VERSION='1TG'
AUTOCONF='${SHELL} /Users/esjung/Downloads/globus_toolkit-6.0.1430141288/gram/jobmanager/auditing/source/build-aux/missing autoconf'
AUTOHEADER='${SHELL} /Users/esjung/Downloads/globus_toolkit-6.0.1430141288/gram/jobmanager/auditing/source/build-aux/missing autoheader'
AUTOMAKE='${SHELL} /Users/esjung/Downloads/globus_toolkit-6.0.1430141288/gram/jobmanager/auditing/source/build-aux/missing automake-1.14'
AWK='gawk'
BUILD_MANPAGES_FALSE=''
BUILD_MANPAGES_TRUE='#'
CYGPATH_W='echo'
DEFS='-DPACKAGE_NAME=\"globus_gram_audit\" -DPACKAGE_TARNAME=\"globus_gram_audit\" -DPACKAGE_VERSION=\"4.4\" -DPACKAGE_STRING=\"globus_gram_audit\ 4.4\" -DPACKAGE_BUGREPORT=\"https://globus.atlassian.net/\" -DPACKAGE_URL=\"\" -DPACKAGE=\"globus_gram_audit\" -DVERSION=\"4.4\"'
DIRT_BRANCH_ID='85'
DIRT_TIMESTAMP='1430141288'
DOCBOOK_DTD='http://www.oasis-open.org/docbook/xml/4.4/docbookx.dtd'
ECHO_C='\c'
ECHO_N=''
ECHO_T=''
INSTALL_DATA='${INSTALL} -m 644'
INSTALL_PROGRAM='${INSTALL}'
INSTALL_SCRIPT='${INSTALL}'
INSTALL_STRIP_PROGRAM='$(install_sh) -c -s'
LIBOBJS=''
LIBS=''
LTLIBOBJS=''
MAJOR_VERSION='4'
MAKEINFO='${SHELL} /Users/esjung/Downloads/globus_toolkit-6.0.1430141288/gram/jobmanager/auditing/source/build-aux/missing makeinfo'
MAN_XSL='http://docbook.sourceforge.net/release/xsl/current/manpages/docbook.xsl'
MINOR_VERSION='4'
MKDIR_P='build-aux/install-sh -c -d'
PACKAGE='globus_gram_audit'
PACKAGE_BUGREPORT='https://globus.atlassian.net/'
PACKAGE_DEPS=''
PACKAGE_NAME='globus_gram_audit'
PACKAGE_STRING='globus_gram_audit 4.4'
PACKAGE_TARNAME='globus_gram_audit'
PACKAGE_URL=''
PACKAGE_VERSION='4.4'
PATH_SEPARATOR=':'
SET_MAKE=''
SHELL='/bin/sh'
STRIP=''
VERSION='4.4'
XMLLINT='/opt/local/bin/xmllint'
XSLTPROC='/opt/local/bin/xsltproc'
am__isrc=''
am__leading_dot='.'
am__tar='tar --format=posix -chf - "$$tardir"'
am__untar='tar -xf -'
bindir='${exec_prefix}/bin'
build_alias=''
datadir='${datarootdir}'
datarootdir='${prefix}/share'
docdir='${datarootdir}/doc/${PACKAGE_TARNAME}'
dvidir='${docdir}'
exec_prefix='${prefix}'
host_alias=''
htmldir='${docdir}'
includedir='${prefix}/include'
infodir='${datarootdir}/info'
install_sh='${SHELL} /Users/esjung/Downloads/globus_toolkit-6.0.1430141288/gram/jobmanager/auditing/source/build-aux/install-sh'
libdir='${exec_prefix}/lib'
libexecdir='${exec_prefix}/libexec'
localedir='${datarootdir}/locale'
localstatedir='${prefix}/var'
mandir='${datarootdir}/man'
mkdir_p='$(MKDIR_P)'
oldincludedir='/usr/include'
pdfdir='${docdir}'
prefix='/usr/local/globus-6'
program_transform_name='s,x,x,'
psdir='${docdir}'
sbindir='${exec_prefix}/sbin'
sharedstatedir='${prefix}/com'
sysconfdir='${prefix}/etc'
target_alias=''

## ----------- ##
## confdefs.h. ##
## ----------- ##

/* confdefs.h */
#define PACKAGE_NAME "globus_gram_audit"
#define PACKAGE_TARNAME "globus_gram_audit"
#define PACKAGE_VERSION "4.4"
#define PACKAGE_STRING "globus_gram_audit 4.4"
#define PACKAGE_BUGREPORT "https://globus.atlassian.net/"
#define PACKAGE_URL ""
#define PACKAGE "globus_gram_audit"
#define VERSION "4.4"

configure: exit 0
