This file contains any messages produced by compilers while
running configure, to aid debugging if configure makes a mistake.

It was created by globus_gatekeeper configure 10.10, which was
generated by GNU Autoconf 2.69.  Invocation command line was

  $ ./configure --disable-option-checking --prefix=/usr/local/globus-6 --enable-ltdl-install --cache-file=/dev/null --srcdir=.

## --------- ##
## Platform. ##
## --------- ##

hostname = mcswl096.mcs.anl.gov
uname -m = x86_64
uname -r = 14.3.0
uname -s = Darwin
uname -v = Darwin Kernel Version 14.3.0: Mon Mar 23 11:59:05 PDT 2015; root:xnu-2782.20.48~5/RELEASE_X86_64

/usr/bin/uname -p = i386
/bin/uname -X     = unknown

/bin/arch              = unknown
/usr/bin/arch -k       = unknown
/usr/convex/getsysinfo = unknown
/usr/bin/hostinfo      = Mach kernel version:
	 Darwin Kernel Version 14.3.0: Mon Mar 23 11:59:05 PDT 2015; root:xnu-2782.20.48~5/RELEASE_X86_64
Kernel configured for up to 4 processors.
2 processors are physically available.
4 processors are logically available.
Processor type: i486 (Intel 80486)
Processors active: 0 1 2 3
Primary memory available: 4.00 gigabytes
Default processor set: 213 tasks, 1258 threads, 4 processors
Load average: 2.25, Mach factor: 1.82
/bin/machine           = unknown
/usr/bin/oslevel       = unknown
/bin/universe          = unknown

PATH: /opt/local/bin
PATH: /opt/local/sbin
PATH: /Library/Frameworks/Python.framework/Versions/3.4/bin
PATH: /opt/local/bin
PATH: /opt/local/sbin
PATH: /usr/local/bin
PATH: /usr/bin
PATH: /bin
PATH: /usr/sbin
PATH: /sbin
PATH: /opt/X11/bin
PATH: /Library/Globus/bin
PATH: /Library/Globus/sbin
PATH: /usr/texbin


## ----------- ##
## Core tests. ##
## ----------- ##

configure:2320: checking for a BSD-compatible install
configure:2388: result: /usr/bin/install -c
configure:2399: checking whether build environment is sane
configure:2454: result: yes
configure:2605: checking for a thread-safe mkdir -p
configure:2644: result: build-aux/install-sh -c -d
configure:2651: checking for gawk
configure:2667: found /opt/local/bin/gawk
configure:2678: result: gawk
configure:2689: checking whether make sets $(MAKE)
configure:2711: result: yes
configure:2740: checking whether make supports nested variables
configure:2757: result: yes
configure:2836: checking how to create a pax tar archive
configure:2847: tar --version
bsdtar 2.8.3 - libarchive 2.8.3
configure:2850: $? = 0
configure:2890: tardir=conftest.dir && eval tar --format=posix -chf - "$tardir" >conftest.tar
configure:2893: $? = 0
configure:2897: tar -xf - <conftest.tar
configure:2900: $? = 0
configure:2902: cat conftest.dir/file
GrepMe
configure:2905: $? = 0
configure:2918: result: gnutar
configure:2996: checking build system type
configure:3010: result: x86_64-apple-darwin14.3.0
configure:3030: checking host system type
configure:3043: result: x86_64-apple-darwin14.3.0
configure:3084: checking how to print strings
configure:3111: result: printf
configure:3144: checking for style of include used by make
configure:3172: result: GNU
configure:3243: checking for gcc
configure:3259: found /usr/bin/gcc
configure:3270: result: gcc
configure:3499: checking for C compiler version
configure:3508: gcc --version >&5
Apple LLVM version 6.1.0 (clang-602.0.49) (based on LLVM 3.6.0svn)
Target: x86_64-apple-darwin14.3.0
Thread model: posix
Configured with: --prefix=/Applications/Xcode.app/Contents/Developer//usr --with-gxx-include-dir=/usr/include/c++/4.2.1
configure:3519: $? = 0
configure:3508: gcc -v >&5
Configured with: --prefix=/Applications/Xcode.app/Contents/Developer//usr --with-gxx-include-dir=/usr/include/c++/4.2.1
Apple LLVM version 6.1.0 (clang-602.0.49) (based on LLVM 3.6.0svn)
Target: x86_64-apple-darwin14.3.0
Thread model: posix
configure:3519: $? = 0
configure:3508: gcc -V >&5
clang: error: argument to '-V' is missing (expected 1 value)
clang: error: no input files
configure:3519: $? = 1
configure:3508: gcc -qversion >&5
clang: error: unknown argument: '-qversion'
clang: error: no input files
configure:3519: $? = 1
configure:3539: checking whether the C compiler works
configure:3561: gcc    conftest.c  >&5
configure:3565: $? = 0
configure:3613: result: yes
configure:3616: checking for C compiler default output file name
configure:3618: result: a.out
configure:3624: checking for suffix of executables
configure:3631: gcc -o conftest    conftest.c  >&5
configure:3635: $? = 0
configure:3657: result: 
configure:3679: checking whether we are cross compiling
configure:3687: gcc -o conftest    conftest.c  >&5
configure:3691: $? = 0
configure:3698: ./conftest
configure:3702: $? = 0
configure:3717: result: no
configure:3722: checking for suffix of object files
configure:3744: gcc -c   conftest.c >&5
configure:3748: $? = 0
configure:3769: result: o
configure:3773: checking whether we are using the GNU C compiler
configure:3792: gcc -c   conftest.c >&5
configure:3792: $? = 0
configure:3801: result: yes
configure:3810: checking whether gcc accepts -g
configure:3830: gcc -c -g  conftest.c >&5
configure:3830: $? = 0
configure:3871: result: yes
configure:3888: checking for gcc option to accept ISO C89
configure:3951: gcc  -c -g -O2  conftest.c >&5
configure:3951: $? = 0
configure:3964: result: none needed
configure:3989: checking whether gcc understands -c and -o together
configure:4011: gcc -c conftest.c -o conftest2.o
configure:4014: $? = 0
configure:4011: gcc -c conftest.c -o conftest2.o
configure:4014: $? = 0
configure:4026: result: yes
configure:4045: checking dependency style of gcc
configure:4156: result: gcc3
configure:4171: checking for a sed that does not truncate output
configure:4235: result: /opt/local/bin/gsed
configure:4253: checking for grep that handles long lines and -e
configure:4311: result: /opt/local/bin/grep
configure:4316: checking for egrep
configure:4378: result: /opt/local/bin/grep -E
configure:4383: checking for fgrep
configure:4445: result: /opt/local/bin/grep -F
configure:4480: checking for ld used by gcc
configure:4547: result: /Applications/Xcode.app/Contents/Developer/Toolchains/XcodeDefault.xctoolchain/usr/bin/ld
configure:4554: checking if the linker (/Applications/Xcode.app/Contents/Developer/Toolchains/XcodeDefault.xctoolchain/usr/bin/ld) is GNU ld
configure:4569: result: no
configure:4581: checking for BSD- or MS-compatible name lister (nm)
configure:4630: result: /opt/local/bin/nm
configure:4760: checking the name lister (/opt/local/bin/nm) interface
configure:4767: gcc -c -g -O2  conftest.c >&5
configure:4770: /opt/local/bin/nm "conftest.o"
configure:4773: output
0000000000000210 S _some_variable
configure:4780: result: BSD nm
configure:4783: checking whether ln -s works
configure:4787: result: yes
configure:4795: checking the maximum length of command line arguments
configure:4925: result: 196608
configure:4942: checking whether the shell understands some XSI constructs
configure:4952: result: yes
configure:4956: checking whether the shell understands "+="
configure:4962: result: yes
configure:4997: checking how to convert x86_64-apple-darwin14.3.0 file names to x86_64-apple-darwin14.3.0 format
configure:5037: result: func_convert_file_noop
configure:5044: checking how to convert x86_64-apple-darwin14.3.0 file names to toolchain format
configure:5064: result: func_convert_file_noop
configure:5071: checking for /Applications/Xcode.app/Contents/Developer/Toolchains/XcodeDefault.xctoolchain/usr/bin/ld option to reload object files
configure:5078: result: -r
configure:5152: checking for objdump
configure:5182: result: no
configure:5208: checking how to recognize dependent libraries
configure:5410: result: pass_all
configure:5495: checking for dlltool
configure:5525: result: no
configure:5552: checking how to associate runtime and link libraries
configure:5579: result: printf %s\n
configure:5640: checking for ar
configure:5656: found /opt/local/bin/ar
configure:5667: result: ar
configure:5704: checking for archiver @FILE support
configure:5721: gcc -c -g -O2  conftest.c >&5
configure:5721: $? = 0
configure:5724: ar cru libconftest.a @conftest.lst >&5
ar: @conftest.lst: No such file or directory
configure:5727: $? = 1
configure:5747: result: no
configure:5805: checking for strip
configure:5821: found /opt/local/bin/strip
configure:5832: result: strip
configure:5904: checking for ranlib
configure:5920: found /opt/local/bin/ranlib
configure:5931: result: ranlib
configure:6033: checking command to parse /opt/local/bin/nm output from gcc object
configure:6153: gcc -c -g -O2  conftest.c >&5
configure:6156: $? = 0
configure:6160: /opt/local/bin/nm conftest.o \| sed -n -e 's/^.*[ ]\([BCDEGRST][BCDEGRST]*\)[ ][ ]*\([_A-Za-z][_A-Za-z0-9]*\)$/\1 \2 \2/p' | sed '/ __gnu_lto/d' \> conftest.nm
configure:6163: $? = 0
cannot find nm_test_var in conftest.nm
configure:6153: gcc -c -g -O2  conftest.c >&5
configure:6156: $? = 0
configure:6160: /opt/local/bin/nm conftest.o \| sed -n -e 's/^.*[ ]\([BCDEGRST][BCDEGRST]*\)[ ][ ]*_\([_A-Za-z][_A-Za-z0-9]*\)$/\1 _\2 \2/p' | sed '/ __gnu_lto/d' \> conftest.nm
configure:6163: $? = 0
configure:6229: gcc -o conftest -g -O2   conftest.c conftstm.o >&5
configure:6232: $? = 0
configure:6270: result: ok
configure:6307: checking for sysroot
configure:6337: result: no
configure:6599: checking for mt
configure:6629: result: no
configure:6649: checking if : is a manifest tool
configure:6655: : '-?'
configure:6663: result: no
configure:6719: checking for dsymutil
configure:6735: found /usr/bin/dsymutil
configure:6746: result: dsymutil
configure:6811: checking for nmedit
configure:6827: found /opt/local/bin/nmedit
configure:6838: result: nmedit
configure:6903: checking for lipo
configure:6919: found /opt/local/bin/lipo
configure:6930: result: lipo
configure:6995: checking for otool
configure:7011: found /opt/local/bin/otool
configure:7022: result: otool
configure:7087: checking for otool64
configure:7117: result: no
configure:7162: checking for -single_module linker flag
gcc -g -O2  -o libconftest.dylib -dynamiclib -Wl,-single_module conftest.c
configure:7195: result: yes
configure:7198: checking for -exported_symbols_list linker flag
configure:7218: gcc -o conftest -g -O2   -Wl,-exported_symbols_list,conftest.sym conftest.c  >&5
configure:7218: $? = 0
configure:7228: result: yes
configure:7231: checking for -force_load linker flag
gcc -g -O2 -c -o conftest.o conftest.c
ar cru libconftest.a conftest.o
ranlib libconftest.a
gcc -g -O2  -o conftest conftest.c -Wl,-force_load,./libconftest.a
configure:7263: result: yes
configure:7305: checking how to run the C preprocessor
configure:7336: gcc -E  conftest.c
configure:7336: $? = 0
configure:7350: gcc -E  conftest.c
conftest.c:11:10: fatal error: 'ac_nonexistent.h' file not found
#include <ac_nonexistent.h>
         ^
1 error generated.
configure:7350: $? = 1
configure: failed program was:
| /* confdefs.h */
| #define PACKAGE_NAME "globus_gatekeeper"
| #define PACKAGE_TARNAME "globus_gatekeeper"
| #define PACKAGE_VERSION "10.10"
| #define PACKAGE_STRING "globus_gatekeeper 10.10"
| #define PACKAGE_BUGREPORT "https://globus.atlassian.net/"
| #define PACKAGE_URL ""
| #define PACKAGE "globus_gatekeeper"
| #define VERSION "10.10"
| /* end confdefs.h.  */
| #include <ac_nonexistent.h>
configure:7375: result: gcc -E
configure:7395: gcc -E  conftest.c
configure:7395: $? = 0
configure:7409: gcc -E  conftest.c
conftest.c:11:10: fatal error: 'ac_nonexistent.h' file not found
#include <ac_nonexistent.h>
         ^
1 error generated.
configure:7409: $? = 1
configure: failed program was:
| /* confdefs.h */
| #define PACKAGE_NAME "globus_gatekeeper"
| #define PACKAGE_TARNAME "globus_gatekeeper"
| #define PACKAGE_VERSION "10.10"
| #define PACKAGE_STRING "globus_gatekeeper 10.10"
| #define PACKAGE_BUGREPORT "https://globus.atlassian.net/"
| #define PACKAGE_URL ""
| #define PACKAGE "globus_gatekeeper"
| #define VERSION "10.10"
| /* end confdefs.h.  */
| #include <ac_nonexistent.h>
configure:7438: checking for ANSI C header files
configure:7458: gcc -c -g -O2  conftest.c >&5
configure:7458: $? = 0
configure:7531: gcc -o conftest -g -O2   conftest.c  >&5
configure:7531: $? = 0
configure:7531: ./conftest
configure:7531: $? = 0
configure:7542: result: yes
configure:7555: checking for sys/types.h
configure:7555: gcc -c -g -O2  conftest.c >&5
configure:7555: $? = 0
configure:7555: result: yes
configure:7555: checking for sys/stat.h
configure:7555: gcc -c -g -O2  conftest.c >&5
configure:7555: $? = 0
configure:7555: result: yes
configure:7555: checking for stdlib.h
configure:7555: gcc -c -g -O2  conftest.c >&5
configure:7555: $? = 0
configure:7555: result: yes
configure:7555: checking for string.h
configure:7555: gcc -c -g -O2  conftest.c >&5
configure:7555: $? = 0
configure:7555: result: yes
configure:7555: checking for memory.h
configure:7555: gcc -c -g -O2  conftest.c >&5
configure:7555: $? = 0
configure:7555: result: yes
configure:7555: checking for strings.h
configure:7555: gcc -c -g -O2  conftest.c >&5
configure:7555: $? = 0
configure:7555: result: yes
configure:7555: checking for inttypes.h
configure:7555: gcc -c -g -O2  conftest.c >&5
configure:7555: $? = 0
configure:7555: result: yes
configure:7555: checking for stdint.h
configure:7555: gcc -c -g -O2  conftest.c >&5
configure:7555: $? = 0
configure:7555: result: yes
configure:7555: checking for unistd.h
configure:7555: gcc -c -g -O2  conftest.c >&5
configure:7555: $? = 0
configure:7555: result: yes
configure:7569: checking for dlfcn.h
configure:7569: gcc -c -g -O2  conftest.c >&5
configure:7569: $? = 0
configure:7569: result: yes
configure:8072: checking for objdir
configure:8087: result: .libs
configure:8354: checking if gcc supports -fno-rtti -fno-exceptions
configure:8372: gcc -c -g -O2  -fno-rtti -fno-exceptions conftest.c >&5
configure:8376: $? = 0
configure:8389: result: yes
configure:8716: checking for gcc option to produce PIC
configure:8723: result: -fno-common -DPIC
configure:8731: checking if gcc PIC flag -fno-common -DPIC works
configure:8749: gcc -c -g -O2  -fno-common -DPIC -DPIC conftest.c >&5
configure:8753: $? = 0
configure:8766: result: yes
configure:8795: checking if gcc static flag -static works
configure:8823: result: no
configure:8838: checking if gcc supports -c -o file.o
configure:8859: gcc -c -g -O2  -o out/conftest2.o conftest.c >&5
configure:8863: $? = 0
configure:8885: result: yes
configure:8893: checking if gcc supports -c -o file.o
configure:8940: result: yes
configure:8973: checking whether the gcc linker (/Applications/Xcode.app/Contents/Developer/Toolchains/XcodeDefault.xctoolchain/usr/bin/ld) supports shared libraries
configure:10126: result: yes
configure:10366: checking dynamic linker characteristics
configure:11103: result: darwin14.3.0 dyld
configure:11210: checking how to hardcode library paths into programs
configure:11235: result: immediate
configure:11280: checking for dlopen in -ldl
configure:11305: gcc -o conftest -g -O2   conftest.c -ldl   >&5
configure:11305: $? = 0
configure:11314: result: yes
configure:11529: checking whether a program can dlopen itself
configure:11609: gcc -o conftest -g -O2  -DHAVE_DLFCN_H   conftest.c -ldl  >&5
configure:11612: $? = 0
configure:11630: result: yes
configure:11635: checking whether a statically linked program can dlopen itself
configure:11715: gcc -o conftest -g -O2  -DHAVE_DLFCN_H    conftest.c -ldl  >&5
configure:11718: $? = 0
configure:11736: result: yes
configure:11775: checking whether stripping libraries is possible
configure:11789: result: yes
configure:11815: checking if libtool supports shared libraries
configure:11817: result: yes
configure:11820: checking whether to build shared libraries
configure:11841: result: yes
configure:11844: checking whether to build static libraries
configure:11848: result: yes
configure:11949: checking for pkg-config
configure:11967: found /opt/local/bin/pkg-config
configure:11979: result: /opt/local/bin/pkg-config
configure:12004: checking pkg-config is at least version 0.9.0
configure:12007: result: yes
configure:12017: checking for PACKAGE_DEP
configure:12024: $PKG_CONFIG --exists --print-errors "$PACKAGE_DEPS"
configure:12027: $? = 0
configure:12041: $PKG_CONFIG --exists --print-errors "$PACKAGE_DEPS"
configure:12044: $? = 0
configure:12102: result: yes
configure:12109: checking proj.h usability
configure:12109: gcc -c -g -O2  conftest.c >&5
conftest.c:56:10: fatal error: 'proj.h' file not found
#include <proj.h>
         ^
1 error generated.
configure:12109: $? = 1
configure: failed program was:
| /* confdefs.h */
| #define PACKAGE_NAME "globus_gatekeeper"
| #define PACKAGE_TARNAME "globus_gatekeeper"
| #define PACKAGE_VERSION "10.10"
| #define PACKAGE_STRING "globus_gatekeeper 10.10"
| #define PACKAGE_BUGREPORT "https://globus.atlassian.net/"
| #define PACKAGE_URL ""
| #define PACKAGE "globus_gatekeeper"
| #define VERSION "10.10"
| #define STDC_HEADERS 1
| #define HAVE_SYS_TYPES_H 1
| #define HAVE_SYS_STAT_H 1
| #define HAVE_STDLIB_H 1
| #define HAVE_STRING_H 1
| #define HAVE_MEMORY_H 1
| #define HAVE_STRINGS_H 1
| #define HAVE_INTTYPES_H 1
| #define HAVE_STDINT_H 1
| #define HAVE_UNISTD_H 1
| #define HAVE_DLFCN_H 1
| #define LT_OBJDIR ".libs/"
| /* end confdefs.h.  */
| #include <stdio.h>
| #ifdef HAVE_SYS_TYPES_H
| # include <sys/types.h>
| #endif
| #ifdef HAVE_SYS_STAT_H
| # include <sys/stat.h>
| #endif
| #ifdef STDC_HEADERS
| # include <stdlib.h>
| # include <stddef.h>
| #else
| # ifdef HAVE_STDLIB_H
| #  include <stdlib.h>
| # endif
| #endif
| #ifdef HAVE_STRING_H
| # if !defined STDC_HEADERS && defined HAVE_MEMORY_H
| #  include <memory.h>
| # endif
| # include <string.h>
| #endif
| #ifdef HAVE_STRINGS_H
| # include <strings.h>
| #endif
| #ifdef HAVE_INTTYPES_H
| # include <inttypes.h>
| #endif
| #ifdef HAVE_STDINT_H
| # include <stdint.h>
| #endif
| #ifdef HAVE_UNISTD_H
| # include <unistd.h>
| #endif
| #include <proj.h>
configure:12109: result: no
configure:12109: checking proj.h presence
configure:12109: gcc -E  conftest.c
conftest.c:23:10: fatal error: 'proj.h' file not found
#include <proj.h>
         ^
1 error generated.
configure:12109: $? = 1
configure: failed program was:
| /* confdefs.h */
| #define PACKAGE_NAME "globus_gatekeeper"
| #define PACKAGE_TARNAME "globus_gatekeeper"
| #define PACKAGE_VERSION "10.10"
| #define PACKAGE_STRING "globus_gatekeeper 10.10"
| #define PACKAGE_BUGREPORT "https://globus.atlassian.net/"
| #define PACKAGE_URL ""
| #define PACKAGE "globus_gatekeeper"
| #define VERSION "10.10"
| #define STDC_HEADERS 1
| #define HAVE_SYS_TYPES_H 1
| #define HAVE_SYS_STAT_H 1
| #define HAVE_STDLIB_H 1
| #define HAVE_STRING_H 1
| #define HAVE_MEMORY_H 1
| #define HAVE_STRINGS_H 1
| #define HAVE_INTTYPES_H 1
| #define HAVE_STDINT_H 1
| #define HAVE_UNISTD_H 1
| #define HAVE_DLFCN_H 1
| #define LT_OBJDIR ".libs/"
| /* end confdefs.h.  */
| #include <proj.h>
configure:12109: result: no
configure:12109: checking for proj.h
configure:12109: result: no
configure:12121: checking netinet/tcp.h usability
configure:12121: gcc -c -g -O2  conftest.c >&5
configure:12121: $? = 0
configure:12121: result: yes
configure:12121: checking netinet/tcp.h presence
configure:12121: gcc -E  conftest.c
configure:12121: $? = 0
configure:12121: result: yes
configure:12121: checking for netinet/tcp.h
configure:12121: result: yes
configure:12133: checking for string.h
configure:12133: result: yes
configure:12145: checking for strings.h
configure:12145: result: yes
configure:12157: checking malloc.h usability
configure:12157: gcc -c -g -O2  conftest.c >&5
conftest.c:59:10: fatal error: 'malloc.h' file not found
#include <malloc.h>
         ^
1 error generated.
configure:12157: $? = 1
configure: failed program was:
| /* confdefs.h */
| #define PACKAGE_NAME "globus_gatekeeper"
| #define PACKAGE_TARNAME "globus_gatekeeper"
| #define PACKAGE_VERSION "10.10"
| #define PACKAGE_STRING "globus_gatekeeper 10.10"
| #define PACKAGE_BUGREPORT "https://globus.atlassian.net/"
| #define PACKAGE_URL ""
| #define PACKAGE "globus_gatekeeper"
| #define VERSION "10.10"
| #define STDC_HEADERS 1
| #define HAVE_SYS_TYPES_H 1
| #define HAVE_SYS_STAT_H 1
| #define HAVE_STDLIB_H 1
| #define HAVE_STRING_H 1
| #define HAVE_MEMORY_H 1
| #define HAVE_STRINGS_H 1
| #define HAVE_INTTYPES_H 1
| #define HAVE_STDINT_H 1
| #define HAVE_UNISTD_H 1
| #define HAVE_DLFCN_H 1
| #define LT_OBJDIR ".libs/"
| #define HAVE_NETINET_TCP_H 1
| #define HAVE_STRING_H 1
| #define HAVE_STRINGS_H 1
| /* end confdefs.h.  */
| #include <stdio.h>
| #ifdef HAVE_SYS_TYPES_H
| # include <sys/types.h>
| #endif
| #ifdef HAVE_SYS_STAT_H
| # include <sys/stat.h>
| #endif
| #ifdef STDC_HEADERS
| # include <stdlib.h>
| # include <stddef.h>
| #else
| # ifdef HAVE_STDLIB_H
| #  include <stdlib.h>
| # endif
| #endif
| #ifdef HAVE_STRING_H
| # if !defined STDC_HEADERS && defined HAVE_MEMORY_H
| #  include <memory.h>
| # endif
| # include <string.h>
| #endif
| #ifdef HAVE_STRINGS_H
| # include <strings.h>
| #endif
| #ifdef HAVE_INTTYPES_H
| # include <inttypes.h>
| #endif
| #ifdef HAVE_STDINT_H
| # include <stdint.h>
| #endif
| #ifdef HAVE_UNISTD_H
| # include <unistd.h>
| #endif
| #include <malloc.h>
configure:12157: result: no
configure:12157: checking malloc.h presence
configure:12157: gcc -E  conftest.c
conftest.c:26:10: fatal error: 'malloc.h' file not found
#include <malloc.h>
         ^
1 error generated.
configure:12157: $? = 1
configure: failed program was:
| /* confdefs.h */
| #define PACKAGE_NAME "globus_gatekeeper"
| #define PACKAGE_TARNAME "globus_gatekeeper"
| #define PACKAGE_VERSION "10.10"
| #define PACKAGE_STRING "globus_gatekeeper 10.10"
| #define PACKAGE_BUGREPORT "https://globus.atlassian.net/"
| #define PACKAGE_URL ""
| #define PACKAGE "globus_gatekeeper"
| #define VERSION "10.10"
| #define STDC_HEADERS 1
| #define HAVE_SYS_TYPES_H 1
| #define HAVE_SYS_STAT_H 1
| #define HAVE_STDLIB_H 1
| #define HAVE_STRING_H 1
| #define HAVE_MEMORY_H 1
| #define HAVE_STRINGS_H 1
| #define HAVE_INTTYPES_H 1
| #define HAVE_STDINT_H 1
| #define HAVE_UNISTD_H 1
| #define HAVE_DLFCN_H 1
| #define LT_OBJDIR ".libs/"
| #define HAVE_NETINET_TCP_H 1
| #define HAVE_STRING_H 1
| #define HAVE_STRINGS_H 1
| /* end confdefs.h.  */
| #include <malloc.h>
configure:12157: result: no
configure:12157: checking for malloc.h
configure:12157: result: no
configure:12169: checking netinet/in/system.h usability
configure:12169: gcc -c -g -O2  conftest.c >&5
conftest.c:59:10: fatal error: 'netinet/in/system.h' file not found
#include <netinet/in/system.h>
         ^
1 error generated.
configure:12169: $? = 1
configure: failed program was:
| /* confdefs.h */
| #define PACKAGE_NAME "globus_gatekeeper"
| #define PACKAGE_TARNAME "globus_gatekeeper"
| #define PACKAGE_VERSION "10.10"
| #define PACKAGE_STRING "globus_gatekeeper 10.10"
| #define PACKAGE_BUGREPORT "https://globus.atlassian.net/"
| #define PACKAGE_URL ""
| #define PACKAGE "globus_gatekeeper"
| #define VERSION "10.10"
| #define STDC_HEADERS 1
| #define HAVE_SYS_TYPES_H 1
| #define HAVE_SYS_STAT_H 1
| #define HAVE_STDLIB_H 1
| #define HAVE_STRING_H 1
| #define HAVE_MEMORY_H 1
| #define HAVE_STRINGS_H 1
| #define HAVE_INTTYPES_H 1
| #define HAVE_STDINT_H 1
| #define HAVE_UNISTD_H 1
| #define HAVE_DLFCN_H 1
| #define LT_OBJDIR ".libs/"
| #define HAVE_NETINET_TCP_H 1
| #define HAVE_STRING_H 1
| #define HAVE_STRINGS_H 1
| /* end confdefs.h.  */
| #include <stdio.h>
| #ifdef HAVE_SYS_TYPES_H
| # include <sys/types.h>
| #endif
| #ifdef HAVE_SYS_STAT_H
| # include <sys/stat.h>
| #endif
| #ifdef STDC_HEADERS
| # include <stdlib.h>
| # include <stddef.h>
| #else
| # ifdef HAVE_STDLIB_H
| #  include <stdlib.h>
| # endif
| #endif
| #ifdef HAVE_STRING_H
| # if !defined STDC_HEADERS && defined HAVE_MEMORY_H
| #  include <memory.h>
| # endif
| # include <string.h>
| #endif
| #ifdef HAVE_STRINGS_H
| # include <strings.h>
| #endif
| #ifdef HAVE_INTTYPES_H
| # include <inttypes.h>
| #endif
| #ifdef HAVE_STDINT_H
| # include <stdint.h>
| #endif
| #ifdef HAVE_UNISTD_H
| # include <unistd.h>
| #endif
| #include <netinet/in/system.h>
configure:12169: result: no
configure:12169: checking netinet/in/system.h presence
configure:12169: gcc -E  conftest.c
conftest.c:26:10: fatal error: 'netinet/in/system.h' file not found
#include <netinet/in/system.h>
         ^
1 error generated.
configure:12169: $? = 1
configure: failed program was:
| /* confdefs.h */
| #define PACKAGE_NAME "globus_gatekeeper"
| #define PACKAGE_TARNAME "globus_gatekeeper"
| #define PACKAGE_VERSION "10.10"
| #define PACKAGE_STRING "globus_gatekeeper 10.10"
| #define PACKAGE_BUGREPORT "https://globus.atlassian.net/"
| #define PACKAGE_URL ""
| #define PACKAGE "globus_gatekeeper"
| #define VERSION "10.10"
| #define STDC_HEADERS 1
| #define HAVE_SYS_TYPES_H 1
| #define HAVE_SYS_STAT_H 1
| #define HAVE_STDLIB_H 1
| #define HAVE_STRING_H 1
| #define HAVE_MEMORY_H 1
| #define HAVE_STRINGS_H 1
| #define HAVE_INTTYPES_H 1
| #define HAVE_STDINT_H 1
| #define HAVE_UNISTD_H 1
| #define HAVE_DLFCN_H 1
| #define LT_OBJDIR ".libs/"
| #define HAVE_NETINET_TCP_H 1
| #define HAVE_STRING_H 1
| #define HAVE_STRINGS_H 1
| /* end confdefs.h.  */
| #include <netinet/in/system.h>
configure:12169: result: no
configure:12169: checking for netinet/in/system.h
configure:12169: result: no
configure:12181: checking netinet/in/systm.h usability
configure:12181: gcc -c -g -O2  conftest.c >&5
conftest.c:59:10: fatal error: 'netinet/in/systm.h' file not found
#include <netinet/in/systm.h>
         ^
1 error generated.
configure:12181: $? = 1
configure: failed program was:
| /* confdefs.h */
| #define PACKAGE_NAME "globus_gatekeeper"
| #define PACKAGE_TARNAME "globus_gatekeeper"
| #define PACKAGE_VERSION "10.10"
| #define PACKAGE_STRING "globus_gatekeeper 10.10"
| #define PACKAGE_BUGREPORT "https://globus.atlassian.net/"
| #define PACKAGE_URL ""
| #define PACKAGE "globus_gatekeeper"
| #define VERSION "10.10"
| #define STDC_HEADERS 1
| #define HAVE_SYS_TYPES_H 1
| #define HAVE_SYS_STAT_H 1
| #define HAVE_STDLIB_H 1
| #define HAVE_STRING_H 1
| #define HAVE_MEMORY_H 1
| #define HAVE_STRINGS_H 1
| #define HAVE_INTTYPES_H 1
| #define HAVE_STDINT_H 1
| #define HAVE_UNISTD_H 1
| #define HAVE_DLFCN_H 1
| #define LT_OBJDIR ".libs/"
| #define HAVE_NETINET_TCP_H 1
| #define HAVE_STRING_H 1
| #define HAVE_STRINGS_H 1
| /* end confdefs.h.  */
| #include <stdio.h>
| #ifdef HAVE_SYS_TYPES_H
| # include <sys/types.h>
| #endif
| #ifdef HAVE_SYS_STAT_H
| # include <sys/stat.h>
| #endif
| #ifdef STDC_HEADERS
| # include <stdlib.h>
| # include <stddef.h>
| #else
| # ifdef HAVE_STDLIB_H
| #  include <stdlib.h>
| # endif
| #endif
| #ifdef HAVE_STRING_H
| # if !defined STDC_HEADERS && defined HAVE_MEMORY_H
| #  include <memory.h>
| # endif
| # include <string.h>
| #endif
| #ifdef HAVE_STRINGS_H
| # include <strings.h>
| #endif
| #ifdef HAVE_INTTYPES_H
| # include <inttypes.h>
| #endif
| #ifdef HAVE_STDINT_H
| # include <stdint.h>
| #endif
| #ifdef HAVE_UNISTD_H
| # include <unistd.h>
| #endif
| #include <netinet/in/systm.h>
configure:12181: result: no
configure:12181: checking netinet/in/systm.h presence
configure:12181: gcc -E  conftest.c
conftest.c:26:10: fatal error: 'netinet/in/systm.h' file not found
#include <netinet/in/systm.h>
         ^
1 error generated.
configure:12181: $? = 1
configure: failed program was:
| /* confdefs.h */
| #define PACKAGE_NAME "globus_gatekeeper"
| #define PACKAGE_TARNAME "globus_gatekeeper"
| #define PACKAGE_VERSION "10.10"
| #define PACKAGE_STRING "globus_gatekeeper 10.10"
| #define PACKAGE_BUGREPORT "https://globus.atlassian.net/"
| #define PACKAGE_URL ""
| #define PACKAGE "globus_gatekeeper"
| #define VERSION "10.10"
| #define STDC_HEADERS 1
| #define HAVE_SYS_TYPES_H 1
| #define HAVE_SYS_STAT_H 1
| #define HAVE_STDLIB_H 1
| #define HAVE_STRING_H 1
| #define HAVE_MEMORY_H 1
| #define HAVE_STRINGS_H 1
| #define HAVE_INTTYPES_H 1
| #define HAVE_STDINT_H 1
| #define HAVE_UNISTD_H 1
| #define HAVE_DLFCN_H 1
| #define LT_OBJDIR ".libs/"
| #define HAVE_NETINET_TCP_H 1
| #define HAVE_STRING_H 1
| #define HAVE_STRINGS_H 1
| /* end confdefs.h.  */
| #include <netinet/in/systm.h>
configure:12181: result: no
configure:12181: checking for netinet/in/systm.h
configure:12181: result: no
configure:12193: checking netinet/ip.h usability
configure:12193: gcc -c -g -O2  conftest.c >&5
configure:12193: $? = 0
configure:12193: result: yes
configure:12193: checking netinet/ip.h presence
configure:12193: gcc -E  conftest.c
configure:12193: $? = 0
configure:12193: result: yes
configure:12193: checking for netinet/ip.h
configure:12193: result: yes
configure:12205: checking for netinet/tcp.h
configure:12205: result: yes
configure:12217: checking paths.h usability
configure:12217: gcc -c -g -O2  conftest.c >&5
configure:12217: $? = 0
configure:12217: result: yes
configure:12217: checking paths.h presence
configure:12217: gcc -E  conftest.c
configure:12217: $? = 0
configure:12217: result: yes
configure:12217: checking for paths.h
configure:12217: result: yes
configure:12229: checking sys/resource.h usability
configure:12229: gcc -c -g -O2  conftest.c >&5
configure:12229: $? = 0
configure:12229: result: yes
configure:12229: checking sys/resource.h presence
configure:12229: gcc -E  conftest.c
configure:12229: $? = 0
configure:12229: result: yes
configure:12229: checking for sys/resource.h
configure:12229: result: yes
configure:12241: checking sys/select.h usability
configure:12241: gcc -c -g -O2  conftest.c >&5
configure:12241: $? = 0
configure:12241: result: yes
configure:12241: checking sys/select.h presence
configure:12241: gcc -E  conftest.c
configure:12241: $? = 0
configure:12241: result: yes
configure:12241: checking for sys/select.h
configure:12241: result: yes
configure:12253: checking sys/time.h usability
configure:12253: gcc -c -g -O2  conftest.c >&5
configure:12253: $? = 0
configure:12253: result: yes
configure:12253: checking sys/time.h presence
configure:12253: gcc -E  conftest.c
configure:12253: $? = 0
configure:12253: result: yes
configure:12253: checking for sys/time.h
configure:12253: result: yes
configure:12265: checking for unistd.h
configure:12265: result: yes
configure:12278: checking for dirent.h that defines DIR
configure:12297: gcc -c -g -O2  conftest.c >&5
configure:12297: $? = 0
configure:12305: result: yes
configure:12318: checking for library containing opendir
configure:12349: gcc -o conftest -g -O2   conftest.c  >&5
configure:12349: $? = 0
configure:12366: result: none required
configure:12434: checking for sys/wait.h that is POSIX.1 compatible
configure:12460: gcc -c -g -O2  conftest.c >&5
configure:12460: $? = 0
configure:12467: result: yes
configure:12477: checking for waitpid
configure:12477: gcc -o conftest -g -O2   conftest.c  >&5
configure:12477: $? = 0
configure:12477: result: yes
configure:12488: checking for wait3
configure:12488: gcc -o conftest -g -O2   conftest.c  >&5
configure:12488: $? = 0
configure:12488: result: yes
configure:12497: checking for ANSI C header files
configure:12601: result: yes
configure:12727: checking for xsltproc
configure:12745: found /opt/local/bin/xsltproc
configure:12757: result: /opt/local/bin/xsltproc
configure:12767: checking for xmllint
configure:12785: found /opt/local/bin/xmllint
configure:12797: result: /opt/local/bin/xmllint
configure:12805: checking docbook dtd
configure:12820: result: no
configure:12824: checking docbook xsl
configure:12839: result: no
configure:12966: checking that generated files are newer than configure
configure:12972: result: done
configure:13003: creating ./config.status

## ---------------------- ##
## Running config.status. ##
## ---------------------- ##

This file was extended by globus_gatekeeper config.status 10.10, which was
generated by GNU Autoconf 2.69.  Invocation command line was

  CONFIG_FILES    = 
  CONFIG_HEADERS  = 
  CONFIG_LINKS    = 
  CONFIG_COMMANDS = 
  $ ./config.status 

on mcswl096.mcs.anl.gov

config.status:1171: creating globus-gatekeeper-uninstalled.pc
config.status:1171: creating globus-gatekeeper.pc
config.status:1171: creating init/Makefile
config.status:1171: creating init/globus-gatekeeper-lsb
config.status:1171: creating init/globus-gatekeeper-nolsb
config.status:1171: creating config/Makefile
config.status:1171: creating config/globus-gatekeeper
config.status:1171: creating config/globus-gatekeeper.conf
config.status:1171: creating Makefile
config.status:1171: creating globus_gatekeeper_config.h
config.status:1400: executing depfiles commands
config.status:1400: executing libtool commands

## ---------------- ##
## Cache variables. ##
## ---------------- ##

ac_cv_build=x86_64-apple-darwin14.3.0
ac_cv_c_compiler_gnu=yes
ac_cv_env_CC_set=
ac_cv_env_CC_value=
ac_cv_env_CFLAGS_set=
ac_cv_env_CFLAGS_value=
ac_cv_env_CPPFLAGS_set=
ac_cv_env_CPPFLAGS_value=
ac_cv_env_CPP_set=
ac_cv_env_CPP_value=
ac_cv_env_LDFLAGS_set=
ac_cv_env_LDFLAGS_value=
ac_cv_env_LIBS_set=
ac_cv_env_LIBS_value=
ac_cv_env_PACKAGE_DEP_CFLAGS_set=
ac_cv_env_PACKAGE_DEP_CFLAGS_value=
ac_cv_env_PACKAGE_DEP_LIBS_set=
ac_cv_env_PACKAGE_DEP_LIBS_value=
ac_cv_env_PKG_CONFIG_LIBDIR_set=
ac_cv_env_PKG_CONFIG_LIBDIR_value=
ac_cv_env_PKG_CONFIG_PATH_set=set
ac_cv_env_PKG_CONFIG_PATH_value=/Users/esjung/Downloads/globus_toolkit-6.0.1430141288/common/source:/Users/esjung/Downloads/globus_toolkit-6.0.1430141288/xio/src:/Users/esjung/Downloads/globus_toolkit-6.0.1430141288/gridftp/gfork/source:/Users/esjung/Downloads/globus_toolkit-6.0.1430141288/gsi/openssl_error/source:/Users/esjung/Downloads/globus_toolkit-6.0.1430141288/gsi/proxy/proxy_ssl/source:/Users/esjung/Downloads/globus_toolkit-6.0.1430141288/gsi/openssl_module/source:/Users/esjung/Downloads/globus_toolkit-6.0.1430141288/gsi/cert_utils/source:/Users/esjung/Downloads/globus_toolkit-6.0.1430141288/gsi/sysconfig/source:/Users/esjung/Downloads/globus_toolkit-6.0.1430141288/callout/source:/Users/esjung/Downloads/globus_toolkit-6.0.1430141288/gsi/callback/source:/Users/esjung/Downloads/globus_toolkit-6.0.1430141288/gsi/credential/source:/Users/esjung/Downloads/globus_toolkit-6.0.1430141288/gsi/proxy/proxy_core/source:/Users/esjung/Downloads/globus_toolkit-6.0.1430141288/gsi/gssapi/source:/Users/esjung/Downloads/globus_toolkit-6.0.1430141288/gsi/gss_assist/source:/Users/esjung/Downloads/globus_toolkit-6.0.1430141288/gsi/gssapi_error/source:/Users/esjung/Downloads/globus_toolkit-6.0.1430141288/xio/drivers/gsi:/Users/esjung/Downloads/globus_toolkit-6.0.1430141288/io/compat:/Users/esjung/Downloads/globus_toolkit-6.0.1430141288/gridftp/control/source:/Users/esjung/Downloads/globus_toolkit-6.0.1430141288/usage/c/sender/source:/Users/esjung/Downloads/globus_toolkit-6.0.1430141288/xio/drivers/pipe/source:/Users/esjung/Downloads/globus_toolkit-6.0.1430141288/gridftp/server-lib/src:/Users/esjung/Downloads/globus_toolkit-6.0.1430141288/gsi/authz/error:/Users/esjung/Downloads/globus_toolkit-6.0.1430141288/gsi/authz/source:/Users/esjung/Downloads/globus_toolkit-6.0.1430141288/xio/drivers/rate/source:/Users/esjung/Downloads/globus_toolkit-6.0.1430141288/xio/drivers/popen/source:/Users/esjung/Downloads/globus_toolkit-6.0.1430141288/xio/drivers/udt/source:/Users/esjung/Downloads/globus_toolkit-6.0.1430141288/gridftp/net_manager:/Users/esjung/Downloads/globus_toolkit-6.0.1430141288/gridftp/server/src:/Users/esjung/Downloads/globus_toolkit-6.0.1430141288/gram/protocol/source:/Users/esjung/Downloads/globus_toolkit-6.0.1430141288/gram/jobmanager/scheduler_event_generator/source:/Users/esjung/Downloads/globus_toolkit-6.0.1430141288/gram/jobmanager/lrms/lsf/source:/Users/esjung/Downloads/globus_toolkit-6.0.1430141288/gass/transfer/source:/Users/esjung/Downloads/globus_toolkit-6.0.1430141288/gridftp/client/source:/Users/esjung/Downloads/globus_toolkit-6.0.1430141288/gass/copy/source:/Users/esjung/Downloads/globus_toolkit-6.0.1430141288/gass/cache/source:/Users/esjung/Downloads/globus_toolkit-6.0.1430141288/gram/rsl/source:/Users/esjung/Downloads/globus_toolkit-6.0.1430141288/gram/jobmanager/callout_error:/Users/esjung/Downloads/globus_toolkit-6.0.1430141288/gridftp/server/multi/source:/Users/esjung/Downloads/globus_toolkit-6.0.1430141288/gsi/simple_ca/source:/Users/esjung/Downloads/globus_toolkit-6.0.1430141288/gram/jobmanager/lrms/sge/source:/Users/esjung/Downloads/globus_toolkit-6.0.1430141288/gram/jobmanager/scripts:/Users/esjung/Downloads/globus_toolkit-6.0.1430141288/gram/jobmanager/lrms/slurm/source:/Users/esjung/Downloads/globus_toolkit-6.0.1430141288/gsi/gridmap_callout/error:/Users/esjung/Downloads/globus_toolkit-6.0.1430141288/gsi/gridmap_callout/source:/Users/esjung/Downloads/globus_toolkit-6.0.1430141288/gass/server_ez/source:/Users/esjung/Downloads/globus_toolkit-6.0.1430141288/gridftp/gridftp_driver/source:/Users/esjung/Downloads/globus_toolkit-6.0.1430141288/gram/jobmanager/lrms/fork/source:/Users/esjung/Downloads/globus_toolkit-6.0.1430141288/gsi/gridmap_verify_myproxy_callout:/Users/esjung/Downloads/globus_toolkit-6.0.1430141288/gsi/gridmap_eppn_callout:/Users/esjung/Downloads/globus_toolkit-6.0.1430141288/gram/jobmanager/lrms/condor/source:/Users/esjung/Downloads/globus_toolkit-6.0.1430141288/gsi/proxy/proxy_utils/source:/Users/esjung/Downloads/globus_toolkit-6.0.1430141288/gram/client/source:/Users/esjung/Downloads/globus_toolkit-6.0.1430141288/xio/xioperf/source:/Users/esjung/Downloads/globus_toolkit-6.0.1430141288/gram/gatekeeper/source:/Users/esjung/Downloads/globus_toolkit-6.0.1430141288/gass/cache_program/source:/Users/esjung/Downloads/globus_toolkit-6.0.1430141288/gram/jobmanager/lrms/pbs/source:/Users/esjung/Downloads/globus_toolkit-6.0.1430141288/gram/jobmanager/auditing/source:/Users/esjung/Downloads/globus_toolkit-6.0.1430141288/myproxy/source:/Users/esjung/Downloads/globus_toolkit-6.0.1430141288/gsi_openssh/source:/Users/esjung/Downloads/globus_toolkit-6.0.1430141288/gram/client_tools/source:/Users/esjung/Downloads/globus_toolkit-6.0.1430141288/gram/jobmanager/source:/Users/esjung/Downloads/globus_toolkit-6.0.1430141288/gridftp/hdfs
ac_cv_env_PKG_CONFIG_set=
ac_cv_env_PKG_CONFIG_value=
ac_cv_env_build_alias_set=
ac_cv_env_build_alias_value=
ac_cv_env_host_alias_set=
ac_cv_env_host_alias_value=
ac_cv_env_target_alias_set=
ac_cv_env_target_alias_value=
ac_cv_func_wait3=yes
ac_cv_func_waitpid=yes
ac_cv_header_dirent_dirent_h=yes
ac_cv_header_dlfcn_h=yes
ac_cv_header_inttypes_h=yes
ac_cv_header_malloc_h=no
ac_cv_header_memory_h=yes
ac_cv_header_netinet_in_system_h=no
ac_cv_header_netinet_in_systm_h=no
ac_cv_header_netinet_ip_h=yes
ac_cv_header_netinet_tcp_h=yes
ac_cv_header_paths_h=yes
ac_cv_header_proj_h=no
ac_cv_header_stdc=yes
ac_cv_header_stdint_h=yes
ac_cv_header_stdlib_h=yes
ac_cv_header_string_h=yes
ac_cv_header_strings_h=yes
ac_cv_header_sys_resource_h=yes
ac_cv_header_sys_select_h=yes
ac_cv_header_sys_stat_h=yes
ac_cv_header_sys_time_h=yes
ac_cv_header_sys_types_h=yes
ac_cv_header_sys_wait_h=yes
ac_cv_header_unistd_h=yes
ac_cv_host=x86_64-apple-darwin14.3.0
ac_cv_lib_dl_dlopen=yes
ac_cv_objext=o
ac_cv_path_EGREP='/opt/local/bin/grep -E'
ac_cv_path_FGREP='/opt/local/bin/grep -F'
ac_cv_path_GREP=/opt/local/bin/grep
ac_cv_path_SED=/opt/local/bin/gsed
ac_cv_path_XMLLINT=/opt/local/bin/xmllint
ac_cv_path_XSLTPROC=/opt/local/bin/xsltproc
ac_cv_path_ac_pt_PKG_CONFIG=/opt/local/bin/pkg-config
ac_cv_path_install='/usr/bin/install -c'
ac_cv_prog_AWK=gawk
ac_cv_prog_CPP='gcc -E'
ac_cv_prog_ac_ct_AR=ar
ac_cv_prog_ac_ct_CC=gcc
ac_cv_prog_ac_ct_DSYMUTIL=dsymutil
ac_cv_prog_ac_ct_LIPO=lipo
ac_cv_prog_ac_ct_NMEDIT=nmedit
ac_cv_prog_ac_ct_OTOOL=otool
ac_cv_prog_ac_ct_RANLIB=ranlib
ac_cv_prog_ac_ct_STRIP=strip
ac_cv_prog_cc_c89=
ac_cv_prog_cc_g=yes
ac_cv_prog_make_make_set=yes
ac_cv_search_opendir='none required'
am_cv_CC_dependencies_compiler_type=gcc3
am_cv_make_support_nested_variables=yes
am_cv_prog_cc_c_o=yes
am_cv_prog_tar_pax=gnutar
lt_cv_apple_cc_single_mod=yes
lt_cv_ar_at_file=no
lt_cv_deplibs_check_method=pass_all
lt_cv_dlopen=dlopen
lt_cv_dlopen_libs=-ldl
lt_cv_dlopen_self=yes
lt_cv_dlopen_self_static=yes
lt_cv_file_magic_cmd='$MAGIC_CMD'
lt_cv_file_magic_test_file=
lt_cv_ld_exported_symbols_list=yes
lt_cv_ld_force_load=yes
lt_cv_ld_reload_flag=-r
lt_cv_nm_interface='BSD nm'
lt_cv_objdir=.libs
lt_cv_path_LD=/Applications/Xcode.app/Contents/Developer/Toolchains/XcodeDefault.xctoolchain/usr/bin/ld
lt_cv_path_NM=/opt/local/bin/nm
lt_cv_path_mainfest_tool=no
lt_cv_prog_compiler_c_o=yes
lt_cv_prog_compiler_pic='-fno-common -DPIC'
lt_cv_prog_compiler_pic_works=yes
lt_cv_prog_compiler_rtti_exceptions=yes
lt_cv_prog_compiler_static_works=no
lt_cv_prog_gnu_ld=no
lt_cv_sharedlib_from_linklib_cmd='printf %s\n'
lt_cv_sys_global_symbol_pipe='sed -n -e '\''s/^.*[	 ]\([BCDEGRST][BCDEGRST]*\)[	 ][	 ]*_\([_A-Za-z][_A-Za-z0-9]*\)$/\1 _\2 \2/p'\'' | sed '\''/ __gnu_lto/d'\'''
lt_cv_sys_global_symbol_to_c_name_address='sed -n -e '\''s/^: \([^ ]*\)[ ]*$/  {\"\1\", (void *) 0},/p'\'' -e '\''s/^[BCDEGRST]* \([^ ]*\) \([^ ]*\)$/  {"\2", (void *) \&\2},/p'\'''
lt_cv_sys_global_symbol_to_c_name_address_lib_prefix='sed -n -e '\''s/^: \([^ ]*\)[ ]*$/  {\"\1\", (void *) 0},/p'\'' -e '\''s/^[BCDEGRST]* \([^ ]*\) \(lib[^ ]*\)$/  {"\2", (void *) \&\2},/p'\'' -e '\''s/^[BCDEGRST]* \([^ ]*\) \([^ ]*\)$/  {"lib\2", (void *) \&\2},/p'\'''
lt_cv_sys_global_symbol_to_cdecl='sed -n -e '\''s/^T .* \(.*\)$/extern int \1();/p'\'' -e '\''s/^[BCDEGRST]* .* \(.*\)$/extern char \1;/p'\'''
lt_cv_sys_max_cmd_len=196608
lt_cv_to_host_file_cmd=func_convert_file_noop
lt_cv_to_tool_file_cmd=func_convert_file_noop
pkg_cv_PACKAGE_DEP_CFLAGS='-g -O2 -pthread -I/Users/esjung/Downloads/globus_toolkit-6.0.1430141288/./libltdl -I/Users/esjung/Downloads/globus_toolkit-6.0.1430141288/common/source -I/Users/esjung/Downloads/globus_toolkit-6.0.1430141288/common/source/library -I/Users/esjung/Downloads/globus_toolkit-6.0.1430141288/gsi/openssl_error/source -I/Users/esjung/Downloads/globus_toolkit-6.0.1430141288/gsi/openssl_error/source/library -I/Users/esjung/Downloads/globus_toolkit-6.0.1430141288/gsi/proxy/proxy_ssl/source -I/Users/esjung/Downloads/globus_toolkit-6.0.1430141288/gsi/proxy/proxy_ssl/source/library -I/Users/esjung/Downloads/globus_toolkit-6.0.1430141288/gsi/openssl_module/source/library -I/Users/esjung/Downloads/globus_toolkit-6.0.1430141288/gsi/cert_utils/source/library -I/Users/esjung/Downloads/globus_toolkit-6.0.1430141288/gsi/sysconfig/source/library -I/Users/esjung/Downloads/globus_toolkit-6.0.1430141288/callout/source/library -I/Users/esjung/Downloads/globus_toolkit-6.0.1430141288/gsi/callback/source/library -I/Users/esjung/Downloads/globus_toolkit-6.0.1430141288/gsi/credential/source/library -I/Users/esjung/Downloads/globus_toolkit-6.0.1430141288/gsi/proxy/proxy_core/source/library -I/Users/esjung/Downloads/globus_toolkit-6.0.1430141288/gsi/gssapi/source/library -I/Users/esjung/Downloads/globus_toolkit-6.0.1430141288/gsi/gss_assist/source -I/opt/local/include '
pkg_cv_PACKAGE_DEP_LIBS='-L/opt/local/lib /Users/esjung/Downloads/globus_toolkit-6.0.1430141288/common/source/library/libglobus_common.la /Users/esjung/Downloads/globus_toolkit-6.0.1430141288/gsi/gss_assist/source/libglobus_gss_assist.la /Users/esjung/Downloads/globus_toolkit-6.0.1430141288/gsi/gssapi/source/library/libglobus_gssapi_gsi.la -lssl -lcrypto '

## ----------------- ##
## Output variables. ##
## ----------------- ##

ACLOCAL='${SHELL} /Users/esjung/Downloads/globus_toolkit-6.0.1430141288/gram/gatekeeper/source/build-aux/missing aclocal-1.14'
AGE_VERSION='2'
AMDEPBACKSLASH='\'
AMDEP_FALSE='#'
AMDEP_TRUE=''
AMTAR='$${TAR-tar}'
AM_BACKSLASH='\'
AM_DEFAULT_V='$(AM_DEFAULT_VERBOSITY)'
AM_DEFAULT_VERBOSITY='1'
AM_V='$(V)'
AR='ar'
AS='as'
AUTOCONF='${SHELL} /Users/esjung/Downloads/globus_toolkit-6.0.1430141288/gram/gatekeeper/source/build-aux/missing autoconf'
AUTOHEADER='${SHELL} /Users/esjung/Downloads/globus_toolkit-6.0.1430141288/gram/gatekeeper/source/build-aux/missing autoheader'
AUTOMAKE='${SHELL} /Users/esjung/Downloads/globus_toolkit-6.0.1430141288/gram/gatekeeper/source/build-aux/missing automake-1.14'
AWK='gawk'
BUILD_GATEKEEPER_FALSE='#'
BUILD_GATEKEEPER_TRUE=''
BUILD_MANPAGES_FALSE=''
BUILD_MANPAGES_TRUE='#'
CC='gcc'
CCDEPMODE='depmode=gcc3'
CFLAGS='-g -O2'
CHKCONFIG_DEFAULT='-'
CPP='gcc -E'
CPPFLAGS=''
CYGPATH_W='echo'
DEFAULT_START_LINE='#'
DEFAULT_STOP_LINE='#'
DEFS='-DHAVE_CONFIG_H'
DEPDIR='.deps'
DIRT_BRANCH_ID='85'
DIRT_TIMESTAMP='1430141288'
DLLTOOL='false'
DOCBOOK_DTD='http://www.oasis-open.org/docbook/xml/4.4/docbookx.dtd'
DSYMUTIL='dsymutil'
DUMPBIN=''
ECHO_C='\c'
ECHO_N=''
ECHO_T=''
EGREP='/opt/local/bin/grep -E'
EXEEXT=''
FGREP='/opt/local/bin/grep -F'
GATEKEEPER_CONFIGDIR='${sysconfdir}'
GATEKEEPER_CONFIGFILE='globus-gatekeeper.conf'
GREP='/opt/local/bin/grep'
INSTALL_DATA='${INSTALL} -m 644'
INSTALL_PROGRAM='${INSTALL}'
INSTALL_SCRIPT='${INSTALL}'
INSTALL_STRIP_PROGRAM='$(install_sh) -c -s'
LD='/Applications/Xcode.app/Contents/Developer/Toolchains/XcodeDefault.xctoolchain/usr/bin/ld'
LDFLAGS=''
LIBOBJS=''
LIBS=''
LIBTOOL='$(SHELL) $(top_builddir)/libtool'
LIPO='lipo'
LN_S='ln -s'
LOCKFILE='${localstatedir}/lock/globus-gatekeeper'
LSB='-nolsb'
LTLIBOBJS=''
MAJOR_VERSION='10'
MAKEINFO='${SHELL} /Users/esjung/Downloads/globus_toolkit-6.0.1430141288/gram/gatekeeper/source/build-aux/missing makeinfo'
MANIFEST_TOOL=':'
MAN_XSL='http://docbook.sourceforge.net/release/xsl/current/manpages/docbook.xsl'
MINOR_VERSION='10'
MKDIR_P='build-aux/install-sh -c -d'
NM='/opt/local/bin/nm'
NMEDIT='nmedit'
OBJDUMP='false'
OBJEXT='o'
OTOOL64=':'
OTOOL='otool'
PACKAGE='globus_gatekeeper'
PACKAGE_BUGREPORT='https://globus.atlassian.net/'
PACKAGE_DEPS='globus-common >= 14, globus-gss-assist >= 8, globus-gssapi-gsi >= 9, openssl >= 0.9.8'
PACKAGE_DEP_CFLAGS='-g -O2 -pthread -I/Users/esjung/Downloads/globus_toolkit-6.0.1430141288/./libltdl -I/Users/esjung/Downloads/globus_toolkit-6.0.1430141288/common/source -I/Users/esjung/Downloads/globus_toolkit-6.0.1430141288/common/source/library -I/Users/esjung/Downloads/globus_toolkit-6.0.1430141288/gsi/openssl_error/source -I/Users/esjung/Downloads/globus_toolkit-6.0.1430141288/gsi/openssl_error/source/library -I/Users/esjung/Downloads/globus_toolkit-6.0.1430141288/gsi/proxy/proxy_ssl/source -I/Users/esjung/Downloads/globus_toolkit-6.0.1430141288/gsi/proxy/proxy_ssl/source/library -I/Users/esjung/Downloads/globus_toolkit-6.0.1430141288/gsi/openssl_module/source/library -I/Users/esjung/Downloads/globus_toolkit-6.0.1430141288/gsi/cert_utils/source/library -I/Users/esjung/Downloads/globus_toolkit-6.0.1430141288/gsi/sysconfig/source/library -I/Users/esjung/Downloads/globus_toolkit-6.0.1430141288/callout/source/library -I/Users/esjung/Downloads/globus_toolkit-6.0.1430141288/gsi/callback/source/library -I/Users/esjung/Downloads/globus_toolkit-6.0.1430141288/gsi/credential/source/library -I/Users/esjung/Downloads/globus_toolkit-6.0.1430141288/gsi/proxy/proxy_core/source/library -I/Users/esjung/Downloads/globus_toolkit-6.0.1430141288/gsi/gssapi/source/library -I/Users/esjung/Downloads/globus_toolkit-6.0.1430141288/gsi/gss_assist/source -I/opt/local/include '
PACKAGE_DEP_LIBS='-L/opt/local/lib /Users/esjung/Downloads/globus_toolkit-6.0.1430141288/common/source/library/libglobus_common.la /Users/esjung/Downloads/globus_toolkit-6.0.1430141288/gsi/gss_assist/source/libglobus_gss_assist.la /Users/esjung/Downloads/globus_toolkit-6.0.1430141288/gsi/gssapi/source/library/libglobus_gssapi_gsi.la -lssl -lcrypto '
PACKAGE_NAME='globus_gatekeeper'
PACKAGE_STRING='globus_gatekeeper 10.10'
PACKAGE_TARNAME='globus_gatekeeper'
PACKAGE_URL=''
PACKAGE_VERSION='10.10'
PATH_SEPARATOR=':'
PKG_CONFIG='/opt/local/bin/pkg-config'
PKG_CONFIG_LIBDIR=''
PKG_CONFIG_PATH='/Users/esjung/Downloads/globus_toolkit-6.0.1430141288/common/source:/Users/esjung/Downloads/globus_toolkit-6.0.1430141288/xio/src:/Users/esjung/Downloads/globus_toolkit-6.0.1430141288/gridftp/gfork/source:/Users/esjung/Downloads/globus_toolkit-6.0.1430141288/gsi/openssl_error/source:/Users/esjung/Downloads/globus_toolkit-6.0.1430141288/gsi/proxy/proxy_ssl/source:/Users/esjung/Downloads/globus_toolkit-6.0.1430141288/gsi/openssl_module/source:/Users/esjung/Downloads/globus_toolkit-6.0.1430141288/gsi/cert_utils/source:/Users/esjung/Downloads/globus_toolkit-6.0.1430141288/gsi/sysconfig/source:/Users/esjung/Downloads/globus_toolkit-6.0.1430141288/callout/source:/Users/esjung/Downloads/globus_toolkit-6.0.1430141288/gsi/callback/source:/Users/esjung/Downloads/globus_toolkit-6.0.1430141288/gsi/credential/source:/Users/esjung/Downloads/globus_toolkit-6.0.1430141288/gsi/proxy/proxy_core/source:/Users/esjung/Downloads/globus_toolkit-6.0.1430141288/gsi/gssapi/source:/Users/esjung/Downloads/globus_toolkit-6.0.1430141288/gsi/gss_assist/source:/Users/esjung/Downloads/globus_toolkit-6.0.1430141288/gsi/gssapi_error/source:/Users/esjung/Downloads/globus_toolkit-6.0.1430141288/xio/drivers/gsi:/Users/esjung/Downloads/globus_toolkit-6.0.1430141288/io/compat:/Users/esjung/Downloads/globus_toolkit-6.0.1430141288/gridftp/control/source:/Users/esjung/Downloads/globus_toolkit-6.0.1430141288/usage/c/sender/source:/Users/esjung/Downloads/globus_toolkit-6.0.1430141288/xio/drivers/pipe/source:/Users/esjung/Downloads/globus_toolkit-6.0.1430141288/gridftp/server-lib/src:/Users/esjung/Downloads/globus_toolkit-6.0.1430141288/gsi/authz/error:/Users/esjung/Downloads/globus_toolkit-6.0.1430141288/gsi/authz/source:/Users/esjung/Downloads/globus_toolkit-6.0.1430141288/xio/drivers/rate/source:/Users/esjung/Downloads/globus_toolkit-6.0.1430141288/xio/drivers/popen/source:/Users/esjung/Downloads/globus_toolkit-6.0.1430141288/xio/drivers/udt/source:/Users/esjung/Downloads/globus_toolkit-6.0.1430141288/gridftp/net_manager:/Users/esjung/Downloads/globus_toolkit-6.0.1430141288/gridftp/server/src:/Users/esjung/Downloads/globus_toolkit-6.0.1430141288/gram/protocol/source:/Users/esjung/Downloads/globus_toolkit-6.0.1430141288/gram/jobmanager/scheduler_event_generator/source:/Users/esjung/Downloads/globus_toolkit-6.0.1430141288/gram/jobmanager/lrms/lsf/source:/Users/esjung/Downloads/globus_toolkit-6.0.1430141288/gass/transfer/source:/Users/esjung/Downloads/globus_toolkit-6.0.1430141288/gridftp/client/source:/Users/esjung/Downloads/globus_toolkit-6.0.1430141288/gass/copy/source:/Users/esjung/Downloads/globus_toolkit-6.0.1430141288/gass/cache/source:/Users/esjung/Downloads/globus_toolkit-6.0.1430141288/gram/rsl/source:/Users/esjung/Downloads/globus_toolkit-6.0.1430141288/gram/jobmanager/callout_error:/Users/esjung/Downloads/globus_toolkit-6.0.1430141288/gridftp/server/multi/source:/Users/esjung/Downloads/globus_toolkit-6.0.1430141288/gsi/simple_ca/source:/Users/esjung/Downloads/globus_toolkit-6.0.1430141288/gram/jobmanager/lrms/sge/source:/Users/esjung/Downloads/globus_toolkit-6.0.1430141288/gram/jobmanager/scripts:/Users/esjung/Downloads/globus_toolkit-6.0.1430141288/gram/jobmanager/lrms/slurm/source:/Users/esjung/Downloads/globus_toolkit-6.0.1430141288/gsi/gridmap_callout/error:/Users/esjung/Downloads/globus_toolkit-6.0.1430141288/gsi/gridmap_callout/source:/Users/esjung/Downloads/globus_toolkit-6.0.1430141288/gass/server_ez/source:/Users/esjung/Downloads/globus_toolkit-6.0.1430141288/gridftp/gridftp_driver/source:/Users/esjung/Downloads/globus_toolkit-6.0.1430141288/gram/jobmanager/lrms/fork/source:/Users/esjung/Downloads/globus_toolkit-6.0.1430141288/gsi/gridmap_verify_myproxy_callout:/Users/esjung/Downloads/globus_toolkit-6.0.1430141288/gsi/gridmap_eppn_callout:/Users/esjung/Downloads/globus_toolkit-6.0.1430141288/gram/jobmanager/lrms/condor/source:/Users/esjung/Downloads/globus_toolkit-6.0.1430141288/gsi/proxy/proxy_utils/source:/Users/esjung/Downloads/globus_toolkit-6.0.1430141288/gram/client/source:/Users/esjung/Downloads/globus_toolkit-6.0.1430141288/xio/xioperf/source:/Users/esjung/Downloads/globus_toolkit-6.0.1430141288/gram/gatekeeper/source:/Users/esjung/Downloads/globus_toolkit-6.0.1430141288/gass/cache_program/source:/Users/esjung/Downloads/globus_toolkit-6.0.1430141288/gram/jobmanager/lrms/pbs/source:/Users/esjung/Downloads/globus_toolkit-6.0.1430141288/gram/jobmanager/auditing/source:/Users/esjung/Downloads/globus_toolkit-6.0.1430141288/myproxy/source:/Users/esjung/Downloads/globus_toolkit-6.0.1430141288/gsi_openssh/source:/Users/esjung/Downloads/globus_toolkit-6.0.1430141288/gram/client_tools/source:/Users/esjung/Downloads/globus_toolkit-6.0.1430141288/gram/jobmanager/source:/Users/esjung/Downloads/globus_toolkit-6.0.1430141288/gridftp/hdfs'
RANLIB='ranlib'
SED='/opt/local/bin/gsed'
SET_MAKE=''
SHELL='/bin/sh'
STRIP='strip'
VERSION='10.10'
XMLLINT='/opt/local/bin/xmllint'
XSLTPROC='/opt/local/bin/xsltproc'
ac_ct_AR='ar'
ac_ct_CC='gcc'
ac_ct_DUMPBIN=''
am__EXEEXT_FALSE=''
am__EXEEXT_TRUE='#'
am__fastdepCC_FALSE='#'
am__fastdepCC_TRUE=''
am__include='include'
am__isrc=''
am__leading_dot='.'
am__nodep='_no'
am__quote=''
am__tar='tar --format=posix -chf - "$$tardir"'
am__untar='tar -xf -'
bindir='${exec_prefix}/bin'
build='x86_64-apple-darwin14.3.0'
build_alias=''
build_cpu='x86_64'
build_os='darwin14.3.0'
build_vendor='apple'
datadir='${datarootdir}'
datarootdir='${prefix}/share'
docdir='${datarootdir}/doc/${PACKAGE_TARNAME}'
dvidir='${docdir}'
exec_prefix='${prefix}'
host='x86_64-apple-darwin14.3.0'
host_alias=''
host_cpu='x86_64'
host_os='darwin14.3.0'
host_vendor='apple'
htmldir='${docdir}'
includedir='${prefix}/include'
infodir='${datarootdir}/info'
install_sh='${SHELL} /Users/esjung/Downloads/globus_toolkit-6.0.1430141288/gram/gatekeeper/source/build-aux/install-sh'
libdir='${exec_prefix}/lib'
libexecdir='${exec_prefix}/libexec'
localedir='${datarootdir}/locale'
localstatedir='${prefix}/var'
mandir='${datarootdir}/man'
mkdir_p='$(MKDIR_P)'
oldincludedir='/usr/include'
pdfdir='${docdir}'
prefix='/usr/local/globus-6'
program_transform_name='s,x,x,'
psdir='${docdir}'
sbindir='${exec_prefix}/sbin'
sharedstatedir='${prefix}/com'
sysconfdir='${prefix}/etc'
target_alias=''

## ----------- ##
## confdefs.h. ##
## ----------- ##

/* confdefs.h */
#define PACKAGE_NAME "globus_gatekeeper"
#define PACKAGE_TARNAME "globus_gatekeeper"
#define PACKAGE_VERSION "10.10"
#define PACKAGE_STRING "globus_gatekeeper 10.10"
#define PACKAGE_BUGREPORT "https://globus.atlassian.net/"
#define PACKAGE_URL ""
#define PACKAGE "globus_gatekeeper"
#define VERSION "10.10"
#define STDC_HEADERS 1
#define HAVE_SYS_TYPES_H 1
#define HAVE_SYS_STAT_H 1
#define HAVE_STDLIB_H 1
#define HAVE_STRING_H 1
#define HAVE_MEMORY_H 1
#define HAVE_STRINGS_H 1
#define HAVE_INTTYPES_H 1
#define HAVE_STDINT_H 1
#define HAVE_UNISTD_H 1
#define HAVE_DLFCN_H 1
#define LT_OBJDIR ".libs/"
#define HAVE_NETINET_TCP_H 1
#define HAVE_STRING_H 1
#define HAVE_STRINGS_H 1
#define HAVE_NETINET_IP_H 1
#define HAVE_NETINET_TCP_H 1
#define HAVE_PATHS_H 1
#define HAVE_SYS_RESOURCE_H 1
#define HAVE_SYS_SELECT_H 1
#define HAVE_SYS_TIME_H 1
#define HAVE_UNISTD_H 1
#define HAVE_DIRENT_H 1
#define HAVE_SYS_WAIT_H 1
#define HAVE_WAITPID 1
#define HAVE_WAIT3 1
#define STDC_HEADERS 1

configure: exit 0
