This file contains any messages produced by compilers while
running configure, to aid debugging if configure makes a mistake.

It was created by globus_common configure 15.29, which was
generated by GNU Autoconf 2.69.  Invocation command line was

  $ ./configure --disable-option-checking --prefix=/usr/local/globus-6 --enable-ltdl-install --cache-file=/dev/null --srcdir=.

## --------- ##
## Platform. ##
## --------- ##

hostname = mcswl096.mcs.anl.gov
uname -m = x86_64
uname -r = 14.3.0
uname -s = Darwin
uname -v = Darwin Kernel Version 14.3.0: Mon Mar 23 11:59:05 PDT 2015; root:xnu-2782.20.48~5/RELEASE_X86_64

/usr/bin/uname -p = i386
/bin/uname -X     = unknown

/bin/arch              = unknown
/usr/bin/arch -k       = unknown
/usr/convex/getsysinfo = unknown
/usr/bin/hostinfo      = Mach kernel version:
	 Darwin Kernel Version 14.3.0: Mon Mar 23 11:59:05 PDT 2015; root:xnu-2782.20.48~5/RELEASE_X86_64
Kernel configured for up to 4 processors.
2 processors are physically available.
4 processors are logically available.
Processor type: i486 (Intel 80486)
Processors active: 0 1 2 3
Primary memory available: 4.00 gigabytes
Default processor set: 216 tasks, 1110 threads, 4 processors
Load average: 4.54, Mach factor: 0.76
/bin/machine           = unknown
/usr/bin/oslevel       = unknown
/bin/universe          = unknown

PATH: /opt/local/bin
PATH: /opt/local/sbin
PATH: /Library/Frameworks/Python.framework/Versions/3.4/bin
PATH: /opt/local/bin
PATH: /opt/local/sbin
PATH: /usr/local/bin
PATH: /usr/bin
PATH: /bin
PATH: /usr/sbin
PATH: /sbin
PATH: /opt/X11/bin
PATH: /Library/Globus/bin
PATH: /Library/Globus/sbin
PATH: /usr/texbin


## ----------- ##
## Core tests. ##
## ----------- ##

configure:2365: checking build system type
configure:2379: result: x86_64-apple-darwin14.3.0
configure:2399: checking host system type
configure:2412: result: x86_64-apple-darwin14.3.0
configure:2432: checking target system type
configure:2445: result: x86_64-apple-darwin14.3.0
configure:2488: checking for a BSD-compatible install
configure:2556: result: /usr/bin/install -c
configure:2567: checking whether build environment is sane
configure:2622: result: yes
configure:2773: checking for a thread-safe mkdir -p
configure:2812: result: build-aux/install-sh -c -d
configure:2819: checking for gawk
configure:2835: found /opt/local/bin/gawk
configure:2846: result: gawk
configure:2857: checking whether make sets $(MAKE)
configure:2879: result: yes
configure:2908: checking whether make supports nested variables
configure:2925: result: yes
configure:3004: checking how to create a pax tar archive
configure:3015: tar --version
bsdtar 2.8.3 - libarchive 2.8.3
configure:3018: $? = 0
configure:3058: tardir=conftest.dir && eval tar --format=posix -chf - "$tardir" >conftest.tar
configure:3061: $? = 0
configure:3065: tar -xf - <conftest.tar
configure:3068: $? = 0
configure:3070: cat conftest.dir/file
GrepMe
configure:3073: $? = 0
configure:3086: result: gnutar
configure:3181: checking how to print strings
configure:3208: result: printf
configure:3241: checking for style of include used by make
configure:3269: result: GNU
configure:3340: checking for gcc
configure:3356: found /usr/bin/gcc
configure:3367: result: gcc
configure:3596: checking for C compiler version
configure:3605: gcc --version >&5
Apple LLVM version 6.1.0 (clang-602.0.49) (based on LLVM 3.6.0svn)
Target: x86_64-apple-darwin14.3.0
Thread model: posix
Configured with: --prefix=/Applications/Xcode.app/Contents/Developer//usr --with-gxx-include-dir=/usr/include/c++/4.2.1
configure:3616: $? = 0
configure:3605: gcc -v >&5
Configured with: --prefix=/Applications/Xcode.app/Contents/Developer//usr --with-gxx-include-dir=/usr/include/c++/4.2.1
Apple LLVM version 6.1.0 (clang-602.0.49) (based on LLVM 3.6.0svn)
Target: x86_64-apple-darwin14.3.0
Thread model: posix
configure:3616: $? = 0
configure:3605: gcc -V >&5
clang: error: argument to '-V' is missing (expected 1 value)
clang: error: no input files
configure:3616: $? = 1
configure:3605: gcc -qversion >&5
clang: error: unknown argument: '-qversion'
clang: error: no input files
configure:3616: $? = 1
configure:3636: checking whether the C compiler works
configure:3658: gcc    conftest.c  >&5
configure:3662: $? = 0
configure:3710: result: yes
configure:3713: checking for C compiler default output file name
configure:3715: result: a.out
configure:3721: checking for suffix of executables
configure:3728: gcc -o conftest    conftest.c  >&5
configure:3732: $? = 0
configure:3754: result: 
configure:3776: checking whether we are cross compiling
configure:3784: gcc -o conftest    conftest.c  >&5
configure:3788: $? = 0
configure:3795: ./conftest
configure:3799: $? = 0
configure:3814: result: no
configure:3819: checking for suffix of object files
configure:3841: gcc -c   conftest.c >&5
configure:3845: $? = 0
configure:3866: result: o
configure:3870: checking whether we are using the GNU C compiler
configure:3889: gcc -c   conftest.c >&5
configure:3889: $? = 0
configure:3898: result: yes
configure:3907: checking whether gcc accepts -g
configure:3927: gcc -c -g  conftest.c >&5
configure:3927: $? = 0
configure:3968: result: yes
configure:3985: checking for gcc option to accept ISO C89
configure:4048: gcc  -c -g -O2  conftest.c >&5
configure:4048: $? = 0
configure:4061: result: none needed
configure:4086: checking whether gcc understands -c and -o together
configure:4108: gcc -c conftest.c -o conftest2.o
configure:4111: $? = 0
configure:4108: gcc -c conftest.c -o conftest2.o
configure:4111: $? = 0
configure:4123: result: yes
configure:4142: checking dependency style of gcc
configure:4253: result: gcc3
configure:4268: checking for a sed that does not truncate output
configure:4332: result: /opt/local/bin/gsed
configure:4350: checking for grep that handles long lines and -e
configure:4408: result: /opt/local/bin/grep
configure:4413: checking for egrep
configure:4475: result: /opt/local/bin/grep -E
configure:4480: checking for fgrep
configure:4542: result: /opt/local/bin/grep -F
configure:4577: checking for ld used by gcc
configure:4644: result: /Applications/Xcode.app/Contents/Developer/Toolchains/XcodeDefault.xctoolchain/usr/bin/ld
configure:4651: checking if the linker (/Applications/Xcode.app/Contents/Developer/Toolchains/XcodeDefault.xctoolchain/usr/bin/ld) is GNU ld
configure:4666: result: no
configure:4678: checking for BSD- or MS-compatible name lister (nm)
configure:4727: result: /opt/local/bin/nm
configure:4857: checking the name lister (/opt/local/bin/nm) interface
configure:4864: gcc -c -g -O2  conftest.c >&5
configure:4867: /opt/local/bin/nm "conftest.o"
configure:4870: output
0000000000000208 S _some_variable
configure:4877: result: BSD nm
configure:4880: checking whether ln -s works
configure:4884: result: yes
configure:4892: checking the maximum length of command line arguments
configure:5022: result: 196608
configure:5039: checking whether the shell understands some XSI constructs
configure:5049: result: yes
configure:5053: checking whether the shell understands "+="
configure:5059: result: yes
configure:5094: checking how to convert x86_64-apple-darwin14.3.0 file names to x86_64-apple-darwin14.3.0 format
configure:5134: result: func_convert_file_noop
configure:5141: checking how to convert x86_64-apple-darwin14.3.0 file names to toolchain format
configure:5161: result: func_convert_file_noop
configure:5168: checking for /Applications/Xcode.app/Contents/Developer/Toolchains/XcodeDefault.xctoolchain/usr/bin/ld option to reload object files
configure:5175: result: -r
configure:5249: checking for objdump
configure:5279: result: no
configure:5305: checking how to recognize dependent libraries
configure:5507: result: pass_all
configure:5592: checking for dlltool
configure:5622: result: no
configure:5649: checking how to associate runtime and link libraries
configure:5676: result: printf %s\n
configure:5737: checking for ar
configure:5753: found /opt/local/bin/ar
configure:5764: result: ar
configure:5801: checking for archiver @FILE support
configure:5818: gcc -c -g -O2  conftest.c >&5
configure:5818: $? = 0
configure:5821: ar cru libconftest.a @conftest.lst >&5
ar: @conftest.lst: No such file or directory
configure:5824: $? = 1
configure:5844: result: no
configure:5902: checking for strip
configure:5918: found /opt/local/bin/strip
configure:5929: result: strip
configure:6001: checking for ranlib
configure:6017: found /opt/local/bin/ranlib
configure:6028: result: ranlib
configure:6130: checking command to parse /opt/local/bin/nm output from gcc object
configure:6250: gcc -c -g -O2  conftest.c >&5
configure:6253: $? = 0
configure:6257: /opt/local/bin/nm conftest.o \| sed -n -e 's/^.*[ ]\([BCDEGRST][BCDEGRST]*\)[ ][ ]*\([_A-Za-z][_A-Za-z0-9]*\)$/\1 \2 \2/p' | sed '/ __gnu_lto/d' \> conftest.nm
configure:6260: $? = 0
cannot find nm_test_var in conftest.nm
configure:6250: gcc -c -g -O2  conftest.c >&5
configure:6253: $? = 0
configure:6257: /opt/local/bin/nm conftest.o \| sed -n -e 's/^.*[ ]\([BCDEGRST][BCDEGRST]*\)[ ][ ]*_\([_A-Za-z][_A-Za-z0-9]*\)$/\1 _\2 \2/p' | sed '/ __gnu_lto/d' \> conftest.nm
configure:6260: $? = 0
configure:6326: gcc -o conftest -g -O2   conftest.c conftstm.o >&5
configure:6329: $? = 0
configure:6367: result: ok
configure:6404: checking for sysroot
configure:6434: result: no
configure:6696: checking for mt
configure:6726: result: no
configure:6746: checking if : is a manifest tool
configure:6752: : '-?'
configure:6760: result: no
configure:6816: checking for dsymutil
configure:6832: found /usr/bin/dsymutil
configure:6843: result: dsymutil
configure:6908: checking for nmedit
configure:6924: found /opt/local/bin/nmedit
configure:6935: result: nmedit
configure:7000: checking for lipo
configure:7016: found /opt/local/bin/lipo
configure:7027: result: lipo
configure:7092: checking for otool
configure:7108: found /opt/local/bin/otool
configure:7119: result: otool
configure:7184: checking for otool64
configure:7214: result: no
configure:7259: checking for -single_module linker flag
gcc -g -O2  -o libconftest.dylib -dynamiclib -Wl,-single_module conftest.c
configure:7292: result: yes
configure:7295: checking for -exported_symbols_list linker flag
configure:7315: gcc -o conftest -g -O2   -Wl,-exported_symbols_list,conftest.sym conftest.c  >&5
configure:7315: $? = 0
configure:7325: result: yes
configure:7328: checking for -force_load linker flag
gcc -g -O2 -c -o conftest.o conftest.c
ar cru libconftest.a conftest.o
ranlib libconftest.a
gcc -g -O2  -o conftest conftest.c -Wl,-force_load,./libconftest.a
configure:7360: result: yes
configure:7402: checking how to run the C preprocessor
configure:7433: gcc -E  conftest.c
configure:7433: $? = 0
configure:7447: gcc -E  conftest.c
conftest.c:11:10: fatal error: 'ac_nonexistent.h' file not found
#include <ac_nonexistent.h>
         ^
1 error generated.
configure:7447: $? = 1
configure: failed program was:
| /* confdefs.h */
| #define PACKAGE_NAME "globus_common"
| #define PACKAGE_TARNAME "globus_common"
| #define PACKAGE_VERSION "15.29"
| #define PACKAGE_STRING "globus_common 15.29"
| #define PACKAGE_BUGREPORT "https://globus.atlassian.net/"
| #define PACKAGE_URL ""
| #define PACKAGE "globus_common"
| #define VERSION "15.29"
| /* end confdefs.h.  */
| #include <ac_nonexistent.h>
configure:7472: result: gcc -E
configure:7492: gcc -E  conftest.c
configure:7492: $? = 0
configure:7506: gcc -E  conftest.c
conftest.c:11:10: fatal error: 'ac_nonexistent.h' file not found
#include <ac_nonexistent.h>
         ^
1 error generated.
configure:7506: $? = 1
configure: failed program was:
| /* confdefs.h */
| #define PACKAGE_NAME "globus_common"
| #define PACKAGE_TARNAME "globus_common"
| #define PACKAGE_VERSION "15.29"
| #define PACKAGE_STRING "globus_common 15.29"
| #define PACKAGE_BUGREPORT "https://globus.atlassian.net/"
| #define PACKAGE_URL ""
| #define PACKAGE "globus_common"
| #define VERSION "15.29"
| /* end confdefs.h.  */
| #include <ac_nonexistent.h>
configure:7535: checking for ANSI C header files
configure:7555: gcc -c -g -O2  conftest.c >&5
configure:7555: $? = 0
configure:7628: gcc -o conftest -g -O2   conftest.c  >&5
configure:7628: $? = 0
configure:7628: ./conftest
configure:7628: $? = 0
configure:7639: result: yes
configure:7652: checking for sys/types.h
configure:7652: gcc -c -g -O2  conftest.c >&5
configure:7652: $? = 0
configure:7652: result: yes
configure:7652: checking for sys/stat.h
configure:7652: gcc -c -g -O2  conftest.c >&5
configure:7652: $? = 0
configure:7652: result: yes
configure:7652: checking for stdlib.h
configure:7652: gcc -c -g -O2  conftest.c >&5
configure:7652: $? = 0
configure:7652: result: yes
configure:7652: checking for string.h
configure:7652: gcc -c -g -O2  conftest.c >&5
configure:7652: $? = 0
configure:7652: result: yes
configure:7652: checking for memory.h
configure:7652: gcc -c -g -O2  conftest.c >&5
configure:7652: $? = 0
configure:7652: result: yes
configure:7652: checking for strings.h
configure:7652: gcc -c -g -O2  conftest.c >&5
configure:7652: $? = 0
configure:7652: result: yes
configure:7652: checking for inttypes.h
configure:7652: gcc -c -g -O2  conftest.c >&5
configure:7652: $? = 0
configure:7652: result: yes
configure:7652: checking for stdint.h
configure:7652: gcc -c -g -O2  conftest.c >&5
configure:7652: $? = 0
configure:7652: result: yes
configure:7652: checking for unistd.h
configure:7652: gcc -c -g -O2  conftest.c >&5
configure:7652: $? = 0
configure:7652: result: yes
configure:7666: checking for dlfcn.h
configure:7666: gcc -c -g -O2  conftest.c >&5
configure:7666: $? = 0
configure:7666: result: yes
configure:8169: checking for objdir
configure:8184: result: .libs
configure:8455: checking if gcc supports -fno-rtti -fno-exceptions
configure:8473: gcc -c -g -O2  -fno-rtti -fno-exceptions conftest.c >&5
configure:8477: $? = 0
configure:8490: result: yes
configure:8817: checking for gcc option to produce PIC
configure:8824: result: -fno-common -DPIC
configure:8832: checking if gcc PIC flag -fno-common -DPIC works
configure:8850: gcc -c -g -O2  -fno-common -DPIC -DPIC conftest.c >&5
configure:8854: $? = 0
configure:8867: result: yes
configure:8896: checking if gcc static flag -static works
configure:8924: result: no
configure:8939: checking if gcc supports -c -o file.o
configure:8960: gcc -c -g -O2  -o out/conftest2.o conftest.c >&5
configure:8964: $? = 0
configure:8986: result: yes
configure:8994: checking if gcc supports -c -o file.o
configure:9041: result: yes
configure:9074: checking whether the gcc linker (/Applications/Xcode.app/Contents/Developer/Toolchains/XcodeDefault.xctoolchain/usr/bin/ld) supports shared libraries
configure:10227: result: yes
configure:10467: checking dynamic linker characteristics
configure:11204: result: darwin14.3.0 dyld
configure:11311: checking how to hardcode library paths into programs
configure:11336: result: immediate
configure:11381: checking for dlopen in -ldl
configure:11406: gcc -o conftest -g -O2   conftest.c -ldl   >&5
configure:11406: $? = 0
configure:11415: result: yes
configure:11630: checking whether a program can dlopen itself
configure:11710: gcc -o conftest -g -O2  -DHAVE_DLFCN_H   conftest.c -ldl  >&5
configure:11713: $? = 0
configure:11731: result: yes
configure:11736: checking whether a statically linked program can dlopen itself
configure:11816: gcc -o conftest -g -O2  -DHAVE_DLFCN_H    conftest.c -ldl  >&5
configure:11819: $? = 0
configure:11837: result: yes
configure:11876: checking whether stripping libraries is possible
configure:11890: result: yes
configure:11916: checking if libtool supports shared libraries
configure:11918: result: yes
configure:11921: checking whether to build shared libraries
configure:11942: result: yes
configure:11945: checking whether to build static libraries
configure:11949: result: yes
configure:11987: checking for gcc option to accept ISO C99
configure:12136: gcc  -c -g -O2  conftest.c >&5
configure:12136: $? = 0
configure:12149: result: none needed
configure:12182: checking for special C compiler options needed for large files
configure:12227: result: no
configure:12233: checking for _FILE_OFFSET_BITS value needed for large files
configure:12258: gcc -c -g -O2  conftest.c >&5
configure:12258: $? = 0
configure:12290: result: no
configure:12397: checking if compiler recognizes -pthread
configure:12416: gcc -o conftest -g -O2 -pthread   conftest.c  >&5
configure:12416: $? = 0
configure:12428: result: yes
configure:12436: checking pthread.h usability
configure:12436: gcc -c -g -O2  conftest.c >&5
configure:12436: $? = 0
configure:12436: result: yes
configure:12436: checking pthread.h presence
configure:12436: gcc -E  conftest.c
configure:12436: $? = 0
configure:12436: result: yes
configure:12436: checking for pthread.h
configure:12436: result: yes
configure:12441: checking for library containing pthread_create
configure:12472: gcc -o conftest -g -O2   conftest.c  >&5
configure:12472: $? = 0
configure:12489: result: none required
configure:12503: checking sched.h usability
configure:12503: gcc -c -g -O2  conftest.c >&5
configure:12503: $? = 0
configure:12503: result: yes
configure:12503: checking sched.h presence
configure:12503: gcc -E  conftest.c
configure:12503: $? = 0
configure:12503: result: yes
configure:12503: checking for sched.h
configure:12503: result: yes
configure:12508: checking for library containing sched_yield
configure:12539: gcc -o conftest -g -O2   conftest.c  >&5
configure:12539: $? = 0
configure:12556: result: none required
configure:12659: checking for gethostbyaddr_r
configure:12659: gcc -o conftest -g -O2 -pthread   conftest.c  >&5
Undefined symbols for architecture x86_64:
  "_gethostbyaddr_r", referenced from:
      _main in conftest-c58d7d.o
ld: symbol(s) not found for architecture x86_64
clang: error: linker command failed with exit code 1 (use -v to see invocation)
configure:12659: $? = 1
configure: failed program was:
| /* confdefs.h */
| #define PACKAGE_NAME "globus_common"
| #define PACKAGE_TARNAME "globus_common"
| #define PACKAGE_VERSION "15.29"
| #define PACKAGE_STRING "globus_common 15.29"
| #define PACKAGE_BUGREPORT "https://globus.atlassian.net/"
| #define PACKAGE_URL ""
| #define PACKAGE "globus_common"
| #define VERSION "15.29"
| #define STDC_HEADERS 1
| #define HAVE_SYS_TYPES_H 1
| #define HAVE_SYS_STAT_H 1
| #define HAVE_STDLIB_H 1
| #define HAVE_STRING_H 1
| #define HAVE_MEMORY_H 1
| #define HAVE_STRINGS_H 1
| #define HAVE_INTTYPES_H 1
| #define HAVE_STDINT_H 1
| #define HAVE_UNISTD_H 1
| #define HAVE_DLFCN_H 1
| #define LT_OBJDIR ".libs/"
| #define HAVE_PTHREAD_H 1
| #define HAVE_SCHED_H 1
| /* end confdefs.h.  */
| /* Define gethostbyaddr_r to an innocuous variant, in case <limits.h> declares gethostbyaddr_r.
|    For example, HP-UX 11i <limits.h> declares gettimeofday.  */
| #define gethostbyaddr_r innocuous_gethostbyaddr_r
| 
| /* System header to define __stub macros and hopefully few prototypes,
|     which can conflict with char gethostbyaddr_r (); below.
|     Prefer <limits.h> to <assert.h> if __STDC__ is defined, since
|     <limits.h> exists even on freestanding compilers.  */
| 
| #ifdef __STDC__
| # include <limits.h>
| #else
| # include <assert.h>
| #endif
| 
| #undef gethostbyaddr_r
| 
| /* Override any GCC internal prototype to avoid an error.
|    Use char because int might match the return type of a GCC
|    builtin and then its argument prototype would still apply.  */
| #ifdef __cplusplus
| extern "C"
| #endif
| char gethostbyaddr_r ();
| /* The GNU C library defines this for functions which it implements
|     to always fail with ENOSYS.  Some functions are actually named
|     something starting with __ and the normal name is an alias.  */
| #if defined __stub_gethostbyaddr_r || defined __stub___gethostbyaddr_r
| choke me
| #endif
| 
| int
| main ()
| {
| return gethostbyaddr_r ();
|   ;
|   return 0;
| }
configure:12659: result: no
configure:12776: checking for gethostbyname
configure:12776: gcc -o conftest -g -O2 -pthread   conftest.c  >&5
configure:12776: $? = 0
configure:12776: result: yes
configure:12788: checking for gethostbyname_r
configure:12788: gcc -o conftest -g -O2 -pthread   conftest.c  >&5
Undefined symbols for architecture x86_64:
  "_gethostbyname_r", referenced from:
      _main in conftest-203088.o
ld: symbol(s) not found for architecture x86_64
clang: error: linker command failed with exit code 1 (use -v to see invocation)
configure:12788: $? = 1
configure: failed program was:
| /* confdefs.h */
| #define PACKAGE_NAME "globus_common"
| #define PACKAGE_TARNAME "globus_common"
| #define PACKAGE_VERSION "15.29"
| #define PACKAGE_STRING "globus_common 15.29"
| #define PACKAGE_BUGREPORT "https://globus.atlassian.net/"
| #define PACKAGE_URL ""
| #define PACKAGE "globus_common"
| #define VERSION "15.29"
| #define STDC_HEADERS 1
| #define HAVE_SYS_TYPES_H 1
| #define HAVE_SYS_STAT_H 1
| #define HAVE_STDLIB_H 1
| #define HAVE_STRING_H 1
| #define HAVE_MEMORY_H 1
| #define HAVE_STRINGS_H 1
| #define HAVE_INTTYPES_H 1
| #define HAVE_STDINT_H 1
| #define HAVE_UNISTD_H 1
| #define HAVE_DLFCN_H 1
| #define LT_OBJDIR ".libs/"
| #define HAVE_PTHREAD_H 1
| #define HAVE_SCHED_H 1
| #define HAVE_GETHOSTBYNAME 1
| /* end confdefs.h.  */
| /* Define gethostbyname_r to an innocuous variant, in case <limits.h> declares gethostbyname_r.
|    For example, HP-UX 11i <limits.h> declares gettimeofday.  */
| #define gethostbyname_r innocuous_gethostbyname_r
| 
| /* System header to define __stub macros and hopefully few prototypes,
|     which can conflict with char gethostbyname_r (); below.
|     Prefer <limits.h> to <assert.h> if __STDC__ is defined, since
|     <limits.h> exists even on freestanding compilers.  */
| 
| #ifdef __STDC__
| # include <limits.h>
| #else
| # include <assert.h>
| #endif
| 
| #undef gethostbyname_r
| 
| /* Override any GCC internal prototype to avoid an error.
|    Use char because int might match the return type of a GCC
|    builtin and then its argument prototype would still apply.  */
| #ifdef __cplusplus
| extern "C"
| #endif
| char gethostbyname_r ();
| /* The GNU C library defines this for functions which it implements
|     to always fail with ENOSYS.  Some functions are actually named
|     something starting with __ and the normal name is an alias.  */
| #if defined __stub_gethostbyname_r || defined __stub___gethostbyname_r
| choke me
| #endif
| 
| int
| main ()
| {
| return gethostbyname_r ();
|   ;
|   return 0;
| }
configure:12788: result: no
configure:12893: checking for localtime_r
configure:12893: gcc -o conftest -g -O2 -pthread   conftest.c  >&5
configure:12893: $? = 0
configure:12893: result: yes
configure:12904: checking for gmtime_r
configure:12904: gcc -o conftest -g -O2 -pthread   conftest.c  >&5
configure:12904: $? = 0
configure:12904: result: yes
configure:12915: checking for ctime_r
configure:12915: gcc -o conftest -g -O2 -pthread   conftest.c  >&5
configure:12915: $? = 0
configure:12915: result: yes
configure:12921: checking number of arguments to ctime_r
configure:12941: gcc -c -g -O2 -pthread  conftest.c >&5
configure:12941: $? = 0
configure:12972: result: 2
configure:12979: checking if struct passwd contains pw_age
configure:12999: gcc -c -g -O2 -pthread  conftest.c >&5
conftest.c:39:17: error: no member named 'pw_age' in 'struct passwd'; did you mean 'pw_name'?
        x = pwd.pw_age;
                ^~~~~~
                pw_name
/usr/include/pwd.h:85:8: note: 'pw_name' declared here
        char    *pw_name;               /* user name */
                 ^
1 error generated.
configure:12999: $? = 1
configure: failed program was:
| /* confdefs.h */
| #define PACKAGE_NAME "globus_common"
| #define PACKAGE_TARNAME "globus_common"
| #define PACKAGE_VERSION "15.29"
| #define PACKAGE_STRING "globus_common 15.29"
| #define PACKAGE_BUGREPORT "https://globus.atlassian.net/"
| #define PACKAGE_URL ""
| #define PACKAGE "globus_common"
| #define VERSION "15.29"
| #define STDC_HEADERS 1
| #define HAVE_SYS_TYPES_H 1
| #define HAVE_SYS_STAT_H 1
| #define HAVE_STDLIB_H 1
| #define HAVE_STRING_H 1
| #define HAVE_MEMORY_H 1
| #define HAVE_STRINGS_H 1
| #define HAVE_INTTYPES_H 1
| #define HAVE_STDINT_H 1
| #define HAVE_UNISTD_H 1
| #define HAVE_DLFCN_H 1
| #define LT_OBJDIR ".libs/"
| #define HAVE_PTHREAD_H 1
| #define HAVE_SCHED_H 1
| #define HAVE_GETHOSTBYNAME 1
| #define HAVE_LOCALTIME_R 1
| #define HAVE_GMTIME_R 1
| #define HAVE_CTIME_R 1
| #define GLOBUS_HAVE_CTIME_R_2 1
| /* end confdefs.h.  */
| 
| #       include <pwd.h>
| 
| int
| main ()
| {
| 
|         struct passwd pwd;
|         char *x;
|         x = pwd.pw_age;
| 
|   ;
|   return 0;
| }
configure:13005: result: no
configure:13008: checking if struct passwd contains pw_comment
configure:13028: gcc -c -g -O2 -pthread  conftest.c >&5
conftest.c:39:17: error: no member named 'pw_comment' in 'struct passwd'
        x = pwd.pw_comment;
            ~~~ ^
1 error generated.
configure:13028: $? = 1
configure: failed program was:
| /* confdefs.h */
| #define PACKAGE_NAME "globus_common"
| #define PACKAGE_TARNAME "globus_common"
| #define PACKAGE_VERSION "15.29"
| #define PACKAGE_STRING "globus_common 15.29"
| #define PACKAGE_BUGREPORT "https://globus.atlassian.net/"
| #define PACKAGE_URL ""
| #define PACKAGE "globus_common"
| #define VERSION "15.29"
| #define STDC_HEADERS 1
| #define HAVE_SYS_TYPES_H 1
| #define HAVE_SYS_STAT_H 1
| #define HAVE_STDLIB_H 1
| #define HAVE_STRING_H 1
| #define HAVE_MEMORY_H 1
| #define HAVE_STRINGS_H 1
| #define HAVE_INTTYPES_H 1
| #define HAVE_STDINT_H 1
| #define HAVE_UNISTD_H 1
| #define HAVE_DLFCN_H 1
| #define LT_OBJDIR ".libs/"
| #define HAVE_PTHREAD_H 1
| #define HAVE_SCHED_H 1
| #define HAVE_GETHOSTBYNAME 1
| #define HAVE_LOCALTIME_R 1
| #define HAVE_GMTIME_R 1
| #define HAVE_CTIME_R 1
| #define GLOBUS_HAVE_CTIME_R_2 1
| /* end confdefs.h.  */
| 
| #       include <pwd.h>
| 
| int
| main ()
| {
| 
|         struct passwd pwd;
|         char *x;
|         x = pwd.pw_comment;
| 
|   ;
|   return 0;
| }
configure:13034: result: no
configure:13040: checking for getpwnam
configure:13040: gcc -o conftest -g -O2 -pthread   conftest.c  >&5
configure:13040: $? = 0
configure:13040: result: yes
configure:13051: checking for getpwnam_r
configure:13051: gcc -o conftest -g -O2 -pthread   conftest.c  >&5
configure:13051: $? = 0
configure:13051: result: yes
configure:13057: checking number of arguments to getpwnam_r
configure:13084: gcc -c -g -O2 -pthread  conftest.c >&5
configure:13084: $? = 0
configure:13121: result: 5
configure:13130: checking for getpwuid
configure:13130: gcc -o conftest -g -O2 -pthread   conftest.c  >&5
configure:13130: $? = 0
configure:13130: result: yes
configure:13142: checking for getpwuid_r
configure:13142: gcc -o conftest -g -O2 -pthread   conftest.c  >&5
configure:13142: $? = 0
configure:13142: result: yes
configure:13148: checking number of arguments to getpwuid_r
configure:13175: gcc -c -g -O2 -pthread  conftest.c >&5
configure:13175: $? = 0
configure:13212: result: 5
configure:13221: checking for readdir_r
configure:13221: gcc -o conftest -g -O2 -pthread   conftest.c  >&5
configure:13221: $? = 0
configure:13221: result: yes
configure:13227: checking number of arguments to readdir_r
configure:13248: gcc -c -g -O2 -pthread  conftest.c >&5
configure:13248: $? = 0
configure:13281: result: 3
configure:13288: checking if struct dirent contains d_off
configure:13306: gcc -c -g -O2 -pthread  conftest.c >&5
conftest.c:46:20: error: no member named 'd_off' in 'struct dirent'
        ((int) dir.d_off) == 1;
               ~~~ ^
1 error generated.
configure:13306: $? = 1
configure: failed program was:
| /* confdefs.h */
| #define PACKAGE_NAME "globus_common"
| #define PACKAGE_TARNAME "globus_common"
| #define PACKAGE_VERSION "15.29"
| #define PACKAGE_STRING "globus_common 15.29"
| #define PACKAGE_BUGREPORT "https://globus.atlassian.net/"
| #define PACKAGE_URL ""
| #define PACKAGE "globus_common"
| #define VERSION "15.29"
| #define STDC_HEADERS 1
| #define HAVE_SYS_TYPES_H 1
| #define HAVE_SYS_STAT_H 1
| #define HAVE_STDLIB_H 1
| #define HAVE_STRING_H 1
| #define HAVE_MEMORY_H 1
| #define HAVE_STRINGS_H 1
| #define HAVE_INTTYPES_H 1
| #define HAVE_STDINT_H 1
| #define HAVE_UNISTD_H 1
| #define HAVE_DLFCN_H 1
| #define LT_OBJDIR ".libs/"
| #define HAVE_PTHREAD_H 1
| #define HAVE_SCHED_H 1
| #define HAVE_GETHOSTBYNAME 1
| #define HAVE_LOCALTIME_R 1
| #define HAVE_GMTIME_R 1
| #define HAVE_CTIME_R 1
| #define GLOBUS_HAVE_CTIME_R_2 1
| #define HAVE_GETPWNAM 1
| #define HAVE_GETPWNAM_R 1
| #define GLOBUS_HAVE_GETPWNAM_R_5 1
| #define HAVE_GETPWUID 1
| #define HAVE_GETPWUID_R 1
| #define GLOBUS_HAVE_GETPWUID_R_5 1
| #define HAVE_READDIR_R 1
| #define GLOBUS_HAVE_READDIR_R_3 1
| /* end confdefs.h.  */
| 
| #include <dirent.h>
| 
| int
| main ()
| {
| 
|         struct dirent dir;
|         ((int) dir.d_off) == 1;
| 
|   ;
|   return 0;
| }
configure:13312: result: no
configure:13317: checking if struct dirent contains d_offset
configure:13335: gcc -c -g -O2 -pthread  conftest.c >&5
conftest.c:46:12: error: no member named 'd_offset' in 'struct dirent'
((int) dir.d_offset) == 1;
       ~~~ ^
1 error generated.
configure:13335: $? = 1
configure: failed program was:
| /* confdefs.h */
| #define PACKAGE_NAME "globus_common"
| #define PACKAGE_TARNAME "globus_common"
| #define PACKAGE_VERSION "15.29"
| #define PACKAGE_STRING "globus_common 15.29"
| #define PACKAGE_BUGREPORT "https://globus.atlassian.net/"
| #define PACKAGE_URL ""
| #define PACKAGE "globus_common"
| #define VERSION "15.29"
| #define STDC_HEADERS 1
| #define HAVE_SYS_TYPES_H 1
| #define HAVE_SYS_STAT_H 1
| #define HAVE_STDLIB_H 1
| #define HAVE_STRING_H 1
| #define HAVE_MEMORY_H 1
| #define HAVE_STRINGS_H 1
| #define HAVE_INTTYPES_H 1
| #define HAVE_STDINT_H 1
| #define HAVE_UNISTD_H 1
| #define HAVE_DLFCN_H 1
| #define LT_OBJDIR ".libs/"
| #define HAVE_PTHREAD_H 1
| #define HAVE_SCHED_H 1
| #define HAVE_GETHOSTBYNAME 1
| #define HAVE_LOCALTIME_R 1
| #define HAVE_GMTIME_R 1
| #define HAVE_CTIME_R 1
| #define GLOBUS_HAVE_CTIME_R_2 1
| #define HAVE_GETPWNAM 1
| #define HAVE_GETPWNAM_R 1
| #define GLOBUS_HAVE_GETPWNAM_R_5 1
| #define HAVE_GETPWUID 1
| #define HAVE_GETPWUID_R 1
| #define GLOBUS_HAVE_GETPWUID_R_5 1
| #define HAVE_READDIR_R 1
| #define GLOBUS_HAVE_READDIR_R_3 1
| /* end confdefs.h.  */
| 
| #include <dirent.h>
| 
| int
| main ()
| {
| 
| struct dirent dir;
| ((int) dir.d_offset) == 1;
| 
|   ;
|   return 0;
| }
configure:13341: result: no
configure:13346: checking if struct dirent contains d_type
configure:13364: gcc -c -g -O2 -pthread  conftest.c >&5
conftest.c:46:20: warning: equality comparison result unused [-Wunused-comparison]
((int) dir.d_type) == 1;
~~~~~~~~~~~~~~~~~~~^~~~
1 warning generated.
configure:13364: $? = 0
configure:13365: result: yes
configure:13375: checking if struct dirent contains d_reclen
configure:13393: gcc -c -g -O2 -pthread  conftest.c >&5
conftest.c:47:22: warning: equality comparison result unused [-Wunused-comparison]
((int) dir.d_reclen) == 1;
~~~~~~~~~~~~~~~~~~~~~^~~~
1 warning generated.
configure:13393: $? = 0
configure:13394: result: yes
configure:13417: checking for library containing dlopen
configure:13448: gcc -o conftest -g -O2 -pthread   conftest.c  >&5
configure:13448: $? = 0
configure:13465: result: none required
configure:13555: checking for dlerror
configure:13555: gcc -o conftest -g -O2 -pthread   conftest.c   >&5
configure:13555: $? = 0
configure:13555: result: yes
configure:13569: checking for shl_load
configure:13569: gcc -o conftest -g -O2 -pthread   conftest.c  >&5
Undefined symbols for architecture x86_64:
  "_shl_load", referenced from:
      _main in conftest-c4972b.o
ld: symbol(s) not found for architecture x86_64
clang: error: linker command failed with exit code 1 (use -v to see invocation)
configure:13569: $? = 1
configure: failed program was:
| /* confdefs.h */
| #define PACKAGE_NAME "globus_common"
| #define PACKAGE_TARNAME "globus_common"
| #define PACKAGE_VERSION "15.29"
| #define PACKAGE_STRING "globus_common 15.29"
| #define PACKAGE_BUGREPORT "https://globus.atlassian.net/"
| #define PACKAGE_URL ""
| #define PACKAGE "globus_common"
| #define VERSION "15.29"
| #define STDC_HEADERS 1
| #define HAVE_SYS_TYPES_H 1
| #define HAVE_SYS_STAT_H 1
| #define HAVE_STDLIB_H 1
| #define HAVE_STRING_H 1
| #define HAVE_MEMORY_H 1
| #define HAVE_STRINGS_H 1
| #define HAVE_INTTYPES_H 1
| #define HAVE_STDINT_H 1
| #define HAVE_UNISTD_H 1
| #define HAVE_DLFCN_H 1
| #define LT_OBJDIR ".libs/"
| #define HAVE_PTHREAD_H 1
| #define HAVE_SCHED_H 1
| #define HAVE_GETHOSTBYNAME 1
| #define HAVE_LOCALTIME_R 1
| #define HAVE_GMTIME_R 1
| #define HAVE_CTIME_R 1
| #define GLOBUS_HAVE_CTIME_R_2 1
| #define HAVE_GETPWNAM 1
| #define HAVE_GETPWNAM_R 1
| #define GLOBUS_HAVE_GETPWNAM_R_5 1
| #define HAVE_GETPWUID 1
| #define HAVE_GETPWUID_R 1
| #define GLOBUS_HAVE_GETPWUID_R_5 1
| #define HAVE_READDIR_R 1
| #define GLOBUS_HAVE_READDIR_R_3 1
| #define GLOBUS_HAVE_DIRENT_TYPE 1
| #define GLOBUS_HAVE_DIRENT_RECLEN 1
| #define HAVE_LIBDL 1
| #define HAVE_DLERROR 1
| /* end confdefs.h.  */
| /* Define shl_load to an innocuous variant, in case <limits.h> declares shl_load.
|    For example, HP-UX 11i <limits.h> declares gettimeofday.  */
| #define shl_load innocuous_shl_load
| 
| /* System header to define __stub macros and hopefully few prototypes,
|     which can conflict with char shl_load (); below.
|     Prefer <limits.h> to <assert.h> if __STDC__ is defined, since
|     <limits.h> exists even on freestanding compilers.  */
| 
| #ifdef __STDC__
| # include <limits.h>
| #else
| # include <assert.h>
| #endif
| 
| #undef shl_load
| 
| /* Override any GCC internal prototype to avoid an error.
|    Use char because int might match the return type of a GCC
|    builtin and then its argument prototype would still apply.  */
| #ifdef __cplusplus
| extern "C"
| #endif
| char shl_load ();
| /* The GNU C library defines this for functions which it implements
|     to always fail with ENOSYS.  Some functions are actually named
|     something starting with __ and the normal name is an alias.  */
| #if defined __stub_shl_load || defined __stub___shl_load
| choke me
| #endif
| 
| int
| main ()
| {
| return shl_load ();
|   ;
|   return 0;
| }
configure:13569: result: no
configure:13576: checking for shl_load in -ldld
configure:13601: gcc -o conftest -g -O2 -pthread   conftest.c -ldld   >&5
ld: library not found for -ldld
clang: error: linker command failed with exit code 1 (use -v to see invocation)
configure:13601: $? = 1
configure: failed program was:
| /* confdefs.h */
| #define PACKAGE_NAME "globus_common"
| #define PACKAGE_TARNAME "globus_common"
| #define PACKAGE_VERSION "15.29"
| #define PACKAGE_STRING "globus_common 15.29"
| #define PACKAGE_BUGREPORT "https://globus.atlassian.net/"
| #define PACKAGE_URL ""
| #define PACKAGE "globus_common"
| #define VERSION "15.29"
| #define STDC_HEADERS 1
| #define HAVE_SYS_TYPES_H 1
| #define HAVE_SYS_STAT_H 1
| #define HAVE_STDLIB_H 1
| #define HAVE_STRING_H 1
| #define HAVE_MEMORY_H 1
| #define HAVE_STRINGS_H 1
| #define HAVE_INTTYPES_H 1
| #define HAVE_STDINT_H 1
| #define HAVE_UNISTD_H 1
| #define HAVE_DLFCN_H 1
| #define LT_OBJDIR ".libs/"
| #define HAVE_PTHREAD_H 1
| #define HAVE_SCHED_H 1
| #define HAVE_GETHOSTBYNAME 1
| #define HAVE_LOCALTIME_R 1
| #define HAVE_GMTIME_R 1
| #define HAVE_CTIME_R 1
| #define GLOBUS_HAVE_CTIME_R_2 1
| #define HAVE_GETPWNAM 1
| #define HAVE_GETPWNAM_R 1
| #define GLOBUS_HAVE_GETPWNAM_R_5 1
| #define HAVE_GETPWUID 1
| #define HAVE_GETPWUID_R 1
| #define GLOBUS_HAVE_GETPWUID_R_5 1
| #define HAVE_READDIR_R 1
| #define GLOBUS_HAVE_READDIR_R_3 1
| #define GLOBUS_HAVE_DIRENT_TYPE 1
| #define GLOBUS_HAVE_DIRENT_RECLEN 1
| #define HAVE_LIBDL 1
| #define HAVE_DLERROR 1
| /* end confdefs.h.  */
| 
| /* Override any GCC internal prototype to avoid an error.
|    Use char because int might match the return type of a GCC
|    builtin and then its argument prototype would still apply.  */
| #ifdef __cplusplus
| extern "C"
| #endif
| char shl_load ();
| int
| main ()
| {
| return shl_load ();
|   ;
|   return 0;
| }
configure:13610: result: no
configure:13656: checking for dld_link in -ldld
configure:13681: gcc -o conftest -g -O2 -pthread   conftest.c -ldld   >&5
ld: library not found for -ldld
clang: error: linker command failed with exit code 1 (use -v to see invocation)
configure:13681: $? = 1
configure: failed program was:
| /* confdefs.h */
| #define PACKAGE_NAME "globus_common"
| #define PACKAGE_TARNAME "globus_common"
| #define PACKAGE_VERSION "15.29"
| #define PACKAGE_STRING "globus_common 15.29"
| #define PACKAGE_BUGREPORT "https://globus.atlassian.net/"
| #define PACKAGE_URL ""
| #define PACKAGE "globus_common"
| #define VERSION "15.29"
| #define STDC_HEADERS 1
| #define HAVE_SYS_TYPES_H 1
| #define HAVE_SYS_STAT_H 1
| #define HAVE_STDLIB_H 1
| #define HAVE_STRING_H 1
| #define HAVE_MEMORY_H 1
| #define HAVE_STRINGS_H 1
| #define HAVE_INTTYPES_H 1
| #define HAVE_STDINT_H 1
| #define HAVE_UNISTD_H 1
| #define HAVE_DLFCN_H 1
| #define LT_OBJDIR ".libs/"
| #define HAVE_PTHREAD_H 1
| #define HAVE_SCHED_H 1
| #define HAVE_GETHOSTBYNAME 1
| #define HAVE_LOCALTIME_R 1
| #define HAVE_GMTIME_R 1
| #define HAVE_CTIME_R 1
| #define GLOBUS_HAVE_CTIME_R_2 1
| #define HAVE_GETPWNAM 1
| #define HAVE_GETPWNAM_R 1
| #define GLOBUS_HAVE_GETPWNAM_R_5 1
| #define HAVE_GETPWUID 1
| #define HAVE_GETPWUID_R 1
| #define GLOBUS_HAVE_GETPWUID_R_5 1
| #define HAVE_READDIR_R 1
| #define GLOBUS_HAVE_READDIR_R_3 1
| #define GLOBUS_HAVE_DIRENT_TYPE 1
| #define GLOBUS_HAVE_DIRENT_RECLEN 1
| #define HAVE_LIBDL 1
| #define HAVE_DLERROR 1
| /* end confdefs.h.  */
| 
| /* Override any GCC internal prototype to avoid an error.
|    Use char because int might match the return type of a GCC
|    builtin and then its argument prototype would still apply.  */
| #ifdef __cplusplus
| extern "C"
| #endif
| char dld_link ();
| int
| main ()
| {
| return dld_link ();
|   ;
|   return 0;
| }
configure:13690: result: no
configure:13724: checking for library containing socket
configure:13755: gcc -o conftest -g -O2 -pthread   conftest.c  >&5
configure:13755: $? = 0
configure:13772: result: none required
configure:13780: checking for library containing gethostbyname
configure:13811: gcc -o conftest -g -O2 -pthread   conftest.c  >&5
configure:13811: $? = 0
configure:13828: result: none required
configure:13836: checking for library containing gethostbyaddr
configure:13867: gcc -o conftest -g -O2 -pthread   conftest.c  >&5
configure:13867: $? = 0
configure:13884: result: none required
configure:13912: checking arpa/inet.h usability
configure:13912: gcc -c -g -O2 -pthread  -DWINVER=0x0502 conftest.c >&5
configure:13912: $? = 0
configure:13912: result: yes
configure:13912: checking arpa/inet.h presence
configure:13912: gcc -E  -DWINVER=0x0502 conftest.c
configure:13912: $? = 0
configure:13912: result: yes
configure:13912: checking for arpa/inet.h
configure:13912: result: yes
configure:13924: checking ifaddrs.h usability
configure:13924: gcc -c -g -O2 -pthread  -DWINVER=0x0502 conftest.c >&5
configure:13924: $? = 0
configure:13924: result: yes
configure:13924: checking ifaddrs.h presence
configure:13924: gcc -E  -DWINVER=0x0502 conftest.c
configure:13924: $? = 0
configure:13924: result: yes
configure:13924: checking for ifaddrs.h
configure:13924: result: yes
configure:13936: checking net/if_arp.h usability
configure:13936: gcc -c -g -O2 -pthread  -DWINVER=0x0502 conftest.c >&5
configure:13936: $? = 0
configure:13936: result: yes
configure:13936: checking net/if_arp.h presence
configure:13936: gcc -E  -DWINVER=0x0502 conftest.c
configure:13936: $? = 0
configure:13936: result: yes
configure:13936: checking for net/if_arp.h
configure:13936: result: yes
configure:13948: checking net/if_dl.h usability
configure:13948: gcc -c -g -O2 -pthread  -DWINVER=0x0502 conftest.c >&5
configure:13948: $? = 0
configure:13948: result: yes
configure:13948: checking net/if_dl.h presence
configure:13948: gcc -E  -DWINVER=0x0502 conftest.c
configure:13948: $? = 0
configure:13948: result: yes
configure:13948: checking for net/if_dl.h
configure:13948: result: yes
configure:13960: checking sys/socket.h usability
configure:13960: gcc -c -g -O2 -pthread  -DWINVER=0x0502 conftest.c >&5
configure:13960: $? = 0
configure:13960: result: yes
configure:13960: checking sys/socket.h presence
configure:13960: gcc -E  -DWINVER=0x0502 conftest.c
configure:13960: $? = 0
configure:13960: result: yes
configure:13960: checking for sys/socket.h
configure:13960: result: yes
configure:13972: checking for net/if.h
configure:13972: gcc -c -g -O2 -pthread  -DWINVER=0x0502 conftest.c >&5
configure:13972: $? = 0
configure:13972: result: yes
configure:13987: checking sys/ioctl.h usability
configure:13987: gcc -c -g -O2 -pthread  -DWINVER=0x0502 conftest.c >&5
configure:13987: $? = 0
configure:13987: result: yes
configure:13987: checking sys/ioctl.h presence
configure:13987: gcc -E  -DWINVER=0x0502 conftest.c
configure:13987: $? = 0
configure:13987: result: yes
configure:13987: checking for sys/ioctl.h
configure:13987: result: yes
configure:13999: checking for ifaddrs.h
configure:13999: result: yes
configure:14011: checking if/dl.h usability
configure:14011: gcc -c -g -O2 -pthread  -DWINVER=0x0502 conftest.c >&5
conftest.c:84:10: fatal error: 'if/dl.h' file not found
#include <if/dl.h>
         ^
1 error generated.
configure:14011: $? = 1
configure: failed program was:
| /* confdefs.h */
| #define PACKAGE_NAME "globus_common"
| #define PACKAGE_TARNAME "globus_common"
| #define PACKAGE_VERSION "15.29"
| #define PACKAGE_STRING "globus_common 15.29"
| #define PACKAGE_BUGREPORT "https://globus.atlassian.net/"
| #define PACKAGE_URL ""
| #define PACKAGE "globus_common"
| #define VERSION "15.29"
| #define STDC_HEADERS 1
| #define HAVE_SYS_TYPES_H 1
| #define HAVE_SYS_STAT_H 1
| #define HAVE_STDLIB_H 1
| #define HAVE_STRING_H 1
| #define HAVE_MEMORY_H 1
| #define HAVE_STRINGS_H 1
| #define HAVE_INTTYPES_H 1
| #define HAVE_STDINT_H 1
| #define HAVE_UNISTD_H 1
| #define HAVE_DLFCN_H 1
| #define LT_OBJDIR ".libs/"
| #define HAVE_PTHREAD_H 1
| #define HAVE_SCHED_H 1
| #define HAVE_GETHOSTBYNAME 1
| #define HAVE_LOCALTIME_R 1
| #define HAVE_GMTIME_R 1
| #define HAVE_CTIME_R 1
| #define GLOBUS_HAVE_CTIME_R_2 1
| #define HAVE_GETPWNAM 1
| #define HAVE_GETPWNAM_R 1
| #define GLOBUS_HAVE_GETPWNAM_R_5 1
| #define HAVE_GETPWUID 1
| #define HAVE_GETPWUID_R 1
| #define GLOBUS_HAVE_GETPWUID_R_5 1
| #define HAVE_READDIR_R 1
| #define GLOBUS_HAVE_READDIR_R_3 1
| #define GLOBUS_HAVE_DIRENT_TYPE 1
| #define GLOBUS_HAVE_DIRENT_RECLEN 1
| #define HAVE_LIBDL 1
| #define HAVE_DLERROR 1
| #define HAVE_LIBDLLOADER 1
| #define HAVE_ARPA_INET_H 1
| #define HAVE_IFADDRS_H 1
| #define HAVE_NET_IF_ARP_H 1
| #define HAVE_NET_IF_DL_H 1
| #define HAVE_SYS_SOCKET_H 1
| #define HAVE_NET_IF_H 1
| #define HAVE_SYS_IOCTL_H 1
| #define HAVE_IFADDRS_H 1
| /* end confdefs.h.  */
| #include <stdio.h>
| #ifdef HAVE_SYS_TYPES_H
| # include <sys/types.h>
| #endif
| #ifdef HAVE_SYS_STAT_H
| # include <sys/stat.h>
| #endif
| #ifdef STDC_HEADERS
| # include <stdlib.h>
| # include <stddef.h>
| #else
| # ifdef HAVE_STDLIB_H
| #  include <stdlib.h>
| # endif
| #endif
| #ifdef HAVE_STRING_H
| # if !defined STDC_HEADERS && defined HAVE_MEMORY_H
| #  include <memory.h>
| # endif
| # include <string.h>
| #endif
| #ifdef HAVE_STRINGS_H
| # include <strings.h>
| #endif
| #ifdef HAVE_INTTYPES_H
| # include <inttypes.h>
| #endif
| #ifdef HAVE_STDINT_H
| # include <stdint.h>
| #endif
| #ifdef HAVE_UNISTD_H
| # include <unistd.h>
| #endif
| #include <if/dl.h>
configure:14011: result: no
configure:14011: checking if/dl.h presence
configure:14011: gcc -E  -DWINVER=0x0502 conftest.c
conftest.c:51:10: fatal error: 'if/dl.h' file not found
#include <if/dl.h>
         ^
1 error generated.
configure:14011: $? = 1
configure: failed program was:
| /* confdefs.h */
| #define PACKAGE_NAME "globus_common"
| #define PACKAGE_TARNAME "globus_common"
| #define PACKAGE_VERSION "15.29"
| #define PACKAGE_STRING "globus_common 15.29"
| #define PACKAGE_BUGREPORT "https://globus.atlassian.net/"
| #define PACKAGE_URL ""
| #define PACKAGE "globus_common"
| #define VERSION "15.29"
| #define STDC_HEADERS 1
| #define HAVE_SYS_TYPES_H 1
| #define HAVE_SYS_STAT_H 1
| #define HAVE_STDLIB_H 1
| #define HAVE_STRING_H 1
| #define HAVE_MEMORY_H 1
| #define HAVE_STRINGS_H 1
| #define HAVE_INTTYPES_H 1
| #define HAVE_STDINT_H 1
| #define HAVE_UNISTD_H 1
| #define HAVE_DLFCN_H 1
| #define LT_OBJDIR ".libs/"
| #define HAVE_PTHREAD_H 1
| #define HAVE_SCHED_H 1
| #define HAVE_GETHOSTBYNAME 1
| #define HAVE_LOCALTIME_R 1
| #define HAVE_GMTIME_R 1
| #define HAVE_CTIME_R 1
| #define GLOBUS_HAVE_CTIME_R_2 1
| #define HAVE_GETPWNAM 1
| #define HAVE_GETPWNAM_R 1
| #define GLOBUS_HAVE_GETPWNAM_R_5 1
| #define HAVE_GETPWUID 1
| #define HAVE_GETPWUID_R 1
| #define GLOBUS_HAVE_GETPWUID_R_5 1
| #define HAVE_READDIR_R 1
| #define GLOBUS_HAVE_READDIR_R_3 1
| #define GLOBUS_HAVE_DIRENT_TYPE 1
| #define GLOBUS_HAVE_DIRENT_RECLEN 1
| #define HAVE_LIBDL 1
| #define HAVE_DLERROR 1
| #define HAVE_LIBDLLOADER 1
| #define HAVE_ARPA_INET_H 1
| #define HAVE_IFADDRS_H 1
| #define HAVE_NET_IF_ARP_H 1
| #define HAVE_NET_IF_DL_H 1
| #define HAVE_SYS_SOCKET_H 1
| #define HAVE_NET_IF_H 1
| #define HAVE_SYS_IOCTL_H 1
| #define HAVE_IFADDRS_H 1
| /* end confdefs.h.  */
| #include <if/dl.h>
configure:14011: result: no
configure:14011: checking for if/dl.h
configure:14011: result: no
configure:14023: checking if/arp.h usability
configure:14023: gcc -c -g -O2 -pthread  -DWINVER=0x0502 conftest.c >&5
conftest.c:84:10: fatal error: 'if/arp.h' file not found
#include <if/arp.h>
         ^
1 error generated.
configure:14023: $? = 1
configure: failed program was:
| /* confdefs.h */
| #define PACKAGE_NAME "globus_common"
| #define PACKAGE_TARNAME "globus_common"
| #define PACKAGE_VERSION "15.29"
| #define PACKAGE_STRING "globus_common 15.29"
| #define PACKAGE_BUGREPORT "https://globus.atlassian.net/"
| #define PACKAGE_URL ""
| #define PACKAGE "globus_common"
| #define VERSION "15.29"
| #define STDC_HEADERS 1
| #define HAVE_SYS_TYPES_H 1
| #define HAVE_SYS_STAT_H 1
| #define HAVE_STDLIB_H 1
| #define HAVE_STRING_H 1
| #define HAVE_MEMORY_H 1
| #define HAVE_STRINGS_H 1
| #define HAVE_INTTYPES_H 1
| #define HAVE_STDINT_H 1
| #define HAVE_UNISTD_H 1
| #define HAVE_DLFCN_H 1
| #define LT_OBJDIR ".libs/"
| #define HAVE_PTHREAD_H 1
| #define HAVE_SCHED_H 1
| #define HAVE_GETHOSTBYNAME 1
| #define HAVE_LOCALTIME_R 1
| #define HAVE_GMTIME_R 1
| #define HAVE_CTIME_R 1
| #define GLOBUS_HAVE_CTIME_R_2 1
| #define HAVE_GETPWNAM 1
| #define HAVE_GETPWNAM_R 1
| #define GLOBUS_HAVE_GETPWNAM_R_5 1
| #define HAVE_GETPWUID 1
| #define HAVE_GETPWUID_R 1
| #define GLOBUS_HAVE_GETPWUID_R_5 1
| #define HAVE_READDIR_R 1
| #define GLOBUS_HAVE_READDIR_R_3 1
| #define GLOBUS_HAVE_DIRENT_TYPE 1
| #define GLOBUS_HAVE_DIRENT_RECLEN 1
| #define HAVE_LIBDL 1
| #define HAVE_DLERROR 1
| #define HAVE_LIBDLLOADER 1
| #define HAVE_ARPA_INET_H 1
| #define HAVE_IFADDRS_H 1
| #define HAVE_NET_IF_ARP_H 1
| #define HAVE_NET_IF_DL_H 1
| #define HAVE_SYS_SOCKET_H 1
| #define HAVE_NET_IF_H 1
| #define HAVE_SYS_IOCTL_H 1
| #define HAVE_IFADDRS_H 1
| /* end confdefs.h.  */
| #include <stdio.h>
| #ifdef HAVE_SYS_TYPES_H
| # include <sys/types.h>
| #endif
| #ifdef HAVE_SYS_STAT_H
| # include <sys/stat.h>
| #endif
| #ifdef STDC_HEADERS
| # include <stdlib.h>
| # include <stddef.h>
| #else
| # ifdef HAVE_STDLIB_H
| #  include <stdlib.h>
| # endif
| #endif
| #ifdef HAVE_STRING_H
| # if !defined STDC_HEADERS && defined HAVE_MEMORY_H
| #  include <memory.h>
| # endif
| # include <string.h>
| #endif
| #ifdef HAVE_STRINGS_H
| # include <strings.h>
| #endif
| #ifdef HAVE_INTTYPES_H
| # include <inttypes.h>
| #endif
| #ifdef HAVE_STDINT_H
| # include <stdint.h>
| #endif
| #ifdef HAVE_UNISTD_H
| # include <unistd.h>
| #endif
| #include <if/arp.h>
configure:14023: result: no
configure:14023: checking if/arp.h presence
configure:14023: gcc -E  -DWINVER=0x0502 conftest.c
conftest.c:51:10: fatal error: 'if/arp.h' file not found
#include <if/arp.h>
         ^
1 error generated.
configure:14023: $? = 1
configure: failed program was:
| /* confdefs.h */
| #define PACKAGE_NAME "globus_common"
| #define PACKAGE_TARNAME "globus_common"
| #define PACKAGE_VERSION "15.29"
| #define PACKAGE_STRING "globus_common 15.29"
| #define PACKAGE_BUGREPORT "https://globus.atlassian.net/"
| #define PACKAGE_URL ""
| #define PACKAGE "globus_common"
| #define VERSION "15.29"
| #define STDC_HEADERS 1
| #define HAVE_SYS_TYPES_H 1
| #define HAVE_SYS_STAT_H 1
| #define HAVE_STDLIB_H 1
| #define HAVE_STRING_H 1
| #define HAVE_MEMORY_H 1
| #define HAVE_STRINGS_H 1
| #define HAVE_INTTYPES_H 1
| #define HAVE_STDINT_H 1
| #define HAVE_UNISTD_H 1
| #define HAVE_DLFCN_H 1
| #define LT_OBJDIR ".libs/"
| #define HAVE_PTHREAD_H 1
| #define HAVE_SCHED_H 1
| #define HAVE_GETHOSTBYNAME 1
| #define HAVE_LOCALTIME_R 1
| #define HAVE_GMTIME_R 1
| #define HAVE_CTIME_R 1
| #define GLOBUS_HAVE_CTIME_R_2 1
| #define HAVE_GETPWNAM 1
| #define HAVE_GETPWNAM_R 1
| #define GLOBUS_HAVE_GETPWNAM_R_5 1
| #define HAVE_GETPWUID 1
| #define HAVE_GETPWUID_R 1
| #define GLOBUS_HAVE_GETPWUID_R_5 1
| #define HAVE_READDIR_R 1
| #define GLOBUS_HAVE_READDIR_R_3 1
| #define GLOBUS_HAVE_DIRENT_TYPE 1
| #define GLOBUS_HAVE_DIRENT_RECLEN 1
| #define HAVE_LIBDL 1
| #define HAVE_DLERROR 1
| #define HAVE_LIBDLLOADER 1
| #define HAVE_ARPA_INET_H 1
| #define HAVE_IFADDRS_H 1
| #define HAVE_NET_IF_ARP_H 1
| #define HAVE_NET_IF_DL_H 1
| #define HAVE_SYS_SOCKET_H 1
| #define HAVE_NET_IF_H 1
| #define HAVE_SYS_IOCTL_H 1
| #define HAVE_IFADDRS_H 1
| /* end confdefs.h.  */
| #include <if/arp.h>
configure:14023: result: no
configure:14023: checking for if/arp.h
configure:14023: result: no
configure:14035: checking for arpa/inet.h
configure:14035: result: yes
configure:14047: checking for strings.h
configure:14047: result: yes
configure:14059: checking syslog.h usability
configure:14059: gcc -c -g -O2 -pthread  -DWINVER=0x0502 conftest.c >&5
configure:14059: $? = 0
configure:14059: result: yes
configure:14059: checking syslog.h presence
configure:14059: gcc -E  -DWINVER=0x0502 conftest.c
configure:14059: $? = 0
configure:14059: result: yes
configure:14059: checking for syslog.h
configure:14059: result: yes
configure:14071: checking sys/sysctl.h usability
configure:14071: gcc -c -g -O2 -pthread  -DWINVER=0x0502 conftest.c >&5
configure:14071: $? = 0
configure:14071: result: yes
configure:14071: checking sys/sysctl.h presence
configure:14071: gcc -E  -DWINVER=0x0502 conftest.c
configure:14071: $? = 0
configure:14071: result: yes
configure:14071: checking for sys/sysctl.h
configure:14071: result: yes
configure:14083: checking for sys/types.h
configure:14083: result: yes
configure:14096: checking for dirent.h that defines DIR
configure:14115: gcc -c -g -O2 -pthread  -DWINVER=0x0502 conftest.c >&5
configure:14115: $? = 0
configure:14123: result: yes
configure:14136: checking for library containing opendir
configure:14167: gcc -o conftest -g -O2 -pthread  -DWINVER=0x0502  conftest.c   >&5
configure:14167: $? = 0
configure:14184: result: none required
configure:14251: checking whether closedir returns void
configure:14275: gcc -o conftest -g -O2 -pthread  -DWINVER=0x0502  conftest.c   >&5
configure:14275: $? = 0
configure:14275: ./conftest
configure:14275: $? = 0
configure:14285: result: no
configure:14315: checking for lt_dlmutex_register
configure:14315: gcc -o conftest -g -O2 -pthread  -DWINVER=0x0502  conftest.c   >&5
Undefined symbols for architecture x86_64:
  "_lt_dlmutex_register", referenced from:
      _main in conftest-4e1b85.o
ld: symbol(s) not found for architecture x86_64
clang: error: linker command failed with exit code 1 (use -v to see invocation)
configure:14315: $? = 1
configure: failed program was:
| /* confdefs.h */
| #define PACKAGE_NAME "globus_common"
| #define PACKAGE_TARNAME "globus_common"
| #define PACKAGE_VERSION "15.29"
| #define PACKAGE_STRING "globus_common 15.29"
| #define PACKAGE_BUGREPORT "https://globus.atlassian.net/"
| #define PACKAGE_URL ""
| #define PACKAGE "globus_common"
| #define VERSION "15.29"
| #define STDC_HEADERS 1
| #define HAVE_SYS_TYPES_H 1
| #define HAVE_SYS_STAT_H 1
| #define HAVE_STDLIB_H 1
| #define HAVE_STRING_H 1
| #define HAVE_MEMORY_H 1
| #define HAVE_STRINGS_H 1
| #define HAVE_INTTYPES_H 1
| #define HAVE_STDINT_H 1
| #define HAVE_UNISTD_H 1
| #define HAVE_DLFCN_H 1
| #define LT_OBJDIR ".libs/"
| #define HAVE_PTHREAD_H 1
| #define HAVE_SCHED_H 1
| #define HAVE_GETHOSTBYNAME 1
| #define HAVE_LOCALTIME_R 1
| #define HAVE_GMTIME_R 1
| #define HAVE_CTIME_R 1
| #define GLOBUS_HAVE_CTIME_R_2 1
| #define HAVE_GETPWNAM 1
| #define HAVE_GETPWNAM_R 1
| #define GLOBUS_HAVE_GETPWNAM_R_5 1
| #define HAVE_GETPWUID 1
| #define HAVE_GETPWUID_R 1
| #define GLOBUS_HAVE_GETPWUID_R_5 1
| #define HAVE_READDIR_R 1
| #define GLOBUS_HAVE_READDIR_R_3 1
| #define GLOBUS_HAVE_DIRENT_TYPE 1
| #define GLOBUS_HAVE_DIRENT_RECLEN 1
| #define HAVE_LIBDL 1
| #define HAVE_DLERROR 1
| #define HAVE_LIBDLLOADER 1
| #define HAVE_ARPA_INET_H 1
| #define HAVE_IFADDRS_H 1
| #define HAVE_NET_IF_ARP_H 1
| #define HAVE_NET_IF_DL_H 1
| #define HAVE_SYS_SOCKET_H 1
| #define HAVE_NET_IF_H 1
| #define HAVE_SYS_IOCTL_H 1
| #define HAVE_IFADDRS_H 1
| #define HAVE_ARPA_INET_H 1
| #define HAVE_STRINGS_H 1
| #define HAVE_SYSLOG_H 1
| #define HAVE_SYS_SYSCTL_H 1
| #define HAVE_SYS_TYPES_H 1
| #define HAVE_DIRENT_H 1
| #define DIRENT 1
| #define SYSNDIR 1
| #define SYSDIR 1
| #define NDIR 1
| /* end confdefs.h.  */
| /* Define lt_dlmutex_register to an innocuous variant, in case <limits.h> declares lt_dlmutex_register.
|    For example, HP-UX 11i <limits.h> declares gettimeofday.  */
| #define lt_dlmutex_register innocuous_lt_dlmutex_register
| 
| /* System header to define __stub macros and hopefully few prototypes,
|     which can conflict with char lt_dlmutex_register (); below.
|     Prefer <limits.h> to <assert.h> if __STDC__ is defined, since
|     <limits.h> exists even on freestanding compilers.  */
| 
| #ifdef __STDC__
| # include <limits.h>
| #else
| # include <assert.h>
| #endif
| 
| #undef lt_dlmutex_register
| 
| /* Override any GCC internal prototype to avoid an error.
|    Use char because int might match the return type of a GCC
|    builtin and then its argument prototype would still apply.  */
| #ifdef __cplusplus
| extern "C"
| #endif
| char lt_dlmutex_register ();
| /* The GNU C library defines this for functions which it implements
|     to always fail with ENOSYS.  Some functions are actually named
|     something starting with __ and the normal name is an alias.  */
| #if defined __stub_lt_dlmutex_register || defined __stub___lt_dlmutex_register
| choke me
| #endif
| 
| int
| main ()
| {
| return lt_dlmutex_register ();
|   ;
|   return 0;
| }
configure:14315: result: no
configure:14326: checking for gethostname
configure:14326: gcc -o conftest -g -O2 -pthread  -DWINVER=0x0502  conftest.c   >&5
configure:14326: $? = 0
configure:14326: result: yes
configure:14337: checking for geteuid
configure:14337: gcc -o conftest -g -O2 -pthread  -DWINVER=0x0502  conftest.c   >&5
configure:14337: $? = 0
configure:14337: result: yes
configure:14348: checking for fork
configure:14348: gcc -o conftest -g -O2 -pthread  -DWINVER=0x0502  conftest.c   >&5
configure:14348: $? = 0
configure:14348: result: yes
configure:14359: checking for seekdir
configure:14359: gcc -o conftest -g -O2 -pthread  -DWINVER=0x0502  conftest.c   >&5
configure:14359: $? = 0
configure:14359: result: yes
configure:14370: checking for telldir
configure:14370: gcc -o conftest -g -O2 -pthread  -DWINVER=0x0502  conftest.c   >&5
configure:14370: $? = 0
configure:14370: result: yes
configure:14381: checking for sigaction
configure:14381: gcc -o conftest -g -O2 -pthread  -DWINVER=0x0502  conftest.c   >&5
configure:14381: $? = 0
configure:14381: result: yes
configure:14392: checking for sigprocmask
configure:14392: gcc -o conftest -g -O2 -pthread  -DWINVER=0x0502  conftest.c   >&5
configure:14392: $? = 0
configure:14392: result: yes
configure:14403: checking for snprintf
configure:14403: gcc -o conftest -g -O2 -pthread  -DWINVER=0x0502  conftest.c   >&5
conftest.c:91:6: warning: incompatible redeclaration of library function 'snprintf' [-Wincompatible-library-redeclaration]
char snprintf ();
     ^
conftest.c:91:6: note: 'snprintf' is a builtin with type 'int (char *, unsigned long, const char *, ...)'
1 warning generated.
configure:14403: $? = 0
configure:14403: result: yes
configure:14414: checking for vsnprintf
configure:14414: gcc -o conftest -g -O2 -pthread  -DWINVER=0x0502  conftest.c   >&5
conftest.c:92:6: warning: incompatible redeclaration of library function 'vsnprintf' [-Wincompatible-library-redeclaration]
char vsnprintf ();
     ^
conftest.c:92:6: note: 'vsnprintf' is a builtin with type 'int (char *, unsigned long, const char *, __va_list_tag *)'
1 warning generated.
configure:14414: $? = 0
configure:14414: result: yes
configure:14425: checking for strncasecmp
configure:14425: gcc -o conftest -g -O2 -pthread  -DWINVER=0x0502  conftest.c   >&5
conftest.c:93:6: warning: incompatible redeclaration of library function 'strncasecmp' [-Wincompatible-library-redeclaration]
char strncasecmp ();
     ^
conftest.c:93:6: note: 'strncasecmp' is a builtin with type 'int (const char *, const char *, unsigned long)'
1 warning generated.
configure:14425: $? = 0
configure:14425: result: yes
configure:14436: checking for doxygen
configure:14469: result: no
configure:14496: checking for perl
configure:14514: found /opt/local/bin/perl
configure:14526: result: /opt/local/bin/perl
configure:14541: checking for perl
configure:14559: found /opt/local/bin/perl
configure:14571: result: /opt/local/bin/perl
configure:14586: checking for sh
configure:14604: found /bin/sh
configure:14616: result: /bin/sh
configure:14631: checking for sh
configure:14649: found /bin/sh
configure:14661: result: /bin/sh
configure:14731: checking for xsltproc
configure:14749: found /opt/local/bin/xsltproc
configure:14761: result: /opt/local/bin/xsltproc
configure:14771: checking for xmllint
configure:14789: found /opt/local/bin/xmllint
configure:14801: result: /opt/local/bin/xmllint
configure:14809: checking docbook dtd
configure:14824: result: no
configure:14828: checking docbook xsl
configure:14843: result: no
configure:15068: checking that generated files are newer than configure
configure:15074: result: done
configure:15125: creating ./config.status

## ---------------------- ##
## Running config.status. ##
## ---------------------- ##

This file was extended by globus_common config.status 15.29, which was
generated by GNU Autoconf 2.69.  Invocation command line was

  CONFIG_FILES    = 
  CONFIG_HEADERS  = 
  CONFIG_LINKS    = 
  CONFIG_COMMANDS = 
  $ ./config.status 

on mcswl096.mcs.anl.gov

config.status:1204: creating globus-thread-pthread-uninstalled.pc
config.status:1204: creating Makefile
config.status:1204: creating globus-common.pc
config.status:1204: creating globus-common-uninstalled.pc
config.status:1204: creating library/Makefile
config.status:1204: creating library/Doxyfile
config.status:1204: creating library/globus_l_common_paths.h
config.status:1204: creating programs/Makefile
config.status:1204: creating programs/globus-sh-exec
config.status:1204: creating programs/globus-version
config.status:1204: creating scripts/Makefile
config.status:1204: creating scripts/Paths.pm
config.status:1204: creating scripts/globus-sh-tools.sh
config.status:1204: creating scripts/globus-sh-tools-vars.sh
config.status:1204: creating scripts/globus-script-initializer
config.status:1204: creating scripts/globus-user-env.csh
config.status:1204: creating scripts/globus-user-env.sh
config.status:1204: creating scripts/globus-script-initializer.x86_64-apple-darwin14.3.0
config.status:1204: creating test/Makefile
config.status:1204: creating manpages/Makefile
config.status:1204: creating version.h
config.status:1204: creating scripts/globus-domainname
config.status:1204: creating scripts/globus-hostname
config.status:1204: creating scripts/globus-makefile-header
config.status:1204: creating globus_i_common_config.h
config.status:1433: executing depfiles commands
config.status:1433: executing libtool commands

## ---------------- ##
## Cache variables. ##
## ---------------- ##

ac_cv_build=x86_64-apple-darwin14.3.0
ac_cv_c_compiler_gnu=yes
ac_cv_env_CC_set=
ac_cv_env_CC_value=
ac_cv_env_CFLAGS_set=
ac_cv_env_CFLAGS_value=
ac_cv_env_CPPFLAGS_set=
ac_cv_env_CPPFLAGS_value=
ac_cv_env_CPP_set=
ac_cv_env_CPP_value=
ac_cv_env_LDFLAGS_set=
ac_cv_env_LDFLAGS_value=
ac_cv_env_LIBLTDL_set=set
ac_cv_env_LIBLTDL_value=/Users/esjung/Downloads/globus_toolkit-6.0.1430141288/libltdl/libltdl.la
ac_cv_env_LIBS_set=
ac_cv_env_LIBS_value=
ac_cv_env_LTDLDEPS_set=set
ac_cv_env_LTDLDEPS_value=/Users/esjung/Downloads/globus_toolkit-6.0.1430141288/libltdl/libltdl.la
ac_cv_env_LTDLINCL_set=set
ac_cv_env_LTDLINCL_value=-I/Users/esjung/Downloads/globus_toolkit-6.0.1430141288/./libltdl
ac_cv_env_build_alias_set=
ac_cv_env_build_alias_value=
ac_cv_env_host_alias_set=
ac_cv_env_host_alias_value=
ac_cv_env_target_alias_set=
ac_cv_env_target_alias_value=
ac_cv_func_closedir_void=no
ac_cv_func_ctime_r=yes
ac_cv_func_dlerror=yes
ac_cv_func_fork=yes
ac_cv_func_geteuid=yes
ac_cv_func_gethostbyaddr_r=no
ac_cv_func_gethostbyname=yes
ac_cv_func_gethostbyname_r=no
ac_cv_func_gethostname=yes
ac_cv_func_getpwnam=yes
ac_cv_func_getpwnam_r=yes
ac_cv_func_getpwuid=yes
ac_cv_func_getpwuid_r=yes
ac_cv_func_gmtime_r=yes
ac_cv_func_localtime_r=yes
ac_cv_func_lt_dlmutex_register=no
ac_cv_func_readdir_r=yes
ac_cv_func_seekdir=yes
ac_cv_func_shl_load=no
ac_cv_func_sigaction=yes
ac_cv_func_sigprocmask=yes
ac_cv_func_snprintf=yes
ac_cv_func_strncasecmp=yes
ac_cv_func_telldir=yes
ac_cv_func_vsnprintf=yes
ac_cv_header_arpa_inet_h=yes
ac_cv_header_dirent_dirent_h=yes
ac_cv_header_dlfcn_h=yes
ac_cv_header_if_arp_h=no
ac_cv_header_if_dl_h=no
ac_cv_header_ifaddrs_h=yes
ac_cv_header_inttypes_h=yes
ac_cv_header_memory_h=yes
ac_cv_header_net_if_arp_h=yes
ac_cv_header_net_if_dl_h=yes
ac_cv_header_net_if_h=yes
ac_cv_header_pthread_h=yes
ac_cv_header_sched_h=yes
ac_cv_header_stdc=yes
ac_cv_header_stdint_h=yes
ac_cv_header_stdlib_h=yes
ac_cv_header_string_h=yes
ac_cv_header_strings_h=yes
ac_cv_header_sys_ioctl_h=yes
ac_cv_header_sys_socket_h=yes
ac_cv_header_sys_stat_h=yes
ac_cv_header_sys_sysctl_h=yes
ac_cv_header_sys_types_h=yes
ac_cv_header_syslog_h=yes
ac_cv_header_unistd_h=yes
ac_cv_host=x86_64-apple-darwin14.3.0
ac_cv_lib_dl_dlopen=yes
ac_cv_lib_dld_dld_link=no
ac_cv_lib_dld_shl_load=no
ac_cv_objext=o
ac_cv_path_EGREP='/opt/local/bin/grep -E'
ac_cv_path_FGREP='/opt/local/bin/grep -F'
ac_cv_path_GLOBUS_SH=/bin/sh
ac_cv_path_GLOBUS_SH_PERL=/opt/local/bin/perl
ac_cv_path_GREP=/opt/local/bin/grep
ac_cv_path_PERL=/opt/local/bin/perl
ac_cv_path_SED=/opt/local/bin/gsed
ac_cv_path_SH=/bin/sh
ac_cv_path_XMLLINT=/opt/local/bin/xmllint
ac_cv_path_XSLTPROC=/opt/local/bin/xsltproc
ac_cv_path_install='/usr/bin/install -c'
ac_cv_prog_AWK=gawk
ac_cv_prog_CPP='gcc -E'
ac_cv_prog_ac_ct_AR=ar
ac_cv_prog_ac_ct_CC=gcc
ac_cv_prog_ac_ct_DSYMUTIL=dsymutil
ac_cv_prog_ac_ct_LIPO=lipo
ac_cv_prog_ac_ct_NMEDIT=nmedit
ac_cv_prog_ac_ct_OTOOL=otool
ac_cv_prog_ac_ct_RANLIB=ranlib
ac_cv_prog_ac_ct_STRIP=strip
ac_cv_prog_cc_c89=
ac_cv_prog_cc_c99=
ac_cv_prog_cc_g=yes
ac_cv_prog_make_make_set=yes
ac_cv_search_dlopen='none required'
ac_cv_search_gethostbyaddr='none required'
ac_cv_search_gethostbyname='none required'
ac_cv_search_opendir='none required'
ac_cv_search_pthread_create='none required'
ac_cv_search_sched_yield='none required'
ac_cv_search_socket='none required'
ac_cv_sys_file_offset_bits=no
ac_cv_sys_largefile_CC=no
ac_cv_target=x86_64-apple-darwin14.3.0
am_cv_CC_dependencies_compiler_type=gcc3
am_cv_make_support_nested_variables=yes
am_cv_prog_cc_c_o=yes
am_cv_prog_tar_pax=gnutar
libltdl_cv_lib_dl_dlopen=yes
lt_cv_apple_cc_single_mod=yes
lt_cv_ar_at_file=no
lt_cv_deplibs_check_method=pass_all
lt_cv_dlopen=dlopen
lt_cv_dlopen_libs=-ldl
lt_cv_dlopen_self=yes
lt_cv_dlopen_self_static=yes
lt_cv_file_magic_cmd='$MAGIC_CMD'
lt_cv_file_magic_test_file=
lt_cv_ld_exported_symbols_list=yes
lt_cv_ld_force_load=yes
lt_cv_ld_reload_flag=-r
lt_cv_nm_interface='BSD nm'
lt_cv_objdir=.libs
lt_cv_path_LD=/Applications/Xcode.app/Contents/Developer/Toolchains/XcodeDefault.xctoolchain/usr/bin/ld
lt_cv_path_NM=/opt/local/bin/nm
lt_cv_path_mainfest_tool=no
lt_cv_prog_compiler_c_o=yes
lt_cv_prog_compiler_pic='-fno-common -DPIC'
lt_cv_prog_compiler_pic_works=yes
lt_cv_prog_compiler_rtti_exceptions=yes
lt_cv_prog_compiler_static_works=no
lt_cv_prog_gnu_ld=no
lt_cv_sharedlib_from_linklib_cmd='printf %s\n'
lt_cv_sys_global_symbol_pipe='sed -n -e '\''s/^.*[	 ]\([BCDEGRST][BCDEGRST]*\)[	 ][	 ]*_\([_A-Za-z][_A-Za-z0-9]*\)$/\1 _\2 \2/p'\'' | sed '\''/ __gnu_lto/d'\'''
lt_cv_sys_global_symbol_to_c_name_address='sed -n -e '\''s/^: \([^ ]*\)[ ]*$/  {\"\1\", (void *) 0},/p'\'' -e '\''s/^[BCDEGRST]* \([^ ]*\) \([^ ]*\)$/  {"\2", (void *) \&\2},/p'\'''
lt_cv_sys_global_symbol_to_c_name_address_lib_prefix='sed -n -e '\''s/^: \([^ ]*\)[ ]*$/  {\"\1\", (void *) 0},/p'\'' -e '\''s/^[BCDEGRST]* \([^ ]*\) \(lib[^ ]*\)$/  {"\2", (void *) \&\2},/p'\'' -e '\''s/^[BCDEGRST]* \([^ ]*\) \([^ ]*\)$/  {"lib\2", (void *) \&\2},/p'\'''
lt_cv_sys_global_symbol_to_cdecl='sed -n -e '\''s/^T .* \(.*\)$/extern int \1();/p'\'' -e '\''s/^[BCDEGRST]* .* \(.*\)$/extern char \1;/p'\'''
lt_cv_sys_max_cmd_len=196608
lt_cv_to_host_file_cmd=func_convert_file_noop
lt_cv_to_tool_file_cmd=func_convert_file_noop
myapp_cv_gcc_pthread=yes

## ----------------- ##
## Output variables. ##
## ----------------- ##

ACLOCAL='${SHELL} /Users/esjung/Downloads/globus_toolkit-6.0.1430141288/common/source/build-aux/missing aclocal-1.14'
AGE_VERSION='15'
AMDEPBACKSLASH='\'
AMDEP_FALSE='#'
AMDEP_TRUE=''
AMTAR='$${TAR-tar}'
AM_BACKSLASH='\'
AM_DEFAULT_V='$(AM_DEFAULT_VERBOSITY)'
AM_DEFAULT_VERBOSITY='1'
AM_V='$(V)'
AR='ar'
AS='as'
AUTOCONF='${SHELL} /Users/esjung/Downloads/globus_toolkit-6.0.1430141288/common/source/build-aux/missing autoconf'
AUTOHEADER='${SHELL} /Users/esjung/Downloads/globus_toolkit-6.0.1430141288/common/source/build-aux/missing autoheader'
AUTOMAKE='${SHELL} /Users/esjung/Downloads/globus_toolkit-6.0.1430141288/common/source/build-aux/missing automake-1.14'
AWK='gawk'
BUILD_MANPAGES_FALSE=''
BUILD_MANPAGES_TRUE='#'
BUILD_PTHREADS_FALSE='#'
BUILD_PTHREADS_TRUE=''
BUILD_WINDOWS_THREADS_FALSE=''
BUILD_WINDOWS_THREADS_TRUE='#'
CC='gcc'
CCDEPMODE='depmode=gcc3'
CFLAGS='-g -O2 -pthread'
CPP='gcc -E'
CPPFLAGS=' -I/Users/esjung/Downloads/globus_toolkit-6.0.1430141288/./libltdl'
CROSS_COMPILING_FALSE=''
CROSS_COMPILING_TRUE='#'
CYGPATH_W='echo'
DEFS='-DHAVE_CONFIG_H'
DEPDIR='.deps'
DIRT_BRANCH_ID='85'
DIRT_TIMESTAMP='1430141288'
DLLTOOL='false'
DOCBOOK_DTD='http://www.oasis-open.org/docbook/xml/4.4/docbookx.dtd'
DOXYGEN=''
DSYMUTIL='dsymutil'
DUMPBIN=''
ECHO_C='\c'
ECHO_N=''
ECHO_T=''
EGREP='/opt/local/bin/grep -E'
ENABLE_DOXYGEN_FALSE=''
ENABLE_DOXYGEN_TRUE='#'
EXEEXT=''
FGREP='/opt/local/bin/grep -F'
GLOBUS_SH='/bin/sh'
GLOBUS_SH_PERL='/opt/local/bin/perl'
GLOBUS_VERSION='6.0.1430141288'
GLOBUS_VERSIONNAME='Globus Toolkit'
GPT_EXTERNAL_LIBS=''
GREP='/opt/local/bin/grep'
INSTALL_DATA='${INSTALL} -m 644'
INSTALL_PROGRAM='${INSTALL}'
INSTALL_SCRIPT='${INSTALL}'
INSTALL_STRIP_PROGRAM='$(install_sh) -c -s'
LARGEFILE_CFLAGS=''
LD='/Applications/Xcode.app/Contents/Developer/Toolchains/XcodeDefault.xctoolchain/usr/bin/ld'
LDFLAGS=''
LIBADD_DL=' '
LIBADD_DLD_LINK=''
LIBADD_DLOPEN=''
LIBADD_SHL_LOAD=''
LIBLTDL='/Users/esjung/Downloads/globus_toolkit-6.0.1430141288/libltdl/libltdl.la'
LIBOBJS=''
LIBS=' /Users/esjung/Downloads/globus_toolkit-6.0.1430141288/libltdl/libltdl.la'
LIBTOOL='$(SHELL) $(top_builddir)/libtool'
LIPO='lipo'
LN_S='ln -s'
LTDLDEPS='/Users/esjung/Downloads/globus_toolkit-6.0.1430141288/libltdl/libltdl.la'
LTDLINCL='-I/Users/esjung/Downloads/globus_toolkit-6.0.1430141288/./libltdl'
LTLIBOBJS=''
LT_DLLOADERS=' dlopen.la'
LT_DLPREOPEN='-dlpreopen dlopen.la '
MAJOR_VERSION='15'
MAKEINFO='${SHELL} /Users/esjung/Downloads/globus_toolkit-6.0.1430141288/common/source/build-aux/missing makeinfo'
MANIFEST_TOOL=':'
MAN_XSL='http://docbook.sourceforge.net/release/xsl/current/manpages/docbook.xsl'
MINOR_VERSION='29'
MKDIR_P='build-aux/install-sh -c -d'
NM='/opt/local/bin/nm'
NMEDIT='nmedit'
OBJDUMP='false'
OBJEXT='o'
OTOOL64=':'
OTOOL='otool'
PACKAGE='globus_common'
PACKAGE_BUGREPORT='https://globus.atlassian.net/'
PACKAGE_DEPS=''
PACKAGE_DEP_CFLAGS=''
PACKAGE_DEP_LIBS=''
PACKAGE_NAME='globus_common'
PACKAGE_STRING='globus_common 15.29'
PACKAGE_TARNAME='globus_common'
PACKAGE_URL=''
PACKAGE_VERSION='15.29'
PATH_SEPARATOR=':'
PERL='/opt/local/bin/perl'
PTHREAD_PREOPEN_UNINSTALLED='-dlopen '\''${abs_top_builddir}/library/libglobus_thread_pthread.la'\'''
RANLIB='ranlib'
SED='/opt/local/bin/gsed'
SET_MAKE=''
SH='/bin/sh'
SHELL='/bin/sh'
STRIP='strip'
USE_SYMBOL_LABELS_FALSE=''
USE_SYMBOL_LABELS_TRUE='#'
VERSION='15.29'
WINDOWS_PREOPEN_UNINSTALLED=''
WINDOWS_TEST_SCRIPT_FALSE=''
WINDOWS_TEST_SCRIPT_TRUE='#'
XMLLINT='/opt/local/bin/xmllint'
XSLTPROC='/opt/local/bin/xsltproc'
ac_ct_AR='ar'
ac_ct_CC='gcc'
ac_ct_DUMPBIN=''
am__EXEEXT_FALSE=''
am__EXEEXT_TRUE='#'
am__fastdepCC_FALSE='#'
am__fastdepCC_TRUE=''
am__include='include'
am__isrc=''
am__leading_dot='.'
am__nodep='_no'
am__quote=''
am__tar='tar --format=posix -chf - "$$tardir"'
am__untar='tar -xf -'
bindir='${exec_prefix}/bin'
build='x86_64-apple-darwin14.3.0'
build_alias=''
build_cpu='x86_64'
build_os='darwin14.3.0'
build_vendor='apple'
cross_compiling='no'
datadir='${datarootdir}'
datarootdir='${prefix}/share'
docdir='${datarootdir}/doc/${PACKAGE_TARNAME}'
dvidir='${docdir}'
exec_prefix='${prefix}'
host='x86_64-apple-darwin14.3.0'
host_alias=''
host_cpu='x86_64'
host_os='darwin14.3.0'
host_vendor='apple'
htmldir='${docdir}'
includedir='${prefix}/include'
infodir='${datarootdir}/info'
install_sh='${SHELL} /Users/esjung/Downloads/globus_toolkit-6.0.1430141288/common/source/build-aux/install-sh'
libdir='${exec_prefix}/lib'
libexecdir='${exec_prefix}/libexec'
localedir='${datarootdir}/locale'
localstatedir='${prefix}/var'
mandir='${datarootdir}/man'
mkdir_p='$(MKDIR_P)'
oldincludedir='/usr/include'
pdfdir='${docdir}'
perlmoduledir='${libdir}/perl'
prefix='/usr/local/globus-6'
program_transform_name='s,x,x,'
psdir='${docdir}'
sbindir='${exec_prefix}/sbin'
sharedstatedir='${prefix}/com'
sysconfdir='${prefix}/etc'
target='x86_64-apple-darwin14.3.0'
target_alias=''
target_cpu='x86_64'
target_os='darwin14.3.0'
target_vendor='apple'
thread_models=' pthread'

## ----------- ##
## confdefs.h. ##
## ----------- ##

/* confdefs.h */
#define PACKAGE_NAME "globus_common"
#define PACKAGE_TARNAME "globus_common"
#define PACKAGE_VERSION "15.29"
#define PACKAGE_STRING "globus_common 15.29"
#define PACKAGE_BUGREPORT "https://globus.atlassian.net/"
#define PACKAGE_URL ""
#define PACKAGE "globus_common"
#define VERSION "15.29"
#define STDC_HEADERS 1
#define HAVE_SYS_TYPES_H 1
#define HAVE_SYS_STAT_H 1
#define HAVE_STDLIB_H 1
#define HAVE_STRING_H 1
#define HAVE_MEMORY_H 1
#define HAVE_STRINGS_H 1
#define HAVE_INTTYPES_H 1
#define HAVE_STDINT_H 1
#define HAVE_UNISTD_H 1
#define HAVE_DLFCN_H 1
#define LT_OBJDIR ".libs/"
#define HAVE_PTHREAD_H 1
#define HAVE_SCHED_H 1
#define HAVE_GETHOSTBYNAME 1
#define HAVE_LOCALTIME_R 1
#define HAVE_GMTIME_R 1
#define HAVE_CTIME_R 1
#define GLOBUS_HAVE_CTIME_R_2 1
#define HAVE_GETPWNAM 1
#define HAVE_GETPWNAM_R 1
#define GLOBUS_HAVE_GETPWNAM_R_5 1
#define HAVE_GETPWUID 1
#define HAVE_GETPWUID_R 1
#define GLOBUS_HAVE_GETPWUID_R_5 1
#define HAVE_READDIR_R 1
#define GLOBUS_HAVE_READDIR_R_3 1
#define GLOBUS_HAVE_DIRENT_TYPE 1
#define GLOBUS_HAVE_DIRENT_RECLEN 1
#define HAVE_LIBDL 1
#define HAVE_DLERROR 1
#define HAVE_LIBDLLOADER 1
#define HAVE_ARPA_INET_H 1
#define HAVE_IFADDRS_H 1
#define HAVE_NET_IF_ARP_H 1
#define HAVE_NET_IF_DL_H 1
#define HAVE_SYS_SOCKET_H 1
#define HAVE_NET_IF_H 1
#define HAVE_SYS_IOCTL_H 1
#define HAVE_IFADDRS_H 1
#define HAVE_ARPA_INET_H 1
#define HAVE_STRINGS_H 1
#define HAVE_SYSLOG_H 1
#define HAVE_SYS_SYSCTL_H 1
#define HAVE_SYS_TYPES_H 1
#define HAVE_DIRENT_H 1
#define DIRENT 1
#define SYSNDIR 1
#define SYSDIR 1
#define NDIR 1
#define HAVE_GETHOSTNAME 1
#define HAVE_GETEUID 1
#define HAVE_FORK 1
#define HAVE_SEEKDIR 1
#define HAVE_TELLDIR 1
#define HAVE_SIGACTION 1
#define HAVE_SIGPROCMASK 1
#define HAVE_SNPRINTF 1
#define HAVE_VSNPRINTF 1
#define HAVE_STRNCASECMP 1

configure: exit 0
