This file contains any messages produced by compilers while
running configure, to aid debugging if configure makes a mistake.

It was created by globus_gram_job_manager_sge configure 2.5, which was
generated by GNU Autoconf 2.69.  Invocation command line was

  $ ./configure --disable-option-checking --prefix=/usr/local/globus-6 --enable-ltdl-install --cache-file=/dev/null --srcdir=.

## --------- ##
## Platform. ##
## --------- ##

hostname = mcswl096.mcs.anl.gov
uname -m = x86_64
uname -r = 14.3.0
uname -s = Darwin
uname -v = Darwin Kernel Version 14.3.0: Mon Mar 23 11:59:05 PDT 2015; root:xnu-2782.20.48~5/RELEASE_X86_64

/usr/bin/uname -p = i386
/bin/uname -X     = unknown

/bin/arch              = unknown
/usr/bin/arch -k       = unknown
/usr/convex/getsysinfo = unknown
/usr/bin/hostinfo      = Mach kernel version:
	 Darwin Kernel Version 14.3.0: Mon Mar 23 11:59:05 PDT 2015; root:xnu-2782.20.48~5/RELEASE_X86_64
Kernel configured for up to 4 processors.
2 processors are physically available.
4 processors are logically available.
Processor type: i486 (Intel 80486)
Processors active: 0 1 2 3
Primary memory available: 4.00 gigabytes
Default processor set: 218 tasks, 1067 threads, 4 processors
Load average: 2.53, Mach factor: 1.78
/bin/machine           = unknown
/usr/bin/oslevel       = unknown
/bin/universe          = unknown

PATH: /opt/local/bin
PATH: /opt/local/sbin
PATH: /Library/Frameworks/Python.framework/Versions/3.4/bin
PATH: /opt/local/bin
PATH: /opt/local/sbin
PATH: /usr/local/bin
PATH: /usr/bin
PATH: /bin
PATH: /usr/sbin
PATH: /sbin
PATH: /opt/X11/bin
PATH: /Library/Globus/bin
PATH: /Library/Globus/sbin
PATH: /usr/texbin


## ----------- ##
## Core tests. ##
## ----------- ##

configure:2251: checking for a BSD-compatible install
configure:2319: result: /usr/bin/install -c
configure:2330: checking whether build environment is sane
configure:2385: result: yes
configure:2536: checking for a thread-safe mkdir -p
configure:2575: result: build-aux/install-sh -c -d
configure:2582: checking for gawk
configure:2598: found /opt/local/bin/gawk
configure:2609: result: gawk
configure:2620: checking whether make sets $(MAKE)
configure:2642: result: yes
configure:2671: checking whether make supports nested variables
configure:2688: result: yes
configure:2767: checking how to create a pax tar archive
configure:2778: tar --version
bsdtar 2.8.3 - libarchive 2.8.3
configure:2781: $? = 0
configure:2821: tardir=conftest.dir && eval tar --format=posix -chf - "$tardir" >conftest.tar
configure:2824: $? = 0
configure:2828: tar -xf - <conftest.tar
configure:2831: $? = 0
configure:2833: cat conftest.dir/file
GrepMe
configure:2836: $? = 0
configure:2849: result: gnutar
configure:2927: checking build system type
configure:2941: result: x86_64-apple-darwin14.3.0
configure:2961: checking host system type
configure:2974: result: x86_64-apple-darwin14.3.0
configure:3015: checking how to print strings
configure:3042: result: printf
configure:3075: checking for style of include used by make
configure:3103: result: GNU
configure:3174: checking for gcc
configure:3190: found /usr/bin/gcc
configure:3201: result: gcc
configure:3430: checking for C compiler version
configure:3439: gcc --version >&5
Apple LLVM version 6.1.0 (clang-602.0.49) (based on LLVM 3.6.0svn)
Target: x86_64-apple-darwin14.3.0
Thread model: posix
Configured with: --prefix=/Applications/Xcode.app/Contents/Developer//usr --with-gxx-include-dir=/usr/include/c++/4.2.1
configure:3450: $? = 0
configure:3439: gcc -v >&5
Configured with: --prefix=/Applications/Xcode.app/Contents/Developer//usr --with-gxx-include-dir=/usr/include/c++/4.2.1
Apple LLVM version 6.1.0 (clang-602.0.49) (based on LLVM 3.6.0svn)
Target: x86_64-apple-darwin14.3.0
Thread model: posix
configure:3450: $? = 0
configure:3439: gcc -V >&5
clang: error: argument to '-V' is missing (expected 1 value)
clang: error: no input files
configure:3450: $? = 1
configure:3439: gcc -qversion >&5
clang: error: unknown argument: '-qversion'
clang: error: no input files
configure:3450: $? = 1
configure:3470: checking whether the C compiler works
configure:3492: gcc    conftest.c  >&5
configure:3496: $? = 0
configure:3544: result: yes
configure:3547: checking for C compiler default output file name
configure:3549: result: a.out
configure:3555: checking for suffix of executables
configure:3562: gcc -o conftest    conftest.c  >&5
configure:3566: $? = 0
configure:3588: result: 
configure:3610: checking whether we are cross compiling
configure:3618: gcc -o conftest    conftest.c  >&5
configure:3622: $? = 0
configure:3629: ./conftest
configure:3633: $? = 0
configure:3648: result: no
configure:3653: checking for suffix of object files
configure:3675: gcc -c   conftest.c >&5
configure:3679: $? = 0
configure:3700: result: o
configure:3704: checking whether we are using the GNU C compiler
configure:3723: gcc -c   conftest.c >&5
configure:3723: $? = 0
configure:3732: result: yes
configure:3741: checking whether gcc accepts -g
configure:3761: gcc -c -g  conftest.c >&5
configure:3761: $? = 0
configure:3802: result: yes
configure:3819: checking for gcc option to accept ISO C89
configure:3882: gcc  -c -g -O2  conftest.c >&5
configure:3882: $? = 0
configure:3895: result: none needed
configure:3920: checking whether gcc understands -c and -o together
configure:3942: gcc -c conftest.c -o conftest2.o
configure:3945: $? = 0
configure:3942: gcc -c conftest.c -o conftest2.o
configure:3945: $? = 0
configure:3957: result: yes
configure:3976: checking dependency style of gcc
configure:4087: result: gcc3
configure:4102: checking for a sed that does not truncate output
configure:4166: result: /opt/local/bin/gsed
configure:4184: checking for grep that handles long lines and -e
configure:4242: result: /opt/local/bin/grep
configure:4247: checking for egrep
configure:4309: result: /opt/local/bin/grep -E
configure:4314: checking for fgrep
configure:4376: result: /opt/local/bin/grep -F
configure:4411: checking for ld used by gcc
configure:4478: result: /Applications/Xcode.app/Contents/Developer/Toolchains/XcodeDefault.xctoolchain/usr/bin/ld
configure:4485: checking if the linker (/Applications/Xcode.app/Contents/Developer/Toolchains/XcodeDefault.xctoolchain/usr/bin/ld) is GNU ld
configure:4500: result: no
configure:4512: checking for BSD- or MS-compatible name lister (nm)
configure:4561: result: /opt/local/bin/nm
configure:4691: checking the name lister (/opt/local/bin/nm) interface
configure:4698: gcc -c -g -O2  conftest.c >&5
configure:4701: /opt/local/bin/nm "conftest.o"
configure:4704: output
0000000000000218 S _some_variable
configure:4711: result: BSD nm
configure:4714: checking whether ln -s works
configure:4718: result: yes
configure:4726: checking the maximum length of command line arguments
configure:4856: result: 196608
configure:4873: checking whether the shell understands some XSI constructs
configure:4883: result: yes
configure:4887: checking whether the shell understands "+="
configure:4893: result: yes
configure:4928: checking how to convert x86_64-apple-darwin14.3.0 file names to x86_64-apple-darwin14.3.0 format
configure:4968: result: func_convert_file_noop
configure:4975: checking how to convert x86_64-apple-darwin14.3.0 file names to toolchain format
configure:4995: result: func_convert_file_noop
configure:5002: checking for /Applications/Xcode.app/Contents/Developer/Toolchains/XcodeDefault.xctoolchain/usr/bin/ld option to reload object files
configure:5009: result: -r
configure:5083: checking for objdump
configure:5113: result: no
configure:5139: checking how to recognize dependent libraries
configure:5341: result: pass_all
configure:5426: checking for dlltool
configure:5456: result: no
configure:5483: checking how to associate runtime and link libraries
configure:5510: result: printf %s\n
configure:5571: checking for ar
configure:5587: found /opt/local/bin/ar
configure:5598: result: ar
configure:5635: checking for archiver @FILE support
configure:5652: gcc -c -g -O2  conftest.c >&5
configure:5652: $? = 0
configure:5655: ar cru libconftest.a @conftest.lst >&5
ar: @conftest.lst: No such file or directory
configure:5658: $? = 1
configure:5678: result: no
configure:5736: checking for strip
configure:5752: found /opt/local/bin/strip
configure:5763: result: strip
configure:5835: checking for ranlib
configure:5851: found /opt/local/bin/ranlib
configure:5862: result: ranlib
configure:5964: checking command to parse /opt/local/bin/nm output from gcc object
configure:6084: gcc -c -g -O2  conftest.c >&5
configure:6087: $? = 0
configure:6091: /opt/local/bin/nm conftest.o \| sed -n -e 's/^.*[ ]\([BCDEGRST][BCDEGRST]*\)[ ][ ]*\([_A-Za-z][_A-Za-z0-9]*\)$/\1 \2 \2/p' | sed '/ __gnu_lto/d' \> conftest.nm
configure:6094: $? = 0
cannot find nm_test_var in conftest.nm
configure:6084: gcc -c -g -O2  conftest.c >&5
configure:6087: $? = 0
configure:6091: /opt/local/bin/nm conftest.o \| sed -n -e 's/^.*[ ]\([BCDEGRST][BCDEGRST]*\)[ ][ ]*_\([_A-Za-z][_A-Za-z0-9]*\)$/\1 _\2 \2/p' | sed '/ __gnu_lto/d' \> conftest.nm
configure:6094: $? = 0
configure:6160: gcc -o conftest -g -O2   conftest.c conftstm.o >&5
configure:6163: $? = 0
configure:6201: result: ok
configure:6238: checking for sysroot
configure:6268: result: no
configure:6530: checking for mt
configure:6560: result: no
configure:6580: checking if : is a manifest tool
configure:6586: : '-?'
configure:6594: result: no
configure:6650: checking for dsymutil
configure:6666: found /usr/bin/dsymutil
configure:6677: result: dsymutil
configure:6742: checking for nmedit
configure:6758: found /opt/local/bin/nmedit
configure:6769: result: nmedit
configure:6834: checking for lipo
configure:6850: found /opt/local/bin/lipo
configure:6861: result: lipo
configure:6926: checking for otool
configure:6942: found /opt/local/bin/otool
configure:6953: result: otool
configure:7018: checking for otool64
configure:7048: result: no
configure:7093: checking for -single_module linker flag
gcc -g -O2  -o libconftest.dylib -dynamiclib -Wl,-single_module conftest.c
configure:7126: result: yes
configure:7129: checking for -exported_symbols_list linker flag
configure:7149: gcc -o conftest -g -O2   -Wl,-exported_symbols_list,conftest.sym conftest.c  >&5
configure:7149: $? = 0
configure:7159: result: yes
configure:7162: checking for -force_load linker flag
gcc -g -O2 -c -o conftest.o conftest.c
ar cru libconftest.a conftest.o
ranlib libconftest.a
gcc -g -O2  -o conftest conftest.c -Wl,-force_load,./libconftest.a
configure:7194: result: yes
configure:7236: checking how to run the C preprocessor
configure:7267: gcc -E  conftest.c
configure:7267: $? = 0
configure:7281: gcc -E  conftest.c
conftest.c:11:10: fatal error: 'ac_nonexistent.h' file not found
#include <ac_nonexistent.h>
         ^
1 error generated.
configure:7281: $? = 1
configure: failed program was:
| /* confdefs.h */
| #define PACKAGE_NAME "globus_gram_job_manager_sge"
| #define PACKAGE_TARNAME "globus_gram_job_manager_sge"
| #define PACKAGE_VERSION "2.5"
| #define PACKAGE_STRING "globus_gram_job_manager_sge 2.5"
| #define PACKAGE_BUGREPORT "https://globus.atlassian.net/"
| #define PACKAGE_URL ""
| #define PACKAGE "globus_gram_job_manager_sge"
| #define VERSION "2.5"
| /* end confdefs.h.  */
| #include <ac_nonexistent.h>
configure:7306: result: gcc -E
configure:7326: gcc -E  conftest.c
configure:7326: $? = 0
configure:7340: gcc -E  conftest.c
conftest.c:11:10: fatal error: 'ac_nonexistent.h' file not found
#include <ac_nonexistent.h>
         ^
1 error generated.
configure:7340: $? = 1
configure: failed program was:
| /* confdefs.h */
| #define PACKAGE_NAME "globus_gram_job_manager_sge"
| #define PACKAGE_TARNAME "globus_gram_job_manager_sge"
| #define PACKAGE_VERSION "2.5"
| #define PACKAGE_STRING "globus_gram_job_manager_sge 2.5"
| #define PACKAGE_BUGREPORT "https://globus.atlassian.net/"
| #define PACKAGE_URL ""
| #define PACKAGE "globus_gram_job_manager_sge"
| #define VERSION "2.5"
| /* end confdefs.h.  */
| #include <ac_nonexistent.h>
configure:7369: checking for ANSI C header files
configure:7389: gcc -c -g -O2  conftest.c >&5
configure:7389: $? = 0
configure:7462: gcc -o conftest -g -O2   conftest.c  >&5
configure:7462: $? = 0
configure:7462: ./conftest
configure:7462: $? = 0
configure:7473: result: yes
configure:7486: checking for sys/types.h
configure:7486: gcc -c -g -O2  conftest.c >&5
configure:7486: $? = 0
configure:7486: result: yes
configure:7486: checking for sys/stat.h
configure:7486: gcc -c -g -O2  conftest.c >&5
configure:7486: $? = 0
configure:7486: result: yes
configure:7486: checking for stdlib.h
configure:7486: gcc -c -g -O2  conftest.c >&5
configure:7486: $? = 0
configure:7486: result: yes
configure:7486: checking for string.h
configure:7486: gcc -c -g -O2  conftest.c >&5
configure:7486: $? = 0
configure:7486: result: yes
configure:7486: checking for memory.h
configure:7486: gcc -c -g -O2  conftest.c >&5
configure:7486: $? = 0
configure:7486: result: yes
configure:7486: checking for strings.h
configure:7486: gcc -c -g -O2  conftest.c >&5
configure:7486: $? = 0
configure:7486: result: yes
configure:7486: checking for inttypes.h
configure:7486: gcc -c -g -O2  conftest.c >&5
configure:7486: $? = 0
configure:7486: result: yes
configure:7486: checking for stdint.h
configure:7486: gcc -c -g -O2  conftest.c >&5
configure:7486: $? = 0
configure:7486: result: yes
configure:7486: checking for unistd.h
configure:7486: gcc -c -g -O2  conftest.c >&5
configure:7486: $? = 0
configure:7486: result: yes
configure:7500: checking for dlfcn.h
configure:7500: gcc -c -g -O2  conftest.c >&5
configure:7500: $? = 0
configure:7500: result: yes
configure:8003: checking for objdir
configure:8018: result: .libs
configure:8285: checking if gcc supports -fno-rtti -fno-exceptions
configure:8303: gcc -c -g -O2  -fno-rtti -fno-exceptions conftest.c >&5
configure:8307: $? = 0
configure:8320: result: yes
configure:8647: checking for gcc option to produce PIC
configure:8654: result: -fno-common -DPIC
configure:8662: checking if gcc PIC flag -fno-common -DPIC works
configure:8680: gcc -c -g -O2  -fno-common -DPIC -DPIC conftest.c >&5
configure:8684: $? = 0
configure:8697: result: yes
configure:8726: checking if gcc static flag -static works
configure:8754: result: no
configure:8769: checking if gcc supports -c -o file.o
configure:8790: gcc -c -g -O2  -o out/conftest2.o conftest.c >&5
configure:8794: $? = 0
configure:8816: result: yes
configure:8824: checking if gcc supports -c -o file.o
configure:8871: result: yes
configure:8904: checking whether the gcc linker (/Applications/Xcode.app/Contents/Developer/Toolchains/XcodeDefault.xctoolchain/usr/bin/ld) supports shared libraries
configure:10057: result: yes
configure:10297: checking dynamic linker characteristics
configure:11034: result: darwin14.3.0 dyld
configure:11141: checking how to hardcode library paths into programs
configure:11166: result: immediate
configure:11211: checking for dlopen in -ldl
configure:11236: gcc -o conftest -g -O2   conftest.c -ldl   >&5
configure:11236: $? = 0
configure:11245: result: yes
configure:11460: checking whether a program can dlopen itself
configure:11540: gcc -o conftest -g -O2  -DHAVE_DLFCN_H   conftest.c -ldl  >&5
configure:11543: $? = 0
configure:11561: result: yes
configure:11566: checking whether a statically linked program can dlopen itself
configure:11646: gcc -o conftest -g -O2  -DHAVE_DLFCN_H    conftest.c -ldl  >&5
configure:11649: $? = 0
configure:11667: result: yes
configure:11706: checking whether stripping libraries is possible
configure:11720: result: yes
configure:11746: checking if libtool supports shared libraries
configure:11748: result: yes
configure:11751: checking whether to build shared libraries
configure:11772: result: yes
configure:11775: checking whether to build static libraries
configure:11779: result: yes
configure:11877: checking for pkg-config
configure:11895: found /opt/local/bin/pkg-config
configure:11907: result: /opt/local/bin/pkg-config
configure:11932: checking pkg-config is at least version 0.9.0
configure:11935: result: yes
configure:11945: checking for PACKAGE_DEP
configure:11952: $PKG_CONFIG --exists --print-errors "$PACKAGE_DEPS"
configure:11955: $? = 0
configure:11969: $PKG_CONFIG --exists --print-errors "$PACKAGE_DEPS"
configure:11972: $? = 0
configure:12030: result: yes
configure:12112: WARNING: SGE_ROOT is not set, use --with-sge-root
configure:12141: WARNING: SGE_CELL undefined is not defined in SGE_ROOT (undefined)
configure:12190: checking for mpirun
configure:12223: result: no
configure:12236: checking for mprun
configure:12269: result: no
configure:12282: checking for qsub
configure:12315: result: no
configure:12328: checking for qstat
configure:12361: result: no
configure:12374: checking for qdel
configure:12407: result: no
configure:12420: checking for qconf
configure:12453: result: no
configure:12467: WARNING: Required SGE executable QSUB not found
configure:12467: WARNING: Required SGE executable QSTAT not found
configure:12467: WARNING: Required SGE executable QDEL not found
configure:12467: WARNING: Required SGE executable QCONF not found
configure:12640: checking that generated files are newer than configure
configure:12646: result: done
configure:12673: creating ./config.status

## ---------------------- ##
## Running config.status. ##
## ---------------------- ##

This file was extended by globus_gram_job_manager_sge config.status 2.5, which was
generated by GNU Autoconf 2.69.  Invocation command line was

  CONFIG_FILES    = 
  CONFIG_HEADERS  = 
  CONFIG_LINKS    = 
  CONFIG_COMMANDS = 
  $ ./config.status 

on mcswl096.mcs.anl.gov

config.status:1086: creating globus-gram-job-manager-sge-uninstalled.pc
config.status:1086: creating globus-gram-job-manager-sge.pc
config.status:1086: creating Makefile
config.status:1086: creating seg/Makefile
config.status:1086: creating globus-sge.conf
config.status:1086: creating version.h
config.status:1258: executing depfiles commands
config.status:1258: executing libtool commands

## ---------------- ##
## Cache variables. ##
## ---------------- ##

ac_cv_build=x86_64-apple-darwin14.3.0
ac_cv_c_compiler_gnu=yes
ac_cv_env_CC_set=
ac_cv_env_CC_value=
ac_cv_env_CFLAGS_set=
ac_cv_env_CFLAGS_value=
ac_cv_env_CPPFLAGS_set=
ac_cv_env_CPPFLAGS_value=
ac_cv_env_CPP_set=
ac_cv_env_CPP_value=
ac_cv_env_LDFLAGS_set=
ac_cv_env_LDFLAGS_value=
ac_cv_env_LIBS_set=
ac_cv_env_LIBS_value=
ac_cv_env_PACKAGE_DEP_CFLAGS_set=
ac_cv_env_PACKAGE_DEP_CFLAGS_value=
ac_cv_env_PACKAGE_DEP_LIBS_set=
ac_cv_env_PACKAGE_DEP_LIBS_value=
ac_cv_env_PKG_CONFIG_LIBDIR_set=
ac_cv_env_PKG_CONFIG_LIBDIR_value=
ac_cv_env_PKG_CONFIG_PATH_set=set
ac_cv_env_PKG_CONFIG_PATH_value=/Users/esjung/Downloads/globus_toolkit-6.0.1430141288/common/source:/Users/esjung/Downloads/globus_toolkit-6.0.1430141288/xio/src:/Users/esjung/Downloads/globus_toolkit-6.0.1430141288/gridftp/gfork/source:/Users/esjung/Downloads/globus_toolkit-6.0.1430141288/gsi/openssl_error/source:/Users/esjung/Downloads/globus_toolkit-6.0.1430141288/gsi/proxy/proxy_ssl/source:/Users/esjung/Downloads/globus_toolkit-6.0.1430141288/gsi/openssl_module/source:/Users/esjung/Downloads/globus_toolkit-6.0.1430141288/gsi/cert_utils/source:/Users/esjung/Downloads/globus_toolkit-6.0.1430141288/gsi/sysconfig/source:/Users/esjung/Downloads/globus_toolkit-6.0.1430141288/callout/source:/Users/esjung/Downloads/globus_toolkit-6.0.1430141288/gsi/callback/source:/Users/esjung/Downloads/globus_toolkit-6.0.1430141288/gsi/credential/source:/Users/esjung/Downloads/globus_toolkit-6.0.1430141288/gsi/proxy/proxy_core/source:/Users/esjung/Downloads/globus_toolkit-6.0.1430141288/gsi/gssapi/source:/Users/esjung/Downloads/globus_toolkit-6.0.1430141288/gsi/gss_assist/source:/Users/esjung/Downloads/globus_toolkit-6.0.1430141288/gsi/gssapi_error/source:/Users/esjung/Downloads/globus_toolkit-6.0.1430141288/xio/drivers/gsi:/Users/esjung/Downloads/globus_toolkit-6.0.1430141288/io/compat:/Users/esjung/Downloads/globus_toolkit-6.0.1430141288/gridftp/control/source:/Users/esjung/Downloads/globus_toolkit-6.0.1430141288/usage/c/sender/source:/Users/esjung/Downloads/globus_toolkit-6.0.1430141288/xio/drivers/pipe/source:/Users/esjung/Downloads/globus_toolkit-6.0.1430141288/gridftp/server-lib/src:/Users/esjung/Downloads/globus_toolkit-6.0.1430141288/gsi/authz/error:/Users/esjung/Downloads/globus_toolkit-6.0.1430141288/gsi/authz/source:/Users/esjung/Downloads/globus_toolkit-6.0.1430141288/xio/drivers/rate/source:/Users/esjung/Downloads/globus_toolkit-6.0.1430141288/xio/drivers/popen/source:/Users/esjung/Downloads/globus_toolkit-6.0.1430141288/xio/drivers/udt/source:/Users/esjung/Downloads/globus_toolkit-6.0.1430141288/gridftp/net_manager:/Users/esjung/Downloads/globus_toolkit-6.0.1430141288/gridftp/server/src:/Users/esjung/Downloads/globus_toolkit-6.0.1430141288/gram/protocol/source:/Users/esjung/Downloads/globus_toolkit-6.0.1430141288/gram/jobmanager/scheduler_event_generator/source:/Users/esjung/Downloads/globus_toolkit-6.0.1430141288/gram/jobmanager/lrms/lsf/source:/Users/esjung/Downloads/globus_toolkit-6.0.1430141288/gass/transfer/source:/Users/esjung/Downloads/globus_toolkit-6.0.1430141288/gridftp/client/source:/Users/esjung/Downloads/globus_toolkit-6.0.1430141288/gass/copy/source:/Users/esjung/Downloads/globus_toolkit-6.0.1430141288/gass/cache/source:/Users/esjung/Downloads/globus_toolkit-6.0.1430141288/gram/rsl/source:/Users/esjung/Downloads/globus_toolkit-6.0.1430141288/gram/jobmanager/callout_error:/Users/esjung/Downloads/globus_toolkit-6.0.1430141288/gridftp/server/multi/source:/Users/esjung/Downloads/globus_toolkit-6.0.1430141288/gsi/simple_ca/source:/Users/esjung/Downloads/globus_toolkit-6.0.1430141288/gram/jobmanager/lrms/sge/source:/Users/esjung/Downloads/globus_toolkit-6.0.1430141288/gram/jobmanager/scripts:/Users/esjung/Downloads/globus_toolkit-6.0.1430141288/gram/jobmanager/lrms/slurm/source:/Users/esjung/Downloads/globus_toolkit-6.0.1430141288/gsi/gridmap_callout/error:/Users/esjung/Downloads/globus_toolkit-6.0.1430141288/gsi/gridmap_callout/source:/Users/esjung/Downloads/globus_toolkit-6.0.1430141288/gass/server_ez/source:/Users/esjung/Downloads/globus_toolkit-6.0.1430141288/gridftp/gridftp_driver/source:/Users/esjung/Downloads/globus_toolkit-6.0.1430141288/gram/jobmanager/lrms/fork/source:/Users/esjung/Downloads/globus_toolkit-6.0.1430141288/gsi/gridmap_verify_myproxy_callout:/Users/esjung/Downloads/globus_toolkit-6.0.1430141288/gsi/gridmap_eppn_callout:/Users/esjung/Downloads/globus_toolkit-6.0.1430141288/gram/jobmanager/lrms/condor/source:/Users/esjung/Downloads/globus_toolkit-6.0.1430141288/gsi/proxy/proxy_utils/source:/Users/esjung/Downloads/globus_toolkit-6.0.1430141288/gram/client/source:/Users/esjung/Downloads/globus_toolkit-6.0.1430141288/xio/xioperf/source:/Users/esjung/Downloads/globus_toolkit-6.0.1430141288/gram/gatekeeper/source:/Users/esjung/Downloads/globus_toolkit-6.0.1430141288/gass/cache_program/source:/Users/esjung/Downloads/globus_toolkit-6.0.1430141288/gram/jobmanager/lrms/pbs/source:/Users/esjung/Downloads/globus_toolkit-6.0.1430141288/gram/jobmanager/auditing/source:/Users/esjung/Downloads/globus_toolkit-6.0.1430141288/myproxy/source:/Users/esjung/Downloads/globus_toolkit-6.0.1430141288/gsi_openssh/source:/Users/esjung/Downloads/globus_toolkit-6.0.1430141288/gram/client_tools/source:/Users/esjung/Downloads/globus_toolkit-6.0.1430141288/gram/jobmanager/source:/Users/esjung/Downloads/globus_toolkit-6.0.1430141288/gridftp/hdfs
ac_cv_env_PKG_CONFIG_set=
ac_cv_env_PKG_CONFIG_value=
ac_cv_env_build_alias_set=
ac_cv_env_build_alias_value=
ac_cv_env_host_alias_set=
ac_cv_env_host_alias_value=
ac_cv_env_target_alias_set=
ac_cv_env_target_alias_value=
ac_cv_header_dlfcn_h=yes
ac_cv_header_inttypes_h=yes
ac_cv_header_memory_h=yes
ac_cv_header_stdc=yes
ac_cv_header_stdint_h=yes
ac_cv_header_stdlib_h=yes
ac_cv_header_string_h=yes
ac_cv_header_strings_h=yes
ac_cv_header_sys_stat_h=yes
ac_cv_header_sys_types_h=yes
ac_cv_header_unistd_h=yes
ac_cv_host=x86_64-apple-darwin14.3.0
ac_cv_lib_dl_dlopen=yes
ac_cv_objext=o
ac_cv_path_EGREP='/opt/local/bin/grep -E'
ac_cv_path_FGREP='/opt/local/bin/grep -F'
ac_cv_path_GREP=/opt/local/bin/grep
ac_cv_path_SED=/opt/local/bin/gsed
ac_cv_path_ac_pt_PKG_CONFIG=/opt/local/bin/pkg-config
ac_cv_path_install='/usr/bin/install -c'
ac_cv_prog_AWK=gawk
ac_cv_prog_CPP='gcc -E'
ac_cv_prog_ac_ct_AR=ar
ac_cv_prog_ac_ct_CC=gcc
ac_cv_prog_ac_ct_DSYMUTIL=dsymutil
ac_cv_prog_ac_ct_LIPO=lipo
ac_cv_prog_ac_ct_NMEDIT=nmedit
ac_cv_prog_ac_ct_OTOOL=otool
ac_cv_prog_ac_ct_RANLIB=ranlib
ac_cv_prog_ac_ct_STRIP=strip
ac_cv_prog_cc_c89=
ac_cv_prog_cc_g=yes
ac_cv_prog_make_make_set=yes
am_cv_CC_dependencies_compiler_type=gcc3
am_cv_make_support_nested_variables=yes
am_cv_prog_cc_c_o=yes
am_cv_prog_tar_pax=gnutar
lt_cv_apple_cc_single_mod=yes
lt_cv_ar_at_file=no
lt_cv_deplibs_check_method=pass_all
lt_cv_dlopen=dlopen
lt_cv_dlopen_libs=-ldl
lt_cv_dlopen_self=yes
lt_cv_dlopen_self_static=yes
lt_cv_file_magic_cmd='$MAGIC_CMD'
lt_cv_file_magic_test_file=
lt_cv_ld_exported_symbols_list=yes
lt_cv_ld_force_load=yes
lt_cv_ld_reload_flag=-r
lt_cv_nm_interface='BSD nm'
lt_cv_objdir=.libs
lt_cv_path_LD=/Applications/Xcode.app/Contents/Developer/Toolchains/XcodeDefault.xctoolchain/usr/bin/ld
lt_cv_path_NM=/opt/local/bin/nm
lt_cv_path_mainfest_tool=no
lt_cv_prog_compiler_c_o=yes
lt_cv_prog_compiler_pic='-fno-common -DPIC'
lt_cv_prog_compiler_pic_works=yes
lt_cv_prog_compiler_rtti_exceptions=yes
lt_cv_prog_compiler_static_works=no
lt_cv_prog_gnu_ld=no
lt_cv_sharedlib_from_linklib_cmd='printf %s\n'
lt_cv_sys_global_symbol_pipe='sed -n -e '\''s/^.*[	 ]\([BCDEGRST][BCDEGRST]*\)[	 ][	 ]*_\([_A-Za-z][_A-Za-z0-9]*\)$/\1 _\2 \2/p'\'' | sed '\''/ __gnu_lto/d'\'''
lt_cv_sys_global_symbol_to_c_name_address='sed -n -e '\''s/^: \([^ ]*\)[ ]*$/  {\"\1\", (void *) 0},/p'\'' -e '\''s/^[BCDEGRST]* \([^ ]*\) \([^ ]*\)$/  {"\2", (void *) \&\2},/p'\'''
lt_cv_sys_global_symbol_to_c_name_address_lib_prefix='sed -n -e '\''s/^: \([^ ]*\)[ ]*$/  {\"\1\", (void *) 0},/p'\'' -e '\''s/^[BCDEGRST]* \([^ ]*\) \(lib[^ ]*\)$/  {"\2", (void *) \&\2},/p'\'' -e '\''s/^[BCDEGRST]* \([^ ]*\) \([^ ]*\)$/  {"lib\2", (void *) \&\2},/p'\'''
lt_cv_sys_global_symbol_to_cdecl='sed -n -e '\''s/^T .* \(.*\)$/extern int \1();/p'\'' -e '\''s/^[BCDEGRST]* .* \(.*\)$/extern char \1;/p'\'''
lt_cv_sys_max_cmd_len=196608
lt_cv_to_host_file_cmd=func_convert_file_noop
lt_cv_to_tool_file_cmd=func_convert_file_noop
pkg_cv_PACKAGE_DEP_CFLAGS='-g -O2 -pthread -I/Users/esjung/Downloads/globus_toolkit-6.0.1430141288/./libltdl -I/Users/esjung/Downloads/globus_toolkit-6.0.1430141288/common/source -I/Users/esjung/Downloads/globus_toolkit-6.0.1430141288/common/source/library -I/Users/esjung/Downloads/globus_toolkit-6.0.1430141288/xio/src -I/Users/esjung/Downloads/globus_toolkit-6.0.1430141288/xio/src/builtins/file -I/Users/esjung/Downloads/globus_toolkit-6.0.1430141288/xio/src/builtins/http -I/Users/esjung/Downloads/globus_toolkit-6.0.1430141288/xio/src/builtins/mode_e -I/Users/esjung/Downloads/globus_toolkit-6.0.1430141288/xio/src/builtins/ordering -I/Users/esjung/Downloads/globus_toolkit-6.0.1430141288/xio/src/builtins/queue -I/Users/esjung/Downloads/globus_toolkit-6.0.1430141288/xio/src/builtins/tcp -I/Users/esjung/Downloads/globus_toolkit-6.0.1430141288/xio/src/builtins/telnet -I/Users/esjung/Downloads/globus_toolkit-6.0.1430141288/xio/src/builtins/udp -I/Users/esjung/Downloads/globus_toolkit-6.0.1430141288/gsi/openssl_error/source -I/Users/esjung/Downloads/globus_toolkit-6.0.1430141288/gsi/openssl_error/source/library -I/Users/esjung/Downloads/globus_toolkit-6.0.1430141288/gsi/proxy/proxy_ssl/source -I/Users/esjung/Downloads/globus_toolkit-6.0.1430141288/gsi/proxy/proxy_ssl/source/library -I/Users/esjung/Downloads/globus_toolkit-6.0.1430141288/gsi/openssl_module/source/library -I/Users/esjung/Downloads/globus_toolkit-6.0.1430141288/gsi/cert_utils/source/library -I/Users/esjung/Downloads/globus_toolkit-6.0.1430141288/gsi/sysconfig/source/library -I/Users/esjung/Downloads/globus_toolkit-6.0.1430141288/callout/source/library -I/Users/esjung/Downloads/globus_toolkit-6.0.1430141288/gsi/callback/source/library -I/Users/esjung/Downloads/globus_toolkit-6.0.1430141288/gsi/credential/source/library -I/Users/esjung/Downloads/globus_toolkit-6.0.1430141288/gsi/proxy/proxy_core/source/library -I/Users/esjung/Downloads/globus_toolkit-6.0.1430141288/gsi/gssapi/source/library -I/Users/esjung/Downloads/globus_toolkit-6.0.1430141288/gsi/gss_assist/source -I/Users/esjung/Downloads/globus_toolkit-6.0.1430141288/gsi/gssapi_error/source/library -I/Users/esjung/Downloads/globus_toolkit-6.0.1430141288/xio/drivers/gsi -I/Users/esjung/Downloads/globus_toolkit-6.0.1430141288/io/compat -I/Users/esjung/Downloads/globus_toolkit-6.0.1430141288/gram/protocol/source -I/Users/esjung/Downloads/globus_toolkit-6.0.1430141288/gram/jobmanager/scheduler_event_generator/source -I/opt/local/include '
pkg_cv_PACKAGE_DEP_LIBS='/Users/esjung/Downloads/globus_toolkit-6.0.1430141288/common/source/library/libglobus_common.la /Users/esjung/Downloads/globus_toolkit-6.0.1430141288/gram/jobmanager/scheduler_event_generator/source/libglobus_scheduler_event_generator.la '

## ----------------- ##
## Output variables. ##
## ----------------- ##

ACLOCAL='${SHELL} /Users/esjung/Downloads/globus_toolkit-6.0.1430141288/gram/jobmanager/lrms/sge/source/build-aux/missing aclocal-1.14'
AGE_VERSION='1'
AMDEPBACKSLASH='\'
AMDEP_FALSE='#'
AMDEP_TRUE=''
AMTAR='$${TAR-tar}'
AM_BACKSLASH='\'
AM_DEFAULT_V='$(AM_DEFAULT_VERBOSITY)'
AM_DEFAULT_VERBOSITY='1'
AM_V='$(V)'
AR='ar'
AS='as'
AUTOCONF='${SHELL} /Users/esjung/Downloads/globus_toolkit-6.0.1430141288/gram/jobmanager/lrms/sge/source/build-aux/missing autoconf'
AUTOHEADER='${SHELL} /Users/esjung/Downloads/globus_toolkit-6.0.1430141288/gram/jobmanager/lrms/sge/source/build-aux/missing autoheader'
AUTOMAKE='${SHELL} /Users/esjung/Downloads/globus_toolkit-6.0.1430141288/gram/jobmanager/lrms/sge/source/build-aux/missing automake-1.14'
AVAILABLE_PES=''
AVAILABLE_QUEUES=''
AWK='gawk'
CC='gcc'
CCDEPMODE='depmode=gcc3'
CFLAGS='-g -O2'
CPP='gcc -E'
CPPFLAGS=''
CYGPATH_W='echo'
DEFAULT_QUEUE=''
DEFS='-DPACKAGE_NAME=\"globus_gram_job_manager_sge\" -DPACKAGE_TARNAME=\"globus_gram_job_manager_sge\" -DPACKAGE_VERSION=\"2.5\" -DPACKAGE_STRING=\"globus_gram_job_manager_sge\ 2.5\" -DPACKAGE_BUGREPORT=\"https://globus.atlassian.net/\" -DPACKAGE_URL=\"\" -DPACKAGE=\"globus_gram_job_manager_sge\" -DVERSION=\"2.5\" -DSTDC_HEADERS=1 -DHAVE_SYS_TYPES_H=1 -DHAVE_SYS_STAT_H=1 -DHAVE_STDLIB_H=1 -DHAVE_STRING_H=1 -DHAVE_MEMORY_H=1 -DHAVE_STRINGS_H=1 -DHAVE_INTTYPES_H=1 -DHAVE_STDINT_H=1 -DHAVE_UNISTD_H=1 -DHAVE_DLFCN_H=1 -DLT_OBJDIR=\".libs/\"'
DEPDIR='.deps'
DIRT_BRANCH_ID='85'
DIRT_TIMESTAMP='1430141288'
DLLTOOL='false'
DSYMUTIL='dsymutil'
DUMPBIN=''
ECHO_C='\c'
ECHO_N=''
ECHO_T=''
EGREP='/opt/local/bin/grep -E'
EXEEXT=''
FGREP='/opt/local/bin/grep -F'
GREP='/opt/local/bin/grep'
INSTALL_DATA='${INSTALL} -m 644'
INSTALL_PROGRAM='${INSTALL}'
INSTALL_SCRIPT='${INSTALL}'
INSTALL_STRIP_PROGRAM='$(install_sh) -c -s'
LD='/Applications/Xcode.app/Contents/Developer/Toolchains/XcodeDefault.xctoolchain/usr/bin/ld'
LDFLAGS=''
LIBOBJS=''
LIBS=''
LIBTOOL='$(SHELL) $(top_builddir)/libtool'
LIPO='lipo'
LN_S='ln -s'
LTLIBOBJS=''
MAJOR_VERSION='2'
MAKEINFO='${SHELL} /Users/esjung/Downloads/globus_toolkit-6.0.1430141288/gram/jobmanager/lrms/sge/source/build-aux/missing makeinfo'
MANIFEST_TOOL=':'
MINOR_VERSION='5'
MKDIR_P='build-aux/install-sh -c -d'
MPIRUN='no'
MPI_PE=''
NM='/opt/local/bin/nm'
NMEDIT='nmedit'
OBJDUMP='false'
OBJEXT='o'
OTOOL64=':'
OTOOL='otool'
PACKAGE='globus_gram_job_manager_sge'
PACKAGE_BUGREPORT='https://globus.atlassian.net/'
PACKAGE_DEPS='globus-common >= 14, globus-scheduler-event-generator >= 4'
PACKAGE_DEP_CFLAGS='-g -O2 -pthread -I/Users/esjung/Downloads/globus_toolkit-6.0.1430141288/./libltdl -I/Users/esjung/Downloads/globus_toolkit-6.0.1430141288/common/source -I/Users/esjung/Downloads/globus_toolkit-6.0.1430141288/common/source/library -I/Users/esjung/Downloads/globus_toolkit-6.0.1430141288/xio/src -I/Users/esjung/Downloads/globus_toolkit-6.0.1430141288/xio/src/builtins/file -I/Users/esjung/Downloads/globus_toolkit-6.0.1430141288/xio/src/builtins/http -I/Users/esjung/Downloads/globus_toolkit-6.0.1430141288/xio/src/builtins/mode_e -I/Users/esjung/Downloads/globus_toolkit-6.0.1430141288/xio/src/builtins/ordering -I/Users/esjung/Downloads/globus_toolkit-6.0.1430141288/xio/src/builtins/queue -I/Users/esjung/Downloads/globus_toolkit-6.0.1430141288/xio/src/builtins/tcp -I/Users/esjung/Downloads/globus_toolkit-6.0.1430141288/xio/src/builtins/telnet -I/Users/esjung/Downloads/globus_toolkit-6.0.1430141288/xio/src/builtins/udp -I/Users/esjung/Downloads/globus_toolkit-6.0.1430141288/gsi/openssl_error/source -I/Users/esjung/Downloads/globus_toolkit-6.0.1430141288/gsi/openssl_error/source/library -I/Users/esjung/Downloads/globus_toolkit-6.0.1430141288/gsi/proxy/proxy_ssl/source -I/Users/esjung/Downloads/globus_toolkit-6.0.1430141288/gsi/proxy/proxy_ssl/source/library -I/Users/esjung/Downloads/globus_toolkit-6.0.1430141288/gsi/openssl_module/source/library -I/Users/esjung/Downloads/globus_toolkit-6.0.1430141288/gsi/cert_utils/source/library -I/Users/esjung/Downloads/globus_toolkit-6.0.1430141288/gsi/sysconfig/source/library -I/Users/esjung/Downloads/globus_toolkit-6.0.1430141288/callout/source/library -I/Users/esjung/Downloads/globus_toolkit-6.0.1430141288/gsi/callback/source/library -I/Users/esjung/Downloads/globus_toolkit-6.0.1430141288/gsi/credential/source/library -I/Users/esjung/Downloads/globus_toolkit-6.0.1430141288/gsi/proxy/proxy_core/source/library -I/Users/esjung/Downloads/globus_toolkit-6.0.1430141288/gsi/gssapi/source/library -I/Users/esjung/Downloads/globus_toolkit-6.0.1430141288/gsi/gss_assist/source -I/Users/esjung/Downloads/globus_toolkit-6.0.1430141288/gsi/gssapi_error/source/library -I/Users/esjung/Downloads/globus_toolkit-6.0.1430141288/xio/drivers/gsi -I/Users/esjung/Downloads/globus_toolkit-6.0.1430141288/io/compat -I/Users/esjung/Downloads/globus_toolkit-6.0.1430141288/gram/protocol/source -I/Users/esjung/Downloads/globus_toolkit-6.0.1430141288/gram/jobmanager/scheduler_event_generator/source -I/opt/local/include '
PACKAGE_DEP_LIBS='/Users/esjung/Downloads/globus_toolkit-6.0.1430141288/common/source/library/libglobus_common.la /Users/esjung/Downloads/globus_toolkit-6.0.1430141288/gram/jobmanager/scheduler_event_generator/source/libglobus_scheduler_event_generator.la '
PACKAGE_NAME='globus_gram_job_manager_sge'
PACKAGE_STRING='globus_gram_job_manager_sge 2.5'
PACKAGE_TARNAME='globus_gram_job_manager_sge'
PACKAGE_URL=''
PACKAGE_VERSION='2.5'
PATH_SEPARATOR=':'
PKG_CONFIG='/opt/local/bin/pkg-config'
PKG_CONFIG_LIBDIR=''
PKG_CONFIG_PATH='/Users/esjung/Downloads/globus_toolkit-6.0.1430141288/common/source:/Users/esjung/Downloads/globus_toolkit-6.0.1430141288/xio/src:/Users/esjung/Downloads/globus_toolkit-6.0.1430141288/gridftp/gfork/source:/Users/esjung/Downloads/globus_toolkit-6.0.1430141288/gsi/openssl_error/source:/Users/esjung/Downloads/globus_toolkit-6.0.1430141288/gsi/proxy/proxy_ssl/source:/Users/esjung/Downloads/globus_toolkit-6.0.1430141288/gsi/openssl_module/source:/Users/esjung/Downloads/globus_toolkit-6.0.1430141288/gsi/cert_utils/source:/Users/esjung/Downloads/globus_toolkit-6.0.1430141288/gsi/sysconfig/source:/Users/esjung/Downloads/globus_toolkit-6.0.1430141288/callout/source:/Users/esjung/Downloads/globus_toolkit-6.0.1430141288/gsi/callback/source:/Users/esjung/Downloads/globus_toolkit-6.0.1430141288/gsi/credential/source:/Users/esjung/Downloads/globus_toolkit-6.0.1430141288/gsi/proxy/proxy_core/source:/Users/esjung/Downloads/globus_toolkit-6.0.1430141288/gsi/gssapi/source:/Users/esjung/Downloads/globus_toolkit-6.0.1430141288/gsi/gss_assist/source:/Users/esjung/Downloads/globus_toolkit-6.0.1430141288/gsi/gssapi_error/source:/Users/esjung/Downloads/globus_toolkit-6.0.1430141288/xio/drivers/gsi:/Users/esjung/Downloads/globus_toolkit-6.0.1430141288/io/compat:/Users/esjung/Downloads/globus_toolkit-6.0.1430141288/gridftp/control/source:/Users/esjung/Downloads/globus_toolkit-6.0.1430141288/usage/c/sender/source:/Users/esjung/Downloads/globus_toolkit-6.0.1430141288/xio/drivers/pipe/source:/Users/esjung/Downloads/globus_toolkit-6.0.1430141288/gridftp/server-lib/src:/Users/esjung/Downloads/globus_toolkit-6.0.1430141288/gsi/authz/error:/Users/esjung/Downloads/globus_toolkit-6.0.1430141288/gsi/authz/source:/Users/esjung/Downloads/globus_toolkit-6.0.1430141288/xio/drivers/rate/source:/Users/esjung/Downloads/globus_toolkit-6.0.1430141288/xio/drivers/popen/source:/Users/esjung/Downloads/globus_toolkit-6.0.1430141288/xio/drivers/udt/source:/Users/esjung/Downloads/globus_toolkit-6.0.1430141288/gridftp/net_manager:/Users/esjung/Downloads/globus_toolkit-6.0.1430141288/gridftp/server/src:/Users/esjung/Downloads/globus_toolkit-6.0.1430141288/gram/protocol/source:/Users/esjung/Downloads/globus_toolkit-6.0.1430141288/gram/jobmanager/scheduler_event_generator/source:/Users/esjung/Downloads/globus_toolkit-6.0.1430141288/gram/jobmanager/lrms/lsf/source:/Users/esjung/Downloads/globus_toolkit-6.0.1430141288/gass/transfer/source:/Users/esjung/Downloads/globus_toolkit-6.0.1430141288/gridftp/client/source:/Users/esjung/Downloads/globus_toolkit-6.0.1430141288/gass/copy/source:/Users/esjung/Downloads/globus_toolkit-6.0.1430141288/gass/cache/source:/Users/esjung/Downloads/globus_toolkit-6.0.1430141288/gram/rsl/source:/Users/esjung/Downloads/globus_toolkit-6.0.1430141288/gram/jobmanager/callout_error:/Users/esjung/Downloads/globus_toolkit-6.0.1430141288/gridftp/server/multi/source:/Users/esjung/Downloads/globus_toolkit-6.0.1430141288/gsi/simple_ca/source:/Users/esjung/Downloads/globus_toolkit-6.0.1430141288/gram/jobmanager/lrms/sge/source:/Users/esjung/Downloads/globus_toolkit-6.0.1430141288/gram/jobmanager/scripts:/Users/esjung/Downloads/globus_toolkit-6.0.1430141288/gram/jobmanager/lrms/slurm/source:/Users/esjung/Downloads/globus_toolkit-6.0.1430141288/gsi/gridmap_callout/error:/Users/esjung/Downloads/globus_toolkit-6.0.1430141288/gsi/gridmap_callout/source:/Users/esjung/Downloads/globus_toolkit-6.0.1430141288/gass/server_ez/source:/Users/esjung/Downloads/globus_toolkit-6.0.1430141288/gridftp/gridftp_driver/source:/Users/esjung/Downloads/globus_toolkit-6.0.1430141288/gram/jobmanager/lrms/fork/source:/Users/esjung/Downloads/globus_toolkit-6.0.1430141288/gsi/gridmap_verify_myproxy_callout:/Users/esjung/Downloads/globus_toolkit-6.0.1430141288/gsi/gridmap_eppn_callout:/Users/esjung/Downloads/globus_toolkit-6.0.1430141288/gram/jobmanager/lrms/condor/source:/Users/esjung/Downloads/globus_toolkit-6.0.1430141288/gsi/proxy/proxy_utils/source:/Users/esjung/Downloads/globus_toolkit-6.0.1430141288/gram/client/source:/Users/esjung/Downloads/globus_toolkit-6.0.1430141288/xio/xioperf/source:/Users/esjung/Downloads/globus_toolkit-6.0.1430141288/gram/gatekeeper/source:/Users/esjung/Downloads/globus_toolkit-6.0.1430141288/gass/cache_program/source:/Users/esjung/Downloads/globus_toolkit-6.0.1430141288/gram/jobmanager/lrms/pbs/source:/Users/esjung/Downloads/globus_toolkit-6.0.1430141288/gram/jobmanager/auditing/source:/Users/esjung/Downloads/globus_toolkit-6.0.1430141288/myproxy/source:/Users/esjung/Downloads/globus_toolkit-6.0.1430141288/gsi_openssh/source:/Users/esjung/Downloads/globus_toolkit-6.0.1430141288/gram/client_tools/source:/Users/esjung/Downloads/globus_toolkit-6.0.1430141288/gram/jobmanager/source:/Users/esjung/Downloads/globus_toolkit-6.0.1430141288/gridftp/hdfs'
QCONF='no'
QDEL='no'
QSTAT='no'
QSUB='no'
RANLIB='ranlib'
SED='/opt/local/bin/gsed'
SEG_ENABLED_COND_FALSE=''
SEG_ENABLED_COND_TRUE='#'
SET_MAKE=''
SGE_CELL='undefined'
SGE_CONFIG=''
SGE_REPORTING_FILE=''
SGE_ROOT='undefined'
SHELL='/bin/sh'
STRIP='strip'
SUN_MPRUN='no'
VALIDATE_PES='no'
VALIDATE_QUEUES='no'
VERSION='2.5'
ac_ct_AR='ar'
ac_ct_CC='gcc'
ac_ct_DUMPBIN=''
am__EXEEXT_FALSE=''
am__EXEEXT_TRUE='#'
am__fastdepCC_FALSE='#'
am__fastdepCC_TRUE=''
am__include='include'
am__isrc=''
am__leading_dot='.'
am__nodep='_no'
am__quote=''
am__tar='tar --format=posix -chf - "$$tardir"'
am__untar='tar -xf -'
bindir='${exec_prefix}/bin'
build='x86_64-apple-darwin14.3.0'
build_alias=''
build_cpu='x86_64'
build_os='darwin14.3.0'
build_vendor='apple'
datadir='${datarootdir}'
datarootdir='${prefix}/share'
docdir='${datarootdir}/doc/${PACKAGE_TARNAME}'
dvidir='${docdir}'
exec_prefix='${prefix}'
host='x86_64-apple-darwin14.3.0'
host_alias=''
host_cpu='x86_64'
host_os='darwin14.3.0'
host_vendor='apple'
htmldir='${docdir}'
includedir='${prefix}/include'
infodir='${datarootdir}/info'
install_sh='${SHELL} /Users/esjung/Downloads/globus_toolkit-6.0.1430141288/gram/jobmanager/lrms/sge/source/build-aux/install-sh'
libdir='${exec_prefix}/lib'
libexecdir='${exec_prefix}/libexec'
localedir='${datarootdir}/locale'
localstatedir='${prefix}/var'
mandir='${datarootdir}/man'
mkdir_p='$(MKDIR_P)'
oldincludedir='/usr/include'
pdfdir='${docdir}'
perlmoduledir='${libdir}/perl'
prefix='/usr/local/globus-6'
program_transform_name='s,x,x,'
psdir='${docdir}'
sbindir='${exec_prefix}/sbin'
sharedstatedir='${prefix}/com'
sysconfdir='${prefix}/etc'
target_alias=''

## ----------- ##
## confdefs.h. ##
## ----------- ##

/* confdefs.h */
#define PACKAGE_NAME "globus_gram_job_manager_sge"
#define PACKAGE_TARNAME "globus_gram_job_manager_sge"
#define PACKAGE_VERSION "2.5"
#define PACKAGE_STRING "globus_gram_job_manager_sge 2.5"
#define PACKAGE_BUGREPORT "https://globus.atlassian.net/"
#define PACKAGE_URL ""
#define PACKAGE "globus_gram_job_manager_sge"
#define VERSION "2.5"
#define STDC_HEADERS 1
#define HAVE_SYS_TYPES_H 1
#define HAVE_SYS_STAT_H 1
#define HAVE_STDLIB_H 1
#define HAVE_STRING_H 1
#define HAVE_MEMORY_H 1
#define HAVE_STRINGS_H 1
#define HAVE_INTTYPES_H 1
#define HAVE_STDINT_H 1
#define HAVE_UNISTD_H 1
#define HAVE_DLFCN_H 1
#define LT_OBJDIR ".libs/"

configure: exit 0
