This file contains any messages produced by compilers while
running configure, to aid debugging if configure makes a mistake.

It was created by globus_gridftp_server configure 7.25, which was
generated by GNU Autoconf 2.69.  Invocation command line was

  $ ./configure --disable-option-checking --prefix=/usr/local/globus-6 --enable-ltdl-install --cache-file=/dev/null --srcdir=.

## --------- ##
## Platform. ##
## --------- ##

hostname = mcswl096.mcs.anl.gov
uname -m = x86_64
uname -r = 14.3.0
uname -s = Darwin
uname -v = Darwin Kernel Version 14.3.0: Mon Mar 23 11:59:05 PDT 2015; root:xnu-2782.20.48~5/RELEASE_X86_64

/usr/bin/uname -p = i386
/bin/uname -X     = unknown

/bin/arch              = unknown
/usr/bin/arch -k       = unknown
/usr/convex/getsysinfo = unknown
/usr/bin/hostinfo      = Mach kernel version:
	 Darwin Kernel Version 14.3.0: Mon Mar 23 11:59:05 PDT 2015; root:xnu-2782.20.48~5/RELEASE_X86_64
Kernel configured for up to 4 processors.
2 processors are physically available.
4 processors are logically available.
Processor type: i486 (Intel 80486)
Processors active: 0 1 2 3
Primary memory available: 4.00 gigabytes
Default processor set: 220 tasks, 1054 threads, 4 processors
Load average: 3.65, Mach factor: 0.73
/bin/machine           = unknown
/usr/bin/oslevel       = unknown
/bin/universe          = unknown

PATH: /opt/local/bin
PATH: /opt/local/sbin
PATH: /Library/Frameworks/Python.framework/Versions/3.4/bin
PATH: /opt/local/bin
PATH: /opt/local/sbin
PATH: /usr/local/bin
PATH: /usr/bin
PATH: /bin
PATH: /usr/sbin
PATH: /sbin
PATH: /opt/X11/bin
PATH: /Library/Globus/bin
PATH: /Library/Globus/sbin
PATH: /usr/texbin


## ----------- ##
## Core tests. ##
## ----------- ##

configure:2363: checking for a BSD-compatible install
configure:2431: result: /usr/bin/install -c
configure:2442: checking whether build environment is sane
configure:2497: result: yes
configure:2648: checking for a thread-safe mkdir -p
configure:2687: result: build-aux/install-sh -c -d
configure:2694: checking for gawk
configure:2710: found /opt/local/bin/gawk
configure:2721: result: gawk
configure:2732: checking whether make sets $(MAKE)
configure:2754: result: yes
configure:2783: checking whether make supports nested variables
configure:2800: result: yes
configure:2879: checking how to create a pax tar archive
configure:2890: tar --version
bsdtar 2.8.3 - libarchive 2.8.3
configure:2893: $? = 0
configure:2933: tardir=conftest.dir && eval tar --format=posix -chf - "$tardir" >conftest.tar
configure:2936: $? = 0
configure:2940: tar -xf - <conftest.tar
configure:2943: $? = 0
configure:2945: cat conftest.dir/file
GrepMe
configure:2948: $? = 0
configure:2961: result: gnutar
configure:3039: checking build system type
configure:3053: result: x86_64-apple-darwin14.3.0
configure:3073: checking host system type
configure:3086: result: x86_64-apple-darwin14.3.0
configure:3127: checking how to print strings
configure:3154: result: printf
configure:3187: checking for style of include used by make
configure:3215: result: GNU
configure:3286: checking for gcc
configure:3302: found /usr/bin/gcc
configure:3313: result: gcc
configure:3542: checking for C compiler version
configure:3551: gcc --version >&5
Apple LLVM version 6.1.0 (clang-602.0.49) (based on LLVM 3.6.0svn)
Target: x86_64-apple-darwin14.3.0
Thread model: posix
Configured with: --prefix=/Applications/Xcode.app/Contents/Developer//usr --with-gxx-include-dir=/usr/include/c++/4.2.1
configure:3562: $? = 0
configure:3551: gcc -v >&5
Configured with: --prefix=/Applications/Xcode.app/Contents/Developer//usr --with-gxx-include-dir=/usr/include/c++/4.2.1
Apple LLVM version 6.1.0 (clang-602.0.49) (based on LLVM 3.6.0svn)
Target: x86_64-apple-darwin14.3.0
Thread model: posix
configure:3562: $? = 0
configure:3551: gcc -V >&5
clang: error: argument to '-V' is missing (expected 1 value)
clang: error: no input files
configure:3562: $? = 1
configure:3551: gcc -qversion >&5
clang: error: unknown argument: '-qversion'
clang: error: no input files
configure:3562: $? = 1
configure:3582: checking whether the C compiler works
configure:3604: gcc    conftest.c  >&5
configure:3608: $? = 0
configure:3656: result: yes
configure:3659: checking for C compiler default output file name
configure:3661: result: a.out
configure:3667: checking for suffix of executables
configure:3674: gcc -o conftest    conftest.c  >&5
configure:3678: $? = 0
configure:3700: result: 
configure:3722: checking whether we are cross compiling
configure:3730: gcc -o conftest    conftest.c  >&5
configure:3734: $? = 0
configure:3741: ./conftest
configure:3745: $? = 0
configure:3760: result: no
configure:3765: checking for suffix of object files
configure:3787: gcc -c   conftest.c >&5
configure:3791: $? = 0
configure:3812: result: o
configure:3816: checking whether we are using the GNU C compiler
configure:3835: gcc -c   conftest.c >&5
configure:3835: $? = 0
configure:3844: result: yes
configure:3853: checking whether gcc accepts -g
configure:3873: gcc -c -g  conftest.c >&5
configure:3873: $? = 0
configure:3914: result: yes
configure:3931: checking for gcc option to accept ISO C89
configure:3994: gcc  -c -g -O2  conftest.c >&5
configure:3994: $? = 0
configure:4007: result: none needed
configure:4032: checking whether gcc understands -c and -o together
configure:4054: gcc -c conftest.c -o conftest2.o
configure:4057: $? = 0
configure:4054: gcc -c conftest.c -o conftest2.o
configure:4057: $? = 0
configure:4069: result: yes
configure:4088: checking dependency style of gcc
configure:4199: result: gcc3
configure:4214: checking for a sed that does not truncate output
configure:4278: result: /opt/local/bin/gsed
configure:4296: checking for grep that handles long lines and -e
configure:4354: result: /opt/local/bin/grep
configure:4359: checking for egrep
configure:4421: result: /opt/local/bin/grep -E
configure:4426: checking for fgrep
configure:4488: result: /opt/local/bin/grep -F
configure:4523: checking for ld used by gcc
configure:4590: result: /Applications/Xcode.app/Contents/Developer/Toolchains/XcodeDefault.xctoolchain/usr/bin/ld
configure:4597: checking if the linker (/Applications/Xcode.app/Contents/Developer/Toolchains/XcodeDefault.xctoolchain/usr/bin/ld) is GNU ld
configure:4612: result: no
configure:4624: checking for BSD- or MS-compatible name lister (nm)
configure:4673: result: /opt/local/bin/nm
configure:4803: checking the name lister (/opt/local/bin/nm) interface
configure:4810: gcc -c -g -O2  conftest.c >&5
configure:4813: /opt/local/bin/nm "conftest.o"
configure:4816: output
000000000000020c S _some_variable
configure:4823: result: BSD nm
configure:4826: checking whether ln -s works
configure:4830: result: yes
configure:4838: checking the maximum length of command line arguments
configure:4968: result: 196608
configure:4985: checking whether the shell understands some XSI constructs
configure:4995: result: yes
configure:4999: checking whether the shell understands "+="
configure:5005: result: yes
configure:5040: checking how to convert x86_64-apple-darwin14.3.0 file names to x86_64-apple-darwin14.3.0 format
configure:5080: result: func_convert_file_noop
configure:5087: checking how to convert x86_64-apple-darwin14.3.0 file names to toolchain format
configure:5107: result: func_convert_file_noop
configure:5114: checking for /Applications/Xcode.app/Contents/Developer/Toolchains/XcodeDefault.xctoolchain/usr/bin/ld option to reload object files
configure:5121: result: -r
configure:5195: checking for objdump
configure:5225: result: no
configure:5251: checking how to recognize dependent libraries
configure:5453: result: pass_all
configure:5538: checking for dlltool
configure:5568: result: no
configure:5595: checking how to associate runtime and link libraries
configure:5622: result: printf %s\n
configure:5683: checking for ar
configure:5699: found /opt/local/bin/ar
configure:5710: result: ar
configure:5747: checking for archiver @FILE support
configure:5764: gcc -c -g -O2  conftest.c >&5
configure:5764: $? = 0
configure:5767: ar cru libconftest.a @conftest.lst >&5
ar: @conftest.lst: No such file or directory
configure:5770: $? = 1
configure:5790: result: no
configure:5848: checking for strip
configure:5864: found /opt/local/bin/strip
configure:5875: result: strip
configure:5947: checking for ranlib
configure:5963: found /opt/local/bin/ranlib
configure:5974: result: ranlib
configure:6076: checking command to parse /opt/local/bin/nm output from gcc object
configure:6196: gcc -c -g -O2  conftest.c >&5
configure:6199: $? = 0
configure:6203: /opt/local/bin/nm conftest.o \| sed -n -e 's/^.*[ ]\([BCDEGRST][BCDEGRST]*\)[ ][ ]*\([_A-Za-z][_A-Za-z0-9]*\)$/\1 \2 \2/p' | sed '/ __gnu_lto/d' \> conftest.nm
configure:6206: $? = 0
cannot find nm_test_var in conftest.nm
configure:6196: gcc -c -g -O2  conftest.c >&5
configure:6199: $? = 0
configure:6203: /opt/local/bin/nm conftest.o \| sed -n -e 's/^.*[ ]\([BCDEGRST][BCDEGRST]*\)[ ][ ]*_\([_A-Za-z][_A-Za-z0-9]*\)$/\1 _\2 \2/p' | sed '/ __gnu_lto/d' \> conftest.nm
configure:6206: $? = 0
configure:6272: gcc -o conftest -g -O2   conftest.c conftstm.o >&5
configure:6275: $? = 0
configure:6313: result: ok
configure:6350: checking for sysroot
configure:6380: result: no
configure:6642: checking for mt
configure:6672: result: no
configure:6692: checking if : is a manifest tool
configure:6698: : '-?'
configure:6706: result: no
configure:6762: checking for dsymutil
configure:6778: found /usr/bin/dsymutil
configure:6789: result: dsymutil
configure:6854: checking for nmedit
configure:6870: found /opt/local/bin/nmedit
configure:6881: result: nmedit
configure:6946: checking for lipo
configure:6962: found /opt/local/bin/lipo
configure:6973: result: lipo
configure:7038: checking for otool
configure:7054: found /opt/local/bin/otool
configure:7065: result: otool
configure:7130: checking for otool64
configure:7160: result: no
configure:7205: checking for -single_module linker flag
gcc -g -O2  -o libconftest.dylib -dynamiclib -Wl,-single_module conftest.c
configure:7238: result: yes
configure:7241: checking for -exported_symbols_list linker flag
configure:7261: gcc -o conftest -g -O2   -Wl,-exported_symbols_list,conftest.sym conftest.c  >&5
configure:7261: $? = 0
configure:7271: result: yes
configure:7274: checking for -force_load linker flag
gcc -g -O2 -c -o conftest.o conftest.c
ar cru libconftest.a conftest.o
ranlib libconftest.a
gcc -g -O2  -o conftest conftest.c -Wl,-force_load,./libconftest.a
configure:7306: result: yes
configure:7348: checking how to run the C preprocessor
configure:7379: gcc -E  conftest.c
configure:7379: $? = 0
configure:7393: gcc -E  conftest.c
conftest.c:11:10: fatal error: 'ac_nonexistent.h' file not found
#include <ac_nonexistent.h>
         ^
1 error generated.
configure:7393: $? = 1
configure: failed program was:
| /* confdefs.h */
| #define PACKAGE_NAME "globus_gridftp_server"
| #define PACKAGE_TARNAME "globus_gridftp_server"
| #define PACKAGE_VERSION "7.25"
| #define PACKAGE_STRING "globus_gridftp_server 7.25"
| #define PACKAGE_BUGREPORT "https://globus.atlassian.net/"
| #define PACKAGE_URL ""
| #define PACKAGE "globus_gridftp_server"
| #define VERSION "7.25"
| /* end confdefs.h.  */
| #include <ac_nonexistent.h>
configure:7418: result: gcc -E
configure:7438: gcc -E  conftest.c
configure:7438: $? = 0
configure:7452: gcc -E  conftest.c
conftest.c:11:10: fatal error: 'ac_nonexistent.h' file not found
#include <ac_nonexistent.h>
         ^
1 error generated.
configure:7452: $? = 1
configure: failed program was:
| /* confdefs.h */
| #define PACKAGE_NAME "globus_gridftp_server"
| #define PACKAGE_TARNAME "globus_gridftp_server"
| #define PACKAGE_VERSION "7.25"
| #define PACKAGE_STRING "globus_gridftp_server 7.25"
| #define PACKAGE_BUGREPORT "https://globus.atlassian.net/"
| #define PACKAGE_URL ""
| #define PACKAGE "globus_gridftp_server"
| #define VERSION "7.25"
| /* end confdefs.h.  */
| #include <ac_nonexistent.h>
configure:7481: checking for ANSI C header files
configure:7501: gcc -c -g -O2  conftest.c >&5
configure:7501: $? = 0
configure:7574: gcc -o conftest -g -O2   conftest.c  >&5
configure:7574: $? = 0
configure:7574: ./conftest
configure:7574: $? = 0
configure:7585: result: yes
configure:7598: checking for sys/types.h
configure:7598: gcc -c -g -O2  conftest.c >&5
configure:7598: $? = 0
configure:7598: result: yes
configure:7598: checking for sys/stat.h
configure:7598: gcc -c -g -O2  conftest.c >&5
configure:7598: $? = 0
configure:7598: result: yes
configure:7598: checking for stdlib.h
configure:7598: gcc -c -g -O2  conftest.c >&5
configure:7598: $? = 0
configure:7598: result: yes
configure:7598: checking for string.h
configure:7598: gcc -c -g -O2  conftest.c >&5
configure:7598: $? = 0
configure:7598: result: yes
configure:7598: checking for memory.h
configure:7598: gcc -c -g -O2  conftest.c >&5
configure:7598: $? = 0
configure:7598: result: yes
configure:7598: checking for strings.h
configure:7598: gcc -c -g -O2  conftest.c >&5
configure:7598: $? = 0
configure:7598: result: yes
configure:7598: checking for inttypes.h
configure:7598: gcc -c -g -O2  conftest.c >&5
configure:7598: $? = 0
configure:7598: result: yes
configure:7598: checking for stdint.h
configure:7598: gcc -c -g -O2  conftest.c >&5
configure:7598: $? = 0
configure:7598: result: yes
configure:7598: checking for unistd.h
configure:7598: gcc -c -g -O2  conftest.c >&5
configure:7598: $? = 0
configure:7598: result: yes
configure:7612: checking for dlfcn.h
configure:7612: gcc -c -g -O2  conftest.c >&5
configure:7612: $? = 0
configure:7612: result: yes
configure:8115: checking for objdir
configure:8130: result: .libs
configure:8401: checking if gcc supports -fno-rtti -fno-exceptions
configure:8419: gcc -c -g -O2  -fno-rtti -fno-exceptions conftest.c >&5
configure:8423: $? = 0
configure:8436: result: yes
configure:8763: checking for gcc option to produce PIC
configure:8770: result: -fno-common -DPIC
configure:8778: checking if gcc PIC flag -fno-common -DPIC works
configure:8796: gcc -c -g -O2  -fno-common -DPIC -DPIC conftest.c >&5
configure:8800: $? = 0
configure:8813: result: yes
configure:8842: checking if gcc static flag -static works
configure:8870: result: no
configure:8885: checking if gcc supports -c -o file.o
configure:8906: gcc -c -g -O2  -o out/conftest2.o conftest.c >&5
configure:8910: $? = 0
configure:8932: result: yes
configure:8940: checking if gcc supports -c -o file.o
configure:8987: result: yes
configure:9020: checking whether the gcc linker (/Applications/Xcode.app/Contents/Developer/Toolchains/XcodeDefault.xctoolchain/usr/bin/ld) supports shared libraries
configure:10173: result: yes
configure:10413: checking dynamic linker characteristics
configure:11150: result: darwin14.3.0 dyld
configure:11257: checking how to hardcode library paths into programs
configure:11282: result: immediate
configure:11327: checking for dlopen in -ldl
configure:11352: gcc -o conftest -g -O2   conftest.c -ldl   >&5
configure:11352: $? = 0
configure:11361: result: yes
configure:11576: checking whether a program can dlopen itself
configure:11656: gcc -o conftest -g -O2  -DHAVE_DLFCN_H   conftest.c -ldl  >&5
configure:11659: $? = 0
configure:11677: result: yes
configure:11682: checking whether a statically linked program can dlopen itself
configure:11762: gcc -o conftest -g -O2  -DHAVE_DLFCN_H    conftest.c -ldl  >&5
configure:11765: $? = 0
configure:11783: result: yes
configure:11822: checking whether stripping libraries is possible
configure:11836: result: yes
configure:11862: checking if libtool supports shared libraries
configure:11864: result: yes
configure:11867: checking whether to build shared libraries
configure:11888: result: yes
configure:11891: checking whether to build static libraries
configure:11895: result: yes
configure:11980: checking for gcc
configure:12007: result: gcc
configure:12236: checking for C compiler version
configure:12245: gcc --version >&5
Apple LLVM version 6.1.0 (clang-602.0.49) (based on LLVM 3.6.0svn)
Target: x86_64-apple-darwin14.3.0
Thread model: posix
Configured with: --prefix=/Applications/Xcode.app/Contents/Developer//usr --with-gxx-include-dir=/usr/include/c++/4.2.1
configure:12256: $? = 0
configure:12245: gcc -v >&5
Configured with: --prefix=/Applications/Xcode.app/Contents/Developer//usr --with-gxx-include-dir=/usr/include/c++/4.2.1
Apple LLVM version 6.1.0 (clang-602.0.49) (based on LLVM 3.6.0svn)
Target: x86_64-apple-darwin14.3.0
Thread model: posix
configure:12256: $? = 0
configure:12245: gcc -V >&5
clang: error: argument to '-V' is missing (expected 1 value)
clang: error: no input files
configure:12256: $? = 1
configure:12245: gcc -qversion >&5
clang: error: unknown argument: '-qversion'
clang: error: no input files
configure:12256: $? = 1
configure:12260: checking whether we are using the GNU C compiler
configure:12288: result: yes
configure:12297: checking whether gcc accepts -g
configure:12358: result: yes
configure:12375: checking for gcc option to accept ISO C89
configure:12451: result: none needed
configure:12476: checking whether gcc understands -c and -o together
configure:12513: result: yes
configure:12532: checking dependency style of gcc
configure:12643: result: gcc3
configure:12719: checking for pkg-config
configure:12737: found /opt/local/bin/pkg-config
configure:12749: result: /opt/local/bin/pkg-config
configure:12774: checking pkg-config is at least version 0.9.0
configure:12777: result: yes
configure:12787: checking for PACKAGE_DEP
configure:12794: $PKG_CONFIG --exists --print-errors "$PACKAGE_DEPS"
configure:12797: $? = 0
configure:12811: $PKG_CONFIG --exists --print-errors "$PACKAGE_DEPS"
configure:12814: $? = 0
configure:12872: result: yes
configure:12970: checking for g++
configure:12986: found /usr/bin/g++
configure:12997: result: g++
configure:13024: checking for C++ compiler version
configure:13033: g++ --version >&5
Apple LLVM version 6.1.0 (clang-602.0.49) (based on LLVM 3.6.0svn)
Target: x86_64-apple-darwin14.3.0
Thread model: posix
Configured with: --prefix=/Applications/Xcode.app/Contents/Developer//usr --with-gxx-include-dir=/usr/include/c++/4.2.1
configure:13044: $? = 0
configure:13033: g++ -v >&5
Configured with: --prefix=/Applications/Xcode.app/Contents/Developer//usr --with-gxx-include-dir=/usr/include/c++/4.2.1
Apple LLVM version 6.1.0 (clang-602.0.49) (based on LLVM 3.6.0svn)
Target: x86_64-apple-darwin14.3.0
Thread model: posix
configure:13044: $? = 0
configure:13033: g++ -V >&5
clang: error: argument to '-V' is missing (expected 1 value)
clang: error: no input files
configure:13044: $? = 1
configure:13033: g++ -qversion >&5
clang: error: unknown argument: '-qversion'
clang: error: no input files
configure:13044: $? = 1
configure:13048: checking whether we are using the GNU C++ compiler
configure:13067: g++ -c   conftest.cpp >&5
configure:13067: $? = 0
configure:13076: result: yes
configure:13085: checking whether g++ accepts -g
configure:13105: g++ -c -g  conftest.cpp >&5
configure:13105: $? = 0
configure:13146: result: yes
configure:13171: checking dependency style of g++
configure:13282: result: gcc3
configure:13315: checking how to run the C++ preprocessor
configure:13342: g++ -E  conftest.cpp
configure:13342: $? = 0
configure:13356: g++ -E  conftest.cpp
conftest.cpp:23:10: fatal error: 'ac_nonexistent.h' file not found
#include <ac_nonexistent.h>
         ^
1 error generated.
configure:13356: $? = 1
configure: failed program was:
| /* confdefs.h */
| #define PACKAGE_NAME "globus_gridftp_server"
| #define PACKAGE_TARNAME "globus_gridftp_server"
| #define PACKAGE_VERSION "7.25"
| #define PACKAGE_STRING "globus_gridftp_server 7.25"
| #define PACKAGE_BUGREPORT "https://globus.atlassian.net/"
| #define PACKAGE_URL ""
| #define PACKAGE "globus_gridftp_server"
| #define VERSION "7.25"
| #define STDC_HEADERS 1
| #define HAVE_SYS_TYPES_H 1
| #define HAVE_SYS_STAT_H 1
| #define HAVE_STDLIB_H 1
| #define HAVE_STRING_H 1
| #define HAVE_MEMORY_H 1
| #define HAVE_STRINGS_H 1
| #define HAVE_INTTYPES_H 1
| #define HAVE_STDINT_H 1
| #define HAVE_UNISTD_H 1
| #define HAVE_DLFCN_H 1
| #define LT_OBJDIR ".libs/"
| /* end confdefs.h.  */
| #include <ac_nonexistent.h>
configure:13381: result: g++ -E
configure:13401: g++ -E  conftest.cpp
configure:13401: $? = 0
configure:13415: g++ -E  conftest.cpp
conftest.cpp:23:10: fatal error: 'ac_nonexistent.h' file not found
#include <ac_nonexistent.h>
         ^
1 error generated.
configure:13415: $? = 1
configure: failed program was:
| /* confdefs.h */
| #define PACKAGE_NAME "globus_gridftp_server"
| #define PACKAGE_TARNAME "globus_gridftp_server"
| #define PACKAGE_VERSION "7.25"
| #define PACKAGE_STRING "globus_gridftp_server 7.25"
| #define PACKAGE_BUGREPORT "https://globus.atlassian.net/"
| #define PACKAGE_URL ""
| #define PACKAGE "globus_gridftp_server"
| #define VERSION "7.25"
| #define STDC_HEADERS 1
| #define HAVE_SYS_TYPES_H 1
| #define HAVE_SYS_STAT_H 1
| #define HAVE_STDLIB_H 1
| #define HAVE_STRING_H 1
| #define HAVE_MEMORY_H 1
| #define HAVE_STRINGS_H 1
| #define HAVE_INTTYPES_H 1
| #define HAVE_STDINT_H 1
| #define HAVE_UNISTD_H 1
| #define HAVE_DLFCN_H 1
| #define LT_OBJDIR ".libs/"
| /* end confdefs.h.  */
| #include <ac_nonexistent.h>
configure:13584: checking for ld used by g++
configure:13651: result: /Applications/Xcode.app/Contents/Developer/Toolchains/XcodeDefault.xctoolchain/usr/bin/ld
configure:13658: checking if the linker (/Applications/Xcode.app/Contents/Developer/Toolchains/XcodeDefault.xctoolchain/usr/bin/ld) is GNU ld
configure:13673: result: no
configure:13728: checking whether the g++ linker (/Applications/Xcode.app/Contents/Developer/Toolchains/XcodeDefault.xctoolchain/usr/bin/ld) supports shared libraries
configure:14733: result: yes
configure:14769: g++ -c -g -O2  conftest.cpp >&5
configure:14772: $? = 0
configure:15292: checking for g++ option to produce PIC
configure:15299: result: -fno-common -DPIC
configure:15307: checking if g++ PIC flag -fno-common -DPIC works
configure:15325: g++ -c -g -O2  -fno-common -DPIC -DPIC conftest.cpp >&5
configure:15329: $? = 0
configure:15342: result: yes
configure:15365: checking if g++ static flag -static works
configure:15393: result: no
configure:15405: checking if g++ supports -c -o file.o
configure:15426: g++ -c -g -O2  -o out/conftest2.o conftest.cpp >&5
configure:15430: $? = 0
configure:15452: result: yes
configure:15457: checking if g++ supports -c -o file.o
configure:15504: result: yes
configure:15534: checking whether the g++ linker (/Applications/Xcode.app/Contents/Developer/Toolchains/XcodeDefault.xctoolchain/usr/bin/ld) supports shared libraries
configure:15570: result: yes
configure:15711: checking dynamic linker characteristics
configure:16382: result: darwin14.3.0 dyld
configure:16435: checking how to hardcode library paths into programs
configure:16460: result: immediate
configure:16519: checking builtin modules
configure:16532: result: file remote
configure:16558: checking for fgetpwent
configure:16558: gcc -o conftest -g -O2   conftest.c  >&5
Undefined symbols for architecture x86_64:
  "_fgetpwent", referenced from:
      _main in conftest-0e5b3d.o
ld: symbol(s) not found for architecture x86_64
clang: error: linker command failed with exit code 1 (use -v to see invocation)
configure:16558: $? = 1
configure: failed program was:
| /* confdefs.h */
| #define PACKAGE_NAME "globus_gridftp_server"
| #define PACKAGE_TARNAME "globus_gridftp_server"
| #define PACKAGE_VERSION "7.25"
| #define PACKAGE_STRING "globus_gridftp_server 7.25"
| #define PACKAGE_BUGREPORT "https://globus.atlassian.net/"
| #define PACKAGE_URL ""
| #define PACKAGE "globus_gridftp_server"
| #define VERSION "7.25"
| #define STDC_HEADERS 1
| #define HAVE_SYS_TYPES_H 1
| #define HAVE_SYS_STAT_H 1
| #define HAVE_STDLIB_H 1
| #define HAVE_STRING_H 1
| #define HAVE_MEMORY_H 1
| #define HAVE_STRINGS_H 1
| #define HAVE_INTTYPES_H 1
| #define HAVE_STDINT_H 1
| #define HAVE_UNISTD_H 1
| #define HAVE_DLFCN_H 1
| #define LT_OBJDIR ".libs/"
| /* end confdefs.h.  */
| /* Define fgetpwent to an innocuous variant, in case <limits.h> declares fgetpwent.
|    For example, HP-UX 11i <limits.h> declares gettimeofday.  */
| #define fgetpwent innocuous_fgetpwent
| 
| /* System header to define __stub macros and hopefully few prototypes,
|     which can conflict with char fgetpwent (); below.
|     Prefer <limits.h> to <assert.h> if __STDC__ is defined, since
|     <limits.h> exists even on freestanding compilers.  */
| 
| #ifdef __STDC__
| # include <limits.h>
| #else
| # include <assert.h>
| #endif
| 
| #undef fgetpwent
| 
| /* Override any GCC internal prototype to avoid an error.
|    Use char because int might match the return type of a GCC
|    builtin and then its argument prototype would still apply.  */
| #ifdef __cplusplus
| extern "C"
| #endif
| char fgetpwent ();
| /* The GNU C library defines this for functions which it implements
|     to always fail with ENOSYS.  Some functions are actually named
|     something starting with __ and the normal name is an alias.  */
| #if defined __stub_fgetpwent || defined __stub___fgetpwent
| choke me
| #endif
| 
| int
| main ()
| {
| return fgetpwent ();
|   ;
|   return 0;
| }
configure:16558: result: no
configure:16567: checking whether byte ordering is bigendian
configure:16582: gcc -c -g -O2  conftest.c >&5
configure:16582: $? = 0
configure:16627: gcc -c -g -O2  conftest.c >&5
configure:16627: $? = 0
configure:16645: gcc -c -g -O2  conftest.c >&5
conftest.c:30:4: error: use of undeclared identifier 'not'
                 not big endian
                 ^
1 error generated.
configure:16645: $? = 1
configure: failed program was:
| /* confdefs.h */
| #define PACKAGE_NAME "globus_gridftp_server"
| #define PACKAGE_TARNAME "globus_gridftp_server"
| #define PACKAGE_VERSION "7.25"
| #define PACKAGE_STRING "globus_gridftp_server 7.25"
| #define PACKAGE_BUGREPORT "https://globus.atlassian.net/"
| #define PACKAGE_URL ""
| #define PACKAGE "globus_gridftp_server"
| #define VERSION "7.25"
| #define STDC_HEADERS 1
| #define HAVE_SYS_TYPES_H 1
| #define HAVE_SYS_STAT_H 1
| #define HAVE_STDLIB_H 1
| #define HAVE_STRING_H 1
| #define HAVE_MEMORY_H 1
| #define HAVE_STRINGS_H 1
| #define HAVE_INTTYPES_H 1
| #define HAVE_STDINT_H 1
| #define HAVE_UNISTD_H 1
| #define HAVE_DLFCN_H 1
| #define LT_OBJDIR ".libs/"
| /* end confdefs.h.  */
| #include <sys/types.h>
| 		#include <sys/param.h>
| 
| int
| main ()
| {
| #if BYTE_ORDER != BIG_ENDIAN
| 		 not big endian
| 		#endif
| 
|   ;
|   return 0;
| }
configure:16773: result: no
configure:16796: checking for perl
configure:16814: found /opt/local/bin/perl
configure:16826: result: /opt/local/bin/perl
configure:16838: checking Toolkit version
configure:16851: result: unknown
configure:16935: checking for xsltproc
configure:16953: found /opt/local/bin/xsltproc
configure:16965: result: /opt/local/bin/xsltproc
configure:16975: checking for xmllint
configure:16993: found /opt/local/bin/xmllint
configure:17005: result: /opt/local/bin/xmllint
configure:17013: checking docbook dtd
configure:17028: result: no
configure:17032: checking docbook xsl
configure:17047: result: no
configure:17179: checking that generated files are newer than configure
configure:17185: result: done
configure:17225: creating ./config.status

## ---------------------- ##
## Running config.status. ##
## ---------------------- ##

This file was extended by globus_gridftp_server config.status 7.25, which was
generated by GNU Autoconf 2.69.  Invocation command line was

  CONFIG_FILES    = 
  CONFIG_HEADERS  = 
  CONFIG_LINKS    = 
  CONFIG_COMMANDS = 
  $ ./config.status 

on mcswl096.mcs.anl.gov

config.status:1256: creating globus-gridftp-server.pc
config.status:1256: creating globus-gridftp-server-uninstalled.pc
config.status:1256: creating globus-gridftp-password
config.status:1256: creating globus-gridftp-server-enable-sshftp
config.status:1256: creating Makefile
config.status:1256: creating modules/file/Makefile
config.status:1256: creating modules/remote/Makefile
config.status:1256: creating modules/Makefile
config.status:1256: creating init/Makefile
config.status:1256: creating init/globus-gridftp-server
config.status:1256: creating init/globus-gridftp-sshftp
config.status:1256: creating gridftp.conf.default
config.status:1256: creating gridftp.xinetd.default
config.status:1256: creating gridftp.gfork.default
config.status:1256: creating version.h
config.status:1256: creating extensions.h
config.status:1256: creating globus_i_gridftp_server_config.h
config.status:1485: executing depfiles commands
config.status:1485: executing libtool commands

## ---------------- ##
## Cache variables. ##
## ---------------- ##

ac_cv_build=x86_64-apple-darwin14.3.0
ac_cv_c_bigendian=no
ac_cv_c_compiler_gnu=yes
ac_cv_cxx_compiler_gnu=yes
ac_cv_env_CCC_set=
ac_cv_env_CCC_value=
ac_cv_env_CC_set=
ac_cv_env_CC_value=
ac_cv_env_CFLAGS_set=
ac_cv_env_CFLAGS_value=
ac_cv_env_CPPFLAGS_set=
ac_cv_env_CPPFLAGS_value=
ac_cv_env_CPP_set=
ac_cv_env_CPP_value=
ac_cv_env_CXXCPP_set=
ac_cv_env_CXXCPP_value=
ac_cv_env_CXXFLAGS_set=
ac_cv_env_CXXFLAGS_value=
ac_cv_env_CXX_set=
ac_cv_env_CXX_value=
ac_cv_env_LDFLAGS_set=
ac_cv_env_LDFLAGS_value=
ac_cv_env_LIBS_set=
ac_cv_env_LIBS_value=
ac_cv_env_PACKAGE_DEP_CFLAGS_set=
ac_cv_env_PACKAGE_DEP_CFLAGS_value=
ac_cv_env_PACKAGE_DEP_LIBS_set=
ac_cv_env_PACKAGE_DEP_LIBS_value=
ac_cv_env_PKG_CONFIG_LIBDIR_set=
ac_cv_env_PKG_CONFIG_LIBDIR_value=
ac_cv_env_PKG_CONFIG_PATH_set=set
ac_cv_env_PKG_CONFIG_PATH_value=/Users/esjung/Downloads/globus_toolkit-6.0.1430141288/common/source:/Users/esjung/Downloads/globus_toolkit-6.0.1430141288/xio/src:/Users/esjung/Downloads/globus_toolkit-6.0.1430141288/gridftp/gfork/source:/Users/esjung/Downloads/globus_toolkit-6.0.1430141288/gsi/openssl_error/source:/Users/esjung/Downloads/globus_toolkit-6.0.1430141288/gsi/proxy/proxy_ssl/source:/Users/esjung/Downloads/globus_toolkit-6.0.1430141288/gsi/openssl_module/source:/Users/esjung/Downloads/globus_toolkit-6.0.1430141288/gsi/cert_utils/source:/Users/esjung/Downloads/globus_toolkit-6.0.1430141288/gsi/sysconfig/source:/Users/esjung/Downloads/globus_toolkit-6.0.1430141288/callout/source:/Users/esjung/Downloads/globus_toolkit-6.0.1430141288/gsi/callback/source:/Users/esjung/Downloads/globus_toolkit-6.0.1430141288/gsi/credential/source:/Users/esjung/Downloads/globus_toolkit-6.0.1430141288/gsi/proxy/proxy_core/source:/Users/esjung/Downloads/globus_toolkit-6.0.1430141288/gsi/gssapi/source:/Users/esjung/Downloads/globus_toolkit-6.0.1430141288/gsi/gss_assist/source:/Users/esjung/Downloads/globus_toolkit-6.0.1430141288/gsi/gssapi_error/source:/Users/esjung/Downloads/globus_toolkit-6.0.1430141288/xio/drivers/gsi:/Users/esjung/Downloads/globus_toolkit-6.0.1430141288/io/compat:/Users/esjung/Downloads/globus_toolkit-6.0.1430141288/gridftp/control/source:/Users/esjung/Downloads/globus_toolkit-6.0.1430141288/usage/c/sender/source:/Users/esjung/Downloads/globus_toolkit-6.0.1430141288/xio/drivers/pipe/source:/Users/esjung/Downloads/globus_toolkit-6.0.1430141288/gridftp/server-lib/src:/Users/esjung/Downloads/globus_toolkit-6.0.1430141288/gsi/authz/error:/Users/esjung/Downloads/globus_toolkit-6.0.1430141288/gsi/authz/source:/Users/esjung/Downloads/globus_toolkit-6.0.1430141288/xio/drivers/rate/source:/Users/esjung/Downloads/globus_toolkit-6.0.1430141288/xio/drivers/popen/source:/Users/esjung/Downloads/globus_toolkit-6.0.1430141288/xio/drivers/udt/source:/Users/esjung/Downloads/globus_toolkit-6.0.1430141288/gridftp/net_manager:/Users/esjung/Downloads/globus_toolkit-6.0.1430141288/gridftp/server/src:/Users/esjung/Downloads/globus_toolkit-6.0.1430141288/gram/protocol/source:/Users/esjung/Downloads/globus_toolkit-6.0.1430141288/gram/jobmanager/scheduler_event_generator/source:/Users/esjung/Downloads/globus_toolkit-6.0.1430141288/gram/jobmanager/lrms/lsf/source:/Users/esjung/Downloads/globus_toolkit-6.0.1430141288/gass/transfer/source:/Users/esjung/Downloads/globus_toolkit-6.0.1430141288/gridftp/client/source:/Users/esjung/Downloads/globus_toolkit-6.0.1430141288/gass/copy/source:/Users/esjung/Downloads/globus_toolkit-6.0.1430141288/gass/cache/source:/Users/esjung/Downloads/globus_toolkit-6.0.1430141288/gram/rsl/source:/Users/esjung/Downloads/globus_toolkit-6.0.1430141288/gram/jobmanager/callout_error:/Users/esjung/Downloads/globus_toolkit-6.0.1430141288/gridftp/server/multi/source:/Users/esjung/Downloads/globus_toolkit-6.0.1430141288/gsi/simple_ca/source:/Users/esjung/Downloads/globus_toolkit-6.0.1430141288/gram/jobmanager/lrms/sge/source:/Users/esjung/Downloads/globus_toolkit-6.0.1430141288/gram/jobmanager/scripts:/Users/esjung/Downloads/globus_toolkit-6.0.1430141288/gram/jobmanager/lrms/slurm/source:/Users/esjung/Downloads/globus_toolkit-6.0.1430141288/gsi/gridmap_callout/error:/Users/esjung/Downloads/globus_toolkit-6.0.1430141288/gsi/gridmap_callout/source:/Users/esjung/Downloads/globus_toolkit-6.0.1430141288/gass/server_ez/source:/Users/esjung/Downloads/globus_toolkit-6.0.1430141288/gridftp/gridftp_driver/source:/Users/esjung/Downloads/globus_toolkit-6.0.1430141288/gram/jobmanager/lrms/fork/source:/Users/esjung/Downloads/globus_toolkit-6.0.1430141288/gsi/gridmap_verify_myproxy_callout:/Users/esjung/Downloads/globus_toolkit-6.0.1430141288/gsi/gridmap_eppn_callout:/Users/esjung/Downloads/globus_toolkit-6.0.1430141288/gram/jobmanager/lrms/condor/source:/Users/esjung/Downloads/globus_toolkit-6.0.1430141288/gsi/proxy/proxy_utils/source:/Users/esjung/Downloads/globus_toolkit-6.0.1430141288/gram/client/source:/Users/esjung/Downloads/globus_toolkit-6.0.1430141288/xio/xioperf/source:/Users/esjung/Downloads/globus_toolkit-6.0.1430141288/gram/gatekeeper/source:/Users/esjung/Downloads/globus_toolkit-6.0.1430141288/gass/cache_program/source:/Users/esjung/Downloads/globus_toolkit-6.0.1430141288/gram/jobmanager/lrms/pbs/source:/Users/esjung/Downloads/globus_toolkit-6.0.1430141288/gram/jobmanager/auditing/source:/Users/esjung/Downloads/globus_toolkit-6.0.1430141288/myproxy/source:/Users/esjung/Downloads/globus_toolkit-6.0.1430141288/gsi_openssh/source:/Users/esjung/Downloads/globus_toolkit-6.0.1430141288/gram/client_tools/source:/Users/esjung/Downloads/globus_toolkit-6.0.1430141288/gram/jobmanager/source:/Users/esjung/Downloads/globus_toolkit-6.0.1430141288/gridftp/hdfs
ac_cv_env_PKG_CONFIG_set=
ac_cv_env_PKG_CONFIG_value=
ac_cv_env_build_alias_set=
ac_cv_env_build_alias_value=
ac_cv_env_host_alias_set=
ac_cv_env_host_alias_value=
ac_cv_env_target_alias_set=
ac_cv_env_target_alias_value=
ac_cv_func_fgetpwent=no
ac_cv_header_dlfcn_h=yes
ac_cv_header_inttypes_h=yes
ac_cv_header_memory_h=yes
ac_cv_header_stdc=yes
ac_cv_header_stdint_h=yes
ac_cv_header_stdlib_h=yes
ac_cv_header_string_h=yes
ac_cv_header_strings_h=yes
ac_cv_header_sys_stat_h=yes
ac_cv_header_sys_types_h=yes
ac_cv_header_unistd_h=yes
ac_cv_host=x86_64-apple-darwin14.3.0
ac_cv_lib_dl_dlopen=yes
ac_cv_objext=o
ac_cv_path_EGREP='/opt/local/bin/grep -E'
ac_cv_path_FGREP='/opt/local/bin/grep -F'
ac_cv_path_GREP=/opt/local/bin/grep
ac_cv_path_PERL=/opt/local/bin/perl
ac_cv_path_SED=/opt/local/bin/gsed
ac_cv_path_XMLLINT=/opt/local/bin/xmllint
ac_cv_path_XSLTPROC=/opt/local/bin/xsltproc
ac_cv_path_ac_pt_PKG_CONFIG=/opt/local/bin/pkg-config
ac_cv_path_install='/usr/bin/install -c'
ac_cv_prog_AWK=gawk
ac_cv_prog_CPP='gcc -E'
ac_cv_prog_CXXCPP='g++ -E'
ac_cv_prog_ac_ct_AR=ar
ac_cv_prog_ac_ct_CC=gcc
ac_cv_prog_ac_ct_CXX=g++
ac_cv_prog_ac_ct_DSYMUTIL=dsymutil
ac_cv_prog_ac_ct_LIPO=lipo
ac_cv_prog_ac_ct_NMEDIT=nmedit
ac_cv_prog_ac_ct_OTOOL=otool
ac_cv_prog_ac_ct_RANLIB=ranlib
ac_cv_prog_ac_ct_STRIP=strip
ac_cv_prog_cc_c89=
ac_cv_prog_cc_g=yes
ac_cv_prog_cxx_g=yes
ac_cv_prog_make_make_set=yes
am_cv_CC_dependencies_compiler_type=gcc3
am_cv_CXX_dependencies_compiler_type=gcc3
am_cv_make_support_nested_variables=yes
am_cv_prog_cc_c_o=yes
am_cv_prog_tar_pax=gnutar
lt_cv_apple_cc_single_mod=yes
lt_cv_ar_at_file=no
lt_cv_deplibs_check_method=pass_all
lt_cv_dlopen=dlopen
lt_cv_dlopen_libs=-ldl
lt_cv_dlopen_self=yes
lt_cv_dlopen_self_static=yes
lt_cv_file_magic_cmd='$MAGIC_CMD'
lt_cv_file_magic_test_file=
lt_cv_ld_exported_symbols_list=yes
lt_cv_ld_force_load=yes
lt_cv_ld_reload_flag=-r
lt_cv_nm_interface='BSD nm'
lt_cv_objdir=.libs
lt_cv_path_LD=/Applications/Xcode.app/Contents/Developer/Toolchains/XcodeDefault.xctoolchain/usr/bin/ld
lt_cv_path_LDCXX=/Applications/Xcode.app/Contents/Developer/Toolchains/XcodeDefault.xctoolchain/usr/bin/ld
lt_cv_path_NM=/opt/local/bin/nm
lt_cv_path_mainfest_tool=no
lt_cv_prog_compiler_c_o=yes
lt_cv_prog_compiler_c_o_CXX=yes
lt_cv_prog_compiler_pic='-fno-common -DPIC'
lt_cv_prog_compiler_pic_CXX='-fno-common -DPIC'
lt_cv_prog_compiler_pic_works=yes
lt_cv_prog_compiler_pic_works_CXX=yes
lt_cv_prog_compiler_rtti_exceptions=yes
lt_cv_prog_compiler_static_works=no
lt_cv_prog_compiler_static_works_CXX=no
lt_cv_prog_gnu_ld=no
lt_cv_prog_gnu_ldcxx=no
lt_cv_sharedlib_from_linklib_cmd='printf %s\n'
lt_cv_sys_global_symbol_pipe='sed -n -e '\''s/^.*[	 ]\([BCDEGRST][BCDEGRST]*\)[	 ][	 ]*_\([_A-Za-z][_A-Za-z0-9]*\)$/\1 _\2 \2/p'\'' | sed '\''/ __gnu_lto/d'\'''
lt_cv_sys_global_symbol_to_c_name_address='sed -n -e '\''s/^: \([^ ]*\)[ ]*$/  {\"\1\", (void *) 0},/p'\'' -e '\''s/^[BCDEGRST]* \([^ ]*\) \([^ ]*\)$/  {"\2", (void *) \&\2},/p'\'''
lt_cv_sys_global_symbol_to_c_name_address_lib_prefix='sed -n -e '\''s/^: \([^ ]*\)[ ]*$/  {\"\1\", (void *) 0},/p'\'' -e '\''s/^[BCDEGRST]* \([^ ]*\) \(lib[^ ]*\)$/  {"\2", (void *) \&\2},/p'\'' -e '\''s/^[BCDEGRST]* \([^ ]*\) \([^ ]*\)$/  {"lib\2", (void *) \&\2},/p'\'''
lt_cv_sys_global_symbol_to_cdecl='sed -n -e '\''s/^T .* \(.*\)$/extern int \1();/p'\'' -e '\''s/^[BCDEGRST]* .* \(.*\)$/extern char \1;/p'\'''
lt_cv_sys_max_cmd_len=196608
lt_cv_to_host_file_cmd=func_convert_file_noop
lt_cv_to_tool_file_cmd=func_convert_file_noop
pkg_cv_PACKAGE_DEP_CFLAGS='-g -O2 -pthread -I/Users/esjung/Downloads/globus_toolkit-6.0.1430141288/./libltdl -I/Users/esjung/Downloads/globus_toolkit-6.0.1430141288/common/source -I/Users/esjung/Downloads/globus_toolkit-6.0.1430141288/common/source/library -I/Users/esjung/Downloads/globus_toolkit-6.0.1430141288/xio/src -I/Users/esjung/Downloads/globus_toolkit-6.0.1430141288/xio/src/builtins/file -I/Users/esjung/Downloads/globus_toolkit-6.0.1430141288/xio/src/builtins/http -I/Users/esjung/Downloads/globus_toolkit-6.0.1430141288/xio/src/builtins/mode_e -I/Users/esjung/Downloads/globus_toolkit-6.0.1430141288/xio/src/builtins/ordering -I/Users/esjung/Downloads/globus_toolkit-6.0.1430141288/xio/src/builtins/queue -I/Users/esjung/Downloads/globus_toolkit-6.0.1430141288/xio/src/builtins/tcp -I/Users/esjung/Downloads/globus_toolkit-6.0.1430141288/xio/src/builtins/telnet -I/Users/esjung/Downloads/globus_toolkit-6.0.1430141288/xio/src/builtins/udp -I/Users/esjung/Downloads/globus_toolkit-6.0.1430141288/gridftp/gfork/source -I/Users/esjung/Downloads/globus_toolkit-6.0.1430141288/gsi/openssl_error/source -I/Users/esjung/Downloads/globus_toolkit-6.0.1430141288/gsi/openssl_error/source/library -I/Users/esjung/Downloads/globus_toolkit-6.0.1430141288/gsi/proxy/proxy_ssl/source -I/Users/esjung/Downloads/globus_toolkit-6.0.1430141288/gsi/proxy/proxy_ssl/source/library -I/Users/esjung/Downloads/globus_toolkit-6.0.1430141288/gsi/openssl_module/source/library -I/Users/esjung/Downloads/globus_toolkit-6.0.1430141288/gsi/cert_utils/source/library -I/Users/esjung/Downloads/globus_toolkit-6.0.1430141288/gsi/sysconfig/source/library -I/Users/esjung/Downloads/globus_toolkit-6.0.1430141288/callout/source/library -I/Users/esjung/Downloads/globus_toolkit-6.0.1430141288/gsi/callback/source/library -I/Users/esjung/Downloads/globus_toolkit-6.0.1430141288/gsi/credential/source/library -I/Users/esjung/Downloads/globus_toolkit-6.0.1430141288/gsi/proxy/proxy_core/source/library -I/Users/esjung/Downloads/globus_toolkit-6.0.1430141288/gsi/gssapi/source/library -I/Users/esjung/Downloads/globus_toolkit-6.0.1430141288/gsi/gss_assist/source -I/Users/esjung/Downloads/globus_toolkit-6.0.1430141288/gsi/gssapi_error/source/library -I/Users/esjung/Downloads/globus_toolkit-6.0.1430141288/xio/drivers/gsi -I/Users/esjung/Downloads/globus_toolkit-6.0.1430141288/io/compat -I/Users/esjung/Downloads/globus_toolkit-6.0.1430141288/gridftp/control/source -I/Users/esjung/Downloads/globus_toolkit-6.0.1430141288/usage/c/sender/source -I/Users/esjung/Downloads/globus_toolkit-6.0.1430141288/xio/drivers/pipe/source -I/Users/esjung/Downloads/globus_toolkit-6.0.1430141288/gridftp/server-lib/src -I/Users/esjung/Downloads/globus_toolkit-6.0.1430141288/gsi/authz/error -I/Users/esjung/Downloads/globus_toolkit-6.0.1430141288/gsi/authz/source -I/opt/local/include '
pkg_cv_PACKAGE_DEP_LIBS='-L/opt/local/lib /Users/esjung/Downloads/globus_toolkit-6.0.1430141288/common/source/library/libglobus_common.la /Users/esjung/Downloads/globus_toolkit-6.0.1430141288/xio/src/libglobus_xio.la /Users/esjung/Downloads/globus_toolkit-6.0.1430141288/gridftp/gfork/source/libglobus_gfork.la /Users/esjung/Downloads/globus_toolkit-6.0.1430141288/gridftp/server-lib/src/libglobus_gridftp_server_control.la /Users/esjung/Downloads/globus_toolkit-6.0.1430141288/gridftp/control/source/libglobus_ftp_control.la /Users/esjung/Downloads/globus_toolkit-6.0.1430141288/gsi/authz/source/libglobus_authz.la /Users/esjung/Downloads/globus_toolkit-6.0.1430141288/usage/c/sender/source/libglobus_usage.la /Users/esjung/Downloads/globus_toolkit-6.0.1430141288/gsi/gssapi/source/library/libglobus_gssapi_gsi.la /Users/esjung/Downloads/globus_toolkit-6.0.1430141288/gsi/gss_assist/source/libglobus_gss_assist.la /Users/esjung/Downloads/globus_toolkit-6.0.1430141288/gsi/credential/source/library/libglobus_gsi_credential.la /Users/esjung/Downloads/globus_toolkit-6.0.1430141288/gsi/sysconfig/source/library/libglobus_gsi_sysconfig.la /Users/esjung/Downloads/globus_toolkit-6.0.1430141288/io/compat/libglobus_io.la -lssl -lcrypto '

## ----------------- ##
## Output variables. ##
## ----------------- ##

ACLOCAL='${SHELL} /Users/esjung/Downloads/globus_toolkit-6.0.1430141288/gridftp/server/src/build-aux/missing aclocal-1.14'
AGE_VERSION='1'
AMDEPBACKSLASH='\'
AMDEP_FALSE='#'
AMDEP_TRUE=''
AMTAR='$${TAR-tar}'
AM_BACKSLASH='\'
AM_DEFAULT_V='$(AM_DEFAULT_VERBOSITY)'
AM_DEFAULT_VERBOSITY='1'
AM_V='$(V)'
AR='ar'
AS='as'
AUTOCONF='${SHELL} /Users/esjung/Downloads/globus_toolkit-6.0.1430141288/gridftp/server/src/build-aux/missing autoconf'
AUTOHEADER='${SHELL} /Users/esjung/Downloads/globus_toolkit-6.0.1430141288/gridftp/server/src/build-aux/missing autoheader'
AUTOMAKE='${SHELL} /Users/esjung/Downloads/globus_toolkit-6.0.1430141288/gridftp/server/src/build-aux/missing automake-1.14'
AWK='gawk'
BUILD_MANPAGES_FALSE=''
BUILD_MANPAGES_TRUE='#'
BUILTIN_EXTENSIONS_DEC='GlobusExtensionDeclareModule(globus_gridftp_server_file);GlobusExtensionDeclareModule(globus_gridftp_server_remote);'
BUILTIN_EXTENSIONS_DEF='{"globus_gridftp_server_file", GlobusExtensionMyModule(globus_gridftp_server_file)},{"globus_gridftp_server_remote", GlobusExtensionMyModule(globus_gridftp_server_remote)},'
CC='gcc'
CCDEPMODE='depmode=gcc3'
CFLAGS='-g -O2'
CHKCONFIG_DEFAULT='-'
CPP='gcc -E'
CPPFLAGS=''
CXX='g++'
CXXCPP='g++ -E'
CXXDEPMODE='depmode=gcc3'
CXXFLAGS='-g -O2'
CYGPATH_W='echo'
DEFAULT_START_LINE='#'
DEFAULT_STOP_LINE='#'
DEFS='-DHAVE_CONFIG_H'
DEPDIR='.deps'
DIRT_BRANCH_ID='85'
DIRT_TIMESTAMP='1430141288'
DLLTOOL='false'
DOCBOOK_DTD='http://www.oasis-open.org/docbook/xml/4.4/docbookx.dtd'
DSYMUTIL='dsymutil'
DUMPBIN=''
ECHO_C='\c'
ECHO_N=''
ECHO_T=''
EGREP='/opt/local/bin/grep -E'
EXEEXT=''
FGREP='/opt/local/bin/grep -F'
GLOBUS_LOCATION=''
GLOBUS_TOOLKIT_ID='unknown'
GREP='/opt/local/bin/grep'
GRIDMAP_CONF=''
INSTALL_DATA='${INSTALL} -m 644'
INSTALL_PROGRAM='${INSTALL}'
INSTALL_SCRIPT='${INSTALL}'
INSTALL_STRIP_PROGRAM='$(install_sh) -c -s'
LD='/Applications/Xcode.app/Contents/Developer/Toolchains/XcodeDefault.xctoolchain/usr/bin/ld'
LDFLAGS=''
LIBOBJS=''
LIBS=''
LIBTOOL='$(SHELL) $(top_builddir)/libtool'
LINK_WITH_CXX_FALSE=''
LINK_WITH_CXX_TRUE='#'
LIPO='lipo'
LN_S='ln -s'
LTLIBOBJS=''
MAJOR_VERSION='7'
MAKEINFO='${SHELL} /Users/esjung/Downloads/globus_toolkit-6.0.1430141288/gridftp/server/src/build-aux/missing makeinfo'
MANIFEST_TOOL=':'
MAN_XSL='http://docbook.sourceforge.net/release/xsl/current/manpages/docbook.xsl'
MINOR_VERSION='25'
MKDIR_P='build-aux/install-sh -c -d'
MODULE_DIRS='file remote'
MODULE_LIBS='modules/file/libglobus_gridftp_server_file.la modules/remote/libglobus_gridftp_server_remote.la'
NM='/opt/local/bin/nm'
NMEDIT='nmedit'
OBJDUMP='false'
OBJEXT='o'
OTOOL64=':'
OTOOL='otool'
PACKAGE='globus_gridftp_server'
PACKAGE_BUGREPORT='https://globus.atlassian.net/'
PACKAGE_DEPS='globus-common >= 15, globus-xio >= 5, globus-xio-gsi-driver >= 2, globus-gfork >= 3, globus-gridftp-server-control >= 2, globus-ftp-control >= 6, globus-authz >= 2, globus-usage >= 3, globus-gssapi-gsi >= 10, globus-gss-assist >= 9, globus-gsi-credential >= 6, globus-gsi-sysconfig >= 5, globus-io >= 9, openssl >= 0.9.8'
PACKAGE_DEP_CFLAGS='-g -O2 -pthread -I/Users/esjung/Downloads/globus_toolkit-6.0.1430141288/./libltdl -I/Users/esjung/Downloads/globus_toolkit-6.0.1430141288/common/source -I/Users/esjung/Downloads/globus_toolkit-6.0.1430141288/common/source/library -I/Users/esjung/Downloads/globus_toolkit-6.0.1430141288/xio/src -I/Users/esjung/Downloads/globus_toolkit-6.0.1430141288/xio/src/builtins/file -I/Users/esjung/Downloads/globus_toolkit-6.0.1430141288/xio/src/builtins/http -I/Users/esjung/Downloads/globus_toolkit-6.0.1430141288/xio/src/builtins/mode_e -I/Users/esjung/Downloads/globus_toolkit-6.0.1430141288/xio/src/builtins/ordering -I/Users/esjung/Downloads/globus_toolkit-6.0.1430141288/xio/src/builtins/queue -I/Users/esjung/Downloads/globus_toolkit-6.0.1430141288/xio/src/builtins/tcp -I/Users/esjung/Downloads/globus_toolkit-6.0.1430141288/xio/src/builtins/telnet -I/Users/esjung/Downloads/globus_toolkit-6.0.1430141288/xio/src/builtins/udp -I/Users/esjung/Downloads/globus_toolkit-6.0.1430141288/gridftp/gfork/source -I/Users/esjung/Downloads/globus_toolkit-6.0.1430141288/gsi/openssl_error/source -I/Users/esjung/Downloads/globus_toolkit-6.0.1430141288/gsi/openssl_error/source/library -I/Users/esjung/Downloads/globus_toolkit-6.0.1430141288/gsi/proxy/proxy_ssl/source -I/Users/esjung/Downloads/globus_toolkit-6.0.1430141288/gsi/proxy/proxy_ssl/source/library -I/Users/esjung/Downloads/globus_toolkit-6.0.1430141288/gsi/openssl_module/source/library -I/Users/esjung/Downloads/globus_toolkit-6.0.1430141288/gsi/cert_utils/source/library -I/Users/esjung/Downloads/globus_toolkit-6.0.1430141288/gsi/sysconfig/source/library -I/Users/esjung/Downloads/globus_toolkit-6.0.1430141288/callout/source/library -I/Users/esjung/Downloads/globus_toolkit-6.0.1430141288/gsi/callback/source/library -I/Users/esjung/Downloads/globus_toolkit-6.0.1430141288/gsi/credential/source/library -I/Users/esjung/Downloads/globus_toolkit-6.0.1430141288/gsi/proxy/proxy_core/source/library -I/Users/esjung/Downloads/globus_toolkit-6.0.1430141288/gsi/gssapi/source/library -I/Users/esjung/Downloads/globus_toolkit-6.0.1430141288/gsi/gss_assist/source -I/Users/esjung/Downloads/globus_toolkit-6.0.1430141288/gsi/gssapi_error/source/library -I/Users/esjung/Downloads/globus_toolkit-6.0.1430141288/xio/drivers/gsi -I/Users/esjung/Downloads/globus_toolkit-6.0.1430141288/io/compat -I/Users/esjung/Downloads/globus_toolkit-6.0.1430141288/gridftp/control/source -I/Users/esjung/Downloads/globus_toolkit-6.0.1430141288/usage/c/sender/source -I/Users/esjung/Downloads/globus_toolkit-6.0.1430141288/xio/drivers/pipe/source -I/Users/esjung/Downloads/globus_toolkit-6.0.1430141288/gridftp/server-lib/src -I/Users/esjung/Downloads/globus_toolkit-6.0.1430141288/gsi/authz/error -I/Users/esjung/Downloads/globus_toolkit-6.0.1430141288/gsi/authz/source -I/opt/local/include '
PACKAGE_DEP_LIBS='-L/opt/local/lib /Users/esjung/Downloads/globus_toolkit-6.0.1430141288/common/source/library/libglobus_common.la /Users/esjung/Downloads/globus_toolkit-6.0.1430141288/xio/src/libglobus_xio.la /Users/esjung/Downloads/globus_toolkit-6.0.1430141288/gridftp/gfork/source/libglobus_gfork.la /Users/esjung/Downloads/globus_toolkit-6.0.1430141288/gridftp/server-lib/src/libglobus_gridftp_server_control.la /Users/esjung/Downloads/globus_toolkit-6.0.1430141288/gridftp/control/source/libglobus_ftp_control.la /Users/esjung/Downloads/globus_toolkit-6.0.1430141288/gsi/authz/source/libglobus_authz.la /Users/esjung/Downloads/globus_toolkit-6.0.1430141288/usage/c/sender/source/libglobus_usage.la /Users/esjung/Downloads/globus_toolkit-6.0.1430141288/gsi/gssapi/source/library/libglobus_gssapi_gsi.la /Users/esjung/Downloads/globus_toolkit-6.0.1430141288/gsi/gss_assist/source/libglobus_gss_assist.la /Users/esjung/Downloads/globus_toolkit-6.0.1430141288/gsi/credential/source/library/libglobus_gsi_credential.la /Users/esjung/Downloads/globus_toolkit-6.0.1430141288/gsi/sysconfig/source/library/libglobus_gsi_sysconfig.la /Users/esjung/Downloads/globus_toolkit-6.0.1430141288/io/compat/libglobus_io.la -lssl -lcrypto '
PACKAGE_NAME='globus_gridftp_server'
PACKAGE_STRING='globus_gridftp_server 7.25'
PACKAGE_TARNAME='globus_gridftp_server'
PACKAGE_URL=''
PACKAGE_VERSION='7.25'
PATH_SEPARATOR=':'
PERL='/opt/local/bin/perl'
PKG_CONFIG='/opt/local/bin/pkg-config'
PKG_CONFIG_LIBDIR=''
PKG_CONFIG_PATH='/Users/esjung/Downloads/globus_toolkit-6.0.1430141288/common/source:/Users/esjung/Downloads/globus_toolkit-6.0.1430141288/xio/src:/Users/esjung/Downloads/globus_toolkit-6.0.1430141288/gridftp/gfork/source:/Users/esjung/Downloads/globus_toolkit-6.0.1430141288/gsi/openssl_error/source:/Users/esjung/Downloads/globus_toolkit-6.0.1430141288/gsi/proxy/proxy_ssl/source:/Users/esjung/Downloads/globus_toolkit-6.0.1430141288/gsi/openssl_module/source:/Users/esjung/Downloads/globus_toolkit-6.0.1430141288/gsi/cert_utils/source:/Users/esjung/Downloads/globus_toolkit-6.0.1430141288/gsi/sysconfig/source:/Users/esjung/Downloads/globus_toolkit-6.0.1430141288/callout/source:/Users/esjung/Downloads/globus_toolkit-6.0.1430141288/gsi/callback/source:/Users/esjung/Downloads/globus_toolkit-6.0.1430141288/gsi/credential/source:/Users/esjung/Downloads/globus_toolkit-6.0.1430141288/gsi/proxy/proxy_core/source:/Users/esjung/Downloads/globus_toolkit-6.0.1430141288/gsi/gssapi/source:/Users/esjung/Downloads/globus_toolkit-6.0.1430141288/gsi/gss_assist/source:/Users/esjung/Downloads/globus_toolkit-6.0.1430141288/gsi/gssapi_error/source:/Users/esjung/Downloads/globus_toolkit-6.0.1430141288/xio/drivers/gsi:/Users/esjung/Downloads/globus_toolkit-6.0.1430141288/io/compat:/Users/esjung/Downloads/globus_toolkit-6.0.1430141288/gridftp/control/source:/Users/esjung/Downloads/globus_toolkit-6.0.1430141288/usage/c/sender/source:/Users/esjung/Downloads/globus_toolkit-6.0.1430141288/xio/drivers/pipe/source:/Users/esjung/Downloads/globus_toolkit-6.0.1430141288/gridftp/server-lib/src:/Users/esjung/Downloads/globus_toolkit-6.0.1430141288/gsi/authz/error:/Users/esjung/Downloads/globus_toolkit-6.0.1430141288/gsi/authz/source:/Users/esjung/Downloads/globus_toolkit-6.0.1430141288/xio/drivers/rate/source:/Users/esjung/Downloads/globus_toolkit-6.0.1430141288/xio/drivers/popen/source:/Users/esjung/Downloads/globus_toolkit-6.0.1430141288/xio/drivers/udt/source:/Users/esjung/Downloads/globus_toolkit-6.0.1430141288/gridftp/net_manager:/Users/esjung/Downloads/globus_toolkit-6.0.1430141288/gridftp/server/src:/Users/esjung/Downloads/globus_toolkit-6.0.1430141288/gram/protocol/source:/Users/esjung/Downloads/globus_toolkit-6.0.1430141288/gram/jobmanager/scheduler_event_generator/source:/Users/esjung/Downloads/globus_toolkit-6.0.1430141288/gram/jobmanager/lrms/lsf/source:/Users/esjung/Downloads/globus_toolkit-6.0.1430141288/gass/transfer/source:/Users/esjung/Downloads/globus_toolkit-6.0.1430141288/gridftp/client/source:/Users/esjung/Downloads/globus_toolkit-6.0.1430141288/gass/copy/source:/Users/esjung/Downloads/globus_toolkit-6.0.1430141288/gass/cache/source:/Users/esjung/Downloads/globus_toolkit-6.0.1430141288/gram/rsl/source:/Users/esjung/Downloads/globus_toolkit-6.0.1430141288/gram/jobmanager/callout_error:/Users/esjung/Downloads/globus_toolkit-6.0.1430141288/gridftp/server/multi/source:/Users/esjung/Downloads/globus_toolkit-6.0.1430141288/gsi/simple_ca/source:/Users/esjung/Downloads/globus_toolkit-6.0.1430141288/gram/jobmanager/lrms/sge/source:/Users/esjung/Downloads/globus_toolkit-6.0.1430141288/gram/jobmanager/scripts:/Users/esjung/Downloads/globus_toolkit-6.0.1430141288/gram/jobmanager/lrms/slurm/source:/Users/esjung/Downloads/globus_toolkit-6.0.1430141288/gsi/gridmap_callout/error:/Users/esjung/Downloads/globus_toolkit-6.0.1430141288/gsi/gridmap_callout/source:/Users/esjung/Downloads/globus_toolkit-6.0.1430141288/gass/server_ez/source:/Users/esjung/Downloads/globus_toolkit-6.0.1430141288/gridftp/gridftp_driver/source:/Users/esjung/Downloads/globus_toolkit-6.0.1430141288/gram/jobmanager/lrms/fork/source:/Users/esjung/Downloads/globus_toolkit-6.0.1430141288/gsi/gridmap_verify_myproxy_callout:/Users/esjung/Downloads/globus_toolkit-6.0.1430141288/gsi/gridmap_eppn_callout:/Users/esjung/Downloads/globus_toolkit-6.0.1430141288/gram/jobmanager/lrms/condor/source:/Users/esjung/Downloads/globus_toolkit-6.0.1430141288/gsi/proxy/proxy_utils/source:/Users/esjung/Downloads/globus_toolkit-6.0.1430141288/gram/client/source:/Users/esjung/Downloads/globus_toolkit-6.0.1430141288/xio/xioperf/source:/Users/esjung/Downloads/globus_toolkit-6.0.1430141288/gram/gatekeeper/source:/Users/esjung/Downloads/globus_toolkit-6.0.1430141288/gass/cache_program/source:/Users/esjung/Downloads/globus_toolkit-6.0.1430141288/gram/jobmanager/lrms/pbs/source:/Users/esjung/Downloads/globus_toolkit-6.0.1430141288/gram/jobmanager/auditing/source:/Users/esjung/Downloads/globus_toolkit-6.0.1430141288/myproxy/source:/Users/esjung/Downloads/globus_toolkit-6.0.1430141288/gsi_openssh/source:/Users/esjung/Downloads/globus_toolkit-6.0.1430141288/gram/client_tools/source:/Users/esjung/Downloads/globus_toolkit-6.0.1430141288/gram/jobmanager/source:/Users/esjung/Downloads/globus_toolkit-6.0.1430141288/gridftp/hdfs'
RANLIB='ranlib'
SED='/opt/local/bin/gsed'
SET_MAKE=''
SHELL='/bin/sh'
STRIP='strip'
VERSION='7.25'
XMLLINT='/opt/local/bin/xmllint'
XSLTPROC='/opt/local/bin/xsltproc'
ac_ct_AR='ar'
ac_ct_CC='gcc'
ac_ct_CXX='g++'
ac_ct_DUMPBIN=''
am__EXEEXT_FALSE=''
am__EXEEXT_TRUE='#'
am__fastdepCC_FALSE='#'
am__fastdepCC_TRUE=''
am__fastdepCXX_FALSE='#'
am__fastdepCXX_TRUE=''
am__include='include'
am__isrc=''
am__leading_dot='.'
am__nodep='_no'
am__quote=''
am__tar='tar --format=posix -chf - "$$tardir"'
am__untar='tar -xf -'
bindir='${exec_prefix}/bin'
build='x86_64-apple-darwin14.3.0'
build_alias=''
build_cpu='x86_64'
build_os='darwin14.3.0'
build_vendor='apple'
conf_bindir='/usr/local/globus-6/bin'
conf_libdir='/usr/local/globus-6/lib'
conf_localstatedir='/usr/local/globus-6/var'
conf_sbindir='/usr/local/globus-6/sbin'
conf_sysconfdir='/usr/local/globus-6/etc'
datadir='${datarootdir}'
datarootdir='${prefix}/share'
docdir='${datarootdir}/doc/${PACKAGE_TARNAME}'
dvidir='${docdir}'
exec_prefix='${prefix}'
host='x86_64-apple-darwin14.3.0'
host_alias=''
host_cpu='x86_64'
host_os='darwin14.3.0'
host_vendor='apple'
htmldir='${docdir}'
includedir='${prefix}/include'
infodir='${datarootdir}/info'
install_sh='${SHELL} /Users/esjung/Downloads/globus_toolkit-6.0.1430141288/gridftp/server/src/build-aux/install-sh'
libdir='${exec_prefix}/lib'
libdir_line='env += LD_LIBRARY_PATH=/usr/local/globus-6/lib'
libexecdir='${exec_prefix}/libexec'
localedir='${datarootdir}/locale'
localstatedir='${prefix}/var'
mandir='${datarootdir}/man'
mkdir_p='$(MKDIR_P)'
oldincludedir='/usr/include'
pdfdir='${docdir}'
prefix='/usr/local/globus-6'
preload_links='-dlpreopen force'
program_transform_name='s,x,x,'
psdir='${docdir}'
sbindir='${exec_prefix}/sbin'
sharedstatedir='${prefix}/com'
sysconfdir='${prefix}/etc'
target_alias=''

## ----------- ##
## confdefs.h. ##
## ----------- ##

/* confdefs.h */
#define PACKAGE_NAME "globus_gridftp_server"
#define PACKAGE_TARNAME "globus_gridftp_server"
#define PACKAGE_VERSION "7.25"
#define PACKAGE_STRING "globus_gridftp_server 7.25"
#define PACKAGE_BUGREPORT "https://globus.atlassian.net/"
#define PACKAGE_URL ""
#define PACKAGE "globus_gridftp_server"
#define VERSION "7.25"
#define STDC_HEADERS 1
#define HAVE_SYS_TYPES_H 1
#define HAVE_SYS_STAT_H 1
#define HAVE_STDLIB_H 1
#define HAVE_STRING_H 1
#define HAVE_MEMORY_H 1
#define HAVE_STRINGS_H 1
#define HAVE_INTTYPES_H 1
#define HAVE_STDINT_H 1
#define HAVE_UNISTD_H 1
#define HAVE_DLFCN_H 1
#define LT_OBJDIR ".libs/"

configure: exit 0
